* EvoSuite 1.0.4-SNAPSHOT
* Going to generate test cases for class: org.joda.time.tz.DateTimeZoneBuilder
* Starting client
* Connecting to master process on port 10279
* Analyzing classpath: 
  - /tmp/time_11_Genprog_local_s1/lib/
  - /tmp/time_11_Genprog_local_s1/lib/fixran-0.0.1.jar
  - /tmp/time_11_Genprog_local_s1/lib/junit-4.11.jar
  - /tmp/time_11_Genprog_local_s1/lib/joda-convert-1.2.jar
  - /tmp/time_11_Genprog_local_s1/lib/cobertura-2.0.3.jar
  - /tmp/time_11_Genprog_local_s1/lib/junit-3.8.2.jar
  - /tmp/time_11_Genprog_local_s1/lib/jtestex-0.0.1.jar
  - /tmp/time_11_Genprog_local_s1/./outputMutation/AstorMain-Time/bin/default/
* Finished analyzing classpath
* Generating tests for class org.joda.time.tz.DateTimeZoneBuilder
* Test criteria:
  - Line Coverage
  - Branch Coverage
  - Exception
  - Mutation testing (weak)
  - Method-Output Coverage
  - Top-Level Method Coverage
  - No-Exception Top-Level Method Coverage
  - Context Branch Coverage
* Setting up search algorithm for whole suite generation
* Total number of test goals: 
  - Line 690
  - Branch 461
  - Exception 0
  - MutationFactory 666
  - Output 17
  - Method 54
  - MethodNoException 54
  - CBranchFitnessFactory 461

[Progress:>                             0%] [Cov:>                                  0%]* Using seed 17
* Starting evolution

[Progress:>                             0%] [Cov:>                                  1%]
[Progress:>                             0%] [Cov:====>                              13%]
[Progress:>                             0%] [Cov:=====>                             16%]
[Progress:>                             0%] [Cov:=====>                             17%]
[Progress:>                             0%] [Cov:======>                            18%]
[Progress:>                             0%] [Cov:======>                            19%]
[Progress:>                             0%] [Cov:=======>                           20%]
[Progress:>                             0%] [Cov:=======>                           20%]
[Progress:>                             0%] [Cov:=========>                         26%]
[Progress:>                             0%] [Cov:=========>                         26%]
[Progress:>                             0%] [Cov:=========>                         26%]
[Progress:>                             0%] [Cov:=========>                         26%]
[Progress:>                             0%] [Cov:=========>                         26%]
[Progress:>                             0%] [Cov:=========>                         27%]
[Progress:>                             0%] [Cov:=========>                         27%]
[Progress:>                             0%] [Cov:=========>                         27%]
[Progress:>                             0%] [Cov:=========>                         27%]
[Progress:>                             0%] [Cov:=========>                         27%]
[Progress:>                             0%] [Cov:=========>                         27%]
[Progress:>                             0%] [Cov:=========>                         27%]
[Progress:>                             0%] [Cov:=========>                         27%]
[Progress:>                             0%] [Cov:=========>                         27%]
[Progress:>                             0%] [Cov:=========>                         27%]
[Progress:>                             0%] [Cov:=========>                         27%]
[Progress:>                             0%] [Cov:=========>                         27%]
[Progress:>                             0%] [Cov:=========>                         27%]
[Progress:>                             0%] [Cov:=========>                         27%]
[Progress:>                             0%] [Cov:=========>                         27%]
[Progress:>                             0%] [Cov:=========>                         27%]
[Progress:>                             0%] [Cov:=========>                         27%]
[Progress:>                             0%] [Cov:=========>                         27%]
[Progress:>                             0%] [Cov:=========>                         27%]
[Progress:>                             0%] [Cov:=========>                         28%]
[Progress:>                             0%] [Cov:=========>                         28%]
[Progress:>                             0%] [Cov:=========>                         28%]
[Progress:>                             0%] [Cov:=========>                         28%]
[Progress:>                             0%] [Cov:=========>                         28%]
[Progress:>                             0%] [Cov:=========>                         28%]
[Progress:>                             0%] [Cov:=========>                         28%]
[Progress:>                             0%] [Cov:=========>                         28%]
[Progress:>                             0%] [Cov:=========>                         28%]
[Progress:>                             0%] [Cov:=========>                         28%]
[Progress:>                             0%] [Cov:=========>                         28%]
[Progress:>                             0%] [Cov:=========>                         28%]
[Progress:>                             0%] [Cov:=========>                         28%]
[Progress:>                             0%] [Cov:=========>                         28%]
[Progress:>                             0%] [Cov:=========>                         28%]
[Progress:>                             0%] [Cov:==========>                        29%]
[Progress:>                             0%] [Cov:==========>                        29%]
[Progress:>                             0%] [Cov:==========>                        29%]
[Progress:>                             0%] [Cov:==========>                        29%]
[Progress:>                             0%] [Cov:==========>                        29%]
[Progress:>                             0%] [Cov:==========>                        29%]
[Progress:>                             0%] [Cov:==========>                        29%]
[Progress:>                             0%] [Cov:==========>                        29%]
[Progress:>                             0%] [Cov:==========>                        29%]
[Progress:>                             0%] [Cov:==========>                        29%]
[Progress:>                             0%] [Cov:==========>                        29%]
[Progress:>                             0%] [Cov:==========>                        29%]
[Progress:>                             0%] [Cov:==========>                        29%]
[Progress:>                             0%] [Cov:==========>                        29%]
[Progress:>                             0%] [Cov:==========>                        29%]
[Progress:>                             0%] [Cov:==========>                        29%]
[Progress:>                             0%] [Cov:==========>                        29%]
[Progress:>                             0%] [Cov:==========>                        29%]
[Progress:>                             0%] [Cov:==========>                        29%]
[Progress:>                             0%] [Cov:==========>                        29%]
[Progress:>                             0%] [Cov:==========>                        29%]
[Progress:>                             0%] [Cov:==========>                        29%]
[Progress:>                             0%] [Cov:==========>                        29%]
[Progress:>                             0%] [Cov:==========>                        29%]
[Progress:>                             0%] [Cov:==========>                        29%]
[Progress:>                             0%] [Cov:==========>                        29%]
[Progress:>                             0%] [Cov:==========>                        29%]
[Progress:>                             0%] [Cov:==========>                        29%]
[Progress:>                             0%] [Cov:==========>                        29%]
[Progress:>                             0%] [Cov:==========>                        29%]
[Progress:>                             0%] [Cov:==========>                        29%]
[Progress:>                             0%] [Cov:==========>                        29%]
[Progress:>                             0%] [Cov:==========>                        29%]
[Progress:>                             0%] [Cov:==========>                        30%]
[Progress:>                             0%] [Cov:==========>                        31%]
[Progress:>                             0%] [Cov:===========>                       33%]
[Progress:>                             0%] [Cov:===========>                       33%]
[Progress:>                             0%] [Cov:===========>                       33%]
[Progress:>                             0%] [Cov:===========>                       33%]
[Progress:>                             0%] [Cov:===========>                       33%]
[Progress:>                             0%] [Cov:===========>                       33%]
[Progress:>                             0%] [Cov:===========>                       33%]
[Progress:>                             0%] [Cov:===========>                       33%]
[Progress:>                             0%] [Cov:===========>                       33%]
[Progress:>                             0%] [Cov:===========>                       33%]
[Progress:>                             0%] [Cov:===========>                       33%]
[Progress:>                             0%] [Cov:===========>                       33%]
[Progress:>                             0%] [Cov:===========>                       33%]
[Progress:>                             0%] [Cov:===========>                       34%]
[Progress:>                             0%] [Cov:===========>                       34%]
[Progress:>                             0%] [Cov:===========>                       34%]
[Progress:>                             0%] [Cov:===========>                       34%]
[Progress:>                             0%] [Cov:===========>                       34%]
[Progress:>                             0%] [Cov:============>                      35%]
[Progress:>                             0%] [Cov:============>                      35%]
[Progress:>                             0%] [Cov:============>                      35%]
[Progress:>                             0%] [Cov:============>                      35%]
[Progress:>                             0%] [Cov:============>                      35%]
[Progress:>                             0%] [Cov:============>                      35%]
[Progress:>                             0%] [Cov:============>                      35%]
[Progress:>                             0%] [Cov:============>                      35%]
[Progress:>                             1%] [Cov:============>                      35%]
[Progress:>                             1%] [Cov:============>                      35%]
[Progress:>                             1%] [Cov:============>                      35%]
[Progress:>                             1%] [Cov:============>                      35%]
[Progress:>                             1%] [Cov:============>                      36%]
[Progress:>                             1%] [Cov:============>                      36%]
[Progress:>                             1%] [Cov:============>                      36%]
[Progress:>                             1%] [Cov:============>                      36%]
[Progress:>                             1%] [Cov:============>                      36%]
[Progress:>                             1%] [Cov:============>                      37%]
[Progress:>                             1%] [Cov:============>                      37%]
[Progress:>                             1%] [Cov:============>                      37%]
[Progress:>                             1%] [Cov:=============>                     38%]
[Progress:>                             1%] [Cov:=============>                     38%]
[Progress:>                             1%] [Cov:=============>                     38%]
[Progress:>                             1%] [Cov:=============>                     38%]
[Progress:>                             1%] [Cov:=============>                     38%]
[Progress:>                             1%] [Cov:=============>                     38%]
[Progress:>                             1%] [Cov:=============>                     38%]
[Progress:>                             1%] [Cov:=============>                     38%]
[Progress:>                             1%] [Cov:=============>                     38%]
[Progress:>                             1%] [Cov:=============>                     38%]
[Progress:>                             1%] [Cov:=============>                     38%]
[Progress:>                             1%] [Cov:=============>                     38%]
[Progress:>                             1%] [Cov:=============>                     38%]
[Progress:>                             1%] [Cov:=============>                     38%]
[Progress:>                             1%] [Cov:=============>                     38%]
[Progress:>                             1%] [Cov:=============>                     38%]
[Progress:>                             1%] [Cov:=============>                     38%]
[Progress:>                             1%] [Cov:=============>                     38%]
[Progress:>                             1%] [Cov:=============>                     38%]
[Progress:>                             1%] [Cov:=============>                     38%]
[Progress:>                             1%] [Cov:=============>                     38%]
[Progress:>                             1%] [Cov:=============>                     38%]
[Progress:>                             1%] [Cov:=============>                     38%]
[Progress:>                             1%] [Cov:=============>                     38%]
[Progress:>                             1%] [Cov:=============>                     38%]
[Progress:>                             1%] [Cov:=============>                     38%]
[Progress:>                             1%] [Cov:=============>                     38%]
[Progress:>                             1%] [Cov:=============>                     38%]
[Progress:>                             1%] [Cov:=============>                     38%]
[Progress:>                             1%] [Cov:=============>                     38%]
[Progress:>                             1%] [Cov:=============>                     38%]
[Progress:>                             1%] [Cov:=============>                     38%]
[Progress:>                             1%] [Cov:=============>                     38%]
[Progress:>                             1%] [Cov:=============>                     38%]
[Progress:>                             1%] [Cov:=============>                     38%]
[Progress:>                             1%] [Cov:=============>                     38%]
[Progress:>                             1%] [Cov:=============>                     38%]
[Progress:>                             1%] [Cov:=============>                     38%]
[Progress:>                             1%] [Cov:=============>                     39%]
[Progress:>                             1%] [Cov:=============>                     38%]
[Progress:>                             1%] [Cov:=============>                     39%]
[Progress:>                             1%] [Cov:=============>                     38%]
[Progress:>                             1%] [Cov:=============>                     39%]
[Progress:>                             1%] [Cov:=============>                     38%]
[Progress:>                             1%] [Cov:=============>                     38%]
[Progress:>                             1%] [Cov:=============>                     38%]
[Progress:>                             1%] [Cov:=============>                     38%]
[Progress:>                             1%] [Cov:=============>                     39%]
[Progress:>                             1%] [Cov:=============>                     39%]
[Progress:>                             1%] [Cov:=============>                     39%]
[Progress:>                             1%] [Cov:=============>                     39%]
[Progress:>                             1%] [Cov:=============>                     39%]
[Progress:>                             1%] [Cov:=============>                     39%]
[Progress:>                             1%] [Cov:=============>                     39%]
[Progress:>                             1%] [Cov:=============>                     39%]
[Progress:>                             1%] [Cov:=============>                     39%]
[Progress:>                             1%] [Cov:=============>                     39%]
[Progress:>                             1%] [Cov:=============>                     39%]
[Progress:>                             1%] [Cov:=============>                     39%]
[Progress:>                             1%] [Cov:=============>                     39%]
[Progress:>                             1%] [Cov:=============>                     39%]
[Progress:>                             1%] [Cov:=============>                     39%]
[Progress:>                             1%] [Cov:=============>                     39%]
[Progress:>                             1%] [Cov:=============>                     39%]
[Progress:>                             1%] [Cov:=============>                     39%]
[Progress:>                             1%] [Cov:=============>                     39%]
[Progress:>                             1%] [Cov:=============>                     39%]
[Progress:>                             1%] [Cov:=============>                     39%]
[Progress:>                             1%] [Cov:=============>                     39%]
[Progress:>                             1%] [Cov:=============>                     39%]
[Progress:>                             1%] [Cov:=============>                     39%]
[Progress:>                             1%] [Cov:=============>                     39%]
[Progress:>                             1%] [Cov:=============>                     39%]
[Progress:>                             1%] [Cov:=============>                     39%]
[Progress:>                             1%] [Cov:=============>                     39%]
[Progress:>                             1%] [Cov:=============>                     39%]
[Progress:>                             1%] [Cov:=============>                     39%]
[Progress:>                             1%] [Cov:=============>                     39%]
[Progress:>                             1%] [Cov:=============>                     39%]
[Progress:>                             1%] [Cov:=============>                     39%]
[Progress:>                             1%] [Cov:==============>                    40%][MASTER] 23:03:45.949 [logback-1] WARN  TimeController - Operation 'update from archive' took too long: 15923ms

* Search finished after 340s and 177 generations, 100525 statements, best individual has fitness: 3933.7999846587613
* Minimizing test suite
* Going to analyze the coverage criteria
* Coverage analysis for criterion LINE
* Coverage of criterion LINE: 47%
* Total number of goals: 690
* Number of covered goals: 327
* Coverage analysis for criterion BRANCH
* Coverage of criterion BRANCH: 37%
* Total number of goals: 461
* Number of covered goals: 169
* Coverage analysis for criterion EXCEPTION
* Coverage of criterion EXCEPTION: 86%
* Total number of goals: 29
* Number of covered goals: 25
* Coverage analysis for criterion WEAKMUTATION
* Coverage of criterion WEAKMUTATION: 37%
* Total number of goals: 666
* Number of covered goals: 247
* Coverage analysis for criterion OUTPUT
* Coverage of criterion OUTPUT: 41%
* Total number of goals: 17
* Number of covered goals: 7
* Coverage analysis for criterion METHOD
* Coverage of criterion METHOD: 22%
* Total number of goals: 54
* Number of covered goals: 12
* Coverage analysis for criterion METHODNOEXCEPTION
* Coverage of criterion METHODNOEXCEPTION: 19%
* Total number of goals: 54
* Number of covered goals: 10
* Coverage analysis for criterion CBRANCH
* Coverage of criterion CBRANCH: 23%
* Total number of goals: 461
* Number of covered goals: 105
* Generated 49 tests with total length 199
* Resulting test suite's coverage: 40% (average coverage for all fitness functions)
* Generating assertions
* Resulting test suite's mutation score: 8%
* Compiling and checking tests
[MASTER] 23:05:30.784 [logback-1] WARN  JUnitAnalyzer - EvoSuite problem: tests set up a security manager, but they do not remove it after execution
[MASTER] 23:05:30.786 [logback-2] ERROR JUnitAnalyzer - 1 test cases failed
[MASTER] 23:05:30.787 [logback-1] WARN  JUnitAnalyzer - Found unstable test named test0 -> class java.lang.SecurityException: Security manager blocks ("java.lang.RuntimePermission" "writeFileDescriptor")
java.lang.Thread.getStackTrace(Thread.java:1552)
org.evosuite.runtime.sandbox.MSecurityManager.checkPermission(MSecurityManager.java:433)
java.lang.SecurityManager.checkWrite(SecurityManager.java:954)
java.io.FileOutputStream.<init>(FileOutputStream.java:245)
org.evosuite.runtime.mock.java.io.MockFileOutputStream.<init>(MockFileOutputStream.java:115)
org.joda.time.tz.DateTimeZoneBuilder_49_tmp__ESTest.test0(DateTimeZoneBuilder_49_tmp__ESTest.java:30)
sun.reflect.NativeMethodAccessorImpl.invoke0(Native Method)
sun.reflect.NativeMethodAccessorImpl.invoke(NativeMethodAccessorImpl.java:62)
sun.reflect.DelegatingMethodAccessorImpl.invoke(DelegatingMethodAccessorImpl.java:43)
java.lang.reflect.Method.invoke(Method.java:497)
org.junit.runners.model.FrameworkMethod$1.runReflectiveCall(FrameworkMethod.java:50)
org.junit.internal.runners.model.ReflectiveCallable.run(ReflectiveCallable.java:12)
org.junit.runners.model.FrameworkMethod.invokeExplosively(FrameworkMethod.java:47)
org.junit.internal.runners.statements.InvokeMethod.evaluate(InvokeMethod.java:17)
org.junit.internal.runners.statements.FailOnTimeout$CallableStatement.call(FailOnTimeout.java:298)
org.junit.internal.runners.statements.FailOnTimeout$CallableStatement.call(FailOnTimeout.java:292)
java.util.concurrent.FutureTask.run(FutureTask.java:266)
java.lang.Thread.run(Thread.java:745)

[MASTER] 23:05:30.787 [logback-1] WARN  JUnitAnalyzer - Failing test:
 DateTimeZoneBuilder dateTimeZoneBuilder0 = new DateTimeZoneBuilder();
dateTimeZoneBuilder0.addRecurringSavings("org.joda.time.tz.DateTimeZoneBuilder$RuleSet", (-1098), (-3830), 306, 's', (-3830), (-3830), 0, true, 0);
FileDescriptor fileDescriptor0 = new FileDescriptor();
MockFileOutputStream mockFileOutputStream0 = new MockFileOutputStream(fileDescriptor0);
MockPrintStream mockPrintStream0 = new MockPrintStream((OutputStream) mockFileOutputStream0);
ObjectOutputStream objectOutputStream0 = new ObjectOutputStream((OutputStream) mockPrintStream0);
dateTimeZoneBuilder0.writeTo("org.joda.time.tz.DateTimeZoneBuilder$RuleSet", (DataOutput) objectOutputStream0);

[MASTER] 23:05:31.215 [logback-2] ERROR JUnitAnalyzer - 1 test cases failed
[MASTER] 23:05:31.215 [logback-1] WARN  JUnitAnalyzer - Found unstable test named test0 -> class java.lang.SecurityException: Security manager blocks ("java.lang.RuntimePermission" "writeFileDescriptor")
java.lang.Thread.getStackTrace(Thread.java:1552)
org.evosuite.runtime.sandbox.MSecurityManager.checkPermission(MSecurityManager.java:433)
java.lang.SecurityManager.checkWrite(SecurityManager.java:954)
java.io.FileOutputStream.<init>(FileOutputStream.java:245)
org.evosuite.runtime.mock.java.io.MockFileOutputStream.<init>(MockFileOutputStream.java:115)
org.joda.time.tz.DateTimeZoneBuilder_58_tmp__ESTest.test0(DateTimeZoneBuilder_58_tmp__ESTest.java:30)
sun.reflect.NativeMethodAccessorImpl.invoke0(Native Method)
sun.reflect.NativeMethodAccessorImpl.invoke(NativeMethodAccessorImpl.java:62)
sun.reflect.DelegatingMethodAccessorImpl.invoke(DelegatingMethodAccessorImpl.java:43)
java.lang.reflect.Method.invoke(Method.java:497)
org.junit.runners.model.FrameworkMethod$1.runReflectiveCall(FrameworkMethod.java:50)
org.junit.internal.runners.model.ReflectiveCallable.run(ReflectiveCallable.java:12)
org.junit.runners.model.FrameworkMethod.invokeExplosively(FrameworkMethod.java:47)
org.junit.internal.runners.statements.InvokeMethod.evaluate(InvokeMethod.java:17)
org.junit.internal.runners.statements.FailOnTimeout$CallableStatement.call(FailOnTimeout.java:298)
org.junit.internal.runners.statements.FailOnTimeout$CallableStatement.call(FailOnTimeout.java:292)
java.util.concurrent.FutureTask.run(FutureTask.java:266)
java.lang.Thread.run(Thread.java:745)

[MASTER] 23:05:31.215 [logback-1] WARN  JUnitAnalyzer - Failing test:
 DateTimeZoneBuilder dateTimeZoneBuilder0 = new DateTimeZoneBuilder();
DateTimeZoneBuilder dateTimeZoneBuilder1 = dateTimeZoneBuilder0.addCutover(255, 'w', 255, 255, 1311, true, (-993));
FileDescriptor fileDescriptor0 = new FileDescriptor();
MockFileOutputStream mockFileOutputStream0 = new MockFileOutputStream(fileDescriptor0);
DataOutputStream dataOutputStream0 = new DataOutputStream((OutputStream) mockFileOutputStream0);
dateTimeZoneBuilder1.writeTo("ov", (DataOutput) dataOutputStream0);

[MASTER] 23:05:31.318 [logback-2] ERROR JUnitAnalyzer - 1 test cases failed
[MASTER] 23:05:31.318 [logback-1] WARN  JUnitAnalyzer - Found unstable test named test0 -> class java.lang.SecurityException: Security manager blocks ("java.lang.RuntimePermission" "writeFileDescriptor")
java.lang.Thread.getStackTrace(Thread.java:1552)
org.evosuite.runtime.sandbox.MSecurityManager.checkPermission(MSecurityManager.java:433)
java.lang.SecurityManager.checkWrite(SecurityManager.java:954)
java.io.FileOutputStream.<init>(FileOutputStream.java:245)
org.evosuite.runtime.mock.java.io.MockFileOutputStream.<init>(MockFileOutputStream.java:115)
org.joda.time.tz.DateTimeZoneBuilder_60_tmp__ESTest.test0(DateTimeZoneBuilder_60_tmp__ESTest.java:31)
sun.reflect.NativeMethodAccessorImpl.invoke0(Native Method)
sun.reflect.NativeMethodAccessorImpl.invoke(NativeMethodAccessorImpl.java:62)
sun.reflect.DelegatingMethodAccessorImpl.invoke(DelegatingMethodAccessorImpl.java:43)
java.lang.reflect.Method.invoke(Method.java:497)
org.junit.runners.model.FrameworkMethod$1.runReflectiveCall(FrameworkMethod.java:50)
org.junit.internal.runners.model.ReflectiveCallable.run(ReflectiveCallable.java:12)
org.junit.runners.model.FrameworkMethod.invokeExplosively(FrameworkMethod.java:47)
org.junit.internal.runners.statements.InvokeMethod.evaluate(InvokeMethod.java:17)
org.junit.internal.runners.statements.FailOnTimeout$CallableStatement.call(FailOnTimeout.java:298)
org.junit.internal.runners.statements.FailOnTimeout$CallableStatement.call(FailOnTimeout.java:292)
java.util.concurrent.FutureTask.run(FutureTask.java:266)
java.lang.Thread.run(Thread.java:745)

[MASTER] 23:05:31.319 [logback-1] WARN  JUnitAnalyzer - Failing test:
 DateTimeZoneBuilder dateTimeZoneBuilder0 = new DateTimeZoneBuilder();
dateTimeZoneBuilder0.setFixedSavings("Dl_4bA4)`>C)h&dLz_c", (-2842));
dateTimeZoneBuilder0.addCutover((-3830), 's', 0, 292271022, 0, true, 0);
FileDescriptor fileDescriptor0 = new FileDescriptor();
MockFileOutputStream mockFileOutputStream0 = new MockFileOutputStream(fileDescriptor0);
MockPrintStream mockPrintStream0 = new MockPrintStream((OutputStream) mockFileOutputStream0);
ObjectOutputStream objectOutputStream0 = new ObjectOutputStream((OutputStream) mockPrintStream0);
dateTimeZoneBuilder0.writeTo("org.joda.time.tz.DateTimeZoneBuilder$RuleSet", (DataOutput) objectOutputStream0);

[MASTER] 23:05:31.709 [logback-2] ERROR JUnitAnalyzer - 1 test cases failed
[MASTER] 23:05:31.709 [logback-1] WARN  JUnitAnalyzer - Found unstable test named test0 -> class java.lang.ClassCastException: org.joda.time.tz.DateTimeZoneBuilder$PrecalculatedZone cannot be cast to org.joda.time.tz.FixedDateTimeZone
[MASTER] 23:05:31.709 [logback-1] WARN  JUnitAnalyzer - Failing test:
 DateTimeZoneBuilder dateTimeZoneBuilder0 = new DateTimeZoneBuilder();
dateTimeZoneBuilder0.setFixedSavings("", (-425));
DateTimeZoneBuilder dateTimeZoneBuilder1 = dateTimeZoneBuilder0.addCutover(2, 'w', 2, 2, 2005, false, 1506);
dateTimeZoneBuilder0.setFixedSavings("9:|B", (-425));
FixedDateTimeZone fixedDateTimeZone0 = (FixedDateTimeZone)dateTimeZoneBuilder1.toDateTimeZone("", false);
assertEquals("", fixedDateTimeZone0.toString());


[MASTER] 23:05:31.870 [logback-1] WARN  JUnitAnalyzer - Found unstable test named test0 -> class java.lang.ClassCastException: org.joda.time.tz.DateTimeZoneBuilder$PrecalculatedZone cannot be cast to org.joda.time.tz.FixedDateTimeZone
[MASTER] 23:05:31.870 [logback-2] ERROR JUnitAnalyzer - 1 test cases failed
[MASTER] 23:05:31.870 [logback-1] WARN  JUnitAnalyzer - Failing test:
 DateTimeZoneBuilder dateTimeZoneBuilder0 = new DateTimeZoneBuilder();
dateTimeZoneBuilder0.setFixedSavings("", 2005);
DateTimeZoneBuilder dateTimeZoneBuilder1 = dateTimeZoneBuilder0.addCutover(2, 'w', 2, 2, 0, true, 1506);
dateTimeZoneBuilder1.setFixedSavings("", 1000);
FixedDateTimeZone fixedDateTimeZone0 = (FixedDateTimeZone)dateTimeZoneBuilder1.toDateTimeZone("US/Arizona", false);
assertEquals("", fixedDateTimeZone0.toString());


[MASTER] 23:05:32.026 [logback-2] ERROR JUnitAnalyzer - 1 test cases failed
[MASTER] 23:05:32.026 [logback-1] WARN  JUnitAnalyzer - Found unstable test named test0 -> class java.lang.ClassCastException: org.joda.time.tz.DateTimeZoneBuilder$PrecalculatedZone cannot be cast to org.joda.time.tz.FixedDateTimeZone
[MASTER] 23:05:32.026 [logback-1] WARN  JUnitAnalyzer - Failing test:
 DateTimeZoneBuilder dateTimeZoneBuilder0 = new DateTimeZoneBuilder();
dateTimeZoneBuilder0.setFixedSavings("", (-425));
DateTimeZoneBuilder dateTimeZoneBuilder1 = dateTimeZoneBuilder0.addCutover(2, 'w', 2, 2, 100, false, 1506);
dateTimeZoneBuilder1.setStandardOffset(570);
dateTimeZoneBuilder1.setFixedSavings("", 0);
FixedDateTimeZone fixedDateTimeZone0 = (FixedDateTimeZone)dateTimeZoneBuilder1.toDateTimeZone("", false);
assertEquals("", fixedDateTimeZone0.getID());


[MASTER] 23:05:32.186 [logback-2] ERROR JUnitAnalyzer - 1 test cases failed
[MASTER] 23:05:32.186 [logback-1] WARN  JUnitAnalyzer - Found unstable test named test0 -> class java.lang.ClassCastException: org.joda.time.tz.DateTimeZoneBuilder$PrecalculatedZone cannot be cast to org.joda.time.tz.FixedDateTimeZone
[MASTER] 23:05:32.186 [logback-1] WARN  JUnitAnalyzer - Failing test:
 DateTimeZoneBuilder dateTimeZoneBuilder0 = new DateTimeZoneBuilder();
dateTimeZoneBuilder0.setFixedSavings("", (-425));
DateTimeZoneBuilder dateTimeZoneBuilder1 = dateTimeZoneBuilder0.addCutover(2, 'w', 2, 2, 100, false, 1506);
dateTimeZoneBuilder0.setFixedSavings("9:|B", 100);
FixedDateTimeZone fixedDateTimeZone0 = (FixedDateTimeZone)dateTimeZoneBuilder1.toDateTimeZone("", false);
assertEquals("", fixedDateTimeZone0.toString());


[MASTER] 23:05:32.356 [logback-2] ERROR JUnitAnalyzer - 1 test cases failed
[MASTER] 23:05:32.356 [logback-1] WARN  JUnitAnalyzer - Found unstable test named test0 -> class java.lang.ClassCastException: org.joda.time.tz.DateTimeZoneBuilder$PrecalculatedZone cannot be cast to org.joda.time.tz.CachedDateTimeZone
[MASTER] 23:05:32.356 [logback-1] WARN  JUnitAnalyzer - Failing test:
 DateTimeZoneBuilder dateTimeZoneBuilder0 = new DateTimeZoneBuilder();
dateTimeZoneBuilder0.setFixedSavings("", (-425));
DateTimeZoneBuilder dateTimeZoneBuilder1 = dateTimeZoneBuilder0.addCutover(2, 'w', 2, 2, 2, true, 1506);
dateTimeZoneBuilder1.setFixedSavings("", 1000);
CachedDateTimeZone cachedDateTimeZone0 = (CachedDateTimeZone)dateTimeZoneBuilder1.toDateTimeZone("", true);
assertEquals("", cachedDateTimeZone0.toString());


[MASTER] 23:05:33.287 [logback-2] ERROR JUnitAnalyzer - 1 test cases failed
[MASTER] 23:05:33.287 [logback-1] WARN  JUnitAnalyzer - Found unstable test named test0 -> class java.lang.SecurityException: Security manager blocks ("java.lang.RuntimePermission" "writeFileDescriptor")
java.lang.Thread.getStackTrace(Thread.java:1552)
org.evosuite.runtime.sandbox.MSecurityManager.checkPermission(MSecurityManager.java:433)
java.lang.SecurityManager.checkWrite(SecurityManager.java:954)
java.io.FileOutputStream.<init>(FileOutputStream.java:245)
org.evosuite.runtime.mock.java.io.MockFileOutputStream.<init>(MockFileOutputStream.java:115)
org.joda.time.tz.DateTimeZoneBuilder_83_tmp__ESTest.test0(DateTimeZoneBuilder_83_tmp__ESTest.java:27)
sun.reflect.NativeMethodAccessorImpl.invoke0(Native Method)
sun.reflect.NativeMethodAccessorImpl.invoke(NativeMethodAccessorImpl.java:62)
sun.reflect.DelegatingMethodAccessorImpl.invoke(DelegatingMethodAccessorImpl.java:43)
java.lang.reflect.Method.invoke(Method.java:497)
org.junit.runners.model.FrameworkMethod$1.runReflectiveCall(FrameworkMethod.java:50)
org.junit.internal.runners.model.ReflectiveCallable.run(ReflectiveCallable.java:12)
org.junit.runners.model.FrameworkMethod.invokeExplosively(FrameworkMethod.java:47)
org.junit.internal.runners.statements.InvokeMethod.evaluate(InvokeMethod.java:17)
org.junit.internal.runners.statements.FailOnTimeout$CallableStatement.call(FailOnTimeout.java:298)
org.junit.internal.runners.statements.FailOnTimeout$CallableStatement.call(FailOnTimeout.java:292)
java.util.concurrent.FutureTask.run(FutureTask.java:266)
java.lang.Thread.run(Thread.java:745)

[MASTER] 23:05:33.287 [logback-1] WARN  JUnitAnalyzer - Failing test:
 FileDescriptor fileDescriptor0 = new FileDescriptor();
MockFileOutputStream mockFileOutputStream0 = new MockFileOutputStream(fileDescriptor0);
DataOutputStream dataOutputStream0 = new DataOutputStream((OutputStream) mockFileOutputStream0);
DateTimeZoneBuilder.writeMillis(dataOutputStream0, (-1539L));

* Writing JUnit test case 'DateTimeZoneBuilder_ESTest' to evosuite-tests
* Done!


------------