* EvoSuite 1.0.4-SNAPSHOT
* Going to generate test cases for class: org.jfree.chart.renderer.category.AbstractCategoryItemRenderer
* Starting client
* Connecting to master process on port 10745
* Analyzing classpath: 
  - /tmp/chart_1_Genprog_local_s1/lib/
  - /tmp/chart_1_Genprog_local_s1/lib/iText-2.1.4.jar
  - /tmp/chart_1_Genprog_local_s1/lib/servlet.jar
  - /tmp/chart_1_Genprog_local_s1/lib/fixran-0.0.1.jar
  - /tmp/chart_1_Genprog_local_s1/lib/junit-4.11.jar
  - /tmp/chart_1_Genprog_local_s1/lib/cobertura-2.0.3.jar
  - /tmp/chart_1_Genprog_local_s1/lib/jtestex-0.0.1.jar
  - /tmp/chart_1_Genprog_local_s1/lib/junit.jar
  - /tmp/chart_1_Genprog_local_s1/./outputMutation/AstorMain-Chart/bin/default/
[MASTER] 22:26:00.676 [logback-1] WARN  TestUsageChecker - class org.jfree.chart.renderer.category.MinMaxCategoryRenderer$2 looks like an anonymous class, ignoring it (although reflection says false) MinMaxCategoryRenderer$2
[MASTER] 22:26:00.676 [logback-1] WARN  TestUsageChecker - class org.jfree.chart.renderer.category.MinMaxCategoryRenderer$1 looks like an anonymous class, ignoring it (although reflection says false) MinMaxCategoryRenderer$1
* Finished analyzing classpath
* Generating tests for class org.jfree.chart.renderer.category.AbstractCategoryItemRenderer
* Test criteria:
  - Line Coverage
  - Branch Coverage
  - Exception
  - Mutation testing (weak)
  - Method-Output Coverage
  - Top-Level Method Coverage
  - No-Exception Top-Level Method Coverage
  - Context Branch Coverage
* Setting up search algorithm for whole suite generation
* Total number of test goals: 
  - Line 519
  - Branch 274
  - Exception 0
  - MutationFactory 783
  - Output 340
  - Method 65
  - MethodNoException 65
  - CBranchFitnessFactory 274

[Progress:>                             0%] [Cov:>                                  0%]* Using seed 23
* Starting evolution

[Progress:>                             0%] [Cov:>                                  1%]
[Progress:>                             0%] [Cov:====>                              13%]
[Progress:>                             0%] [Cov:====>                              14%]
[Progress:>                             0%] [Cov:=====>                             15%]
[Progress:>                             0%] [Cov:=====>                             15%]
[Progress:>                             0%] [Cov:=====>                             16%]
[Progress:>                             0%] [Cov:============>                      36%][MASTER] 22:26:30.704 [logback-2] ERROR ClientNodeImpl - Cannot inform master of change of state
java.rmi.ServerException: RemoteException occurred in server thread; nested exception is: 
	java.rmi.UnmarshalException: error unmarshalling arguments; nested exception is: 
	java.io.OptionalDataException
	at sun.rmi.server.UnicastServerRef.dispatch(UnicastServerRef.java:354) ~[na:1.8.0_45]
	at sun.rmi.transport.Transport$1.run(Transport.java:200) ~[na:1.8.0_45]
	at sun.rmi.transport.Transport$1.run(Transport.java:197) ~[na:1.8.0_45]
	at java.security.AccessController.doPrivileged(Native Method) ~[na:1.8.0_45]
	at sun.rmi.transport.Transport.serviceCall(Transport.java:196) ~[na:1.8.0_45]
	at sun.rmi.transport.tcp.TCPTransport.handleMessages(TCPTransport.java:568) ~[na:1.8.0_45]
	at sun.rmi.transport.tcp.TCPTransport$ConnectionHandler.run0(TCPTransport.java:826) ~[na:1.8.0_45]
	at sun.rmi.transport.tcp.TCPTransport$ConnectionHandler.lambda$run$241(TCPTransport.java:683) ~[na:1.8.0_45]
	at sun.rmi.transport.tcp.TCPTransport$ConnectionHandler$$Lambda$8/1089217262.run(Unknown Source) ~[na:na]
	at java.security.AccessController.doPrivileged(Native Method) ~[na:1.8.0_45]
	at sun.rmi.transport.tcp.TCPTransport$ConnectionHandler.run(TCPTransport.java:682) ~[na:1.8.0_45]
	at java.util.concurrent.ThreadPoolExecutor.runWorker(ThreadPoolExecutor.java:1142) ~[na:1.8.0_45]
	at java.util.concurrent.ThreadPoolExecutor$Worker.run(ThreadPoolExecutor.java:617) ~[na:1.8.0_45]
	at java.lang.Thread.run(Thread.java:745) ~[na:1.8.0_45]
	at sun.rmi.transport.StreamRemoteCall.exceptionReceivedFromServer(StreamRemoteCall.java:276) ~[na:1.8.0_45]
	at sun.rmi.transport.StreamRemoteCall.executeCall(StreamRemoteCall.java:253) ~[na:1.8.0_45]
	at sun.rmi.server.UnicastRef.invoke(UnicastRef.java:162) ~[na:1.8.0_45]
	at java.rmi.server.RemoteObjectInvocationHandler.invokeRemoteMethod(RemoteObjectInvocationHandler.java:194) ~[na:1.8.0_45]
	at java.rmi.server.RemoteObjectInvocationHandler.invoke(RemoteObjectInvocationHandler.java:148) ~[na:1.8.0_45]
	at com.sun.proxy.$Proxy7.evosuite_collectStatistics(Unknown Source) ~[na:na]
	at org.evosuite.rmi.service.ClientNodeImpl.updateStatistics(ClientNodeImpl.java:237) ~[evosuite-master-1.0.4-SNAPSHOT.jar:1.0.4-SNAPSHOT]
	at org.evosuite.statistics.StatisticsSender.sendIndividualToMaster(StatisticsSender.java:68) [evosuite-master-1.0.4-SNAPSHOT.jar:1.0.4-SNAPSHOT]
	at org.evosuite.statistics.StatisticsListener$1.run(StatisticsListener.java:71) [evosuite-master-1.0.4-SNAPSHOT.jar:1.0.4-SNAPSHOT]
Caused by: java.rmi.UnmarshalException: error unmarshalling arguments; nested exception is: 
	java.io.OptionalDataException
	at sun.rmi.server.UnicastServerRef.dispatch(UnicastServerRef.java:311) ~[na:1.8.0_45]
	at sun.rmi.transport.Transport$1.run(Transport.java:200) ~[na:1.8.0_45]
	at sun.rmi.transport.Transport$1.run(Transport.java:197) ~[na:1.8.0_45]
	at java.security.AccessController.doPrivileged(Native Method) ~[na:1.8.0_45]
	at sun.rmi.transport.Transport.serviceCall(Transport.java:196) ~[na:1.8.0_45]
	at sun.rmi.transport.tcp.TCPTransport.handleMessages(TCPTransport.java:568) ~[na:1.8.0_45]
	at sun.rmi.transport.tcp.TCPTransport$ConnectionHandler.run0(TCPTransport.java:826) ~[na:1.8.0_45]
	at sun.rmi.transport.tcp.TCPTransport$ConnectionHandler.lambda$run$241(TCPTransport.java:683) ~[na:1.8.0_45]
	at sun.rmi.transport.tcp.TCPTransport$ConnectionHandler$$Lambda$8/1089217262.run(Unknown Source) ~[na:na]
	at java.security.AccessController.doPrivileged(Native Method) ~[na:1.8.0_45]
	at sun.rmi.transport.tcp.TCPTransport$ConnectionHandler.run(TCPTransport.java:682) ~[na:1.8.0_45]
	at java.util.concurrent.ThreadPoolExecutor.runWorker(ThreadPoolExecutor.java:1142) ~[na:1.8.0_45]
	at java.util.concurrent.ThreadPoolExecutor$Worker.run(ThreadPoolExecutor.java:617) ~[na:1.8.0_45]
	at java.lang.Thread.run(Thread.java:745) ~[na:1.8.0_45]
Caused by: java.io.OptionalDataException: null
	at java.io.ObjectInputStream.readObject0(ObjectInputStream.java:1371) ~[na:1.8.0_45]
	at java.io.ObjectInputStream.readObject(ObjectInputStream.java:371) ~[na:1.8.0_45]
	at java.util.HashMap.readObject(HashMap.java:1394) ~[na:1.8.0_45]
	at sun.reflect.GeneratedMethodAccessor7.invoke(Unknown Source) ~[na:na]
	at sun.reflect.DelegatingMethodAccessorImpl.invoke(DelegatingMethodAccessorImpl.java:43) ~[na:1.8.0_45]
	at java.lang.reflect.Method.invoke(Method.java:497) ~[na:1.8.0_45]
	at java.io.ObjectStreamClass.invokeReadObject(ObjectStreamClass.java:1017) ~[na:1.8.0_45]
	at java.io.ObjectInputStream.readSerialData(ObjectInputStream.java:1896) ~[na:1.8.0_45]
	at java.io.ObjectInputStream.readOrdinaryObject(ObjectInputStream.java:1801) ~[na:1.8.0_45]
	at java.io.ObjectInputStream.readObject0(ObjectInputStream.java:1351) ~[na:1.8.0_45]
	at java.io.ObjectInputStream.defaultReadFields(ObjectInputStream.java:1993) ~[na:1.8.0_45]
	at java.io.ObjectInputStream.readSerialData(ObjectInputStream.java:1918) ~[na:1.8.0_45]
	at java.io.ObjectInputStream.readOrdinaryObject(ObjectInputStream.java:1801) ~[na:1.8.0_45]
	at java.io.ObjectInputStream.readObject0(ObjectInputStream.java:1351) ~[na:1.8.0_45]
	at java.io.ObjectInputStream.readObject(ObjectInputStream.java:371) ~[na:1.8.0_45]
	at java.util.HashMap.readObject(HashMap.java:1394) ~[na:1.8.0_45]
	at sun.reflect.GeneratedMethodAccessor7.invoke(Unknown Source) ~[na:na]
	at sun.reflect.DelegatingMethodAccessorImpl.invoke(DelegatingMethodAccessorImpl.java:43) ~[na:1.8.0_45]
	at java.lang.reflect.Method.invoke(Method.java:497) ~[na:1.8.0_45]
	at java.io.ObjectStreamClass.invokeReadObject(ObjectStreamClass.java:1017) ~[na:1.8.0_45]
	at java.io.ObjectInputStream.readSerialData(ObjectInputStream.java:1896) ~[na:1.8.0_45]
	at java.io.ObjectInputStream.readOrdinaryObject(ObjectInputStream.java:1801) ~[na:1.8.0_45]
	at java.io.ObjectInputStream.readObject0(ObjectInputStream.java:1351) ~[na:1.8.0_45]
	at java.io.ObjectInputStream.defaultReadFields(ObjectInputStream.java:1993) ~[na:1.8.0_45]
	at java.io.ObjectInputStream.readSerialData(ObjectInputStream.java:1918) ~[na:1.8.0_45]
	at java.io.ObjectInputStream.readOrdinaryObject(ObjectInputStream.java:1801) ~[na:1.8.0_45]
	at java.io.ObjectInputStream.readObject0(ObjectInputStream.java:1351) ~[na:1.8.0_45]
	at java.io.ObjectInputStream.readObject(ObjectInputStream.java:371) ~[na:1.8.0_45]
	at sun.rmi.server.UnicastRef.unmarshalValue(UnicastRef.java:326) ~[na:1.8.0_45]
	at sun.rmi.server.UnicastServerRef.dispatch(UnicastServerRef.java:308) ~[na:1.8.0_45]
	... 13 common frames omitted

[Progress:>                             0%] [Cov:============>                      36%]
[Progress:>                             0%] [Cov:============>                      36%]
[Progress:>                             0%] [Cov:============>                      36%]
[Progress:>                             0%] [Cov:============>                      36%]
[Progress:>                             0%] [Cov:============>                      37%]
[Progress:>                             0%] [Cov:=============>                     38%]
[Progress:>                             0%] [Cov:=============>                     38%]
[Progress:>                             0%] [Cov:=============>                     38%]
[Progress:>                             0%] [Cov:=============>                     38%]
[Progress:>                             0%] [Cov:=============>                     38%]
[Progress:>                             0%] [Cov:=============>                     39%]
[Progress:>                             0%] [Cov:=============>                     39%]
[Progress:>                             0%] [Cov:=============>                     39%]
[Progress:>                             0%] [Cov:==============>                    40%]
[Progress:>                             0%] [Cov:==============>                    40%]
[Progress:>                             0%] [Cov:==============>                    40%]
[Progress:>                             0%] [Cov:==============>                    40%]
[Progress:>                             0%] [Cov:==============>                    41%]
[Progress:>                             0%] [Cov:==============>                    41%]
[Progress:>                             0%] [Cov:==============>                    42%]
[Progress:>                             0%] [Cov:==============>                    42%]
[Progress:>                             0%] [Cov:==============>                    42%]
[Progress:>                             0%] [Cov:==============>                    42%]
[Progress:>                             0%] [Cov:==============>                    42%]
[Progress:>                             0%] [Cov:==============>                    42%]
[Progress:>                             0%] [Cov:==============>                    42%]
[Progress:>                             0%] [Cov:==============>                    42%]
[Progress:>                             0%] [Cov:===============>                   43%]
[Progress:>                             0%] [Cov:===============>                   43%]
[Progress:>                             0%] [Cov:===============>                   43%]
[Progress:>                             0%] [Cov:===============>                   43%]
[Progress:>                             0%] [Cov:===============>                   43%]
[Progress:>                             0%] [Cov:===============>                   43%]
[Progress:>                             0%] [Cov:===============>                   43%]
[Progress:>                             0%] [Cov:===============>                   43%]
[Progress:>                             0%] [Cov:===============>                   43%]
[Progress:>                             0%] [Cov:===============>                   44%]
[Progress:>                             0%] [Cov:===============>                   44%]
[Progress:>                             0%] [Cov:===============>                   44%]
[Progress:>                             0%] [Cov:===============>                   44%]
[Progress:>                             0%] [Cov:===============>                   44%]
[Progress:>                             0%] [Cov:===============>                   44%]
[Progress:>                             0%] [Cov:===============>                   44%]
[Progress:>                             0%] [Cov:===============>                   45%]
[Progress:>                             0%] [Cov:===============>                   45%]
[Progress:>                             0%] [Cov:===============>                   45%]
[Progress:>                             0%] [Cov:===============>                   45%]
[Progress:>                             0%] [Cov:===============>                   45%]
[Progress:>                             0%] [Cov:===============>                   45%]
[Progress:>                             0%] [Cov:===============>                   45%]
[Progress:>                             0%] [Cov:================>                  46%]
[Progress:>                             0%] [Cov:================>                  46%]
[Progress:>                             0%] [Cov:================>                  46%]
[Progress:>                             0%] [Cov:================>                  46%]
[Progress:>                             0%] [Cov:================>                  46%]
[Progress:>                             0%] [Cov:================>                  46%]
[Progress:>                             0%] [Cov:================>                  46%]
[Progress:>                             0%] [Cov:================>                  46%]
[Progress:>                             0%] [Cov:================>                  46%]
[Progress:>                             0%] [Cov:================>                  46%]
[Progress:>                             0%] [Cov:================>                  46%]
[Progress:>                             0%] [Cov:================>                  46%]
[Progress:>                             0%] [Cov:================>                  46%]
[Progress:>                             0%] [Cov:================>                  46%]
[Progress:>                             0%] [Cov:================>                  46%]
[Progress:>                             0%] [Cov:================>                  46%]
[Progress:>                             0%] [Cov:================>                  46%]
[Progress:>                             0%] [Cov:================>                  47%]
[Progress:>                             0%] [Cov:================>                  47%]
[Progress:>                             0%] [Cov:================>                  47%]
[Progress:>                             0%] [Cov:================>                  47%]
[Progress:>                             0%] [Cov:================>                  47%]
[Progress:>                             0%] [Cov:================>                  47%]
[Progress:>                             0%] [Cov:================>                  47%]
[Progress:>                             0%] [Cov:================>                  47%]
[Progress:>                             0%] [Cov:================>                  47%]
[Progress:>                             0%] [Cov:================>                  47%]
[Progress:>                             0%] [Cov:================>                  47%]
[Progress:>                             0%] [Cov:================>                  47%]
[Progress:>                             0%] [Cov:================>                  48%]
[Progress:>                             0%] [Cov:================>                  48%]
[Progress:>                             0%] [Cov:================>                  48%]
[Progress:>                             0%] [Cov:================>                  48%]
[Progress:>                             0%] [Cov:================>                  48%]
[Progress:>                             0%] [Cov:================>                  48%]
[Progress:>                             0%] [Cov:================>                  48%]
[Progress:>                             0%] [Cov:================>                  48%]
[Progress:>                             0%] [Cov:================>                  48%]
[Progress:>                             0%] [Cov:================>                  48%]
[Progress:>                             0%] [Cov:================>                  48%]
[Progress:>                             0%] [Cov:================>                  48%]
[Progress:>                             0%] [Cov:================>                  48%]
[Progress:>                             0%] [Cov:================>                  48%]
[Progress:>                             0%] [Cov:================>                  48%]
[Progress:>                             0%] [Cov:================>                  48%]
[Progress:>                             0%] [Cov:================>                  48%]
[Progress:>                             0%] [Cov:================>                  48%]
[Progress:>                             0%] [Cov:================>                  48%]
[Progress:>                             0%] [Cov:================>                  48%]
[Progress:>                             0%] [Cov:================>                  48%]
[Progress:>                             0%] [Cov:=================>                 49%]
[Progress:>                             0%] [Cov:=================>                 49%]
[Progress:>                             0%] [Cov:=================>                 49%]
[Progress:>                             0%] [Cov:=================>                 49%]
[Progress:>                             0%] [Cov:=================>                 49%]
[Progress:>                             0%] [Cov:=================>                 49%]
[Progress:>                             0%] [Cov:=================>                 49%]
[Progress:>                             0%] [Cov:=================>                 49%]
[Progress:>                             0%] [Cov:=================>                 49%]
[Progress:>                             0%] [Cov:=================>                 49%]
[Progress:>                             0%] [Cov:=================>                 49%]
[Progress:>                             0%] [Cov:=================>                 49%]
[Progress:>                             0%] [Cov:=================>                 49%]
[Progress:>                             0%] [Cov:=================>                 49%]
[Progress:>                             0%] [Cov:=================>                 49%]
[Progress:>                             0%] [Cov:=================>                 49%]
[Progress:>                             0%] [Cov:=================>                 49%]
[Progress:>                             0%] [Cov:=================>                 49%]
[Progress:>                             0%] [Cov:=================>                 49%]
[Progress:>                             0%] [Cov:=================>                 49%]
[Progress:>                             0%] [Cov:=================>                 49%]
[Progress:>                             0%] [Cov:=================>                 49%]
[Progress:>                             0%] [Cov:=================>                 50%]
[Progress:>                             0%] [Cov:=================>                 50%]
[Progress:>                             0%] [Cov:=================>                 50%]
[Progress:>                             0%] [Cov:=================>                 50%]
[Progress:>                             0%] [Cov:=================>                 50%]
[Progress:>                             0%] [Cov:=================>                 50%]
[Progress:>                             0%] [Cov:=================>                 50%]
[Progress:>                             0%] [Cov:=================>                 50%]
[Progress:>                             0%] [Cov:=================>                 50%]
[Progress:>                             0%] [Cov:=================>                 50%]
[Progress:>                             0%] [Cov:=================>                 50%]
[Progress:>                             0%] [Cov:=================>                 50%]
[Progress:>                             0%] [Cov:=================>                 50%]
[Progress:>                             0%] [Cov:=================>                 50%]
[Progress:>                             0%] [Cov:=================>                 50%]
[Progress:>                             0%] [Cov:=================>                 50%]
[Progress:>                             0%] [Cov:=================>                 50%]
[Progress:>                             0%] [Cov:=================>                 50%]
[Progress:>                             0%] [Cov:=================>                 50%]
[Progress:>                             0%] [Cov:=================>                 50%]
[Progress:>                             0%] [Cov:=================>                 50%]
[Progress:>                             0%] [Cov:=================>                 51%]
[Progress:>                             0%] [Cov:=================>                 51%]
[Progress:>                             0%] [Cov:=================>                 51%]
[Progress:>                             0%] [Cov:=================>                 51%]
[Progress:>                             0%] [Cov:=================>                 51%]
[Progress:>                             0%] [Cov:=================>                 51%]
[Progress:>                             0%] [Cov:=================>                 51%]
[Progress:>                             0%] [Cov:=================>                 51%]
[Progress:>                             0%] [Cov:=================>                 51%]
[Progress:>                             0%] [Cov:=================>                 51%]
[Progress:>                             0%] [Cov:=================>                 51%]
[Progress:>                             0%] [Cov:=================>                 51%]
[Progress:>                             0%] [Cov:=================>                 51%]
[Progress:>                             0%] [Cov:=================>                 51%]
[Progress:>                             0%] [Cov:==================>                54%]
* Search finished after 138s and 149 generations, 100964 statements, best individual has fitness: 1528.6965156794427
* Minimizing test suite
* Going to analyze the coverage criteria
* Coverage analysis for criterion LINE
* Coverage of criterion LINE: 45%
* Total number of goals: 519
* Number of covered goals: 233
* Coverage analysis for criterion BRANCH
* Coverage of criterion BRANCH: 41%
* Total number of goals: 274
* Number of covered goals: 113
* Coverage analysis for criterion EXCEPTION
* Coverage of criterion EXCEPTION: 100%
* Total number of goals: 29
* Number of covered goals: 29
* Coverage analysis for criterion WEAKMUTATION
* Coverage of criterion WEAKMUTATION: 37%
* Total number of goals: 783
* Number of covered goals: 292
* Coverage analysis for criterion OUTPUT
* Coverage of criterion OUTPUT: 16%
* Total number of goals: 340
* Number of covered goals: 54
* Coverage analysis for criterion METHOD
* Coverage of criterion METHOD: 91%
* Total number of goals: 65
* Number of covered goals: 59
* Coverage analysis for criterion METHODNOEXCEPTION
* Coverage of criterion METHODNOEXCEPTION: 80%
* Total number of goals: 65
* Number of covered goals: 52
* Coverage analysis for criterion CBRANCH
* Coverage of criterion CBRANCH: 36%
* Total number of goals: 274
* Number of covered goals: 99
* Generated 96 tests with total length 395
* Resulting test suite's coverage: 54% (average coverage for all fitness functions)
* Generating assertions
* Resulting test suite's mutation score: 10%
* Compiling and checking tests
[MASTER] 22:29:52.264 [logback-1] WARN  JUnitAnalyzer - EvoSuite problem: tests set up a security manager, but they do not remove it after execution
[MASTER] 22:29:52.362 [logback-1] WARN  JUnitAnalyzer - EvoSuite problem: tests set up a security manager, but they do not remove it after execution
[MASTER] 22:29:52.467 [logback-1] WARN  JUnitAnalyzer - EvoSuite problem: tests set up a security manager, but they do not remove it after execution
[MASTER] 22:29:52.468 [logback-2] ERROR JUnitAnalyzer - 1 test cases failed
[MASTER] 22:29:52.474 [logback-1] WARN  JUnitAnalyzer - Found unstable test named test0 -> class java.lang.SecurityException: Security manager blocks ("java.lang.RuntimePermission" "queuePrintJob")
java.lang.Thread.getStackTrace(Thread.java:1552)
org.evosuite.runtime.sandbox.MSecurityManager.checkPermission(MSecurityManager.java:433)
java.lang.SecurityManager.checkPrintJobAccess(SecurityManager.java:1378)
java.awt.print.PrinterJob.getPrinterJob(PrinterJob.java:75)
org.jfree.chart.renderer.category.AbstractCategoryItemRenderer_98_tmp__ESTest.test0(AbstractCategoryItemRenderer_98_tmp__ESTest.java:42)
sun.reflect.NativeMethodAccessorImpl.invoke0(Native Method)
sun.reflect.NativeMethodAccessorImpl.invoke(NativeMethodAccessorImpl.java:62)
sun.reflect.DelegatingMethodAccessorImpl.invoke(DelegatingMethodAccessorImpl.java:43)
java.lang.reflect.Method.invoke(Method.java:497)
org.junit.runners.model.FrameworkMethod$1.runReflectiveCall(FrameworkMethod.java:50)
org.junit.internal.runners.model.ReflectiveCallable.run(ReflectiveCallable.java:12)
org.junit.runners.model.FrameworkMethod.invokeExplosively(FrameworkMethod.java:47)
org.junit.internal.runners.statements.InvokeMethod.evaluate(InvokeMethod.java:17)
org.junit.internal.runners.statements.FailOnTimeout$CallableStatement.call(FailOnTimeout.java:298)
org.junit.internal.runners.statements.FailOnTimeout$CallableStatement.call(FailOnTimeout.java:292)
java.util.concurrent.FutureTask.run(FutureTask.java:266)
java.lang.Thread.run(Thread.java:745)

[MASTER] 22:29:52.475 [logback-1] WARN  JUnitAnalyzer - Failing test:
 Line2D.Double line2D_Double0 = new Line2D.Double();
Rectangle rectangle0 = line2D_Double0.getBounds();
BarRenderer3D barRenderer3D0 = new BarRenderer3D(0.0, 0.6428571428571429);
Type3Font type3Font0 = new Type3Font((PdfWriter) null, false);
Type3Glyph type3Glyph0 = (Type3Glyph)type3Font0.defineGlyph('k', 0, 2800.95F, 0, 0.0F, 2996.6553F);
AsianFontMapper asianFontMapper0 = new AsianFontMapper("", "tbw*N");
PSPrinterJob pSPrinterJob0 = (PSPrinterJob)PrinterJob.getPrinterJob();
PdfPrinterGraphics2D pdfPrinterGraphics2D0 = new PdfPrinterGraphics2D((PdfContentByte) type3Glyph0, 2.2F, (-2063.79F), (FontMapper) asianFontMapper0, false, false, (-185.61862F), (PrinterJob) pSPrinterJob0);
CombinedDomainCategoryPlot combinedDomainCategoryPlot0 = new CombinedDomainCategoryPlot();
DefaultCategoryDataset defaultCategoryDataset0 = new DefaultCategoryDataset();
ChartRenderingInfo chartRenderingInfo0 = new ChartRenderingInfo();
PlotRenderingInfo plotRenderingInfo0 = chartRenderingInfo0.getPlotInfo();
barRenderer3D0.initialise(pdfPrinterGraphics2D0, rectangle0, combinedDomainCategoryPlot0, defaultCategoryDataset0, plotRenderingInfo0);

[MASTER] 22:29:52.543 [logback-1] WARN  JUnitAnalyzer - EvoSuite problem: tests set up a security manager, but they do not remove it after execution
[MASTER] 22:29:52.610 [logback-1] WARN  JUnitAnalyzer - EvoSuite problem: tests set up a security manager, but they do not remove it after execution
[MASTER] 22:29:52.650 [logback-1] WARN  JUnitAnalyzer - EvoSuite problem: tests set up a security manager, but they do not remove it after execution
[MASTER] 22:29:52.690 [logback-1] WARN  JUnitAnalyzer - EvoSuite problem: tests set up a security manager, but they do not remove it after execution
[MASTER] 22:29:52.766 [logback-1] WARN  JUnitAnalyzer - EvoSuite problem: tests set up a security manager, but they do not remove it after execution
[MASTER] 22:29:52.819 [logback-1] WARN  JUnitAnalyzer - EvoSuite problem: tests set up a security manager, but they do not remove it after execution
[MASTER] 22:29:52.875 [logback-1] WARN  JUnitAnalyzer - EvoSuite problem: tests set up a security manager, but they do not remove it after execution
[MASTER] 22:29:52.927 [logback-1] WARN  JUnitAnalyzer - EvoSuite problem: tests set up a security manager, but they do not remove it after execution
[MASTER] 22:29:52.991 [logback-1] WARN  JUnitAnalyzer - EvoSuite problem: tests set up a security manager, but they do not remove it after execution
[MASTER] 22:29:53.043 [logback-1] WARN  JUnitAnalyzer - EvoSuite problem: tests set up a security manager, but they do not remove it after execution
[MASTER] 22:29:53.106 [logback-1] WARN  JUnitAnalyzer - EvoSuite problem: tests set up a security manager, but they do not remove it after execution
[MASTER] 22:29:53.145 [logback-1] WARN  JUnitAnalyzer - EvoSuite problem: tests set up a security manager, but they do not remove it after execution
[MASTER] 22:29:53.186 [logback-1] WARN  JUnitAnalyzer - EvoSuite problem: tests set up a security manager, but they do not remove it after execution
[MASTER] 22:29:53.260 [logback-1] WARN  JUnitAnalyzer - EvoSuite problem: tests set up a security manager, but they do not remove it after execution
[MASTER] 22:29:53.321 [logback-1] WARN  JUnitAnalyzer - EvoSuite problem: tests set up a security manager, but they do not remove it after execution
[MASTER] 22:29:53.367 [logback-1] WARN  JUnitAnalyzer - EvoSuite problem: tests set up a security manager, but they do not remove it after execution
[MASTER] 22:29:53.405 [logback-1] WARN  JUnitAnalyzer - EvoSuite problem: tests set up a security manager, but they do not remove it after execution
[MASTER] 22:29:53.444 [logback-1] WARN  JUnitAnalyzer - EvoSuite problem: tests set up a security manager, but they do not remove it after execution
[MASTER] 22:29:53.504 [logback-1] WARN  JUnitAnalyzer - EvoSuite problem: tests set up a security manager, but they do not remove it after execution
[MASTER] 22:29:53.543 [logback-1] WARN  JUnitAnalyzer - EvoSuite problem: tests set up a security manager, but they do not remove it after execution
[MASTER] 22:29:54.507 [logback-1] WARN  JUnitAnalyzer - EvoSuite problem: tests set up a security manager, but they do not remove it after execution
[MASTER] 22:29:54.544 [logback-1] WARN  JUnitAnalyzer - EvoSuite problem: tests set up a security manager, but they do not remove it after execution
[MASTER] 22:29:54.586 [logback-1] WARN  JUnitAnalyzer - EvoSuite problem: tests set up a security manager, but they do not remove it after execution
[MASTER] 22:29:54.625 [logback-1] WARN  JUnitAnalyzer - EvoSuite problem: tests set up a security manager, but they do not remove it after execution
[MASTER] 22:29:54.675 [logback-1] WARN  JUnitAnalyzer - EvoSuite problem: tests set up a security manager, but they do not remove it after execution
[MASTER] 22:29:54.724 [logback-1] WARN  JUnitAnalyzer - EvoSuite problem: tests set up a security manager, but they do not remove it after execution
[MASTER] 22:29:54.794 [logback-1] WARN  JUnitAnalyzer - EvoSuite problem: tests set up a security manager, but they do not remove it after execution
[MASTER] 22:29:54.834 [logback-1] WARN  JUnitAnalyzer - EvoSuite problem: tests set up a security manager, but they do not remove it after execution
[MASTER] 22:29:54.874 [logback-1] WARN  JUnitAnalyzer - EvoSuite problem: tests set up a security manager, but they do not remove it after execution
[MASTER] 22:29:54.913 [logback-1] WARN  JUnitAnalyzer - EvoSuite problem: tests set up a security manager, but they do not remove it after execution
[MASTER] 22:29:54.980 [logback-1] WARN  JUnitAnalyzer - EvoSuite problem: tests set up a security manager, but they do not remove it after execution
[MASTER] 22:29:55.020 [logback-1] WARN  JUnitAnalyzer - EvoSuite problem: tests set up a security manager, but they do not remove it after execution
[MASTER] 22:29:55.088 [logback-1] WARN  JUnitAnalyzer - EvoSuite problem: tests set up a security manager, but they do not remove it after execution
[MASTER] 22:29:55.145 [logback-1] WARN  JUnitAnalyzer - EvoSuite problem: tests set up a security manager, but they do not remove it after execution
[MASTER] 22:29:55.186 [logback-1] WARN  JUnitAnalyzer - EvoSuite problem: tests set up a security manager, but they do not remove it after execution
[MASTER] 22:29:55.235 [logback-1] WARN  JUnitAnalyzer - EvoSuite problem: tests set up a security manager, but they do not remove it after execution
[MASTER] 22:29:55.314 [logback-1] WARN  JUnitAnalyzer - EvoSuite problem: tests set up a security manager, but they do not remove it after execution
[MASTER] 22:29:55.380 [logback-1] WARN  JUnitAnalyzer - EvoSuite problem: tests set up a security manager, but they do not remove it after execution
[MASTER] 22:29:55.444 [logback-1] WARN  JUnitAnalyzer - EvoSuite problem: tests set up a security manager, but they do not remove it after execution
[MASTER] 22:29:55.495 [logback-1] WARN  JUnitAnalyzer - EvoSuite problem: tests set up a security manager, but they do not remove it after execution
[MASTER] 22:29:55.495 [logback-2] ERROR JUnitAnalyzer - 1 test cases failed
[MASTER] 22:29:55.495 [logback-1] WARN  JUnitAnalyzer - Found unstable test named test0 -> class java.lang.SecurityException: Security manager blocks ("java.lang.RuntimePermission" "queuePrintJob")
java.lang.Thread.getStackTrace(Thread.java:1552)
org.evosuite.runtime.sandbox.MSecurityManager.checkPermission(MSecurityManager.java:433)
java.lang.SecurityManager.checkPrintJobAccess(SecurityManager.java:1378)
java.awt.print.PrinterJob.getPrinterJob(PrinterJob.java:75)
org.jfree.chart.renderer.category.AbstractCategoryItemRenderer_138_tmp__ESTest.test0(AbstractCategoryItemRenderer_138_tmp__ESTest.java:37)
sun.reflect.NativeMethodAccessorImpl.invoke0(Native Method)
sun.reflect.NativeMethodAccessorImpl.invoke(NativeMethodAccessorImpl.java:62)
sun.reflect.DelegatingMethodAccessorImpl.invoke(DelegatingMethodAccessorImpl.java:43)
java.lang.reflect.Method.invoke(Method.java:497)
org.junit.runners.model.FrameworkMethod$1.runReflectiveCall(FrameworkMethod.java:50)
org.junit.internal.runners.model.ReflectiveCallable.run(ReflectiveCallable.java:12)
org.junit.runners.model.FrameworkMethod.invokeExplosively(FrameworkMethod.java:47)
org.junit.internal.runners.statements.InvokeMethod.evaluate(InvokeMethod.java:17)
org.junit.internal.runners.statements.FailOnTimeout$CallableStatement.call(FailOnTimeout.java:298)
org.junit.internal.runners.statements.FailOnTimeout$CallableStatement.call(FailOnTimeout.java:292)
java.util.concurrent.FutureTask.run(FutureTask.java:266)
java.lang.Thread.run(Thread.java:745)

[MASTER] 22:29:55.496 [logback-1] WARN  JUnitAnalyzer - Failing test:
 StackedBarRenderer stackedBarRenderer0 = new StackedBarRenderer(true);
PdfContentByte pdfContentByte0 = new PdfContentByte((PdfWriter) null);
DefaultFontMapper defaultFontMapper0 = new DefaultFontMapper();
PSPrinterJob pSPrinterJob0 = (PSPrinterJob)PrinterJob.getPrinterJob();
PdfPrinterGraphics2D pdfPrinterGraphics2D0 = new PdfPrinterGraphics2D(pdfContentByte0, (float) 1, (float) 4, (FontMapper) defaultFontMapper0, true, true, 480.98364F, (PrinterJob) pSPrinterJob0);
PlotOrientation plotOrientation0 = PlotOrientation.HORIZONTAL;
Rectangle2D.Float rectangle2D_Float0 = new Rectangle2D.Float();
RectangleInsets rectangleInsets0 = Title.DEFAULT_PADDING;
LengthAdjustmentType lengthAdjustmentType0 = LengthAdjustmentType.EXPAND;
RectangleAnchor rectangleAnchor0 = RectangleAnchor.LEFT;
Point2D.Double point2D_Double0 = (Point2D.Double)stackedBarRenderer0.calculateRangeMarkerTextAnchorPoint(pdfPrinterGraphics2D0, plotOrientation0, rectangle2D_Float0, rectangle2D_Float0, rectangleInsets0, lengthAdjustmentType0, rectangleAnchor0);
assertEquals((-1.0), point2D_Double0.x, 0.01);


[MASTER] 22:29:55.558 [logback-1] WARN  JUnitAnalyzer - EvoSuite problem: tests set up a security manager, but they do not remove it after execution
[MASTER] 22:29:55.596 [logback-1] WARN  JUnitAnalyzer - EvoSuite problem: tests set up a security manager, but they do not remove it after execution
[MASTER] 22:29:55.658 [logback-1] WARN  JUnitAnalyzer - EvoSuite problem: tests set up a security manager, but they do not remove it after execution
[MASTER] 22:29:55.732 [logback-1] WARN  JUnitAnalyzer - EvoSuite problem: tests set up a security manager, but they do not remove it after execution
[MASTER] 22:29:55.798 [logback-1] WARN  JUnitAnalyzer - EvoSuite problem: tests set up a security manager, but they do not remove it after execution
* Writing JUnit test case 'AbstractCategoryItemRenderer_ESTest' to evosuite-tests
* Done!


------------