* EvoSuite 1.0.4-SNAPSHOT
* Going to generate test cases for class: org.apache.commons.math3.util.MathArrays
* Starting client
* Connecting to master process on port 4181
* Analyzing classpath: 
  - target/classes/
  - target/test-classes/
  - lib/commons-discovery-0.5.jar
* Finished analyzing classpath
* Generating tests for class org.apache.commons.math3.util.MathArrays
* Test criteria:
  - Line Coverage
  - Branch Coverage
  - Exception
  - Mutation testing (weak)
  - Method-Output Coverage
  - Top-Level Method Coverage
  - No-Exception Top-Level Method Coverage
  - Context Branch Coverage
* Setting up search algorithm for whole suite generation
* Total number of test goals: 
  - Line 341
  - Branch 201
  - Exception 0
  - MutationFactory 818
  - Output 62
  - Method 29
  - MethodNoException 29
  - CBranchFitnessFactory 201

[Progress:>                             0%] [Cov:>                                  0%]* Using seed 12
* Starting evolution

[Progress:>                             0%] [Cov:====>                              13%]
[Progress:>                             0%] [Cov:======>                            18%]
[Progress:>                             0%] [Cov:=======>                           21%]
[Progress:>                             0%] [Cov:========>                          23%]
[Progress:>                             0%] [Cov:=========>                         26%]
[Progress:>                             0%] [Cov:==========>                        29%]
[Progress:>                             0%] [Cov:==========>                        30%]
[Progress:>                             0%] [Cov:===========>                       34%]
[Progress:>                             0%] [Cov:=============>                     38%]
[Progress:>                             0%] [Cov:==============>                    40%]
[Progress:>                             0%] [Cov:===============>                   43%]
[Progress:>                             0%] [Cov:===============>                   44%]
[Progress:>                             0%] [Cov:===============>                   45%]
[Progress:>                             0%] [Cov:================>                  48%]
[Progress:>                             0%] [Cov:===============>                   44%]
[Progress:>                             0%] [Cov:================>                  48%]
[Progress:>                             0%] [Cov:=================>                 49%][MASTER] 19:56:13.183 [logback-2] ERROR ClientNodeImpl - Cannot inform master of change of state
java.rmi.ServerException: RemoteException occurred in server thread; nested exception is: 
	java.rmi.UnmarshalException: error unmarshalling arguments; nested exception is: 
	java.io.OptionalDataException
	at sun.rmi.server.UnicastServerRef.dispatch(UnicastServerRef.java:355) ~[na:1.8.0_101]
	at sun.rmi.transport.Transport$1.run(Transport.java:200) ~[na:1.8.0_101]
	at sun.rmi.transport.Transport$1.run(Transport.java:197) ~[na:1.8.0_101]
	at java.security.AccessController.doPrivileged(Native Method) ~[na:1.8.0_101]
	at sun.rmi.transport.Transport.serviceCall(Transport.java:196) ~[na:1.8.0_101]
	at sun.rmi.transport.tcp.TCPTransport.handleMessages(TCPTransport.java:568) ~[na:1.8.0_101]
	at sun.rmi.transport.tcp.TCPTransport$ConnectionHandler.run0(TCPTransport.java:826) ~[na:1.8.0_101]
	at sun.rmi.transport.tcp.TCPTransport$ConnectionHandler.lambda$run$0(TCPTransport.java:683) ~[na:1.8.0_101]
	at java.security.AccessController.doPrivileged(Native Method) ~[na:1.8.0_101]
	at sun.rmi.transport.tcp.TCPTransport$ConnectionHandler.run(TCPTransport.java:682) ~[na:1.8.0_101]
	at java.util.concurrent.ThreadPoolExecutor.runWorker(ThreadPoolExecutor.java:1142) ~[na:1.8.0_101]
	at java.util.concurrent.ThreadPoolExecutor$Worker.run(ThreadPoolExecutor.java:617) ~[na:1.8.0_101]
	at java.lang.Thread.run(Thread.java:745) ~[na:1.8.0_101]
	at sun.rmi.transport.StreamRemoteCall.exceptionReceivedFromServer(StreamRemoteCall.java:276) ~[na:1.8.0_101]
	at sun.rmi.transport.StreamRemoteCall.executeCall(StreamRemoteCall.java:253) ~[na:1.8.0_101]
	at sun.rmi.server.UnicastRef.invoke(UnicastRef.java:162) ~[na:1.8.0_101]
	at java.rmi.server.RemoteObjectInvocationHandler.invokeRemoteMethod(RemoteObjectInvocationHandler.java:227) ~[na:1.8.0_101]
	at java.rmi.server.RemoteObjectInvocationHandler.invoke(RemoteObjectInvocationHandler.java:179) ~[na:1.8.0_101]
	at com.sun.proxy.$Proxy7.evosuite_collectStatistics(Unknown Source) ~[na:na]
	at org.evosuite.rmi.service.ClientNodeImpl.updateStatistics(ClientNodeImpl.java:237) ~[evosuite-1.0.4.jar:1.0.4-SNAPSHOT]
	at org.evosuite.statistics.StatisticsSender.sendIndividualToMaster(StatisticsSender.java:68) [evosuite-1.0.4.jar:1.0.4-SNAPSHOT]
	at org.evosuite.statistics.StatisticsListener$1.run(StatisticsListener.java:71) [evosuite-1.0.4.jar:1.0.4-SNAPSHOT]
Caused by: java.rmi.UnmarshalException: error unmarshalling arguments; nested exception is: 
	java.io.OptionalDataException
	at sun.rmi.server.UnicastServerRef.dispatch(UnicastServerRef.java:312) ~[na:1.8.0_101]
	at sun.rmi.transport.Transport$1.run(Transport.java:200) ~[na:1.8.0_101]
	at sun.rmi.transport.Transport$1.run(Transport.java:197) ~[na:1.8.0_101]
	at java.security.AccessController.doPrivileged(Native Method) ~[na:1.8.0_101]
	at sun.rmi.transport.Transport.serviceCall(Transport.java:196) ~[na:1.8.0_101]
	at sun.rmi.transport.tcp.TCPTransport.handleMessages(TCPTransport.java:568) ~[na:1.8.0_101]
	at sun.rmi.transport.tcp.TCPTransport$ConnectionHandler.run0(TCPTransport.java:826) ~[na:1.8.0_101]
	at sun.rmi.transport.tcp.TCPTransport$ConnectionHandler.lambda$run$0(TCPTransport.java:683) ~[na:1.8.0_101]
	at java.security.AccessController.doPrivileged(Native Method) ~[na:1.8.0_101]
	at sun.rmi.transport.tcp.TCPTransport$ConnectionHandler.run(TCPTransport.java:682) ~[na:1.8.0_101]
	at java.util.concurrent.ThreadPoolExecutor.runWorker(ThreadPoolExecutor.java:1142) ~[na:1.8.0_101]
	at java.util.concurrent.ThreadPoolExecutor$Worker.run(ThreadPoolExecutor.java:617) ~[na:1.8.0_101]
	at java.lang.Thread.run(Thread.java:745) ~[na:1.8.0_101]
Caused by: java.io.OptionalDataException: null
	at java.io.ObjectInputStream.readObject0(ObjectInputStream.java:1373) ~[na:1.8.0_101]
	at java.io.ObjectInputStream.readObject(ObjectInputStream.java:373) ~[na:1.8.0_101]
	at java.util.HashMap.readObject(HashMap.java:1402) ~[na:1.8.0_101]
	at sun.reflect.GeneratedMethodAccessor7.invoke(Unknown Source) ~[na:na]
	at sun.reflect.DelegatingMethodAccessorImpl.invoke(DelegatingMethodAccessorImpl.java:43) ~[na:1.8.0_101]
	at java.lang.reflect.Method.invoke(Method.java:498) ~[na:1.8.0_101]
	at java.io.ObjectStreamClass.invokeReadObject(ObjectStreamClass.java:1058) ~[na:1.8.0_101]
	at java.io.ObjectInputStream.readSerialData(ObjectInputStream.java:1909) ~[na:1.8.0_101]
	at java.io.ObjectInputStream.readOrdinaryObject(ObjectInputStream.java:1808) ~[na:1.8.0_101]
	at java.io.ObjectInputStream.readObject0(ObjectInputStream.java:1353) ~[na:1.8.0_101]
	at java.io.ObjectInputStream.defaultReadFields(ObjectInputStream.java:2018) ~[na:1.8.0_101]
	at java.io.ObjectInputStream.readSerialData(ObjectInputStream.java:1942) ~[na:1.8.0_101]
	at java.io.ObjectInputStream.readOrdinaryObject(ObjectInputStream.java:1808) ~[na:1.8.0_101]
	at java.io.ObjectInputStream.readObject0(ObjectInputStream.java:1353) ~[na:1.8.0_101]
	at java.io.ObjectInputStream.readObject(ObjectInputStream.java:373) ~[na:1.8.0_101]
	at java.util.HashMap.readObject(HashMap.java:1402) ~[na:1.8.0_101]
	at sun.reflect.GeneratedMethodAccessor7.invoke(Unknown Source) ~[na:na]
	at sun.reflect.DelegatingMethodAccessorImpl.invoke(DelegatingMethodAccessorImpl.java:43) ~[na:1.8.0_101]
	at java.lang.reflect.Method.invoke(Method.java:498) ~[na:1.8.0_101]
	at java.io.ObjectStreamClass.invokeReadObject(ObjectStreamClass.java:1058) ~[na:1.8.0_101]
	at java.io.ObjectInputStream.readSerialData(ObjectInputStream.java:1909) ~[na:1.8.0_101]
	at java.io.ObjectInputStream.readOrdinaryObject(ObjectInputStream.java:1808) ~[na:1.8.0_101]
	at java.io.ObjectInputStream.readObject0(ObjectInputStream.java:1353) ~[na:1.8.0_101]
	at java.io.ObjectInputStream.defaultReadFields(ObjectInputStream.java:2018) ~[na:1.8.0_101]
	at java.io.ObjectInputStream.readSerialData(ObjectInputStream.java:1942) ~[na:1.8.0_101]
	at java.io.ObjectInputStream.readOrdinaryObject(ObjectInputStream.java:1808) ~[na:1.8.0_101]
	at java.io.ObjectInputStream.readObject0(ObjectInputStream.java:1353) ~[na:1.8.0_101]
	at java.io.ObjectInputStream.readObject(ObjectInputStream.java:373) ~[na:1.8.0_101]
	at sun.rmi.server.UnicastRef.unmarshalValue(UnicastRef.java:326) ~[na:1.8.0_101]
	at sun.rmi.server.UnicastServerRef.unmarshalParametersUnchecked(UnicastServerRef.java:592) ~[na:1.8.0_101]
	at sun.rmi.server.UnicastServerRef.unmarshalParameters(UnicastServerRef.java:580) ~[na:1.8.0_101]
	at sun.rmi.server.UnicastServerRef.dispatch(UnicastServerRef.java:310) ~[na:1.8.0_101]
	... 12 common frames omitted

[Progress:>                             0%] [Cov:=============================>     83%]
[Progress:>                             0%] [Cov:=============================>     84%]
[Progress:>                             0%] [Cov:=============================>     85%]
[Progress:>                             0%] [Cov:=============================>     85%]
[Progress:>                             0%] [Cov:=============================>     85%]
[Progress:>                             0%] [Cov:==============================>    86%]
[Progress:>                             0%] [Cov:==============================>    87%]
[Progress:>                             0%] [Cov:==============================>    86%]
[Progress:>                             0%] [Cov:==============================>    87%]
[Progress:>                             0%] [Cov:==============================>    86%]
[Progress:>                             0%] [Cov:==============================>    87%]
[Progress:>                             0%] [Cov:==============================>    86%]
[Progress:>                             0%] [Cov:==============================>    87%]
[Progress:>                             0%] [Cov:==============================>    86%]
[Progress:>                             0%] [Cov:==============================>    87%]
[Progress:>                             0%] [Cov:==============================>    87%]
[Progress:>                             0%] [Cov:==============================>    87%]
[Progress:>                             0%] [Cov:==============================>    88%]
[Progress:>                             0%] [Cov:==============================>    87%]
[Progress:>                             0%] [Cov:==============================>    88%]
[Progress:>                             0%] [Cov:==============================>    88%]
[Progress:>                             0%] [Cov:==============================>    88%]
[Progress:>                             0%] [Cov:==============================>    88%]
[Progress:>                             0%] [Cov:===============================>   89%]
[Progress:>                             0%] [Cov:===============================>   89%]
[Progress:>                             0%] [Cov:===============================>   89%]
[Progress:>                             0%] [Cov:===============================>   89%]
[Progress:>                             0%] [Cov:===============================>   89%]
[Progress:>                             0%] [Cov:===============================>   89%]
[Progress:>                             0%] [Cov:===============================>   89%]
[Progress:>                             0%] [Cov:===============================>   89%]
[Progress:>                             0%] [Cov:===============================>   89%]
[Progress:>                             0%] [Cov:===============================>   89%]
[Progress:>                             0%] [Cov:===============================>   90%]
[Progress:>                             0%] [Cov:===============================>   90%]
[Progress:>                             0%] [Cov:===============================>   90%]
[Progress:>                             0%] [Cov:===============================>   90%]
[Progress:>                             0%] [Cov:===============================>   90%]
[Progress:>                             0%] [Cov:===============================>   90%]
[Progress:>                             0%] [Cov:===============================>   90%]
[Progress:>                             0%] [Cov:===============================>   90%]
[Progress:>                             0%] [Cov:===============================>   91%]
[Progress:>                             0%] [Cov:===============================>   91%]
[Progress:>                             0%] [Cov:===============================>   90%]
[Progress:>                             0%] [Cov:===============================>   91%]
[Progress:>                             0%] [Cov:===============================>   91%]
[Progress:>                             0%] [Cov:===============================>   91%]
[Progress:>                             0%] [Cov:===============================>   91%]
[Progress:>                             0%] [Cov:===============================>   91%]
[Progress:>                             0%] [Cov:===============================>   91%]
[Progress:>                             0%] [Cov:===============================>   91%]
[Progress:>                             0%] [Cov:===============================>   91%]
[Progress:>                             0%] [Cov:===============================>   91%]
[Progress:>                             0%] [Cov:===============================>   91%]
[Progress:>                             0%] [Cov:===============================>   91%]
[Progress:>                             0%] [Cov:===============================>   91%]
[Progress:>                             0%] [Cov:===============================>   91%]
[Progress:>                             0%] [Cov:===============================>   91%]
[Progress:>                             0%] [Cov:===============================>   91%]
[Progress:>                             0%] [Cov:===============================>   91%]
[Progress:>                             0%] [Cov:===============================>   91%]
[Progress:>                             0%] [Cov:===============================>   91%]
[Progress:>                             0%] [Cov:===============================>   91%]
[Progress:>                             0%] [Cov:===============================>   91%]
[Progress:>                             0%] [Cov:===============================>   91%]
[Progress:>                             0%] [Cov:===============================>   91%]
[Progress:>                             0%] [Cov:===============================>   91%]
[Progress:>                             0%] [Cov:================================>  92%]
[Progress:>                             0%] [Cov:===============================>   91%]
[Progress:>                             0%] [Cov:================================>  92%]
[Progress:>                             0%] [Cov:================================>  92%]
[Progress:>                             0%] [Cov:================================>  92%]
[Progress:>                             0%] [Cov:================================>  92%]
[Progress:>                             0%] [Cov:================================>  92%]
[Progress:>                             0%] [Cov:================================>  92%]
[Progress:>                             0%] [Cov:================================>  92%]
[Progress:>                             0%] [Cov:================================>  92%]
[Progress:>                             0%] [Cov:================================>  92%]
[Progress:>                             0%] [Cov:================================>  92%]
[Progress:>                             0%] [Cov:================================>  92%]
[Progress:>                             0%] [Cov:================================>  92%]
[Progress:>                             0%] [Cov:================================>  92%]
[Progress:>                             0%] [Cov:================================>  92%]
[Progress:>                             0%] [Cov:================================>  92%]
[Progress:>                             0%] [Cov:================================>  92%]
[Progress:>                             0%] [Cov:================================>  92%]
[Progress:>                             0%] [Cov:================================>  92%]
[Progress:>                             0%] [Cov:================================>  92%]
[Progress:>                             0%] [Cov:================================>  92%]
[Progress:>                             0%] [Cov:================================>  92%]
[Progress:>                             0%] [Cov:================================>  92%]
[Progress:>                             0%] [Cov:================================>  92%]
[Progress:>                             0%] [Cov:================================>  92%]
[Progress:>                             0%] [Cov:================================>  92%]
[Progress:>                             0%] [Cov:================================>  92%]
[Progress:>                             0%] [Cov:================================>  92%]
[Progress:>                             0%] [Cov:================================>  92%]
[Progress:>                             0%] [Cov:================================>  92%]
[Progress:>                             0%] [Cov:================================>  92%]
[Progress:>                             0%] [Cov:================================>  92%]
[Progress:>                             0%] [Cov:================================>  92%]
[Progress:>                             0%] [Cov:================================>  92%]
[Progress:>                             0%] [Cov:================================>  92%]
[Progress:>                             0%] [Cov:================================>  92%]
[Progress:>                             0%] [Cov:================================>  92%]
[Progress:>                             0%] [Cov:================================>  92%]
[Progress:>                             0%] [Cov:================================>  92%]
[Progress:>                             0%] [Cov:================================>  92%]
[Progress:>                             0%] [Cov:================================>  92%]
[Progress:>                             0%] [Cov:================================>  92%]
[Progress:>                             0%] [Cov:================================>  92%]
[Progress:>                             0%] [Cov:================================>  92%]
[Progress:>                             0%] [Cov:================================>  92%]
[Progress:>                             0%] [Cov:================================>  93%]
[Progress:>                             0%] [Cov:================================>  93%]
[Progress:>                             0%] [Cov:================================>  93%]
[Progress:>                             0%] [Cov:================================>  93%]
[Progress:>                             0%] [Cov:================================>  93%]
[Progress:>                             0%] [Cov:================================>  93%]
[Progress:>                             0%] [Cov:================================>  93%]
[Progress:>                             0%] [Cov:================================>  93%]
[Progress:>                             0%] [Cov:================================>  93%]
[Progress:>                             0%] [Cov:================================>  93%]
[Progress:>                             0%] [Cov:================================>  93%]
[Progress:>                             0%] [Cov:================================>  93%]
[Progress:>                             0%] [Cov:================================>  93%]
[Progress:>                             0%] [Cov:================================>  93%]
[Progress:>                             0%] [Cov:================================>  93%]
[Progress:>                             0%] [Cov:================================>  93%]
[Progress:>                             0%] [Cov:================================>  93%]
* Search finished after 114s and 115 generations, 101126 statements, best individual has fitness: 135.78992248062016
* Minimizing test suite
* Going to analyze the coverage criteria
* Coverage analysis for criterion LINE
* Coverage of criterion LINE: 96%
* Total number of goals: 341
* Number of covered goals: 327
* Coverage analysis for criterion BRANCH
* Coverage of criterion BRANCH: 95%
* Total number of goals: 201
* Number of covered goals: 191
* Coverage analysis for criterion EXCEPTION
* Coverage of criterion EXCEPTION: 98%
* Total number of goals: 43
* Number of covered goals: 42
* Coverage analysis for criterion WEAKMUTATION
* Coverage of criterion WEAKMUTATION: 94%
* Total number of goals: 818
* Number of covered goals: 765
* Coverage analysis for criterion OUTPUT
* Coverage of criterion OUTPUT: 81%
* Total number of goals: 62
* Number of covered goals: 50
* Coverage analysis for criterion METHOD
* Coverage of criterion METHOD: 100%
* Total number of goals: 29
* Number of covered goals: 29
* Coverage analysis for criterion METHODNOEXCEPTION
* Coverage of criterion METHODNOEXCEPTION: 97%
* Total number of goals: 29
* Number of covered goals: 28
* Coverage analysis for criterion CBRANCH
* Coverage of criterion CBRANCH: 95%
* Total number of goals: 201
* Number of covered goals: 191
* Generated 130 tests with total length 357
* Resulting test suite's coverage: 82% (average coverage for all fitness functions)
* Generating assertions
* Resulting test suite's mutation score: 23%
* Compiling and checking tests
[MASTER] 20:00:43.205 [logback-1] WARN  JUnitAnalyzer - EvoSuite problem: tests set up a security manager, but they do not remove it after execution
[MASTER] 20:00:43.269 [logback-1] WARN  JUnitAnalyzer - EvoSuite problem: tests set up a security manager, but they do not remove it after execution
[MASTER] 20:00:43.324 [logback-1] WARN  JUnitAnalyzer - EvoSuite problem: tests set up a security manager, but they do not remove it after execution
[MASTER] 20:00:43.377 [logback-1] WARN  JUnitAnalyzer - EvoSuite problem: tests set up a security manager, but they do not remove it after execution
[MASTER] 20:00:43.423 [logback-1] WARN  JUnitAnalyzer - EvoSuite problem: tests set up a security manager, but they do not remove it after execution
[MASTER] 20:00:43.470 [logback-1] WARN  JUnitAnalyzer - EvoSuite problem: tests set up a security manager, but they do not remove it after execution
[MASTER] 20:00:43.529 [logback-1] WARN  JUnitAnalyzer - EvoSuite problem: tests set up a security manager, but they do not remove it after execution
[MASTER] 20:00:43.582 [logback-1] WARN  JUnitAnalyzer - EvoSuite problem: tests set up a security manager, but they do not remove it after execution
[MASTER] 20:00:43.640 [logback-1] WARN  JUnitAnalyzer - EvoSuite problem: tests set up a security manager, but they do not remove it after execution
[MASTER] 20:00:43.694 [logback-1] WARN  JUnitAnalyzer - EvoSuite problem: tests set up a security manager, but they do not remove it after execution
[MASTER] 20:00:43.751 [logback-1] WARN  JUnitAnalyzer - EvoSuite problem: tests set up a security manager, but they do not remove it after execution
[MASTER] 20:00:43.809 [logback-1] WARN  JUnitAnalyzer - EvoSuite problem: tests set up a security manager, but they do not remove it after execution
[MASTER] 20:00:43.866 [logback-1] WARN  JUnitAnalyzer - EvoSuite problem: tests set up a security manager, but they do not remove it after execution
[MASTER] 20:00:43.927 [logback-1] WARN  JUnitAnalyzer - EvoSuite problem: tests set up a security manager, but they do not remove it after execution
[MASTER] 20:00:43.983 [logback-1] WARN  JUnitAnalyzer - EvoSuite problem: tests set up a security manager, but they do not remove it after execution
[MASTER] 20:00:44.041 [logback-1] WARN  JUnitAnalyzer - EvoSuite problem: tests set up a security manager, but they do not remove it after execution
[MASTER] 20:00:44.096 [logback-1] WARN  JUnitAnalyzer - EvoSuite problem: tests set up a security manager, but they do not remove it after execution
[MASTER] 20:00:44.150 [logback-1] WARN  JUnitAnalyzer - EvoSuite problem: tests set up a security manager, but they do not remove it after execution
[MASTER] 20:00:44.201 [logback-1] WARN  JUnitAnalyzer - EvoSuite problem: tests set up a security manager, but they do not remove it after execution
[MASTER] 20:00:44.261 [logback-1] WARN  JUnitAnalyzer - EvoSuite problem: tests set up a security manager, but they do not remove it after execution
[MASTER] 20:00:44.311 [logback-1] WARN  JUnitAnalyzer - EvoSuite problem: tests set up a security manager, but they do not remove it after execution
[MASTER] 20:00:44.363 [logback-1] WARN  JUnitAnalyzer - EvoSuite problem: tests set up a security manager, but they do not remove it after execution
[MASTER] 20:00:44.411 [logback-1] WARN  JUnitAnalyzer - EvoSuite problem: tests set up a security manager, but they do not remove it after execution
[MASTER] 20:00:44.464 [logback-1] WARN  JUnitAnalyzer - EvoSuite problem: tests set up a security manager, but they do not remove it after execution
[MASTER] 20:00:44.518 [logback-1] WARN  JUnitAnalyzer - EvoSuite problem: tests set up a security manager, but they do not remove it after execution
[MASTER] 20:00:44.578 [logback-1] WARN  JUnitAnalyzer - EvoSuite problem: tests set up a security manager, but they do not remove it after execution
[MASTER] 20:00:44.778 [logback-1] WARN  JUnitAnalyzer - EvoSuite problem: tests set up a security manager, but they do not remove it after execution
[MASTER] 20:00:44.828 [logback-1] WARN  JUnitAnalyzer - EvoSuite problem: tests set up a security manager, but they do not remove it after execution
[MASTER] 20:00:44.880 [logback-1] WARN  JUnitAnalyzer - EvoSuite problem: tests set up a security manager, but they do not remove it after execution
[MASTER] 20:00:44.932 [logback-1] WARN  JUnitAnalyzer - EvoSuite problem: tests set up a security manager, but they do not remove it after execution
[MASTER] 20:00:44.983 [logback-1] WARN  JUnitAnalyzer - EvoSuite problem: tests set up a security manager, but they do not remove it after execution
[MASTER] 20:00:45.035 [logback-1] WARN  JUnitAnalyzer - EvoSuite problem: tests set up a security manager, but they do not remove it after execution
[MASTER] 20:00:45.086 [logback-1] WARN  JUnitAnalyzer - EvoSuite problem: tests set up a security manager, but they do not remove it after execution
[MASTER] 20:00:45.137 [logback-1] WARN  JUnitAnalyzer - EvoSuite problem: tests set up a security manager, but they do not remove it after execution
[MASTER] 20:00:45.188 [logback-1] WARN  JUnitAnalyzer - EvoSuite problem: tests set up a security manager, but they do not remove it after execution
[MASTER] 20:00:45.239 [logback-1] WARN  JUnitAnalyzer - EvoSuite problem: tests set up a security manager, but they do not remove it after execution
[MASTER] 20:00:45.290 [logback-1] WARN  JUnitAnalyzer - EvoSuite problem: tests set up a security manager, but they do not remove it after execution
[MASTER] 20:00:45.343 [logback-1] WARN  JUnitAnalyzer - EvoSuite problem: tests set up a security manager, but they do not remove it after execution
[MASTER] 20:00:45.396 [logback-1] WARN  JUnitAnalyzer - EvoSuite problem: tests set up a security manager, but they do not remove it after execution
[MASTER] 20:00:45.448 [logback-1] WARN  JUnitAnalyzer - EvoSuite problem: tests set up a security manager, but they do not remove it after execution
[MASTER] 20:00:45.502 [logback-1] WARN  JUnitAnalyzer - EvoSuite problem: tests set up a security manager, but they do not remove it after execution
[MASTER] 20:00:45.552 [logback-1] WARN  JUnitAnalyzer - EvoSuite problem: tests set up a security manager, but they do not remove it after execution
[MASTER] 20:00:45.600 [logback-1] WARN  JUnitAnalyzer - EvoSuite problem: tests set up a security manager, but they do not remove it after execution
[MASTER] 20:00:45.647 [logback-1] WARN  JUnitAnalyzer - EvoSuite problem: tests set up a security manager, but they do not remove it after execution
[MASTER] 20:00:45.695 [logback-1] WARN  JUnitAnalyzer - EvoSuite problem: tests set up a security manager, but they do not remove it after execution
[MASTER] 20:00:45.745 [logback-1] WARN  JUnitAnalyzer - EvoSuite problem: tests set up a security manager, but they do not remove it after execution
[MASTER] 20:00:45.792 [logback-1] WARN  JUnitAnalyzer - EvoSuite problem: tests set up a security manager, but they do not remove it after execution
[MASTER] 20:00:45.849 [logback-1] WARN  JUnitAnalyzer - EvoSuite problem: tests set up a security manager, but they do not remove it after execution
[MASTER] 20:00:45.896 [logback-1] WARN  JUnitAnalyzer - EvoSuite problem: tests set up a security manager, but they do not remove it after execution
[MASTER] 20:00:45.943 [logback-1] WARN  JUnitAnalyzer - EvoSuite problem: tests set up a security manager, but they do not remove it after execution
[MASTER] 20:00:45.995 [logback-1] WARN  JUnitAnalyzer - EvoSuite problem: tests set up a security manager, but they do not remove it after execution
[MASTER] 20:00:46.041 [logback-1] WARN  JUnitAnalyzer - EvoSuite problem: tests set up a security manager, but they do not remove it after execution
[MASTER] 20:00:46.086 [logback-1] WARN  JUnitAnalyzer - EvoSuite problem: tests set up a security manager, but they do not remove it after execution
[MASTER] 20:00:46.134 [logback-1] WARN  JUnitAnalyzer - EvoSuite problem: tests set up a security manager, but they do not remove it after execution
[MASTER] 20:00:46.189 [logback-1] WARN  JUnitAnalyzer - EvoSuite problem: tests set up a security manager, but they do not remove it after execution
[MASTER] 20:00:46.237 [logback-1] WARN  JUnitAnalyzer - EvoSuite problem: tests set up a security manager, but they do not remove it after execution
[MASTER] 20:00:46.287 [logback-1] WARN  JUnitAnalyzer - EvoSuite problem: tests set up a security manager, but they do not remove it after execution
[MASTER] 20:00:46.337 [logback-1] WARN  JUnitAnalyzer - EvoSuite problem: tests set up a security manager, but they do not remove it after execution
[MASTER] 20:00:46.387 [logback-1] WARN  JUnitAnalyzer - EvoSuite problem: tests set up a security manager, but they do not remove it after execution
[MASTER] 20:00:46.435 [logback-1] WARN  JUnitAnalyzer - EvoSuite problem: tests set up a security manager, but they do not remove it after execution
[MASTER] 20:00:46.483 [logback-1] WARN  JUnitAnalyzer - EvoSuite problem: tests set up a security manager, but they do not remove it after execution
[MASTER] 20:00:46.534 [logback-1] WARN  JUnitAnalyzer - EvoSuite problem: tests set up a security manager, but they do not remove it after execution
[MASTER] 20:00:46.583 [logback-1] WARN  JUnitAnalyzer - EvoSuite problem: tests set up a security manager, but they do not remove it after execution
[MASTER] 20:00:46.631 [logback-1] WARN  JUnitAnalyzer - EvoSuite problem: tests set up a security manager, but they do not remove it after execution
[MASTER] 20:00:46.679 [logback-1] WARN  JUnitAnalyzer - EvoSuite problem: tests set up a security manager, but they do not remove it after execution
[MASTER] 20:00:46.724 [logback-1] WARN  JUnitAnalyzer - EvoSuite problem: tests set up a security manager, but they do not remove it after execution
[MASTER] 20:00:46.767 [logback-1] WARN  JUnitAnalyzer - EvoSuite problem: tests set up a security manager, but they do not remove it after execution
[MASTER] 20:00:46.813 [logback-1] WARN  JUnitAnalyzer - EvoSuite problem: tests set up a security manager, but they do not remove it after execution
[MASTER] 20:00:46.860 [logback-1] WARN  JUnitAnalyzer - EvoSuite problem: tests set up a security manager, but they do not remove it after execution
[MASTER] 20:00:46.907 [logback-1] WARN  JUnitAnalyzer - EvoSuite problem: tests set up a security manager, but they do not remove it after execution
[MASTER] 20:00:46.959 [logback-1] WARN  JUnitAnalyzer - EvoSuite problem: tests set up a security manager, but they do not remove it after execution
[MASTER] 20:00:47.005 [logback-1] WARN  JUnitAnalyzer - EvoSuite problem: tests set up a security manager, but they do not remove it after execution
[MASTER] 20:00:47.053 [logback-1] WARN  JUnitAnalyzer - EvoSuite problem: tests set up a security manager, but they do not remove it after execution
[MASTER] 20:00:47.101 [logback-1] WARN  JUnitAnalyzer - EvoSuite problem: tests set up a security manager, but they do not remove it after execution
[MASTER] 20:00:47.153 [logback-1] WARN  JUnitAnalyzer - EvoSuite problem: tests set up a security manager, but they do not remove it after execution
[MASTER] 20:00:47.206 [logback-1] WARN  JUnitAnalyzer - EvoSuite problem: tests set up a security manager, but they do not remove it after execution
[MASTER] 20:00:47.256 [logback-1] WARN  JUnitAnalyzer - EvoSuite problem: tests set up a security manager, but they do not remove it after execution
[MASTER] 20:00:47.302 [logback-1] WARN  JUnitAnalyzer - EvoSuite problem: tests set up a security manager, but they do not remove it after execution
[MASTER] 20:00:47.346 [logback-1] WARN  JUnitAnalyzer - EvoSuite problem: tests set up a security manager, but they do not remove it after execution
[MASTER] 20:00:47.391 [logback-1] WARN  JUnitAnalyzer - EvoSuite problem: tests set up a security manager, but they do not remove it after execution
[MASTER] 20:00:47.439 [logback-1] WARN  JUnitAnalyzer - EvoSuite problem: tests set up a security manager, but they do not remove it after execution
[MASTER] 20:00:47.491 [logback-1] WARN  JUnitAnalyzer - EvoSuite problem: tests set up a security manager, but they do not remove it after execution
[MASTER] 20:00:47.540 [logback-1] WARN  JUnitAnalyzer - EvoSuite problem: tests set up a security manager, but they do not remove it after execution
[MASTER] 20:00:47.592 [logback-1] WARN  JUnitAnalyzer - EvoSuite problem: tests set up a security manager, but they do not remove it after execution
[MASTER] 20:00:47.640 [logback-1] WARN  JUnitAnalyzer - EvoSuite problem: tests set up a security manager, but they do not remove it after execution
[MASTER] 20:00:47.688 [logback-1] WARN  JUnitAnalyzer - EvoSuite problem: tests set up a security manager, but they do not remove it after execution
[MASTER] 20:00:47.737 [logback-1] WARN  JUnitAnalyzer - EvoSuite problem: tests set up a security manager, but they do not remove it after execution
[MASTER] 20:00:47.787 [logback-1] WARN  JUnitAnalyzer - EvoSuite problem: tests set up a security manager, but they do not remove it after execution
[MASTER] 20:00:47.835 [logback-1] WARN  JUnitAnalyzer - EvoSuite problem: tests set up a security manager, but they do not remove it after execution
[MASTER] 20:00:47.884 [logback-1] WARN  JUnitAnalyzer - EvoSuite problem: tests set up a security manager, but they do not remove it after execution
[MASTER] 20:00:47.932 [logback-1] WARN  JUnitAnalyzer - EvoSuite problem: tests set up a security manager, but they do not remove it after execution
[MASTER] 20:00:47.981 [logback-1] WARN  JUnitAnalyzer - EvoSuite problem: tests set up a security manager, but they do not remove it after execution
[MASTER] 20:00:48.026 [logback-1] WARN  JUnitAnalyzer - EvoSuite problem: tests set up a security manager, but they do not remove it after execution
[MASTER] 20:00:48.073 [logback-1] WARN  JUnitAnalyzer - EvoSuite problem: tests set up a security manager, but they do not remove it after execution
[MASTER] 20:00:48.117 [logback-1] WARN  JUnitAnalyzer - EvoSuite problem: tests set up a security manager, but they do not remove it after execution
[MASTER] 20:00:48.165 [logback-1] WARN  JUnitAnalyzer - EvoSuite problem: tests set up a security manager, but they do not remove it after execution
[MASTER] 20:00:48.208 [logback-1] WARN  JUnitAnalyzer - EvoSuite problem: tests set up a security manager, but they do not remove it after execution
[MASTER] 20:00:48.250 [logback-1] WARN  JUnitAnalyzer - EvoSuite problem: tests set up a security manager, but they do not remove it after execution
[MASTER] 20:00:48.295 [logback-1] WARN  JUnitAnalyzer - EvoSuite problem: tests set up a security manager, but they do not remove it after execution
[MASTER] 20:00:48.339 [logback-1] WARN  JUnitAnalyzer - EvoSuite problem: tests set up a security manager, but they do not remove it after execution
[MASTER] 20:00:48.384 [logback-1] WARN  JUnitAnalyzer - EvoSuite problem: tests set up a security manager, but they do not remove it after execution
[MASTER] 20:00:48.432 [logback-1] WARN  JUnitAnalyzer - EvoSuite problem: tests set up a security manager, but they do not remove it after execution
[MASTER] 20:00:48.479 [logback-1] WARN  JUnitAnalyzer - EvoSuite problem: tests set up a security manager, but they do not remove it after execution
[MASTER] 20:00:48.526 [logback-1] WARN  JUnitAnalyzer - EvoSuite problem: tests set up a security manager, but they do not remove it after execution
[MASTER] 20:00:48.694 [logback-1] WARN  JUnitAnalyzer - EvoSuite problem: tests set up a security manager, but they do not remove it after execution
[MASTER] 20:00:48.742 [logback-1] WARN  JUnitAnalyzer - EvoSuite problem: tests set up a security manager, but they do not remove it after execution
[MASTER] 20:00:48.789 [logback-1] WARN  JUnitAnalyzer - EvoSuite problem: tests set up a security manager, but they do not remove it after execution
[MASTER] 20:00:48.855 [logback-1] WARN  JUnitAnalyzer - EvoSuite problem: tests set up a security manager, but they do not remove it after execution
[MASTER] 20:00:48.906 [logback-1] WARN  JUnitAnalyzer - EvoSuite problem: tests set up a security manager, but they do not remove it after execution
[MASTER] 20:00:48.954 [logback-1] WARN  JUnitAnalyzer - EvoSuite problem: tests set up a security manager, but they do not remove it after execution
[MASTER] 20:00:48.999 [logback-1] WARN  JUnitAnalyzer - EvoSuite problem: tests set up a security manager, but they do not remove it after execution
[MASTER] 20:00:49.046 [logback-1] WARN  JUnitAnalyzer - EvoSuite problem: tests set up a security manager, but they do not remove it after execution
[MASTER] 20:00:49.093 [logback-1] WARN  JUnitAnalyzer - EvoSuite problem: tests set up a security manager, but they do not remove it after execution
[MASTER] 20:00:49.143 [logback-1] WARN  JUnitAnalyzer - EvoSuite problem: tests set up a security manager, but they do not remove it after execution
[MASTER] 20:00:49.192 [logback-1] WARN  JUnitAnalyzer - EvoSuite problem: tests set up a security manager, but they do not remove it after execution
[MASTER] 20:00:49.243 [logback-1] WARN  JUnitAnalyzer - EvoSuite problem: tests set up a security manager, but they do not remove it after execution
[MASTER] 20:00:49.293 [logback-1] WARN  JUnitAnalyzer - EvoSuite problem: tests set up a security manager, but they do not remove it after execution
[MASTER] 20:00:49.351 [logback-1] WARN  JUnitAnalyzer - EvoSuite problem: tests set up a security manager, but they do not remove it after execution
[MASTER] 20:00:49.409 [logback-1] WARN  JUnitAnalyzer - EvoSuite problem: tests set up a security manager, but they do not remove it after execution
[MASTER] 20:00:49.460 [logback-1] WARN  JUnitAnalyzer - EvoSuite problem: tests set up a security manager, but they do not remove it after execution
[MASTER] 20:00:49.510 [logback-1] WARN  JUnitAnalyzer - EvoSuite problem: tests set up a security manager, but they do not remove it after execution
[MASTER] 20:00:49.563 [logback-1] WARN  JUnitAnalyzer - EvoSuite problem: tests set up a security manager, but they do not remove it after execution
[MASTER] 20:00:49.614 [logback-1] WARN  JUnitAnalyzer - EvoSuite problem: tests set up a security manager, but they do not remove it after execution
[MASTER] 20:00:49.671 [logback-1] WARN  JUnitAnalyzer - EvoSuite problem: tests set up a security manager, but they do not remove it after execution
[MASTER] 20:00:49.722 [logback-1] WARN  JUnitAnalyzer - EvoSuite problem: tests set up a security manager, but they do not remove it after execution
[MASTER] 20:00:49.773 [logback-1] WARN  JUnitAnalyzer - EvoSuite problem: tests set up a security manager, but they do not remove it after execution
[MASTER] 20:00:49.820 [logback-1] WARN  JUnitAnalyzer - EvoSuite problem: tests set up a security manager, but they do not remove it after execution
[MASTER] 20:00:49.865 [logback-1] WARN  JUnitAnalyzer - EvoSuite problem: tests set up a security manager, but they do not remove it after execution
[MASTER] 20:00:49.910 [logback-1] WARN  JUnitAnalyzer - EvoSuite problem: tests set up a security manager, but they do not remove it after execution
[MASTER] 20:00:49.956 [logback-1] WARN  JUnitAnalyzer - EvoSuite problem: tests set up a security manager, but they do not remove it after execution
[MASTER] 20:00:50.353 [logback-1] WARN  JUnitAnalyzer - EvoSuite problem: tests set up a security manager, but they do not remove it after execution
[MASTER] 20:00:50.833 [logback-1] WARN  JUnitAnalyzer - EvoSuite problem: tests set up a security manager, but they do not remove it after execution
* Writing JUnit test case 'MathArrays_ESTest' to /home/spirals/zhyu/issta/program-set8/evosuite-repair-new/nopol/nopol/src/main/java/fr/inria/lille/spirals/evo/results/2016-December/Math/24/Nopol/12/generatedTests
* Done!

* Computation finished
