--- com.google.javascript.jscomp.InlineObjectLiteralsTest::testBug545
java.lang.RuntimeException: INTERNAL COMPILER ERROR.
Please report this problem.
index (1) must be less than size (1)
  Node(BLOCK): testcode:1:16
function local(){var a; a = {}}
  Parent(FUNCTION local): testcode:1:0
function local(){var a; a = {}}

	at com.google.common.base.Preconditions.checkElementIndex(Preconditions.java:301)
	at com.google.common.base.Preconditions.checkElementIndex(Preconditions.java:280)
	at com.google.common.collect.Lists$ReverseList.reverseIndex(Lists.java:743)
	at com.google.common.collect.Lists$ReverseList.get(Lists.java:774)
	at com.google.javascript.jscomp.InlineObjectLiterals$InliningBehavior.replaceAssignmentExpression(InlineObjectLiterals.java:349)
	at com.google.javascript.jscomp.InlineObjectLiterals$InliningBehavior.splitObject(InlineObjectLiterals.java:412)
	at com.google.javascript.jscomp.InlineObjectLiterals$InliningBehavior.afterExitScope(InlineObjectLiterals.java:103)
	at com.google.javascript.jscomp.ReferenceCollectingCallback.exitScope(ReferenceCollectingCallback.java:187)
	at com.google.javascript.jscomp.NodeTraversal.popScope(NodeTraversal.java:560)
	at com.google.javascript.jscomp.NodeTraversal.traverseFunction(NodeTraversal.java:520)
	at com.google.javascript.jscomp.NodeTraversal.traverseBranch(NodeTraversal.java:465)
	at com.google.javascript.jscomp.NodeTraversal.traverseBranch(NodeTraversal.java:473)
	at com.google.javascript.jscomp.NodeTraversal.traverseBranch(NodeTraversal.java:473)
	at com.google.javascript.jscomp.NodeTraversal.traverseRoots(NodeTraversal.java:286)
	at com.google.javascript.jscomp.NodeTraversal.traverseRoots(NodeTraversal.java:446)
	at com.google.javascript.jscomp.ReferenceCollectingCallback.process(ReferenceCollectingCallback.java:110)
	at com.google.javascript.jscomp.InlineObjectLiterals.process(InlineObjectLiterals.java:66)
	at com.google.javascript.jscomp.CompilerTestCase.test(CompilerTestCase.java:765)
	at com.google.javascript.jscomp.CompilerTestCase.test(CompilerTestCase.java:423)
	at com.google.javascript.jscomp.CompilerTestCase.test(CompilerTestCase.java:348)
	at com.google.javascript.jscomp.CompilerTestCase.test(CompilerTestCase.java:317)
	at com.google.javascript.jscomp.CompilerTestCase.test(CompilerTestCase.java:305)
	at com.google.javascript.jscomp.InlineObjectLiteralsTest.testLocal(InlineObjectLiteralsTest.java:368)
	at com.google.javascript.jscomp.InlineObjectLiteralsTest.testBug545(InlineObjectLiteralsTest.java:361)
	at sun.reflect.NativeMethodAccessorImpl.invoke0(Native Method)
	at sun.reflect.NativeMethodAccessorImpl.invoke(NativeMethodAccessorImpl.java:57)
	at sun.reflect.DelegatingMethodAccessorImpl.invoke(DelegatingMethodAccessorImpl.java:43)
	at java.lang.reflect.Method.invoke(Method.java:606)
	at junit.framework.TestCase.runTest(TestCase.java:176)
	at junit.framework.TestCase.runBare(TestCase.java:141)
	at junit.framework.TestResult$1.protect(TestResult.java:122)
	at junit.framework.TestResult.runProtected(TestResult.java:142)
	at junit.framework.TestResult.run(TestResult.java:125)
	at junit.framework.TestCase.run(TestCase.java:129)
	at junit.framework.TestSuite.runTest(TestSuite.java:255)
	at junit.framework.TestSuite.run(TestSuite.java:250)
	at org.apache.tools.ant.taskdefs.optional.junit.JUnitTestRunner.run(JUnitTestRunner.java:520)
	at org.apache.tools.ant.taskdefs.optional.junit.JUnitTask.executeInVM(JUnitTask.java:1478)
	at org.apache.tools.ant.taskdefs.optional.junit.JUnitTask.execute(JUnitTask.java:860)
	at org.apache.tools.ant.taskdefs.optional.junit.JUnitTask.executeOrQueue(JUnitTask.java:1967)
	at org.apache.tools.ant.taskdefs.optional.junit.JUnitTask.execute1(JUnitTask.java:812)
	at org.apache.tools.ant.taskdefs.optional.junit.JUnitTask.execute(JUnitTask.java:2270)
	at org.apache.tools.ant.UnknownElement.execute(UnknownElement.java:291)
	at sun.reflect.GeneratedMethodAccessor4.invoke(Unknown Source)
	at sun.reflect.DelegatingMethodAccessorImpl.invoke(DelegatingMethodAccessorImpl.java:43)
	at java.lang.reflect.Method.invoke(Method.java:606)
	at org.apache.tools.ant.dispatch.DispatchUtils.execute(DispatchUtils.java:106)
	at org.apache.tools.ant.Task.perform(Task.java:348)
	at org.apache.tools.ant.Target.execute(Target.java:392)
	at org.apache.tools.ant.Target.performTasks(Target.java:413)
	at org.apache.tools.ant.Project.executeSortedTargets(Project.java:1399)
	at org.apache.tools.ant.Project.executeTarget(Project.java:1368)
	at org.apache.tools.ant.helper.DefaultExecutor.executeTargets(DefaultExecutor.java:41)
	at org.apache.tools.ant.Project.executeTargets(Project.java:1251)
	at org.apache.tools.ant.Main.runBuild(Main.java:811)
	at org.apache.tools.ant.Main.startAnt(Main.java:217)
	at org.apache.tools.ant.launch.Launcher.run(Launcher.java:280)
	at org.apache.tools.ant.launch.Launcher.main(Launcher.java:109)
Caused by: java.lang.IndexOutOfBoundsException: index (1) must be less than size (1)
	... 58 more
