* EvoSuite 1.0.4-SNAPSHOT
* Going to generate test cases for class: org.jfree.data.time.TimeSeries
* Starting client
* Connecting to master process on port 13822
* Analyzing classpath: 
  - /tmp/chart_3_Genprog_local_s1/lib/
  - /tmp/chart_3_Genprog_local_s1/lib/fixran-0.0.1.jar
  - /tmp/chart_3_Genprog_local_s1/lib/jtestex-0.0.1.jar
  - /tmp/chart_3_Genprog_local_s1/lib/cobertura-2.0.3.jar
  - /tmp/chart_3_Genprog_local_s1/lib/servlet.jar
  - /tmp/chart_3_Genprog_local_s1/lib/junit.jar
  - /tmp/chart_3_Genprog_local_s1/lib/junit-4.11.jar
  - /tmp/chart_3_Genprog_local_s1/lib/iText-2.1.4.jar
  - /tmp/chart_3_Genprog_local_s1/./outputMutation/AstorMain-Chart/bin/default/
* Finished analyzing classpath
* Generating tests for class org.jfree.data.time.TimeSeries
* Test criteria:
  - Line Coverage
  - Branch Coverage
  - Exception
  - Mutation testing (weak)
  - Method-Output Coverage
  - Top-Level Method Coverage
  - No-Exception Top-Level Method Coverage
  - Context Branch Coverage
* Setting up search algorithm for whole suite generation
* Total number of test goals: 
  - Line 368
  - Branch 227
  - Exception 0
  - MutationFactory 766
  - Output 171
  - Method 49
  - MethodNoException 49
  - CBranchFitnessFactory 227

[Progress:>                             0%] [Cov:>                                  0%]* Using seed 19
* Starting evolution
[MASTER] 22:05:48.339 [logback-2] ERROR TestCluster - Failed to check cache for java.util.LinkedList<E> : Type points to itself

[Progress:>                             0%] [Cov:====>                              12%]
[Progress:>                             0%] [Cov:====>                              13%]
[Progress:>                             0%] [Cov:=====>                             17%]
[Progress:>                             0%] [Cov:======>                            18%]
[Progress:>                             0%] [Cov:======>                            19%]
[Progress:>                             0%] [Cov:======>                            19%]
[Progress:>                             0%] [Cov:=========>                         28%]
[Progress:>                             0%] [Cov:==========>                        29%]
[Progress:>                             0%] [Cov:==========>                        29%]
[Progress:>                             0%] [Cov:==========>                        30%]
[Progress:>                             0%] [Cov:==========>                        31%]
[Progress:>                             0%] [Cov:==========>                        31%]
[Progress:>                             0%] [Cov:===========>                       32%]
[Progress:>                             0%] [Cov:===========>                       33%]
[Progress:>                             0%] [Cov:===========>                       34%]
[Progress:>                             0%] [Cov:============>                      35%]
[Progress:>                             0%] [Cov:============>                      35%]
[Progress:>                             0%] [Cov:============>                      35%]
[Progress:>                             0%] [Cov:============>                      35%]
[Progress:>                             0%] [Cov:============>                      36%]
[Progress:>                             0%] [Cov:============>                      36%]
[Progress:>                             0%] [Cov:============>                      37%]
[Progress:>                             0%] [Cov:============>                      37%]
[Progress:>                             0%] [Cov:=============>                     39%]
[Progress:>                             0%] [Cov:==============>                    40%]
[Progress:>                             0%] [Cov:==============>                    40%]
[Progress:>                             0%] [Cov:==============>                    40%]
[Progress:>                             0%] [Cov:==============>                    41%]
[Progress:>                             0%] [Cov:==============>                    42%]
[Progress:>                             0%] [Cov:==============>                    42%]
[Progress:>                             0%] [Cov:===============>                   43%]
[Progress:>                             0%] [Cov:===============>                   44%]
[Progress:>                             0%] [Cov:===============>                   45%]
[Progress:>                             0%] [Cov:===============>                   45%]
[Progress:>                             0%] [Cov:===============>                   45%]
[Progress:>                             0%] [Cov:===============>                   45%]
[Progress:>                             0%] [Cov:================>                  46%][MASTER] 22:05:55.050 [logback-2] ERROR ClientNodeImpl - Cannot inform master of change of state
java.rmi.ServerException: RemoteException occurred in server thread; nested exception is: 
	java.rmi.UnmarshalException: error unmarshalling arguments; nested exception is: 
	java.io.OptionalDataException
	at sun.rmi.server.UnicastServerRef.dispatch(UnicastServerRef.java:354) ~[na:1.8.0_45]
	at sun.rmi.transport.Transport$1.run(Transport.java:200) ~[na:1.8.0_45]
	at sun.rmi.transport.Transport$1.run(Transport.java:197) ~[na:1.8.0_45]
	at java.security.AccessController.doPrivileged(Native Method) ~[na:1.8.0_45]
	at sun.rmi.transport.Transport.serviceCall(Transport.java:196) ~[na:1.8.0_45]
	at sun.rmi.transport.tcp.TCPTransport.handleMessages(TCPTransport.java:568) ~[na:1.8.0_45]
	at sun.rmi.transport.tcp.TCPTransport$ConnectionHandler.run0(TCPTransport.java:826) ~[na:1.8.0_45]
	at sun.rmi.transport.tcp.TCPTransport$ConnectionHandler.lambda$run$241(TCPTransport.java:683) ~[na:1.8.0_45]
	at sun.rmi.transport.tcp.TCPTransport$ConnectionHandler$$Lambda$8/1330619574.run(Unknown Source) ~[na:na]
	at java.security.AccessController.doPrivileged(Native Method) ~[na:1.8.0_45]
	at sun.rmi.transport.tcp.TCPTransport$ConnectionHandler.run(TCPTransport.java:682) ~[na:1.8.0_45]
	at java.util.concurrent.ThreadPoolExecutor.runWorker(ThreadPoolExecutor.java:1142) ~[na:1.8.0_45]
	at java.util.concurrent.ThreadPoolExecutor$Worker.run(ThreadPoolExecutor.java:617) ~[na:1.8.0_45]
	at java.lang.Thread.run(Thread.java:745) ~[na:1.8.0_45]
	at sun.rmi.transport.StreamRemoteCall.exceptionReceivedFromServer(StreamRemoteCall.java:276) ~[na:1.8.0_45]
	at sun.rmi.transport.StreamRemoteCall.executeCall(StreamRemoteCall.java:253) ~[na:1.8.0_45]
	at sun.rmi.server.UnicastRef.invoke(UnicastRef.java:162) ~[na:1.8.0_45]
	at java.rmi.server.RemoteObjectInvocationHandler.invokeRemoteMethod(RemoteObjectInvocationHandler.java:194) ~[na:1.8.0_45]
	at java.rmi.server.RemoteObjectInvocationHandler.invoke(RemoteObjectInvocationHandler.java:148) ~[na:1.8.0_45]
	at com.sun.proxy.$Proxy7.evosuite_collectStatistics(Unknown Source) ~[na:na]
	at org.evosuite.rmi.service.ClientNodeImpl.updateStatistics(ClientNodeImpl.java:237) ~[evosuite-master-1.0.4-SNAPSHOT.jar:1.0.4-SNAPSHOT]
	at org.evosuite.statistics.StatisticsSender.sendIndividualToMaster(StatisticsSender.java:68) [evosuite-master-1.0.4-SNAPSHOT.jar:1.0.4-SNAPSHOT]
	at org.evosuite.statistics.StatisticsListener$1.run(StatisticsListener.java:71) [evosuite-master-1.0.4-SNAPSHOT.jar:1.0.4-SNAPSHOT]
Caused by: java.rmi.UnmarshalException: error unmarshalling arguments; nested exception is: 
	java.io.OptionalDataException
	at sun.rmi.server.UnicastServerRef.dispatch(UnicastServerRef.java:311) ~[na:1.8.0_45]
	at sun.rmi.transport.Transport$1.run(Transport.java:200) ~[na:1.8.0_45]
	at sun.rmi.transport.Transport$1.run(Transport.java:197) ~[na:1.8.0_45]
	at java.security.AccessController.doPrivileged(Native Method) ~[na:1.8.0_45]
	at sun.rmi.transport.Transport.serviceCall(Transport.java:196) ~[na:1.8.0_45]
	at sun.rmi.transport.tcp.TCPTransport.handleMessages(TCPTransport.java:568) ~[na:1.8.0_45]
	at sun.rmi.transport.tcp.TCPTransport$ConnectionHandler.run0(TCPTransport.java:826) ~[na:1.8.0_45]
	at sun.rmi.transport.tcp.TCPTransport$ConnectionHandler.lambda$run$241(TCPTransport.java:683) ~[na:1.8.0_45]
	at sun.rmi.transport.tcp.TCPTransport$ConnectionHandler$$Lambda$8/1330619574.run(Unknown Source) ~[na:na]
	at java.security.AccessController.doPrivileged(Native Method) ~[na:1.8.0_45]
	at sun.rmi.transport.tcp.TCPTransport$ConnectionHandler.run(TCPTransport.java:682) ~[na:1.8.0_45]
	at java.util.concurrent.ThreadPoolExecutor.runWorker(ThreadPoolExecutor.java:1142) ~[na:1.8.0_45]
	at java.util.concurrent.ThreadPoolExecutor$Worker.run(ThreadPoolExecutor.java:617) ~[na:1.8.0_45]
	at java.lang.Thread.run(Thread.java:745) ~[na:1.8.0_45]
Caused by: java.io.OptionalDataException: null
	at java.io.ObjectInputStream.readObject0(ObjectInputStream.java:1371) ~[na:1.8.0_45]
	at java.io.ObjectInputStream.readObject(ObjectInputStream.java:371) ~[na:1.8.0_45]
	at java.util.HashMap.readObject(HashMap.java:1394) ~[na:1.8.0_45]
	at sun.reflect.GeneratedMethodAccessor7.invoke(Unknown Source) ~[na:na]
	at sun.reflect.DelegatingMethodAccessorImpl.invoke(DelegatingMethodAccessorImpl.java:43) ~[na:1.8.0_45]
	at java.lang.reflect.Method.invoke(Method.java:497) ~[na:1.8.0_45]
	at java.io.ObjectStreamClass.invokeReadObject(ObjectStreamClass.java:1017) ~[na:1.8.0_45]
	at java.io.ObjectInputStream.readSerialData(ObjectInputStream.java:1896) ~[na:1.8.0_45]
	at java.io.ObjectInputStream.readOrdinaryObject(ObjectInputStream.java:1801) ~[na:1.8.0_45]
	at java.io.ObjectInputStream.readObject0(ObjectInputStream.java:1351) ~[na:1.8.0_45]
	at java.io.ObjectInputStream.defaultReadFields(ObjectInputStream.java:1993) ~[na:1.8.0_45]
	at java.io.ObjectInputStream.readSerialData(ObjectInputStream.java:1918) ~[na:1.8.0_45]
	at java.io.ObjectInputStream.readOrdinaryObject(ObjectInputStream.java:1801) ~[na:1.8.0_45]
	at java.io.ObjectInputStream.readObject0(ObjectInputStream.java:1351) ~[na:1.8.0_45]
	at java.io.ObjectInputStream.readObject(ObjectInputStream.java:371) ~[na:1.8.0_45]
	at java.util.HashMap.readObject(HashMap.java:1394) ~[na:1.8.0_45]
	at sun.reflect.GeneratedMethodAccessor7.invoke(Unknown Source) ~[na:na]
	at sun.reflect.DelegatingMethodAccessorImpl.invoke(DelegatingMethodAccessorImpl.java:43) ~[na:1.8.0_45]
	at java.lang.reflect.Method.invoke(Method.java:497) ~[na:1.8.0_45]
	at java.io.ObjectStreamClass.invokeReadObject(ObjectStreamClass.java:1017) ~[na:1.8.0_45]
	at java.io.ObjectInputStream.readSerialData(ObjectInputStream.java:1896) ~[na:1.8.0_45]
	at java.io.ObjectInputStream.readOrdinaryObject(ObjectInputStream.java:1801) ~[na:1.8.0_45]
	at java.io.ObjectInputStream.readObject0(ObjectInputStream.java:1351) ~[na:1.8.0_45]
	at java.io.ObjectInputStream.defaultReadFields(ObjectInputStream.java:1993) ~[na:1.8.0_45]
	at java.io.ObjectInputStream.readSerialData(ObjectInputStream.java:1918) ~[na:1.8.0_45]
	at java.io.ObjectInputStream.readOrdinaryObject(ObjectInputStream.java:1801) ~[na:1.8.0_45]
	at java.io.ObjectInputStream.readObject0(ObjectInputStream.java:1351) ~[na:1.8.0_45]
	at java.io.ObjectInputStream.readObject(ObjectInputStream.java:371) ~[na:1.8.0_45]
	at sun.rmi.server.UnicastRef.unmarshalValue(UnicastRef.java:326) ~[na:1.8.0_45]
	at sun.rmi.server.UnicastServerRef.dispatch(UnicastServerRef.java:308) ~[na:1.8.0_45]
	... 13 common frames omitted

[Progress:>                             0%] [Cov:================>                  46%]
[Progress:>                             0%] [Cov:================>                  47%]
[Progress:>                             0%] [Cov:================>                  47%]
[Progress:>                             0%] [Cov:================>                  48%]
[Progress:>                             0%] [Cov:=================>                 49%]
[Progress:>                             0%] [Cov:=================>                 50%]
[Progress:>                             0%] [Cov:=================>                 51%]
[Progress:>                             0%] [Cov:==================>                52%]
[Progress:>                             0%] [Cov:==================>                52%]
[Progress:>                             0%] [Cov:==================>                52%]
[Progress:>                             0%] [Cov:==================>                52%]
[Progress:>                             0%] [Cov:==================>                53%]
[Progress:>                             0%] [Cov:==================>                53%]
[Progress:>                             0%] [Cov:==================>                54%]
[Progress:>                             0%] [Cov:===================>               55%]
[Progress:>                             0%] [Cov:===================>               56%]
[Progress:>                             0%] [Cov:===================>               56%]
[Progress:>                             0%] [Cov:===================>               56%]
[Progress:>                             0%] [Cov:===================>               56%]
[Progress:>                             0%] [Cov:===================>               57%]
[Progress:>                             0%] [Cov:====================>              58%]
[Progress:>                             0%] [Cov:====================>              58%]
[Progress:>                             0%] [Cov:====================>              59%]
[Progress:>                             0%] [Cov:====================>              59%]
[Progress:>                             0%] [Cov:=====================>             60%]
[Progress:>                             0%] [Cov:=====================>             61%]
[Progress:>                             0%] [Cov:=====================>             61%]
[Progress:>                             0%] [Cov:=====================>             61%]
[Progress:>                             0%] [Cov:=====================>             62%]
[Progress:>                             0%] [Cov:=====================>             62%]
[Progress:>                             0%] [Cov:=====================>             62%]
[Progress:>                             0%] [Cov:======================>            63%]
[Progress:>                             0%] [Cov:======================>            64%]
[Progress:>                             0%] [Cov:======================>            65%]
[Progress:>                             0%] [Cov:======================>            65%]
[Progress:>                             0%] [Cov:======================>            65%]
[Progress:>                             0%] [Cov:======================>            65%]
[Progress:>                             0%] [Cov:=======================>           66%]
[Progress:>                             0%] [Cov:=======================>           67%]
[Progress:>                             0%] [Cov:=======================>           67%]
[Progress:>                             0%] [Cov:=======================>           67%]
[Progress:>                             0%] [Cov:=======================>           68%]
[Progress:>                             0%] [Cov:=======================>           68%]
[Progress:>                             0%] [Cov:=======================>           68%]
[Progress:>                             0%] [Cov:=======================>           68%]
[Progress:>                             0%] [Cov:=======================>           68%]
[Progress:>                             0%] [Cov:=======================>           68%]
[Progress:>                             0%] [Cov:=======================>           68%]
[Progress:>                             0%] [Cov:========================>          69%]
[Progress:>                             0%] [Cov:========================>          69%]
[Progress:>                             0%] [Cov:========================>          69%]
[Progress:>                             0%] [Cov:========================>          69%]
[Progress:>                             0%] [Cov:========================>          69%]
[Progress:>                             0%] [Cov:========================>          69%]
[Progress:>                             0%] [Cov:========================>          70%]
[Progress:>                             0%] [Cov:========================>          70%]
[Progress:>                             0%] [Cov:========================>          70%]
[Progress:>                             0%] [Cov:========================>          70%]
[Progress:>                             0%] [Cov:========================>          71%]
[Progress:>                             0%] [Cov:========================>          71%]
[Progress:>                             0%] [Cov:========================>          71%]
[Progress:>                             0%] [Cov:=========================>         72%]
[Progress:>                             0%] [Cov:=========================>         72%]
[Progress:>                             0%] [Cov:=========================>         72%]
[Progress:>                             0%] [Cov:=========================>         72%]
[Progress:>                             0%] [Cov:=========================>         72%]
[Progress:>                             0%] [Cov:=========================>         72%]
[Progress:>                             0%] [Cov:=========================>         72%]
[Progress:>                             0%] [Cov:=========================>         73%]
[Progress:>                             0%] [Cov:=========================>         73%]
[Progress:>                             0%] [Cov:=========================>         73%]
[Progress:>                             0%] [Cov:=========================>         73%]
[Progress:>                             0%] [Cov:=========================>         73%]
[Progress:>                             0%] [Cov:=========================>         74%]
[Progress:>                             0%] [Cov:=========================>         74%]
[Progress:>                             0%] [Cov:=========================>         74%]
[Progress:>                             0%] [Cov:=========================>         74%]
[Progress:>                             0%] [Cov:==========================>        75%]
[Progress:>                             0%] [Cov:==========================>        75%]
[Progress:>                             0%] [Cov:==========================>        76%]
[Progress:>                             0%] [Cov:==========================>        75%]
[Progress:>                             0%] [Cov:==========================>        76%]
[Progress:>                             0%] [Cov:==========================>        75%]
[Progress:>                             0%] [Cov:==========================>        76%]
[Progress:>                             0%] [Cov:==========================>        75%]
[Progress:>                             0%] [Cov:==========================>        76%]
[Progress:>                             0%] [Cov:==========================>        75%]
[Progress:>                             0%] [Cov:==========================>        76%]
[Progress:>                             0%] [Cov:==========================>        75%]
[Progress:>                             0%] [Cov:==========================>        76%]
[Progress:>                             0%] [Cov:==========================>        75%]
[Progress:>                             0%] [Cov:==========================>        76%]
[Progress:>                             0%] [Cov:==========================>        76%]
[Progress:>                             0%] [Cov:==========================>        77%]
[Progress:>                             0%] [Cov:==========================>        77%]
[Progress:>                             0%] [Cov:==========================>        77%]
[Progress:>                             0%] [Cov:==========================>        77%]
[Progress:>                             0%] [Cov:==========================>        77%]
[Progress:>                             0%] [Cov:==========================>        77%]
[Progress:>                             0%] [Cov:==========================>        77%]
[Progress:>                             0%] [Cov:==========================>        77%]
[Progress:>                             0%] [Cov:==========================>        77%]
[Progress:>                             0%] [Cov:==========================>        77%]
[Progress:>                             0%] [Cov:===========================>       78%]
[Progress:>                             0%] [Cov:===========================>       78%]
[Progress:>                             0%] [Cov:===========================>       78%]
[Progress:>                             0%] [Cov:===========================>       78%]
[Progress:>                             0%] [Cov:===========================>       78%]
[Progress:>                             0%] [Cov:===========================>       78%]
[Progress:>                             0%] [Cov:===========================>       78%]
[Progress:>                             0%] [Cov:===========================>       78%]
[Progress:>                             0%] [Cov:===========================>       78%]
[Progress:>                             0%] [Cov:===========================>       78%]
[Progress:>                             0%] [Cov:===========================>       78%]
[Progress:>                             0%] [Cov:===========================>       78%]
[Progress:>                             0%] [Cov:===========================>       78%]
[Progress:>                             0%] [Cov:===========================>       78%]
[Progress:>                             0%] [Cov:===========================>       78%]
[Progress:>                             0%] [Cov:===========================>       78%]
[Progress:>                             0%] [Cov:===========================>       78%]
[Progress:>                             0%] [Cov:===========================>       78%]
[Progress:>                             0%] [Cov:===========================>       78%]
[Progress:>                             0%] [Cov:===========================>       78%]
[Progress:>                             0%] [Cov:===========================>       78%]
[Progress:>                             0%] [Cov:===========================>       78%]
[Progress:>                             0%] [Cov:===========================>       79%]
[Progress:>                             0%] [Cov:===========================>       79%]
[Progress:>                             0%] [Cov:===========================>       79%]
[Progress:>                             0%] [Cov:===========================>       79%]
[Progress:>                             0%] [Cov:===========================>       79%]
[Progress:>                             0%] [Cov:===========================>       79%]
[Progress:>                             0%] [Cov:===========================>       79%]
[Progress:>                             0%] [Cov:===========================>       79%]
[Progress:>                             0%] [Cov:===========================>       79%]
[Progress:>                             0%] [Cov:===========================>       79%]
[Progress:>                             0%] [Cov:===========================>       79%]
[Progress:>                             0%] [Cov:===========================>       79%]
[Progress:>                             0%] [Cov:===========================>       79%]
[Progress:>                             0%] [Cov:===========================>       79%]
[Progress:>                             0%] [Cov:===========================>       79%]
[Progress:>                             0%] [Cov:===========================>       79%]
[Progress:>                             0%] [Cov:===========================>       79%]
[Progress:>                             0%] [Cov:============================>      80%]
[Progress:>                             0%] [Cov:============================>      80%]
[Progress:>                             0%] [Cov:============================>      80%]
[Progress:>                             0%] [Cov:============================>      80%]
[Progress:>                             0%] [Cov:============================>      80%]
[Progress:>                             0%] [Cov:============================>      80%]
[Progress:>                             0%] [Cov:============================>      80%]
[Progress:>                             0%] [Cov:============================>      80%]
[Progress:>                             0%] [Cov:============================>      80%]
[Progress:>                             0%] [Cov:============================>      80%]
[Progress:>                             0%] [Cov:============================>      80%]
[Progress:>                             0%] [Cov:============================>      80%]
[Progress:>                             0%] [Cov:============================>      80%]
[Progress:>                             0%] [Cov:============================>      80%]
[Progress:>                             0%] [Cov:============================>      80%]
[Progress:>                             0%] [Cov:============================>      80%]
[Progress:>                             0%] [Cov:============================>      80%]
[Progress:>                             0%] [Cov:============================>      80%]
[Progress:>                             0%] [Cov:============================>      80%]
[Progress:>                             0%] [Cov:============================>      80%]
[Progress:>                             0%] [Cov:============================>      80%]
[Progress:>                             0%] [Cov:============================>      80%]
[Progress:>                             0%] [Cov:============================>      80%]
[Progress:>                             0%] [Cov:============================>      81%]
[Progress:>                             0%] [Cov:============================>      81%]
[Progress:>                             0%] [Cov:============================>      81%]
[Progress:>                             0%] [Cov:============================>      81%]
[Progress:>                             0%] [Cov:============================>      81%]
[Progress:>                             0%] [Cov:============================>      81%]
[Progress:>                             0%] [Cov:============================>      82%]
[Progress:>                             0%] [Cov:============================>      82%]
[Progress:>                             0%] [Cov:============================>      82%]
[Progress:>                             0%] [Cov:============================>      81%]
[Progress:>                             0%] [Cov:============================>      82%]
[Progress:>                             0%] [Cov:============================>      81%]
[Progress:>                             0%] [Cov:============================>      82%]
[Progress:>                             0%] [Cov:============================>      81%]
[Progress:>                             0%] [Cov:============================>      82%]
[Progress:>                             0%] [Cov:============================>      81%]
[Progress:>                             0%] [Cov:============================>      82%]
[Progress:>                             0%] [Cov:============================>      82%]
[Progress:>                             0%] [Cov:============================>      82%]
[Progress:>                             0%] [Cov:============================>      82%]
[Progress:>                             0%] [Cov:============================>      82%]
[Progress:>                             0%] [Cov:============================>      82%]
[Progress:>                             0%] [Cov:============================>      82%]
[Progress:>                             0%] [Cov:============================>      82%]
[Progress:>                             0%] [Cov:============================>      82%]
[Progress:>                             0%] [Cov:============================>      82%]
[Progress:>                             0%] [Cov:============================>      82%]
[Progress:>                             0%] [Cov:============================>      82%]
[Progress:>                             0%] [Cov:============================>      82%]
[Progress:>                             0%] [Cov:============================>      82%]
[Progress:>                             0%] [Cov:============================>      82%]
[Progress:>                             0%] [Cov:============================>      82%]
[Progress:>                             0%] [Cov:============================>      82%]
[Progress:>                             0%] [Cov:============================>      82%]
[Progress:>                             0%] [Cov:============================>      82%]
[Progress:>                             0%] [Cov:============================>      82%]
[Progress:>                             0%] [Cov:============================>      82%]
[Progress:>                             0%] [Cov:=============================>     83%]
* Search finished after 89s and 190 generations, 101064 statements, best individual has fitness: 305.6597343638734
* Minimizing test suite
* Going to analyze the coverage criteria
* Coverage analysis for criterion LINE
* Coverage of criterion LINE: 91%
* Total number of goals: 368
* Number of covered goals: 334
* Coverage analysis for criterion BRANCH
* Coverage of criterion BRANCH: 85%
* Total number of goals: 227
* Number of covered goals: 193
* Coverage analysis for criterion EXCEPTION
* Coverage of criterion EXCEPTION: 98%
* Total number of goals: 45
* Number of covered goals: 44
* Coverage analysis for criterion WEAKMUTATION
* Coverage of criterion WEAKMUTATION: 88%
* Total number of goals: 766
* Number of covered goals: 673
* Coverage analysis for criterion OUTPUT
* Coverage of criterion OUTPUT: 51%
* Total number of goals: 171
* Number of covered goals: 88
* Coverage analysis for criterion METHOD
* Coverage of criterion METHOD: 100%
* Total number of goals: 49
* Number of covered goals: 49
* Coverage analysis for criterion METHODNOEXCEPTION
* Coverage of criterion METHODNOEXCEPTION: 92%
* Total number of goals: 49
* Number of covered goals: 45
* Coverage analysis for criterion CBRANCH
* Coverage of criterion CBRANCH: 72%
* Total number of goals: 227
* Number of covered goals: 164
* Generated 120 tests with total length 557
* Resulting test suite's coverage: 84% (average coverage for all fitness functions)
* Generating assertions
* Resulting test suite's mutation score: 47%
* Compiling and checking tests
[MASTER] 22:07:57.386 [logback-1] WARN  JUnitAnalyzer - EvoSuite problem: tests set up a security manager, but they do not remove it after execution
[MASTER] 22:07:57.426 [logback-1] WARN  JUnitAnalyzer - EvoSuite problem: tests set up a security manager, but they do not remove it after execution
[MASTER] 22:07:57.452 [logback-1] WARN  JUnitAnalyzer - EvoSuite problem: tests set up a security manager, but they do not remove it after execution
[MASTER] 22:07:57.477 [logback-1] WARN  JUnitAnalyzer - EvoSuite problem: tests set up a security manager, but they do not remove it after execution
[MASTER] 22:07:57.503 [logback-1] WARN  JUnitAnalyzer - EvoSuite problem: tests set up a security manager, but they do not remove it after execution
[MASTER] 22:07:57.611 [logback-1] WARN  JUnitAnalyzer - EvoSuite problem: tests set up a security manager, but they do not remove it after execution
[MASTER] 22:07:57.633 [logback-1] WARN  JUnitAnalyzer - EvoSuite problem: tests set up a security manager, but they do not remove it after execution
[MASTER] 22:07:57.657 [logback-1] WARN  JUnitAnalyzer - EvoSuite problem: tests set up a security manager, but they do not remove it after execution
[MASTER] 22:07:57.682 [logback-1] WARN  JUnitAnalyzer - EvoSuite problem: tests set up a security manager, but they do not remove it after execution
[MASTER] 22:07:57.703 [logback-1] WARN  JUnitAnalyzer - EvoSuite problem: tests set up a security manager, but they do not remove it after execution
[MASTER] 22:07:57.730 [logback-1] WARN  JUnitAnalyzer - EvoSuite problem: tests set up a security manager, but they do not remove it after execution
[MASTER] 22:07:57.752 [logback-1] WARN  JUnitAnalyzer - EvoSuite problem: tests set up a security manager, but they do not remove it after execution
[MASTER] 22:07:57.774 [logback-1] WARN  JUnitAnalyzer - EvoSuite problem: tests set up a security manager, but they do not remove it after execution
[MASTER] 22:07:57.802 [logback-1] WARN  JUnitAnalyzer - EvoSuite problem: tests set up a security manager, but they do not remove it after execution
[MASTER] 22:07:57.833 [logback-1] WARN  JUnitAnalyzer - EvoSuite problem: tests set up a security manager, but they do not remove it after execution
[MASTER] 22:07:57.862 [logback-1] WARN  JUnitAnalyzer - EvoSuite problem: tests set up a security manager, but they do not remove it after execution
[MASTER] 22:07:57.888 [logback-1] WARN  JUnitAnalyzer - EvoSuite problem: tests set up a security manager, but they do not remove it after execution
[MASTER] 22:07:57.919 [logback-1] WARN  JUnitAnalyzer - EvoSuite problem: tests set up a security manager, but they do not remove it after execution
[MASTER] 22:07:57.942 [logback-1] WARN  JUnitAnalyzer - EvoSuite problem: tests set up a security manager, but they do not remove it after execution
[MASTER] 22:07:57.967 [logback-1] WARN  JUnitAnalyzer - EvoSuite problem: tests set up a security manager, but they do not remove it after execution
[MASTER] 22:07:57.987 [logback-1] WARN  JUnitAnalyzer - EvoSuite problem: tests set up a security manager, but they do not remove it after execution
[MASTER] 22:07:58.016 [logback-1] WARN  JUnitAnalyzer - EvoSuite problem: tests set up a security manager, but they do not remove it after execution
[MASTER] 22:07:58.038 [logback-1] WARN  JUnitAnalyzer - EvoSuite problem: tests set up a security manager, but they do not remove it after execution
[MASTER] 22:07:58.063 [logback-1] WARN  JUnitAnalyzer - EvoSuite problem: tests set up a security manager, but they do not remove it after execution
[MASTER] 22:07:58.084 [logback-1] WARN  JUnitAnalyzer - EvoSuite problem: tests set up a security manager, but they do not remove it after execution
[MASTER] 22:07:58.104 [logback-1] WARN  JUnitAnalyzer - EvoSuite problem: tests set up a security manager, but they do not remove it after execution
[MASTER] 22:07:58.130 [logback-1] WARN  JUnitAnalyzer - EvoSuite problem: tests set up a security manager, but they do not remove it after execution
[MASTER] 22:07:58.155 [logback-1] WARN  JUnitAnalyzer - EvoSuite problem: tests set up a security manager, but they do not remove it after execution
[MASTER] 22:07:58.188 [logback-1] WARN  JUnitAnalyzer - EvoSuite problem: tests set up a security manager, but they do not remove it after execution
[MASTER] 22:07:58.220 [logback-1] WARN  JUnitAnalyzer - EvoSuite problem: tests set up a security manager, but they do not remove it after execution
[MASTER] 22:07:58.241 [logback-1] WARN  JUnitAnalyzer - EvoSuite problem: tests set up a security manager, but they do not remove it after execution
[MASTER] 22:07:58.264 [logback-1] WARN  JUnitAnalyzer - EvoSuite problem: tests set up a security manager, but they do not remove it after execution
[MASTER] 22:07:58.285 [logback-1] WARN  JUnitAnalyzer - EvoSuite problem: tests set up a security manager, but they do not remove it after execution
[MASTER] 22:07:58.307 [logback-1] WARN  JUnitAnalyzer - EvoSuite problem: tests set up a security manager, but they do not remove it after execution
[MASTER] 22:07:58.337 [logback-1] WARN  JUnitAnalyzer - EvoSuite problem: tests set up a security manager, but they do not remove it after execution
[MASTER] 22:07:58.362 [logback-1] WARN  JUnitAnalyzer - EvoSuite problem: tests set up a security manager, but they do not remove it after execution
[MASTER] 22:07:58.384 [logback-1] WARN  JUnitAnalyzer - EvoSuite problem: tests set up a security manager, but they do not remove it after execution
[MASTER] 22:07:58.412 [logback-1] WARN  JUnitAnalyzer - EvoSuite problem: tests set up a security manager, but they do not remove it after execution
[MASTER] 22:07:58.444 [logback-1] WARN  JUnitAnalyzer - EvoSuite problem: tests set up a security manager, but they do not remove it after execution
[MASTER] 22:07:58.465 [logback-1] WARN  JUnitAnalyzer - EvoSuite problem: tests set up a security manager, but they do not remove it after execution
[MASTER] 22:07:58.486 [logback-1] WARN  JUnitAnalyzer - EvoSuite problem: tests set up a security manager, but they do not remove it after execution
[MASTER] 22:07:58.510 [logback-1] WARN  JUnitAnalyzer - EvoSuite problem: tests set up a security manager, but they do not remove it after execution
[MASTER] 22:07:58.532 [logback-1] WARN  JUnitAnalyzer - EvoSuite problem: tests set up a security manager, but they do not remove it after execution
[MASTER] 22:07:58.554 [logback-1] WARN  JUnitAnalyzer - EvoSuite problem: tests set up a security manager, but they do not remove it after execution
[MASTER] 22:07:58.578 [logback-1] WARN  JUnitAnalyzer - EvoSuite problem: tests set up a security manager, but they do not remove it after execution
[MASTER] 22:07:58.599 [logback-1] WARN  JUnitAnalyzer - EvoSuite problem: tests set up a security manager, but they do not remove it after execution
[MASTER] 22:07:58.629 [logback-1] WARN  JUnitAnalyzer - EvoSuite problem: tests set up a security manager, but they do not remove it after execution
[MASTER] 22:07:58.650 [logback-1] WARN  JUnitAnalyzer - EvoSuite problem: tests set up a security manager, but they do not remove it after execution
[MASTER] 22:07:58.670 [logback-1] WARN  JUnitAnalyzer - EvoSuite problem: tests set up a security manager, but they do not remove it after execution
[MASTER] 22:07:58.691 [logback-1] WARN  JUnitAnalyzer - EvoSuite problem: tests set up a security manager, but they do not remove it after execution
[MASTER] 22:07:58.716 [logback-1] WARN  JUnitAnalyzer - EvoSuite problem: tests set up a security manager, but they do not remove it after execution
[MASTER] 22:07:58.736 [logback-1] WARN  JUnitAnalyzer - EvoSuite problem: tests set up a security manager, but they do not remove it after execution
[MASTER] 22:07:58.757 [logback-1] WARN  JUnitAnalyzer - EvoSuite problem: tests set up a security manager, but they do not remove it after execution
[MASTER] 22:07:58.779 [logback-1] WARN  JUnitAnalyzer - EvoSuite problem: tests set up a security manager, but they do not remove it after execution
[MASTER] 22:07:58.801 [logback-1] WARN  JUnitAnalyzer - EvoSuite problem: tests set up a security manager, but they do not remove it after execution
[MASTER] 22:07:58.824 [logback-1] WARN  JUnitAnalyzer - EvoSuite problem: tests set up a security manager, but they do not remove it after execution
[MASTER] 22:07:58.846 [logback-1] WARN  JUnitAnalyzer - EvoSuite problem: tests set up a security manager, but they do not remove it after execution
[MASTER] 22:07:58.869 [logback-1] WARN  JUnitAnalyzer - EvoSuite problem: tests set up a security manager, but they do not remove it after execution
[MASTER] 22:07:58.891 [logback-1] WARN  JUnitAnalyzer - EvoSuite problem: tests set up a security manager, but they do not remove it after execution
[MASTER] 22:07:58.912 [logback-1] WARN  JUnitAnalyzer - EvoSuite problem: tests set up a security manager, but they do not remove it after execution
[MASTER] 22:07:58.942 [logback-1] WARN  JUnitAnalyzer - EvoSuite problem: tests set up a security manager, but they do not remove it after execution
[MASTER] 22:07:58.962 [logback-1] WARN  JUnitAnalyzer - EvoSuite problem: tests set up a security manager, but they do not remove it after execution
[MASTER] 22:07:58.984 [logback-1] WARN  JUnitAnalyzer - EvoSuite problem: tests set up a security manager, but they do not remove it after execution
[MASTER] 22:07:59.004 [logback-1] WARN  JUnitAnalyzer - EvoSuite problem: tests set up a security manager, but they do not remove it after execution
[MASTER] 22:07:59.025 [logback-1] WARN  JUnitAnalyzer - EvoSuite problem: tests set up a security manager, but they do not remove it after execution
[MASTER] 22:07:59.046 [logback-1] WARN  JUnitAnalyzer - EvoSuite problem: tests set up a security manager, but they do not remove it after execution
[MASTER] 22:07:59.069 [logback-1] WARN  JUnitAnalyzer - EvoSuite problem: tests set up a security manager, but they do not remove it after execution
[MASTER] 22:07:59.096 [logback-1] WARN  JUnitAnalyzer - EvoSuite problem: tests set up a security manager, but they do not remove it after execution
[MASTER] 22:07:59.176 [logback-1] WARN  JUnitAnalyzer - EvoSuite problem: tests set up a security manager, but they do not remove it after execution
[MASTER] 22:07:59.197 [logback-1] WARN  JUnitAnalyzer - EvoSuite problem: tests set up a security manager, but they do not remove it after execution
[MASTER] 22:07:59.226 [logback-1] WARN  JUnitAnalyzer - EvoSuite problem: tests set up a security manager, but they do not remove it after execution
[MASTER] 22:07:59.246 [logback-1] WARN  JUnitAnalyzer - EvoSuite problem: tests set up a security manager, but they do not remove it after execution
[MASTER] 22:07:59.267 [logback-1] WARN  JUnitAnalyzer - EvoSuite problem: tests set up a security manager, but they do not remove it after execution
[MASTER] 22:07:59.289 [logback-1] WARN  JUnitAnalyzer - EvoSuite problem: tests set up a security manager, but they do not remove it after execution
[MASTER] 22:07:59.319 [logback-1] WARN  JUnitAnalyzer - EvoSuite problem: tests set up a security manager, but they do not remove it after execution
[MASTER] 22:07:59.343 [logback-1] WARN  JUnitAnalyzer - EvoSuite problem: tests set up a security manager, but they do not remove it after execution
[MASTER] 22:07:59.364 [logback-1] WARN  JUnitAnalyzer - EvoSuite problem: tests set up a security manager, but they do not remove it after execution
[MASTER] 22:07:59.385 [logback-1] WARN  JUnitAnalyzer - EvoSuite problem: tests set up a security manager, but they do not remove it after execution
[MASTER] 22:07:59.405 [logback-1] WARN  JUnitAnalyzer - EvoSuite problem: tests set up a security manager, but they do not remove it after execution
[MASTER] 22:07:59.427 [logback-1] WARN  JUnitAnalyzer - EvoSuite problem: tests set up a security manager, but they do not remove it after execution
[MASTER] 22:07:59.450 [logback-1] WARN  JUnitAnalyzer - EvoSuite problem: tests set up a security manager, but they do not remove it after execution
[MASTER] 22:07:59.469 [logback-1] WARN  JUnitAnalyzer - EvoSuite problem: tests set up a security manager, but they do not remove it after execution
[MASTER] 22:07:59.488 [logback-1] WARN  JUnitAnalyzer - EvoSuite problem: tests set up a security manager, but they do not remove it after execution
[MASTER] 22:07:59.509 [logback-1] WARN  JUnitAnalyzer - EvoSuite problem: tests set up a security manager, but they do not remove it after execution
[MASTER] 22:07:59.530 [logback-1] WARN  JUnitAnalyzer - EvoSuite problem: tests set up a security manager, but they do not remove it after execution
[MASTER] 22:07:59.556 [logback-1] WARN  JUnitAnalyzer - EvoSuite problem: tests set up a security manager, but they do not remove it after execution
[MASTER] 22:07:59.578 [logback-1] WARN  JUnitAnalyzer - EvoSuite problem: tests set up a security manager, but they do not remove it after execution
[MASTER] 22:07:59.599 [logback-1] WARN  JUnitAnalyzer - EvoSuite problem: tests set up a security manager, but they do not remove it after execution
[MASTER] 22:07:59.627 [logback-1] WARN  JUnitAnalyzer - EvoSuite problem: tests set up a security manager, but they do not remove it after execution
[MASTER] 22:07:59.647 [logback-1] WARN  JUnitAnalyzer - EvoSuite problem: tests set up a security manager, but they do not remove it after execution
[MASTER] 22:07:59.669 [logback-1] WARN  JUnitAnalyzer - EvoSuite problem: tests set up a security manager, but they do not remove it after execution
[MASTER] 22:07:59.689 [logback-1] WARN  JUnitAnalyzer - EvoSuite problem: tests set up a security manager, but they do not remove it after execution
[MASTER] 22:07:59.708 [logback-1] WARN  JUnitAnalyzer - EvoSuite problem: tests set up a security manager, but they do not remove it after execution
[MASTER] 22:07:59.727 [logback-1] WARN  JUnitAnalyzer - EvoSuite problem: tests set up a security manager, but they do not remove it after execution
[MASTER] 22:07:59.749 [logback-1] WARN  JUnitAnalyzer - EvoSuite problem: tests set up a security manager, but they do not remove it after execution
[MASTER] 22:07:59.772 [logback-1] WARN  JUnitAnalyzer - EvoSuite problem: tests set up a security manager, but they do not remove it after execution
[MASTER] 22:07:59.809 [logback-1] WARN  JUnitAnalyzer - EvoSuite problem: tests set up a security manager, but they do not remove it after execution
[MASTER] 22:07:59.829 [logback-1] WARN  JUnitAnalyzer - EvoSuite problem: tests set up a security manager, but they do not remove it after execution
[MASTER] 22:07:59.847 [logback-1] WARN  JUnitAnalyzer - EvoSuite problem: tests set up a security manager, but they do not remove it after execution
[MASTER] 22:07:59.869 [logback-1] WARN  JUnitAnalyzer - EvoSuite problem: tests set up a security manager, but they do not remove it after execution
[MASTER] 22:07:59.888 [logback-1] WARN  JUnitAnalyzer - EvoSuite problem: tests set up a security manager, but they do not remove it after execution
[MASTER] 22:07:59.908 [logback-1] WARN  JUnitAnalyzer - EvoSuite problem: tests set up a security manager, but they do not remove it after execution
[MASTER] 22:07:59.927 [logback-1] WARN  JUnitAnalyzer - EvoSuite problem: tests set up a security manager, but they do not remove it after execution
[MASTER] 22:07:59.956 [logback-1] WARN  JUnitAnalyzer - EvoSuite problem: tests set up a security manager, but they do not remove it after execution
[MASTER] 22:07:59.975 [logback-1] WARN  JUnitAnalyzer - EvoSuite problem: tests set up a security manager, but they do not remove it after execution
[MASTER] 22:07:59.995 [logback-1] WARN  JUnitAnalyzer - EvoSuite problem: tests set up a security manager, but they do not remove it after execution
[MASTER] 22:08:00.014 [logback-1] WARN  JUnitAnalyzer - EvoSuite problem: tests set up a security manager, but they do not remove it after execution
[MASTER] 22:08:00.034 [logback-1] WARN  JUnitAnalyzer - EvoSuite problem: tests set up a security manager, but they do not remove it after execution
[MASTER] 22:08:00.053 [logback-1] WARN  JUnitAnalyzer - EvoSuite problem: tests set up a security manager, but they do not remove it after execution
[MASTER] 22:08:00.073 [logback-1] WARN  JUnitAnalyzer - EvoSuite problem: tests set up a security manager, but they do not remove it after execution
[MASTER] 22:08:00.094 [logback-1] WARN  JUnitAnalyzer - EvoSuite problem: tests set up a security manager, but they do not remove it after execution
[MASTER] 22:08:00.114 [logback-1] WARN  JUnitAnalyzer - EvoSuite problem: tests set up a security manager, but they do not remove it after execution
[MASTER] 22:08:00.147 [logback-1] WARN  JUnitAnalyzer - EvoSuite problem: tests set up a security manager, but they do not remove it after execution
[MASTER] 22:08:00.166 [logback-1] WARN  JUnitAnalyzer - EvoSuite problem: tests set up a security manager, but they do not remove it after execution
[MASTER] 22:08:00.184 [logback-1] WARN  JUnitAnalyzer - EvoSuite problem: tests set up a security manager, but they do not remove it after execution
[MASTER] 22:08:00.205 [logback-1] WARN  JUnitAnalyzer - EvoSuite problem: tests set up a security manager, but they do not remove it after execution
[MASTER] 22:08:00.224 [logback-1] WARN  JUnitAnalyzer - EvoSuite problem: tests set up a security manager, but they do not remove it after execution
[MASTER] 22:08:00.255 [logback-1] WARN  JUnitAnalyzer - EvoSuite problem: tests set up a security manager, but they do not remove it after execution
[MASTER] 22:08:00.277 [logback-1] WARN  JUnitAnalyzer - EvoSuite problem: tests set up a security manager, but they do not remove it after execution
[MASTER] 22:08:00.306 [logback-1] WARN  JUnitAnalyzer - EvoSuite problem: tests set up a security manager, but they do not remove it after execution
[MASTER] 22:08:00.646 [logback-1] WARN  JUnitAnalyzer - EvoSuite problem: tests set up a security manager, but they do not remove it after execution
[MASTER] 22:08:00.890 [logback-1] WARN  JUnitAnalyzer - EvoSuite problem: tests set up a security manager, but they do not remove it after execution
* Writing JUnit test case 'TimeSeries_ESTest' to evosuite-tests
* Done!


------------