* EvoSuite 1.0.4-SNAPSHOT
* Going to generate test cases for class: org.apache.commons.math.util.OpenIntToDoubleHashMap
* Starting client
* Connecting to master process on port 9698
* Analyzing classpath: 
  - /tmp/math_49_Genprog_local_s1/lib/
  - /tmp/math_49_Genprog_local_s1/lib/jtestex-0.0.1.jar
  - /tmp/math_49_Genprog_local_s1/lib/junit-4.11.jar
  - /tmp/math_49_Genprog_local_s1/lib/cobertura-2.0.3.jar
  - /tmp/math_49_Genprog_local_s1/lib/fixran-0.0.1.jar
  - /tmp/math_49_Genprog_local_s1/lib/commons-discovery-0.5.jar
  - /tmp/math_49_Genprog_local_s1/./outputMutation/AstorMain-Math/bin/default/
* Finished analyzing classpath
* Generating tests for class org.apache.commons.math.util.OpenIntToDoubleHashMap
* Test criteria:
  - Line Coverage
  - Branch Coverage
  - Exception
  - Mutation testing (weak)
  - Method-Output Coverage
  - Top-Level Method Coverage
  - No-Exception Top-Level Method Coverage
  - Context Branch Coverage
* Setting up search algorithm for whole suite generation
* Total number of test goals: 
  - Line 185
  - Branch 99
  - Exception 0
  - MutationFactory 760
  - Output 17
  - Method 15
  - MethodNoException 15
  - CBranchFitnessFactory 99

[Progress:>                             0%] [Cov:>                                  0%]* Using seed 30
* Starting evolution

[Progress:>                             0%] [Cov:===>                               10%]
[Progress:>                             0%] [Cov:======>                            19%]
[Progress:>                             0%] [Cov:===========>                       32%]
[Progress:>                             0%] [Cov:===============>                   45%]
[Progress:>                             0%] [Cov:===================>               55%]
[Progress:>                             0%] [Cov:=====================>             62%]
[Progress:>                             0%] [Cov:=======================>           68%]
[Progress:>                             0%] [Cov:=========================>         74%]
[Progress:>                             0%] [Cov:==========================>        77%]
[Progress:>                             0%] [Cov:==========================>        77%]
[Progress:>                             0%] [Cov:================================>  93%]
[Progress:>                             0%] [Cov:================================>  93%]
[Progress:>                             0%] [Cov:================================>  93%]
[Progress:>                             0%] [Cov:================================>  94%]
[Progress:>                             0%] [Cov:================================>  93%]
[Progress:>                             0%] [Cov:================================>  94%]
[Progress:>                             0%] [Cov:================================>  94%]
[Progress:>                             0%] [Cov:=================================> 95%]
[Progress:>                             0%] [Cov:================================>  94%]
[Progress:>                             0%] [Cov:=================================> 95%]
[Progress:>                             0%] [Cov:=================================> 95%]
[Progress:>                             0%] [Cov:=================================> 95%]
[Progress:>                             0%] [Cov:=================================> 95%]
[Progress:>                             0%] [Cov:=================================> 95%]
[Progress:>                             0%] [Cov:=================================> 95%]
[Progress:>                             0%] [Cov:=================================> 95%]
[Progress:>                             0%] [Cov:=================================> 95%]
[Progress:>                             0%] [Cov:=================================> 95%]
[Progress:>                             0%] [Cov:=================================> 95%]
[Progress:>                             0%] [Cov:=================================> 95%]
[Progress:>                             0%] [Cov:=================================> 96%]
[Progress:>                             0%] [Cov:=================================> 96%]
[Progress:>                             0%] [Cov:=================================> 96%]
[Progress:>                             0%] [Cov:=================================> 96%]
[Progress:>                             0%] [Cov:=================================> 96%]
[Progress:>                             0%] [Cov:=================================> 96%]
[Progress:>                             0%] [Cov:=================================> 96%]
[Progress:>                             0%] [Cov:=================================> 96%]
[Progress:>                             0%] [Cov:=================================> 96%]
[Progress:>                             0%] [Cov:=================================> 96%]
[Progress:>                             0%] [Cov:=================================> 96%]
[Progress:>                             0%] [Cov:=================================> 96%]
[Progress:>                             0%] [Cov:=================================> 96%]
[Progress:>                             0%] [Cov:=================================> 96%]
[Progress:>                             0%] [Cov:=================================> 96%]
[Progress:>                             0%] [Cov:=================================> 96%]
[Progress:>                             0%] [Cov:=================================> 96%]
[Progress:>                             0%] [Cov:=================================> 96%]
[Progress:>                             0%] [Cov:=================================> 96%]
[Progress:>                             0%] [Cov:=================================> 96%]
[Progress:>                             0%] [Cov:=================================> 96%]
[Progress:>                             0%] [Cov:=================================> 97%]
[Progress:>                             0%] [Cov:=================================> 97%]
[Progress:>                             0%] [Cov:=================================> 97%]
[Progress:>                             0%] [Cov:=================================> 97%]
[Progress:>                             0%] [Cov:=================================> 97%]
[Progress:>                             0%] [Cov:=================================> 97%]
[Progress:>                             0%] [Cov:=================================> 97%]
[Progress:>                             0%] [Cov:=================================> 97%]
[Progress:>                             0%] [Cov:=================================> 97%]
[Progress:>                             0%] [Cov:=================================> 97%]
[Progress:>                             0%] [Cov:=================================> 97%]
[Progress:>                             0%] [Cov:=================================> 97%]
[Progress:>                             0%] [Cov:=================================> 97%]
[Progress:>                             0%] [Cov:=================================> 97%]
[Progress:>                             0%] [Cov:=================================> 97%]
[Progress:>                             0%] [Cov:=================================> 97%]
[Progress:>                             0%] [Cov:=================================> 97%]
[Progress:>                             0%] [Cov:=================================> 97%]
[Progress:>                             0%] [Cov:=================================> 97%]
[Progress:>                             0%] [Cov:=================================> 97%]
[Progress:>                             0%] [Cov:=================================> 97%]
[Progress:>                             0%] [Cov:=================================> 97%]
[Progress:>                             0%] [Cov:=================================> 97%]
[Progress:>                             0%] [Cov:=================================> 97%]
[Progress:>                             0%] [Cov:=================================> 97%]
[Progress:>                             0%] [Cov:=================================> 97%]
[Progress:>                             0%] [Cov:=================================> 97%]
[Progress:>                             0%] [Cov:=================================> 97%]
[Progress:>                             0%] [Cov:=================================> 97%]
[Progress:>                             0%] [Cov:=================================> 97%]
[Progress:>                             0%] [Cov:=================================> 97%]
[Progress:>                             0%] [Cov:=================================> 97%]
[Progress:>                             0%] [Cov:=================================> 97%]
[Progress:>                             0%] [Cov:=================================> 97%]
[Progress:>                             0%] [Cov:=================================> 97%]
[Progress:>                             0%] [Cov:=================================> 97%]
[Progress:>                             0%] [Cov:=================================> 97%]
[Progress:>                             0%] [Cov:=================================> 97%]
[Progress:>                             0%] [Cov:=================================> 97%]
[Progress:>                             0%] [Cov:=================================> 97%]
[Progress:>                             0%] [Cov:=================================> 97%]
[Progress:>                             0%] [Cov:=================================> 97%]
[Progress:>                             0%] [Cov:=================================> 97%]
[Progress:>                             0%] [Cov:=================================> 97%]
[Progress:>                             0%] [Cov:=================================> 97%]
[Progress:>                             0%] [Cov:=================================> 97%]
[Progress:>                             0%] [Cov:=================================> 97%]
[Progress:>                             0%] [Cov:=================================> 97%]
[Progress:>                             0%] [Cov:=================================> 97%]
[Progress:>                             0%] [Cov:=================================> 97%]
[Progress:>                             0%] [Cov:=================================> 97%]
[Progress:>                             0%] [Cov:=================================> 97%]
[Progress:>                             0%] [Cov:=================================> 97%]
[Progress:>                             0%] [Cov:=================================> 97%]
[Progress:>                             0%] [Cov:=================================> 97%]
[Progress:>                             0%] [Cov:=================================> 97%]
[Progress:>                             0%] [Cov:=================================> 97%]
[Progress:>                             0%] [Cov:=================================> 97%]
[Progress:>                             0%] [Cov:=================================> 97%]
[Progress:>                             0%] [Cov:=================================> 97%]
[Progress:>                             0%] [Cov:=================================> 97%]
[Progress:>                             0%] [Cov:=================================> 97%]
[Progress:>                             0%] [Cov:=================================> 97%]
[Progress:>                             0%] [Cov:=================================> 97%]
[Progress:>                             0%] [Cov:=================================> 97%]
[Progress:>                             0%] [Cov:=================================> 97%]
[Progress:>                             0%] [Cov:=================================> 97%]
[Progress:>                             0%] [Cov:=================================> 97%]
[Progress:>                             0%] [Cov:=================================> 97%]
[Progress:>                             0%] [Cov:=================================> 97%]
[Progress:>                             0%] [Cov:=================================> 97%]
[Progress:>                             0%] [Cov:=================================> 97%]
[Progress:>                             0%] [Cov:=================================> 97%]
[Progress:>                             0%] [Cov:=================================> 97%]
[Progress:>                             0%] [Cov:=================================> 97%]
[Progress:>                             0%] [Cov:=================================> 97%]
[Progress:>                             0%] [Cov:=================================> 97%]
[Progress:>                             0%] [Cov:=================================> 97%]
[Progress:>                             0%] [Cov:=================================> 97%]
[Progress:>                             0%] [Cov:=================================> 97%]
[Progress:>                             0%] [Cov:=================================> 97%]
[Progress:>                             0%] [Cov:=================================> 97%]
[Progress:>                             0%] [Cov:=================================> 97%]
[Progress:>                             0%] [Cov:=================================> 97%]
[Progress:>                             0%] [Cov:=================================> 97%]
[Progress:>                             0%] [Cov:=================================> 97%]
[Progress:>                             0%] [Cov:=================================> 97%]
[Progress:>                             0%] [Cov:=================================> 97%]
[Progress:>                             0%] [Cov:=================================> 97%]
[Progress:>                             0%] [Cov:=================================> 97%]
[Progress:>                             0%] [Cov:=================================> 97%]
[Progress:>                             0%] [Cov:=================================> 97%]
[Progress:>                             0%] [Cov:=================================> 97%]
[Progress:>                             0%] [Cov:=================================> 97%]
[Progress:>                             0%] [Cov:=================================> 97%]
[Progress:>                             0%] [Cov:=================================> 97%]
[Progress:>                             0%] [Cov:=================================> 97%]
[Progress:>                             0%] [Cov:=================================> 97%]
[Progress:>                             0%] [Cov:=================================> 97%]
[Progress:>                             0%] [Cov:=================================> 97%]
[Progress:>                             0%] [Cov:=================================> 97%]
[Progress:>                             1%] [Cov:=================================> 97%]
[Progress:>                             1%] [Cov:=================================> 97%]
[Progress:>                             1%] [Cov:=================================> 97%]
[Progress:>                             1%] [Cov:=================================> 97%]
[Progress:>                             1%] [Cov:=================================> 97%]
[Progress:>                             1%] [Cov:=================================> 97%]
[Progress:>                             1%] [Cov:=================================> 97%]
[Progress:>                             1%] [Cov:=================================> 97%]
[Progress:>                             1%] [Cov:=================================> 97%]
[Progress:>                             1%] [Cov:=================================> 97%]
[Progress:>                             1%] [Cov:=================================> 97%]
[Progress:>                             1%] [Cov:=================================> 97%]
[Progress:>                             1%] [Cov:=================================> 97%]
[Progress:>                             1%] [Cov:=================================> 97%]
[Progress:>                             1%] [Cov:=================================> 97%]
[Progress:>                             1%] [Cov:=================================> 97%]
[Progress:>                             1%] [Cov:=================================> 97%]
[Progress:>                             1%] [Cov:=================================> 97%]
[Progress:>                             1%] [Cov:=================================> 97%]
[Progress:>                             1%] [Cov:=================================> 97%]
[Progress:>                             1%] [Cov:=================================> 97%]
[Progress:>                             1%] [Cov:=================================> 97%]
[Progress:>                             1%] [Cov:=================================> 97%]
[Progress:>                             1%] [Cov:=================================> 97%]
[Progress:>                             1%] [Cov:=================================> 97%]
[Progress:>                             1%] [Cov:=================================> 97%]
[Progress:>                             1%] [Cov:=================================> 97%]
[Progress:>                             1%] [Cov:=================================> 97%]
[Progress:>                             1%] [Cov:=================================> 97%]
[Progress:>                             1%] [Cov:=================================> 97%]
[Progress:>                             1%] [Cov:=================================> 97%]
[Progress:>                             1%] [Cov:=================================> 97%]
[Progress:>                             1%] [Cov:=================================> 97%]
[Progress:>                             1%] [Cov:=================================> 97%]
[Progress:>                             1%] [Cov:=================================> 97%]
[Progress:>                             1%] [Cov:=================================> 97%]
[Progress:>                             1%] [Cov:=================================> 97%]
[Progress:>                             1%] [Cov:=================================> 97%]
[Progress:>                             1%] [Cov:=================================> 97%]
[Progress:>                             1%] [Cov:=================================> 97%]
[Progress:>                             1%] [Cov:=================================> 97%]
[Progress:>                             1%] [Cov:=================================> 97%]
[Progress:>                             1%] [Cov:=================================> 97%]
[Progress:>                             1%] [Cov:=================================> 97%]
[Progress:>                             1%] [Cov:=================================> 97%]
[Progress:>                             1%] [Cov:=================================> 97%]
[Progress:>                             1%] [Cov:=================================> 97%]
[Progress:>                             1%] [Cov:=================================> 97%]
[Progress:>                             1%] [Cov:=================================> 97%]
[Progress:>                             1%] [Cov:=================================> 97%]
[Progress:>                             1%] [Cov:=================================> 97%]
[Progress:>                             1%] [Cov:=================================> 97%]
[Progress:>                             1%] [Cov:=================================> 97%]
[Progress:>                             1%] [Cov:=================================> 97%]
[Progress:>                             1%] [Cov:=================================> 97%]
[Progress:>                             1%] [Cov:=================================> 97%]
[Progress:>                             1%] [Cov:=================================> 97%]
[Progress:>                             1%] [Cov:=================================> 97%]
[Progress:>                             1%] [Cov:=================================> 97%]
[Progress:>                             1%] [Cov:=================================> 97%]
[Progress:>                             1%] [Cov:=================================> 97%]
[Progress:>                             1%] [Cov:=================================> 97%]
[Progress:>                             1%] [Cov:=================================> 97%]
* Search finished after 241s and 200 generations, 100188 statements, best individual has fitness: 21.86111111111111
* Minimizing test suite
* Going to analyze the coverage criteria
* Coverage analysis for criterion LINE
* Coverage of criterion LINE: 98%
* Total number of goals: 185
* Number of covered goals: 182
* Coverage analysis for criterion BRANCH
* Coverage of criterion BRANCH: 99%
* Total number of goals: 99
* Number of covered goals: 98
* Coverage analysis for criterion EXCEPTION
* Coverage of criterion EXCEPTION: 100%
* Total number of goals: 8
* Number of covered goals: 8
* Coverage analysis for criterion WEAKMUTATION
* Coverage of criterion WEAKMUTATION: 98%
* Total number of goals: 760
* Number of covered goals: 742
* Coverage analysis for criterion OUTPUT
* Coverage of criterion OUTPUT: 88%
* Total number of goals: 17
* Number of covered goals: 15
* Coverage analysis for criterion METHOD
* Coverage of criterion METHOD: 100%
* Total number of goals: 15
* Number of covered goals: 15
* Coverage analysis for criterion METHODNOEXCEPTION
* Coverage of criterion METHODNOEXCEPTION: 100%
* Total number of goals: 15
* Number of covered goals: 15
* Coverage analysis for criterion CBRANCH
* Coverage of criterion CBRANCH: 93%
* Total number of goals: 99
* Number of covered goals: 92
* Generated 46 tests with total length 148
* Resulting test suite's coverage: 97% (average coverage for all fitness functions)
* Generating assertions
* Resulting test suite's mutation score: 40%
* Compiling and checking tests
[MASTER] 11:58:27.608 [logback-1] WARN  JUnitAnalyzer - EvoSuite problem: tests set up a security manager, but they do not remove it after execution
[MASTER] 11:58:27.643 [logback-1] WARN  JUnitAnalyzer - EvoSuite problem: tests set up a security manager, but they do not remove it after execution
[MASTER] 11:58:27.683 [logback-1] WARN  JUnitAnalyzer - EvoSuite problem: tests set up a security manager, but they do not remove it after execution
[MASTER] 11:58:27.727 [logback-1] WARN  JUnitAnalyzer - EvoSuite problem: tests set up a security manager, but they do not remove it after execution
[MASTER] 11:58:27.770 [logback-1] WARN  JUnitAnalyzer - EvoSuite problem: tests set up a security manager, but they do not remove it after execution
[MASTER] 11:58:27.804 [logback-1] WARN  JUnitAnalyzer - EvoSuite problem: tests set up a security manager, but they do not remove it after execution
[MASTER] 11:58:27.839 [logback-1] WARN  JUnitAnalyzer - EvoSuite problem: tests set up a security manager, but they do not remove it after execution
[MASTER] 11:58:27.874 [logback-1] WARN  JUnitAnalyzer - EvoSuite problem: tests set up a security manager, but they do not remove it after execution
[MASTER] 11:58:27.927 [logback-1] WARN  JUnitAnalyzer - EvoSuite problem: tests set up a security manager, but they do not remove it after execution
[MASTER] 11:58:27.975 [logback-1] WARN  JUnitAnalyzer - EvoSuite problem: tests set up a security manager, but they do not remove it after execution
[MASTER] 11:58:28.005 [logback-1] WARN  JUnitAnalyzer - EvoSuite problem: tests set up a security manager, but they do not remove it after execution
[MASTER] 11:58:28.059 [logback-1] WARN  JUnitAnalyzer - EvoSuite problem: tests set up a security manager, but they do not remove it after execution
[MASTER] 11:58:28.451 [logback-1] WARN  JUnitAnalyzer - EvoSuite problem: tests set up a security manager, but they do not remove it after execution
[MASTER] 11:58:28.487 [logback-1] WARN  JUnitAnalyzer - EvoSuite problem: tests set up a security manager, but they do not remove it after execution
[MASTER] 11:58:28.525 [logback-1] WARN  JUnitAnalyzer - EvoSuite problem: tests set up a security manager, but they do not remove it after execution
[MASTER] 11:58:28.567 [logback-1] WARN  JUnitAnalyzer - EvoSuite problem: tests set up a security manager, but they do not remove it after execution
[MASTER] 11:58:28.623 [logback-1] WARN  JUnitAnalyzer - EvoSuite problem: tests set up a security manager, but they do not remove it after execution
[MASTER] 11:58:28.683 [logback-1] WARN  JUnitAnalyzer - EvoSuite problem: tests set up a security manager, but they do not remove it after execution
[MASTER] 11:58:28.742 [logback-1] WARN  JUnitAnalyzer - EvoSuite problem: tests set up a security manager, but they do not remove it after execution
[MASTER] 11:58:28.780 [logback-1] WARN  JUnitAnalyzer - EvoSuite problem: tests set up a security manager, but they do not remove it after execution
[MASTER] 11:58:28.814 [logback-1] WARN  JUnitAnalyzer - EvoSuite problem: tests set up a security manager, but they do not remove it after execution
[MASTER] 11:58:28.845 [logback-1] WARN  JUnitAnalyzer - EvoSuite problem: tests set up a security manager, but they do not remove it after execution
[MASTER] 11:58:28.879 [logback-1] WARN  JUnitAnalyzer - EvoSuite problem: tests set up a security manager, but they do not remove it after execution
[MASTER] 11:58:28.914 [logback-1] WARN  JUnitAnalyzer - EvoSuite problem: tests set up a security manager, but they do not remove it after execution
[MASTER] 11:58:28.951 [logback-1] WARN  JUnitAnalyzer - EvoSuite problem: tests set up a security manager, but they do not remove it after execution
[MASTER] 11:58:29.014 [logback-1] WARN  JUnitAnalyzer - EvoSuite problem: tests set up a security manager, but they do not remove it after execution
[MASTER] 11:58:29.051 [logback-1] WARN  JUnitAnalyzer - EvoSuite problem: tests set up a security manager, but they do not remove it after execution
[MASTER] 11:58:29.091 [logback-1] WARN  JUnitAnalyzer - EvoSuite problem: tests set up a security manager, but they do not remove it after execution
[MASTER] 11:58:29.133 [logback-1] WARN  JUnitAnalyzer - EvoSuite problem: tests set up a security manager, but they do not remove it after execution
[MASTER] 11:58:29.171 [logback-1] WARN  JUnitAnalyzer - EvoSuite problem: tests set up a security manager, but they do not remove it after execution
[MASTER] 11:58:29.211 [logback-1] WARN  JUnitAnalyzer - EvoSuite problem: tests set up a security manager, but they do not remove it after execution
[MASTER] 11:58:29.242 [logback-1] WARN  JUnitAnalyzer - EvoSuite problem: tests set up a security manager, but they do not remove it after execution
[MASTER] 11:58:29.275 [logback-1] WARN  JUnitAnalyzer - EvoSuite problem: tests set up a security manager, but they do not remove it after execution
[MASTER] 11:58:29.307 [logback-1] WARN  JUnitAnalyzer - EvoSuite problem: tests set up a security manager, but they do not remove it after execution
[MASTER] 11:58:29.349 [logback-1] WARN  JUnitAnalyzer - EvoSuite problem: tests set up a security manager, but they do not remove it after execution
[MASTER] 11:58:29.378 [logback-1] WARN  JUnitAnalyzer - EvoSuite problem: tests set up a security manager, but they do not remove it after execution
[MASTER] 11:58:29.855 [logback-1] WARN  JUnitAnalyzer - EvoSuite problem: tests set up a security manager, but they do not remove it after execution
[MASTER] 11:58:29.903 [logback-1] WARN  JUnitAnalyzer - EvoSuite problem: tests set up a security manager, but they do not remove it after execution
[MASTER] 11:58:29.939 [logback-1] WARN  JUnitAnalyzer - EvoSuite problem: tests set up a security manager, but they do not remove it after execution
[MASTER] 11:58:29.969 [logback-1] WARN  JUnitAnalyzer - EvoSuite problem: tests set up a security manager, but they do not remove it after execution
[MASTER] 11:58:29.999 [logback-1] WARN  JUnitAnalyzer - EvoSuite problem: tests set up a security manager, but they do not remove it after execution
[MASTER] 11:58:30.039 [logback-1] WARN  JUnitAnalyzer - EvoSuite problem: tests set up a security manager, but they do not remove it after execution
[MASTER] 11:58:30.068 [logback-1] WARN  JUnitAnalyzer - EvoSuite problem: tests set up a security manager, but they do not remove it after execution
[MASTER] 11:58:30.099 [logback-1] WARN  JUnitAnalyzer - EvoSuite problem: tests set up a security manager, but they do not remove it after execution
[MASTER] 11:58:30.130 [logback-1] WARN  JUnitAnalyzer - EvoSuite problem: tests set up a security manager, but they do not remove it after execution
[MASTER] 11:58:30.162 [logback-1] WARN  JUnitAnalyzer - EvoSuite problem: tests set up a security manager, but they do not remove it after execution
[MASTER] 11:58:30.817 [logback-1] WARN  JUnitAnalyzer - EvoSuite problem: tests set up a security manager, but they do not remove it after execution
[MASTER] 11:58:31.476 [logback-1] WARN  JUnitAnalyzer - EvoSuite problem: tests set up a security manager, but they do not remove it after execution
* Writing JUnit test case 'OpenIntToDoubleHashMap_ESTest' to evosuite-tests
* Done!


------------* EvoSuite 1.0.4-SNAPSHOT
* Going to generate test cases for class: org.apache.commons.math.linear.OpenMapRealVector
* Starting client
* Connecting to master process on port 9698
* Analyzing classpath: 
  - /tmp/math_49_Genprog_local_s1/lib/
  - /tmp/math_49_Genprog_local_s1/lib/jtestex-0.0.1.jar
  - /tmp/math_49_Genprog_local_s1/lib/junit-4.11.jar
  - /tmp/math_49_Genprog_local_s1/lib/cobertura-2.0.3.jar
  - /tmp/math_49_Genprog_local_s1/lib/fixran-0.0.1.jar
  - /tmp/math_49_Genprog_local_s1/lib/commons-discovery-0.5.jar
  - /tmp/math_49_Genprog_local_s1/./outputMutation/AstorMain-Math/bin/default/
* Finished analyzing classpath
* Generating tests for class org.apache.commons.math.linear.OpenMapRealVector
* Test criteria:
  - Line Coverage
  - Branch Coverage
  - Exception
  - Mutation testing (weak)
  - Method-Output Coverage
  - Top-Level Method Coverage
  - No-Exception Top-Level Method Coverage
  - Context Branch Coverage
* Setting up search algorithm for whole suite generation
* Total number of test goals: 
  - Line 375
  - Branch 182
  - Exception 0
  - MutationFactory 886
  - Output 191
  - Method 67
  - MethodNoException 67
  - CBranchFitnessFactory 182

[Progress:>                             0%] [Cov:>                                  0%]* Using seed 30
* Starting evolution

[Progress:>                             0%] [Cov:>                                  1%]
[Progress:>                             0%] [Cov:=>                                 3%]
[Progress:>                             0%] [Cov:=====>                             15%]
[Progress:>                             0%] [Cov:=====>                             16%]
[Progress:>                             0%] [Cov:=====>                             17%]
[Progress:>                             0%] [Cov:======>                            18%]
[Progress:>                             0%] [Cov:======>                            19%]
[Progress:>                             0%] [Cov:=======>                           20%]
[Progress:>                             0%] [Cov:=======>                           21%]
[Progress:>                             0%] [Cov:========>                          23%]
[Progress:>                             0%] [Cov:========>                          24%]
[Progress:>                             0%] [Cov:======>                            18%]
[Progress:>                             0%] [Cov:======>                            19%]
[Progress:>                             0%] [Cov:=======>                           20%]
[Progress:>                             0%] [Cov:=======>                           21%]
[Progress:>                             0%] [Cov:=======>                           22%]
[Progress:>                             0%] [Cov:========>                          23%]
[Progress:>                             0%] [Cov:========>                          24%]
[Progress:>                             0%] [Cov:========>                          25%]
[Progress:>                             0%] [Cov:===============>                   44%]
[Progress:>                             0%] [Cov:===============>                   45%]
[Progress:>                             0%] [Cov:===============>                   44%]
[Progress:>                             0%] [Cov:===============>                   45%]
[Progress:>                             0%] [Cov:================>                  48%]
[Progress:>                             0%] [Cov:=================>                 49%]
[Progress:>                             0%] [Cov:=================>                 50%]
[Progress:>                             0%] [Cov:=================>                 51%]
[Progress:>                             0%] [Cov:==================>                52%]
[Progress:>                             0%] [Cov:==================>                53%]
[Progress:>                             0%] [Cov:==================>                53%]
[Progress:>                             0%] [Cov:==================>                54%]
[Progress:>                             0%] [Cov:==================>                54%]
[Progress:>                             0%] [Cov:==================>                54%]
[Progress:>                             0%] [Cov:===================>               55%]
[Progress:>                             0%] [Cov:===================>               56%]
[Progress:>                             0%] [Cov:===================>               57%]
[Progress:>                             0%] [Cov:===================>               57%]
[Progress:>                             0%] [Cov:====================>              58%]
[Progress:>                             0%] [Cov:====================>              59%]
[Progress:>                             0%] [Cov:====================>              59%]
[Progress:>                             0%] [Cov:=====================>             60%]
[Progress:>                             0%] [Cov:=====================>             60%]
[Progress:>                             0%] [Cov:=====================>             61%]
[Progress:>                             0%] [Cov:=====================>             61%]
[Progress:>                             0%] [Cov:=====================>             62%]
[Progress:>                             0%] [Cov:=====================>             62%]
[Progress:>                             0%] [Cov:======================>            63%]
[Progress:>                             0%] [Cov:======================>            64%]
[Progress:>                             0%] [Cov:======================>            64%]
[Progress:>                             0%] [Cov:======================>            64%]
[Progress:>                             0%] [Cov:======================>            65%]
[Progress:>                             0%] [Cov:======================>            65%]
[Progress:>                             0%] [Cov:=======================>           66%]
[Progress:>                             0%] [Cov:=======================>           66%]
[Progress:>                             0%] [Cov:=======================>           66%]
[Progress:>                             0%] [Cov:=======================>           67%]
[Progress:>                             0%] [Cov:=======================>           67%]
[Progress:>                             0%] [Cov:=======================>           67%]
[Progress:>                             0%] [Cov:=======================>           67%]
[Progress:>                             0%] [Cov:=======================>           68%]
[Progress:>                             0%] [Cov:=======================>           67%]
[Progress:>                             0%] [Cov:=======================>           68%]
[Progress:>                             0%] [Cov:=======================>           68%]
[Progress:>                             0%] [Cov:=======================>           68%]
[Progress:>                             0%] [Cov:=======================>           68%]
[Progress:>                             0%] [Cov:========================>          69%]
[Progress:>                             0%] [Cov:========================>          69%]
[Progress:>                             0%] [Cov:========================>          69%]
[Progress:>                             0%] [Cov:========================>          69%]
[Progress:>                             0%] [Cov:========================>          69%]
[Progress:>                             0%] [Cov:========================>          69%]
[Progress:>                             0%] [Cov:========================>          70%]
[Progress:>                             0%] [Cov:========================>          71%]
[Progress:>                             0%] [Cov:========================>          71%]
[Progress:>                             0%] [Cov:========================>          71%]
[Progress:>                             0%] [Cov:=========================>         72%]
[Progress:>                             0%] [Cov:=========================>         72%]
[Progress:>                             0%] [Cov:=========================>         73%]
[Progress:>                             0%] [Cov:=========================>         73%]
[Progress:>                             0%] [Cov:=========================>         73%]
[Progress:>                             0%] [Cov:=========================>         74%]
[Progress:>                             0%] [Cov:=========================>         74%]
[Progress:>                             0%] [Cov:=========================>         74%]
[Progress:>                             0%] [Cov:=========================>         74%]
[Progress:>                             0%] [Cov:=========================>         74%]
[Progress:>                             0%] [Cov:==========================>        75%]
[Progress:>                             0%] [Cov:=========================>         74%]
[Progress:>                             0%] [Cov:==========================>        75%]
[Progress:>                             0%] [Cov:==========================>        75%]
[Progress:>                             0%] [Cov:==========================>        75%]
[Progress:>                             0%] [Cov:==========================>        76%]
[Progress:>                             0%] [Cov:==========================>        76%]
[Progress:>                             0%] [Cov:==========================>        76%][MASTER] 13:23:30.009 [logback-2] ERROR ClientNodeImpl - Cannot inform master of change of state
java.rmi.ServerException: RemoteException occurred in server thread; nested exception is: 
	java.rmi.UnmarshalException: error unmarshalling arguments; nested exception is: 
	java.io.OptionalDataException
	at sun.rmi.server.UnicastServerRef.dispatch(UnicastServerRef.java:354) ~[na:1.8.0_45]
	at sun.rmi.transport.Transport$1.run(Transport.java:200) ~[na:1.8.0_45]
	at sun.rmi.transport.Transport$1.run(Transport.java:197) ~[na:1.8.0_45]
	at java.security.AccessController.doPrivileged(Native Method) ~[na:1.8.0_45]
	at sun.rmi.transport.Transport.serviceCall(Transport.java:196) ~[na:1.8.0_45]
	at sun.rmi.transport.tcp.TCPTransport.handleMessages(TCPTransport.java:568) ~[na:1.8.0_45]
	at sun.rmi.transport.tcp.TCPTransport$ConnectionHandler.run0(TCPTransport.java:826) ~[na:1.8.0_45]
	at sun.rmi.transport.tcp.TCPTransport$ConnectionHandler.lambda$run$241(TCPTransport.java:683) ~[na:1.8.0_45]
	at sun.rmi.transport.tcp.TCPTransport$ConnectionHandler$$Lambda$8/2145826570.run(Unknown Source) ~[na:na]
	at java.security.AccessController.doPrivileged(Native Method) ~[na:1.8.0_45]
	at sun.rmi.transport.tcp.TCPTransport$ConnectionHandler.run(TCPTransport.java:682) ~[na:1.8.0_45]
	at java.util.concurrent.ThreadPoolExecutor.runWorker(ThreadPoolExecutor.java:1142) ~[na:1.8.0_45]
	at java.util.concurrent.ThreadPoolExecutor$Worker.run(ThreadPoolExecutor.java:617) ~[na:1.8.0_45]
	at java.lang.Thread.run(Thread.java:745) ~[na:1.8.0_45]
	at sun.rmi.transport.StreamRemoteCall.exceptionReceivedFromServer(StreamRemoteCall.java:276) ~[na:1.8.0_45]
	at sun.rmi.transport.StreamRemoteCall.executeCall(StreamRemoteCall.java:253) ~[na:1.8.0_45]
	at sun.rmi.server.UnicastRef.invoke(UnicastRef.java:162) ~[na:1.8.0_45]
	at java.rmi.server.RemoteObjectInvocationHandler.invokeRemoteMethod(RemoteObjectInvocationHandler.java:194) ~[na:1.8.0_45]
	at java.rmi.server.RemoteObjectInvocationHandler.invoke(RemoteObjectInvocationHandler.java:148) ~[na:1.8.0_45]
	at com.sun.proxy.$Proxy7.evosuite_collectStatistics(Unknown Source) ~[na:na]
	at org.evosuite.rmi.service.ClientNodeImpl.updateStatistics(ClientNodeImpl.java:237) ~[evosuite-master-1.0.4-SNAPSHOT.jar:1.0.4-SNAPSHOT]
	at org.evosuite.statistics.StatisticsSender.sendIndividualToMaster(StatisticsSender.java:68) [evosuite-master-1.0.4-SNAPSHOT.jar:1.0.4-SNAPSHOT]
	at org.evosuite.statistics.StatisticsListener$1.run(StatisticsListener.java:71) [evosuite-master-1.0.4-SNAPSHOT.jar:1.0.4-SNAPSHOT]
Caused by: java.rmi.UnmarshalException: error unmarshalling arguments; nested exception is: 
	java.io.OptionalDataException
	at sun.rmi.server.UnicastServerRef.dispatch(UnicastServerRef.java:311) ~[na:1.8.0_45]
	at sun.rmi.transport.Transport$1.run(Transport.java:200) ~[na:1.8.0_45]
	at sun.rmi.transport.Transport$1.run(Transport.java:197) ~[na:1.8.0_45]
	at java.security.AccessController.doPrivileged(Native Method) ~[na:1.8.0_45]
	at sun.rmi.transport.Transport.serviceCall(Transport.java:196) ~[na:1.8.0_45]
	at sun.rmi.transport.tcp.TCPTransport.handleMessages(TCPTransport.java:568) ~[na:1.8.0_45]
	at sun.rmi.transport.tcp.TCPTransport$ConnectionHandler.run0(TCPTransport.java:826) ~[na:1.8.0_45]
	at sun.rmi.transport.tcp.TCPTransport$ConnectionHandler.lambda$run$241(TCPTransport.java:683) ~[na:1.8.0_45]
	at sun.rmi.transport.tcp.TCPTransport$ConnectionHandler$$Lambda$8/2145826570.run(Unknown Source) ~[na:na]
	at java.security.AccessController.doPrivileged(Native Method) ~[na:1.8.0_45]
	at sun.rmi.transport.tcp.TCPTransport$ConnectionHandler.run(TCPTransport.java:682) ~[na:1.8.0_45]
	at java.util.concurrent.ThreadPoolExecutor.runWorker(ThreadPoolExecutor.java:1142) ~[na:1.8.0_45]
	at java.util.concurrent.ThreadPoolExecutor$Worker.run(ThreadPoolExecutor.java:617) ~[na:1.8.0_45]
	at java.lang.Thread.run(Thread.java:745) ~[na:1.8.0_45]
Caused by: java.io.OptionalDataException: null
	at java.io.ObjectInputStream.readObject0(ObjectInputStream.java:1371) ~[na:1.8.0_45]
	at java.io.ObjectInputStream.readObject(ObjectInputStream.java:371) ~[na:1.8.0_45]
	at java.util.HashMap.readObject(HashMap.java:1394) ~[na:1.8.0_45]
	at sun.reflect.GeneratedMethodAccessor7.invoke(Unknown Source) ~[na:na]
	at sun.reflect.DelegatingMethodAccessorImpl.invoke(DelegatingMethodAccessorImpl.java:43) ~[na:1.8.0_45]
	at java.lang.reflect.Method.invoke(Method.java:497) ~[na:1.8.0_45]
	at java.io.ObjectStreamClass.invokeReadObject(ObjectStreamClass.java:1017) ~[na:1.8.0_45]
	at java.io.ObjectInputStream.readSerialData(ObjectInputStream.java:1896) ~[na:1.8.0_45]
	at java.io.ObjectInputStream.readOrdinaryObject(ObjectInputStream.java:1801) ~[na:1.8.0_45]
	at java.io.ObjectInputStream.readObject0(ObjectInputStream.java:1351) ~[na:1.8.0_45]
	at java.io.ObjectInputStream.defaultReadFields(ObjectInputStream.java:1993) ~[na:1.8.0_45]
	at java.io.ObjectInputStream.readSerialData(ObjectInputStream.java:1918) ~[na:1.8.0_45]
	at java.io.ObjectInputStream.readOrdinaryObject(ObjectInputStream.java:1801) ~[na:1.8.0_45]
	at java.io.ObjectInputStream.readObject0(ObjectInputStream.java:1351) ~[na:1.8.0_45]
	at java.io.ObjectInputStream.readObject(ObjectInputStream.java:371) ~[na:1.8.0_45]
	at java.util.HashMap.readObject(HashMap.java:1394) ~[na:1.8.0_45]
	at sun.reflect.GeneratedMethodAccessor7.invoke(Unknown Source) ~[na:na]
	at sun.reflect.DelegatingMethodAccessorImpl.invoke(DelegatingMethodAccessorImpl.java:43) ~[na:1.8.0_45]
	at java.lang.reflect.Method.invoke(Method.java:497) ~[na:1.8.0_45]
	at java.io.ObjectStreamClass.invokeReadObject(ObjectStreamClass.java:1017) ~[na:1.8.0_45]
	at java.io.ObjectInputStream.readSerialData(ObjectInputStream.java:1896) ~[na:1.8.0_45]
	at java.io.ObjectInputStream.readOrdinaryObject(ObjectInputStream.java:1801) ~[na:1.8.0_45]
	at java.io.ObjectInputStream.readObject0(ObjectInputStream.java:1351) ~[na:1.8.0_45]
	at java.io.ObjectInputStream.defaultReadFields(ObjectInputStream.java:1993) ~[na:1.8.0_45]
	at java.io.ObjectInputStream.readSerialData(ObjectInputStream.java:1918) ~[na:1.8.0_45]
	at java.io.ObjectInputStream.readOrdinaryObject(ObjectInputStream.java:1801) ~[na:1.8.0_45]
	at java.io.ObjectInputStream.readObject0(ObjectInputStream.java:1351) ~[na:1.8.0_45]
	at java.io.ObjectInputStream.readObject(ObjectInputStream.java:371) ~[na:1.8.0_45]
	at sun.rmi.server.UnicastRef.unmarshalValue(UnicastRef.java:326) ~[na:1.8.0_45]
	at sun.rmi.server.UnicastServerRef.dispatch(UnicastServerRef.java:308) ~[na:1.8.0_45]
	... 13 common frames omitted

[Progress:>                             0%] [Cov:==========================>        76%]
[Progress:>                             0%] [Cov:==========================>        77%]
[Progress:>                             0%] [Cov:===========================>       78%]
[Progress:>                             1%] [Cov:==========================>        77%]
[Progress:>                             1%] [Cov:===========================>       78%]
[Progress:>                             1%] [Cov:===========================>       78%]
[Progress:>                             1%] [Cov:===========================>       78%]
[Progress:>                             1%] [Cov:===========================>       78%]
[Progress:>                             1%] [Cov:===========================>       78%]
[Progress:>                             1%] [Cov:===========================>       78%]
[Progress:>                             1%] [Cov:===========================>       78%]
[Progress:>                             1%] [Cov:===========================>       78%]
[Progress:>                             1%] [Cov:===========================>       78%]
[Progress:>                             1%] [Cov:===========================>       79%]
[Progress:>                             1%] [Cov:===========================>       79%]
[Progress:>                             1%] [Cov:============================>      80%]
[Progress:>                             1%] [Cov:============================>      80%]
[Progress:>                             1%] [Cov:============================>      81%]
[Progress:>                             1%] [Cov:============================>      81%]
[Progress:>                             1%] [Cov:============================>      81%]
[Progress:>                             1%] [Cov:============================>      82%]
[Progress:>                             1%] [Cov:============================>      82%]
[Progress:>                             1%] [Cov:============================>      82%]
[Progress:>                             1%] [Cov:============================>      82%]
[Progress:>                             1%] [Cov:============================>      82%]
[Progress:>                             1%] [Cov:============================>      82%]
[Progress:>                             1%] [Cov:=============================>     83%]
[Progress:>                             1%] [Cov:=============================>     83%]
[Progress:>                             1%] [Cov:=============================>     83%]
[Progress:>                             1%] [Cov:=============================>     83%]
[Progress:>                             1%] [Cov:=============================>     83%]
[Progress:>                             1%] [Cov:=============================>     84%]
[Progress:>                             1%] [Cov:=============================>     84%]
[Progress:>                             1%] [Cov:=============================>     84%]
[Progress:>                             1%] [Cov:=============================>     85%]
[Progress:>                             1%] [Cov:=============================>     84%]
[Progress:>                             1%] [Cov:=============================>     85%]
[Progress:>                             1%] [Cov:=============================>     84%]
[Progress:>                             1%] [Cov:=============================>     85%]
[Progress:>                             1%] [Cov:=============================>     85%]
[Progress:>                             1%] [Cov:=============================>     85%]
[Progress:>                             1%] [Cov:=============================>     85%]
[Progress:>                             1%] [Cov:=============================>     85%]
[Progress:>                             1%] [Cov:=============================>     85%]
[Progress:>                             1%] [Cov:=============================>     85%]
[Progress:>                             2%] [Cov:=============================>     85%]
[Progress:>                             2%] [Cov:=============================>     85%]
[Progress:>                             2%] [Cov:=============================>     85%]
[Progress:>                             2%] [Cov:=============================>     85%]
[Progress:>                             2%] [Cov:=============================>     85%]
[Progress:>                             2%] [Cov:=============================>     85%]
[Progress:>                             2%] [Cov:==============================>    86%]
[Progress:>                             2%] [Cov:==============================>    86%]
[Progress:>                             2%] [Cov:==============================>    86%]
[Progress:>                             2%] [Cov:==============================>    86%]
[Progress:>                             2%] [Cov:==============================>    86%]
[Progress:>                             2%] [Cov:==============================>    86%]
[Progress:>                             2%] [Cov:==============================>    86%]
[Progress:>                             2%] [Cov:==============================>    86%]
[Progress:>                             2%] [Cov:==============================>    86%]
[Progress:>                             2%] [Cov:==============================>    86%]
[Progress:>                             2%] [Cov:==============================>    86%]
[Progress:>                             2%] [Cov:==============================>    86%]
[Progress:>                             2%] [Cov:==============================>    86%]
[Progress:>                             2%] [Cov:==============================>    86%]
[Progress:>                             2%] [Cov:==============================>    86%]
[Progress:>                             2%] [Cov:==============================>    86%]
[Progress:>                             2%] [Cov:==============================>    86%]
[Progress:>                             2%] [Cov:==============================>    86%]
[Progress:>                             2%] [Cov:==============================>    87%]
[Progress:>                             2%] [Cov:==============================>    86%]
[Progress:>                             2%] [Cov:==============================>    87%]
[Progress:>                             2%] [Cov:==============================>    87%]
[Progress:>                             2%] [Cov:==============================>    87%]
[Progress:>                             2%] [Cov:==============================>    87%]
[Progress:>                             2%] [Cov:==============================>    87%]
[Progress:>                             2%] [Cov:==============================>    87%]
[Progress:>                             2%] [Cov:==============================>    87%]
[Progress:>                             2%] [Cov:==============================>    87%]
[Progress:>                             2%] [Cov:==============================>    87%]
[Progress:>                             2%] [Cov:==============================>    87%]
[Progress:>                             2%] [Cov:==============================>    87%]
[Progress:>                             2%] [Cov:==============================>    87%]
[Progress:>                             2%] [Cov:==============================>    87%]
[Progress:>                             2%] [Cov:==============================>    87%]
[Progress:>                             2%] [Cov:==============================>    87%]
[Progress:>                             3%] [Cov:==============================>    87%]
[Progress:>                             3%] [Cov:==============================>    87%]
[Progress:>                             3%] [Cov:==============================>    87%]
[Progress:>                             3%] [Cov:==============================>    87%]
[Progress:>                             3%] [Cov:==============================>    87%]
[Progress:>                             3%] [Cov:==============================>    87%]
[Progress:>                             3%] [Cov:==============================>    87%]
[Progress:>                             3%] [Cov:==============================>    87%]
[Progress:>                             3%] [Cov:==============================>    87%]
[Progress:>                             3%] [Cov:==============================>    87%]
[Progress:>                             3%] [Cov:==============================>    87%]
[Progress:>                             3%] [Cov:==============================>    87%]
[Progress:>                             3%] [Cov:==============================>    87%]
[Progress:>                             3%] [Cov:==============================>    87%]
[Progress:>                             3%] [Cov:==============================>    88%]
[Progress:>                             3%] [Cov:==============================>    88%]
[Progress:>                             3%] [Cov:===============================>   89%]
[Progress:>                             3%] [Cov:===============================>   90%]
[Progress:>                             3%] [Cov:===============================>   90%]
[Progress:>                             3%] [Cov:===============================>   90%]
[Progress:>                             3%] [Cov:===============================>   90%]
[Progress:>                             3%] [Cov:===============================>   90%]
[Progress:>                             3%] [Cov:===============================>   90%]
[Progress:>                             3%] [Cov:===============================>   90%]
[Progress:>                             3%] [Cov:===============================>   90%]
[Progress:>                             3%] [Cov:===============================>   90%]
[Progress:>                             3%] [Cov:===============================>   90%]
[Progress:>                             3%] [Cov:===============================>   90%]
[Progress:>                             3%] [Cov:===============================>   90%]
[Progress:>                             3%] [Cov:===============================>   90%]
[Progress:>                             3%] [Cov:===============================>   90%]
[Progress:>                             3%] [Cov:===============================>   91%]
[Progress:>                             3%] [Cov:===============================>   91%]
[Progress:>                             3%] [Cov:===============================>   91%]
[Progress:>                             3%] [Cov:===============================>   91%]
[Progress:>                             3%] [Cov:===============================>   91%]
[Progress:>                             3%] [Cov:===============================>   91%]
[Progress:>                             3%] [Cov:===============================>   91%]
[Progress:>                             3%] [Cov:===============================>   91%]
[Progress:>                             3%] [Cov:===============================>   91%]
[Progress:=>                            4%] [Cov:===============================>   91%]
[Progress:=>                            4%] [Cov:===============================>   91%]
[Progress:=>                            4%] [Cov:===============================>   91%]
[Progress:=>                            4%] [Cov:===============================>   91%]
[Progress:=>                            4%] [Cov:===============================>   91%]
[Progress:=>                            4%] [Cov:===============================>   91%]
[Progress:=>                            4%] [Cov:===============================>   91%][MASTER] 13:33:10.591 [logback-1] WARN  TimeController - Operation 'update from archive' took too long: 8322ms

* Search finished after 754s and 172 generations, 101950 statements, best individual has fitness: 118.34722221849694
* Minimizing test suite
* Going to analyze the coverage criteria
* Coverage analysis for criterion LINE
* Coverage of criterion LINE: 98%
* Total number of goals: 375
* Number of covered goals: 369
* Coverage analysis for criterion BRANCH
* Coverage of criterion BRANCH: 97%
* Total number of goals: 182
* Number of covered goals: 176
* Coverage analysis for criterion EXCEPTION
* Coverage of criterion EXCEPTION: 100%
* Total number of goals: 71
* Number of covered goals: 71
* Coverage analysis for criterion WEAKMUTATION
* Coverage of criterion WEAKMUTATION: 97%
* Total number of goals: 886
* Number of covered goals: 863
* Coverage analysis for criterion OUTPUT
* Coverage of criterion OUTPUT: 64%
* Total number of goals: 191
* Number of covered goals: 123
* Coverage analysis for criterion METHOD
* Coverage of criterion METHOD: 99%
* Total number of goals: 67
* Number of covered goals: 66
* Coverage analysis for criterion METHODNOEXCEPTION
* Coverage of criterion METHODNOEXCEPTION: 94%
* Total number of goals: 67
* Number of covered goals: 63
* Coverage analysis for criterion CBRANCH
* Coverage of criterion CBRANCH: 90%
* Total number of goals: 182
* Number of covered goals: 163
* Generated 185 tests with total length 730
* Resulting test suite's coverage: 92% (average coverage for all fitness functions)
* Generating assertions
* Resulting test suite's mutation score: 64%
* Compiling and checking tests
[MASTER] 13:50:52.363 [logback-1] WARN  JUnitAnalyzer - EvoSuite problem: tests set up a security manager, but they do not remove it after execution
[MASTER] 13:50:52.411 [logback-1] WARN  JUnitAnalyzer - EvoSuite problem: tests set up a security manager, but they do not remove it after execution
[MASTER] 13:50:52.444 [logback-1] WARN  JUnitAnalyzer - EvoSuite problem: tests set up a security manager, but they do not remove it after execution
[MASTER] 13:50:52.483 [logback-1] WARN  JUnitAnalyzer - EvoSuite problem: tests set up a security manager, but they do not remove it after execution
[MASTER] 13:50:52.516 [logback-1] WARN  JUnitAnalyzer - EvoSuite problem: tests set up a security manager, but they do not remove it after execution
[MASTER] 13:50:52.551 [logback-1] WARN  JUnitAnalyzer - EvoSuite problem: tests set up a security manager, but they do not remove it after execution
[MASTER] 13:50:52.587 [logback-1] WARN  JUnitAnalyzer - EvoSuite problem: tests set up a security manager, but they do not remove it after execution
[MASTER] 13:50:52.623 [logback-1] WARN  JUnitAnalyzer - EvoSuite problem: tests set up a security manager, but they do not remove it after execution
[MASTER] 13:50:52.663 [logback-1] WARN  JUnitAnalyzer - EvoSuite problem: tests set up a security manager, but they do not remove it after execution
[MASTER] 13:50:52.703 [logback-1] WARN  JUnitAnalyzer - EvoSuite problem: tests set up a security manager, but they do not remove it after execution
[MASTER] 13:50:52.735 [logback-1] WARN  JUnitAnalyzer - EvoSuite problem: tests set up a security manager, but they do not remove it after execution
[MASTER] 13:50:53.368 [logback-1] WARN  JUnitAnalyzer - EvoSuite problem: tests set up a security manager, but they do not remove it after execution
[MASTER] 13:50:53.369 [logback-2] ERROR JUnitAnalyzer - 1 test cases failed
[MASTER] 13:50:53.371 [logback-1] WARN  JUnitAnalyzer - Found unstable test named test0 -> class java.lang.AssertionError: expected:<0.0> but was:<1.0>
[MASTER] 13:50:53.371 [logback-1] WARN  JUnitAnalyzer - Failing test:
 OpenMapRealVector openMapRealVector0 = new OpenMapRealVector(436, 436);
XMinus5Function xMinus5Function0 = new XMinus5Function();
OpenMapRealVector openMapRealVector1 = (OpenMapRealVector)openMapRealVector0.map(xMinus5Function0);
assertEquals(0.0, openMapRealVector1.getSparsity(), 0.01);

openMapRealVector1.mapSubtractToSelf(436);
openMapRealVector1.add(openMapRealVector0);
assertEquals(1.0, openMapRealVector1.getSparsity(), 0.01);


[MASTER] 13:50:53.405 [logback-1] WARN  JUnitAnalyzer - EvoSuite problem: tests set up a security manager, but they do not remove it after execution
[MASTER] 13:50:53.439 [logback-1] WARN  JUnitAnalyzer - EvoSuite problem: tests set up a security manager, but they do not remove it after execution
[MASTER] 13:50:54.039 [logback-1] WARN  JUnitAnalyzer - EvoSuite problem: tests set up a security manager, but they do not remove it after execution
[MASTER] 13:50:54.080 [logback-1] WARN  JUnitAnalyzer - EvoSuite problem: tests set up a security manager, but they do not remove it after execution
[MASTER] 13:50:54.125 [logback-1] WARN  JUnitAnalyzer - EvoSuite problem: tests set up a security manager, but they do not remove it after execution
[MASTER] 13:50:54.158 [logback-1] WARN  JUnitAnalyzer - EvoSuite problem: tests set up a security manager, but they do not remove it after execution
[MASTER] 13:50:54.199 [logback-1] WARN  JUnitAnalyzer - EvoSuite problem: tests set up a security manager, but they do not remove it after execution
[MASTER] 13:50:54.235 [logback-1] WARN  JUnitAnalyzer - EvoSuite problem: tests set up a security manager, but they do not remove it after execution
[MASTER] 13:50:54.269 [logback-1] WARN  JUnitAnalyzer - EvoSuite problem: tests set up a security manager, but they do not remove it after execution
[MASTER] 13:50:54.683 [logback-1] WARN  JUnitAnalyzer - EvoSuite problem: tests set up a security manager, but they do not remove it after execution
[MASTER] 13:50:54.713 [logback-1] WARN  JUnitAnalyzer - EvoSuite problem: tests set up a security manager, but they do not remove it after execution
[MASTER] 13:50:54.743 [logback-1] WARN  JUnitAnalyzer - EvoSuite problem: tests set up a security manager, but they do not remove it after execution
[MASTER] 13:50:54.774 [logback-1] WARN  JUnitAnalyzer - EvoSuite problem: tests set up a security manager, but they do not remove it after execution
[MASTER] 13:50:54.806 [logback-1] WARN  JUnitAnalyzer - EvoSuite problem: tests set up a security manager, but they do not remove it after execution
[MASTER] 13:50:54.847 [logback-1] WARN  JUnitAnalyzer - EvoSuite problem: tests set up a security manager, but they do not remove it after execution
[MASTER] 13:50:54.876 [logback-1] WARN  JUnitAnalyzer - EvoSuite problem: tests set up a security manager, but they do not remove it after execution
[MASTER] 13:50:54.915 [logback-1] WARN  JUnitAnalyzer - EvoSuite problem: tests set up a security manager, but they do not remove it after execution
[MASTER] 13:50:54.947 [logback-1] WARN  JUnitAnalyzer - EvoSuite problem: tests set up a security manager, but they do not remove it after execution
[MASTER] 13:50:54.995 [logback-1] WARN  JUnitAnalyzer - EvoSuite problem: tests set up a security manager, but they do not remove it after execution
[MASTER] 13:50:55.028 [logback-1] WARN  JUnitAnalyzer - EvoSuite problem: tests set up a security manager, but they do not remove it after execution
[MASTER] 13:50:55.231 [logback-1] WARN  JUnitAnalyzer - EvoSuite problem: tests set up a security manager, but they do not remove it after execution
[MASTER] 13:50:55.261 [logback-1] WARN  JUnitAnalyzer - EvoSuite problem: tests set up a security manager, but they do not remove it after execution
[MASTER] 13:50:55.304 [logback-1] WARN  JUnitAnalyzer - EvoSuite problem: tests set up a security manager, but they do not remove it after execution
[MASTER] 13:50:55.337 [logback-1] WARN  JUnitAnalyzer - EvoSuite problem: tests set up a security manager, but they do not remove it after execution
[MASTER] 13:50:55.686 [logback-1] WARN  JUnitAnalyzer - EvoSuite problem: tests set up a security manager, but they do not remove it after execution
[MASTER] 13:50:55.715 [logback-1] WARN  JUnitAnalyzer - EvoSuite problem: tests set up a security manager, but they do not remove it after execution
[MASTER] 13:50:55.752 [logback-1] WARN  JUnitAnalyzer - EvoSuite problem: tests set up a security manager, but they do not remove it after execution
[MASTER] 13:50:55.788 [logback-1] WARN  JUnitAnalyzer - EvoSuite problem: tests set up a security manager, but they do not remove it after execution
[MASTER] 13:50:55.814 [logback-1] WARN  JUnitAnalyzer - EvoSuite problem: tests set up a security manager, but they do not remove it after execution
[MASTER] 13:50:55.842 [logback-1] WARN  JUnitAnalyzer - EvoSuite problem: tests set up a security manager, but they do not remove it after execution
[MASTER] 13:50:55.875 [logback-1] WARN  JUnitAnalyzer - EvoSuite problem: tests set up a security manager, but they do not remove it after execution
[MASTER] 13:50:55.904 [logback-1] WARN  JUnitAnalyzer - EvoSuite problem: tests set up a security manager, but they do not remove it after execution
[MASTER] 13:50:55.933 [logback-1] WARN  JUnitAnalyzer - EvoSuite problem: tests set up a security manager, but they do not remove it after execution
[MASTER] 13:50:55.963 [logback-1] WARN  JUnitAnalyzer - EvoSuite problem: tests set up a security manager, but they do not remove it after execution
[MASTER] 13:50:56.006 [logback-1] WARN  JUnitAnalyzer - EvoSuite problem: tests set up a security manager, but they do not remove it after execution
[MASTER] 13:50:56.035 [logback-1] WARN  JUnitAnalyzer - EvoSuite problem: tests set up a security manager, but they do not remove it after execution
[MASTER] 13:50:56.064 [logback-1] WARN  JUnitAnalyzer - EvoSuite problem: tests set up a security manager, but they do not remove it after execution
[MASTER] 13:50:56.092 [logback-1] WARN  JUnitAnalyzer - EvoSuite problem: tests set up a security manager, but they do not remove it after execution
[MASTER] 13:50:56.120 [logback-1] WARN  JUnitAnalyzer - EvoSuite problem: tests set up a security manager, but they do not remove it after execution
[MASTER] 13:50:56.147 [logback-1] WARN  JUnitAnalyzer - EvoSuite problem: tests set up a security manager, but they do not remove it after execution
[MASTER] 13:50:56.175 [logback-1] WARN  JUnitAnalyzer - EvoSuite problem: tests set up a security manager, but they do not remove it after execution
[MASTER] 13:50:56.203 [logback-1] WARN  JUnitAnalyzer - EvoSuite problem: tests set up a security manager, but they do not remove it after execution
[MASTER] 13:50:56.236 [logback-1] WARN  JUnitAnalyzer - EvoSuite problem: tests set up a security manager, but they do not remove it after execution
[MASTER] 13:50:56.264 [logback-1] WARN  JUnitAnalyzer - EvoSuite problem: tests set up a security manager, but they do not remove it after execution
[MASTER] 13:50:56.292 [logback-1] WARN  JUnitAnalyzer - EvoSuite problem: tests set up a security manager, but they do not remove it after execution
[MASTER] 13:50:56.320 [logback-1] WARN  JUnitAnalyzer - EvoSuite problem: tests set up a security manager, but they do not remove it after execution
[MASTER] 13:50:56.353 [logback-1] WARN  JUnitAnalyzer - EvoSuite problem: tests set up a security manager, but they do not remove it after execution
[MASTER] 13:50:56.838 [logback-1] WARN  JUnitAnalyzer - EvoSuite problem: tests set up a security manager, but they do not remove it after execution
[MASTER] 13:50:56.872 [logback-1] WARN  JUnitAnalyzer - EvoSuite problem: tests set up a security manager, but they do not remove it after execution
[MASTER] 13:50:56.908 [logback-1] WARN  JUnitAnalyzer - EvoSuite problem: tests set up a security manager, but they do not remove it after execution
[MASTER] 13:50:56.936 [logback-1] WARN  JUnitAnalyzer - EvoSuite problem: tests set up a security manager, but they do not remove it after execution
[MASTER] 13:50:56.964 [logback-1] WARN  JUnitAnalyzer - EvoSuite problem: tests set up a security manager, but they do not remove it after execution
[MASTER] 13:50:56.993 [logback-1] WARN  JUnitAnalyzer - EvoSuite problem: tests set up a security manager, but they do not remove it after execution
[MASTER] 13:50:57.023 [logback-1] WARN  JUnitAnalyzer - EvoSuite problem: tests set up a security manager, but they do not remove it after execution
[MASTER] 13:50:57.053 [logback-1] WARN  JUnitAnalyzer - EvoSuite problem: tests set up a security manager, but they do not remove it after execution
[MASTER] 13:50:57.085 [logback-1] WARN  JUnitAnalyzer - EvoSuite problem: tests set up a security manager, but they do not remove it after execution
[MASTER] 13:50:58.660 [logback-1] WARN  JUnitAnalyzer - EvoSuite problem: tests set up a security manager, but they do not remove it after execution
[MASTER] 13:50:58.661 [logback-2] ERROR JUnitAnalyzer - 1 test cases failed
[MASTER] 13:50:58.661 [logback-1] WARN  JUnitAnalyzer - Found unstable test named test0 -> class java.lang.AssertionError: null
[MASTER] 13:50:58.661 [logback-1] WARN  JUnitAnalyzer - Failing test:
 OpenMapRealVector openMapRealVector0 = new OpenMapRealVector(458, 458);
XMinus5Function xMinus5Function0 = new XMinus5Function();
OpenMapRealVector openMapRealVector1 = (OpenMapRealVector)openMapRealVector0.map(xMinus5Function0);
OpenMapRealVector openMapRealVector2 = (OpenMapRealVector)openMapRealVector0.projection((RealVector) openMapRealVector1);
openMapRealVector1.mapSubtractToSelf(458);
OpenMapRealVector openMapRealVector3 = openMapRealVector1.add(openMapRealVector2);
openMapRealVector2.subtract(openMapRealVector0);
openMapRealVector1.isInfinite();
openMapRealVector1.add((RealVector) openMapRealVector3);
assertFalse(openMapRealVector1.equals((Object)openMapRealVector3));
assertEquals(1.0, openMapRealVector1.getSparsity(), 0.01);


[MASTER] 13:50:58.712 [logback-1] WARN  JUnitAnalyzer - EvoSuite problem: tests set up a security manager, but they do not remove it after execution
[MASTER] 13:50:58.741 [logback-1] WARN  JUnitAnalyzer - EvoSuite problem: tests set up a security manager, but they do not remove it after execution
[MASTER] 13:50:58.772 [logback-1] WARN  JUnitAnalyzer - EvoSuite problem: tests set up a security manager, but they do not remove it after execution
[MASTER] 13:50:58.802 [logback-1] WARN  JUnitAnalyzer - EvoSuite problem: tests set up a security manager, but they do not remove it after execution
[MASTER] 13:50:58.829 [logback-1] WARN  JUnitAnalyzer - EvoSuite problem: tests set up a security manager, but they do not remove it after execution
[MASTER] 13:50:58.858 [logback-1] WARN  JUnitAnalyzer - EvoSuite problem: tests set up a security manager, but they do not remove it after execution
[MASTER] 13:50:58.886 [logback-1] WARN  JUnitAnalyzer - EvoSuite problem: tests set up a security manager, but they do not remove it after execution
[MASTER] 13:50:58.916 [logback-1] WARN  JUnitAnalyzer - EvoSuite problem: tests set up a security manager, but they do not remove it after execution
[MASTER] 13:50:58.948 [logback-1] WARN  JUnitAnalyzer - EvoSuite problem: tests set up a security manager, but they do not remove it after execution
[MASTER] 13:50:59.278 [logback-1] WARN  JUnitAnalyzer - EvoSuite problem: tests set up a security manager, but they do not remove it after execution
[MASTER] 13:50:59.280 [logback-2] ERROR JUnitAnalyzer - 1 test cases failed
[MASTER] 13:50:59.280 [logback-1] WARN  JUnitAnalyzer - Found unstable test named test0 -> class java.lang.AssertionError: Expecting exception: ConcurrentModificationException
[MASTER] 13:50:59.280 [logback-1] WARN  JUnitAnalyzer - Failing test:
 OpenMapRealVector openMapRealVector0 = new OpenMapRealVector(436, 436);
openMapRealVector0.mapSubtractToSelf(436);
openMapRealVector0.ebeDivide((RealVector) openMapRealVector0);

[MASTER] 13:50:59.311 [logback-1] WARN  JUnitAnalyzer - EvoSuite problem: tests set up a security manager, but they do not remove it after execution
[MASTER] 13:51:00.559 [logback-1] WARN  JUnitAnalyzer - EvoSuite problem: tests set up a security manager, but they do not remove it after execution
[MASTER] 13:51:00.589 [logback-1] WARN  JUnitAnalyzer - EvoSuite problem: tests set up a security manager, but they do not remove it after execution
[MASTER] 13:51:00.633 [logback-1] WARN  JUnitAnalyzer - EvoSuite problem: tests set up a security manager, but they do not remove it after execution
[MASTER] 13:51:00.662 [logback-1] WARN  JUnitAnalyzer - EvoSuite problem: tests set up a security manager, but they do not remove it after execution
[MASTER] 13:51:00.695 [logback-1] WARN  JUnitAnalyzer - EvoSuite problem: tests set up a security manager, but they do not remove it after execution
[MASTER] 13:51:01.030 [logback-1] WARN  JUnitAnalyzer - EvoSuite problem: tests set up a security manager, but they do not remove it after execution
[MASTER] 13:51:01.063 [logback-1] WARN  JUnitAnalyzer - EvoSuite problem: tests set up a security manager, but they do not remove it after execution
[MASTER] 13:51:01.093 [logback-1] WARN  JUnitAnalyzer - EvoSuite problem: tests set up a security manager, but they do not remove it after execution
[MASTER] 13:51:01.131 [logback-1] WARN  JUnitAnalyzer - EvoSuite problem: tests set up a security manager, but they do not remove it after execution
[MASTER] 13:51:01.161 [logback-1] WARN  JUnitAnalyzer - EvoSuite problem: tests set up a security manager, but they do not remove it after execution
[MASTER] 13:51:01.212 [logback-1] WARN  JUnitAnalyzer - EvoSuite problem: tests set up a security manager, but they do not remove it after execution
[MASTER] 13:51:01.239 [logback-1] WARN  JUnitAnalyzer - EvoSuite problem: tests set up a security manager, but they do not remove it after execution
[MASTER] 13:51:01.269 [logback-1] WARN  JUnitAnalyzer - EvoSuite problem: tests set up a security manager, but they do not remove it after execution
[MASTER] 13:51:01.299 [logback-1] WARN  JUnitAnalyzer - EvoSuite problem: tests set up a security manager, but they do not remove it after execution
[MASTER] 13:51:01.330 [logback-1] WARN  JUnitAnalyzer - EvoSuite problem: tests set up a security manager, but they do not remove it after execution
[MASTER] 13:51:01.357 [logback-1] WARN  JUnitAnalyzer - EvoSuite problem: tests set up a security manager, but they do not remove it after execution
[MASTER] 13:51:01.405 [logback-1] WARN  JUnitAnalyzer - EvoSuite problem: tests set up a security manager, but they do not remove it after execution
[MASTER] 13:51:01.456 [logback-1] WARN  JUnitAnalyzer - EvoSuite problem: tests set up a security manager, but they do not remove it after execution
[MASTER] 13:51:01.484 [logback-1] WARN  JUnitAnalyzer - EvoSuite problem: tests set up a security manager, but they do not remove it after execution
[MASTER] 13:51:01.812 [logback-1] WARN  JUnitAnalyzer - EvoSuite problem: tests set up a security manager, but they do not remove it after execution
[MASTER] 13:51:01.843 [logback-1] WARN  JUnitAnalyzer - EvoSuite problem: tests set up a security manager, but they do not remove it after execution
[MASTER] 13:51:01.872 [logback-1] WARN  JUnitAnalyzer - EvoSuite problem: tests set up a security manager, but they do not remove it after execution
[MASTER] 13:51:01.901 [logback-1] WARN  JUnitAnalyzer - EvoSuite problem: tests set up a security manager, but they do not remove it after execution
[MASTER] 13:51:01.929 [logback-1] WARN  JUnitAnalyzer - EvoSuite problem: tests set up a security manager, but they do not remove it after execution
[MASTER] 13:51:01.956 [logback-1] WARN  JUnitAnalyzer - EvoSuite problem: tests set up a security manager, but they do not remove it after execution
[MASTER] 13:51:01.983 [logback-1] WARN  JUnitAnalyzer - EvoSuite problem: tests set up a security manager, but they do not remove it after execution
[MASTER] 13:51:02.032 [logback-1] WARN  JUnitAnalyzer - EvoSuite problem: tests set up a security manager, but they do not remove it after execution
[MASTER] 13:51:02.112 [logback-1] WARN  JUnitAnalyzer - EvoSuite problem: tests set up a security manager, but they do not remove it after execution
[MASTER] 13:51:02.141 [logback-1] WARN  JUnitAnalyzer - EvoSuite problem: tests set up a security manager, but they do not remove it after execution
[MASTER] 13:51:02.171 [logback-1] WARN  JUnitAnalyzer - EvoSuite problem: tests set up a security manager, but they do not remove it after execution
[MASTER] 13:51:03.207 [logback-1] WARN  JUnitAnalyzer - EvoSuite problem: tests set up a security manager, but they do not remove it after execution
[MASTER] 13:51:03.237 [logback-1] WARN  JUnitAnalyzer - EvoSuite problem: tests set up a security manager, but they do not remove it after execution
[MASTER] 13:51:03.263 [logback-1] WARN  JUnitAnalyzer - EvoSuite problem: tests set up a security manager, but they do not remove it after execution
[MASTER] 13:51:03.311 [logback-1] WARN  JUnitAnalyzer - EvoSuite problem: tests set up a security manager, but they do not remove it after execution
[MASTER] 13:51:03.339 [logback-1] WARN  JUnitAnalyzer - EvoSuite problem: tests set up a security manager, but they do not remove it after execution
[MASTER] 13:51:03.369 [logback-1] WARN  JUnitAnalyzer - EvoSuite problem: tests set up a security manager, but they do not remove it after execution
[MASTER] 13:51:03.398 [logback-1] WARN  JUnitAnalyzer - EvoSuite problem: tests set up a security manager, but they do not remove it after execution
[MASTER] 13:51:03.425 [logback-1] WARN  JUnitAnalyzer - EvoSuite problem: tests set up a security manager, but they do not remove it after execution
[MASTER] 13:51:03.452 [logback-1] WARN  JUnitAnalyzer - EvoSuite problem: tests set up a security manager, but they do not remove it after execution
[MASTER] 13:51:03.479 [logback-1] WARN  JUnitAnalyzer - EvoSuite problem: tests set up a security manager, but they do not remove it after execution
[MASTER] 13:51:03.507 [logback-1] WARN  JUnitAnalyzer - EvoSuite problem: tests set up a security manager, but they do not remove it after execution
[MASTER] 13:51:03.533 [logback-1] WARN  JUnitAnalyzer - EvoSuite problem: tests set up a security manager, but they do not remove it after execution
[MASTER] 13:51:03.561 [logback-1] WARN  JUnitAnalyzer - EvoSuite problem: tests set up a security manager, but they do not remove it after execution
[MASTER] 13:51:03.588 [logback-1] WARN  JUnitAnalyzer - EvoSuite problem: tests set up a security manager, but they do not remove it after execution
[MASTER] 13:51:03.614 [logback-1] WARN  JUnitAnalyzer - EvoSuite problem: tests set up a security manager, but they do not remove it after execution
[MASTER] 13:51:03.641 [logback-1] WARN  JUnitAnalyzer - EvoSuite problem: tests set up a security manager, but they do not remove it after execution
[MASTER] 13:51:03.670 [logback-1] WARN  JUnitAnalyzer - EvoSuite problem: tests set up a security manager, but they do not remove it after execution
[MASTER] 13:51:03.699 [logback-1] WARN  JUnitAnalyzer - EvoSuite problem: tests set up a security manager, but they do not remove it after execution
[MASTER] 13:51:03.726 [logback-1] WARN  JUnitAnalyzer - EvoSuite problem: tests set up a security manager, but they do not remove it after execution
[MASTER] 13:51:03.753 [logback-1] WARN  JUnitAnalyzer - EvoSuite problem: tests set up a security manager, but they do not remove it after execution
[MASTER] 13:51:03.788 [logback-1] WARN  JUnitAnalyzer - EvoSuite problem: tests set up a security manager, but they do not remove it after execution
[MASTER] 13:51:03.841 [logback-1] WARN  JUnitAnalyzer - EvoSuite problem: tests set up a security manager, but they do not remove it after execution
[MASTER] 13:51:03.868 [logback-1] WARN  JUnitAnalyzer - EvoSuite problem: tests set up a security manager, but they do not remove it after execution
[MASTER] 13:51:03.894 [logback-1] WARN  JUnitAnalyzer - EvoSuite problem: tests set up a security manager, but they do not remove it after execution
[MASTER] 13:51:03.922 [logback-1] WARN  JUnitAnalyzer - EvoSuite problem: tests set up a security manager, but they do not remove it after execution
[MASTER] 13:51:03.951 [logback-1] WARN  JUnitAnalyzer - EvoSuite problem: tests set up a security manager, but they do not remove it after execution
[MASTER] 13:51:03.979 [logback-1] WARN  JUnitAnalyzer - EvoSuite problem: tests set up a security manager, but they do not remove it after execution
[MASTER] 13:51:04.005 [logback-1] WARN  JUnitAnalyzer - EvoSuite problem: tests set up a security manager, but they do not remove it after execution
[MASTER] 13:51:04.032 [logback-1] WARN  JUnitAnalyzer - EvoSuite problem: tests set up a security manager, but they do not remove it after execution
[MASTER] 13:51:04.059 [logback-1] WARN  JUnitAnalyzer - EvoSuite problem: tests set up a security manager, but they do not remove it after execution
[MASTER] 13:51:04.091 [logback-1] WARN  JUnitAnalyzer - EvoSuite problem: tests set up a security manager, but they do not remove it after execution
[MASTER] 13:51:04.121 [logback-1] WARN  JUnitAnalyzer - EvoSuite problem: tests set up a security manager, but they do not remove it after execution
[MASTER] 13:51:04.149 [logback-1] WARN  JUnitAnalyzer - EvoSuite problem: tests set up a security manager, but they do not remove it after execution
[MASTER] 13:51:04.191 [logback-1] WARN  JUnitAnalyzer - EvoSuite problem: tests set up a security manager, but they do not remove it after execution
[MASTER] 13:51:04.224 [logback-1] WARN  JUnitAnalyzer - EvoSuite problem: tests set up a security manager, but they do not remove it after execution
[MASTER] 13:51:04.250 [logback-1] WARN  JUnitAnalyzer - EvoSuite problem: tests set up a security manager, but they do not remove it after execution
[MASTER] 13:51:04.276 [logback-1] WARN  JUnitAnalyzer - EvoSuite problem: tests set up a security manager, but they do not remove it after execution
[MASTER] 13:51:04.301 [logback-1] WARN  JUnitAnalyzer - EvoSuite problem: tests set up a security manager, but they do not remove it after execution
[MASTER] 13:51:04.326 [logback-1] WARN  JUnitAnalyzer - EvoSuite problem: tests set up a security manager, but they do not remove it after execution
[MASTER] 13:51:04.352 [logback-1] WARN  JUnitAnalyzer - EvoSuite problem: tests set up a security manager, but they do not remove it after execution
[MASTER] 13:51:04.378 [logback-1] WARN  JUnitAnalyzer - EvoSuite problem: tests set up a security manager, but they do not remove it after execution
[MASTER] 13:51:04.406 [logback-1] WARN  JUnitAnalyzer - EvoSuite problem: tests set up a security manager, but they do not remove it after execution
[MASTER] 13:51:04.433 [logback-1] WARN  JUnitAnalyzer - EvoSuite problem: tests set up a security manager, but they do not remove it after execution
[MASTER] 13:51:04.462 [logback-1] WARN  JUnitAnalyzer - EvoSuite problem: tests set up a security manager, but they do not remove it after execution
[MASTER] 13:51:04.489 [logback-1] WARN  JUnitAnalyzer - EvoSuite problem: tests set up a security manager, but they do not remove it after execution
[MASTER] 13:51:04.517 [logback-1] WARN  JUnitAnalyzer - EvoSuite problem: tests set up a security manager, but they do not remove it after execution
[MASTER] 13:51:04.605 [logback-1] WARN  JUnitAnalyzer - EvoSuite problem: tests set up a security manager, but they do not remove it after execution
[MASTER] 13:51:04.632 [logback-1] WARN  JUnitAnalyzer - EvoSuite problem: tests set up a security manager, but they do not remove it after execution
[MASTER] 13:51:04.679 [logback-1] WARN  JUnitAnalyzer - EvoSuite problem: tests set up a security manager, but they do not remove it after execution
[MASTER] 13:51:04.706 [logback-1] WARN  JUnitAnalyzer - EvoSuite problem: tests set up a security manager, but they do not remove it after execution
[MASTER] 13:51:04.735 [logback-1] WARN  JUnitAnalyzer - EvoSuite problem: tests set up a security manager, but they do not remove it after execution
[MASTER] 13:51:04.736 [logback-1] WARN  JUnitAnalyzer - Found unstable test named test0 -> class org.apache.commons.math.exception.MathArithmeticException: zero norm
[MASTER] 13:51:04.736 [logback-2] ERROR JUnitAnalyzer - 1 test cases failed
[MASTER] 13:51:04.736 [logback-1] WARN  JUnitAnalyzer - Failing test:
 OpenMapRealVector openMapRealVector0 = new OpenMapRealVector((-1073), (-1073));
OpenMapRealVector openMapRealVector1 = openMapRealVector0.unitVector();
assertNotSame(openMapRealVector1, openMapRealVector0);


[MASTER] 13:51:04.762 [logback-1] WARN  JUnitAnalyzer - EvoSuite problem: tests set up a security manager, but they do not remove it after execution
[MASTER] 13:51:04.792 [logback-1] WARN  JUnitAnalyzer - EvoSuite problem: tests set up a security manager, but they do not remove it after execution
[MASTER] 13:51:04.820 [logback-1] WARN  JUnitAnalyzer - EvoSuite problem: tests set up a security manager, but they do not remove it after execution
[MASTER] 13:51:04.848 [logback-1] WARN  JUnitAnalyzer - EvoSuite problem: tests set up a security manager, but they do not remove it after execution
[MASTER] 13:51:04.875 [logback-1] WARN  JUnitAnalyzer - EvoSuite problem: tests set up a security manager, but they do not remove it after execution
[MASTER] 13:51:04.902 [logback-1] WARN  JUnitAnalyzer - EvoSuite problem: tests set up a security manager, but they do not remove it after execution
[MASTER] 13:51:04.929 [logback-1] WARN  JUnitAnalyzer - EvoSuite problem: tests set up a security manager, but they do not remove it after execution
[MASTER] 13:51:04.958 [logback-1] WARN  JUnitAnalyzer - EvoSuite problem: tests set up a security manager, but they do not remove it after execution
[MASTER] 13:51:04.986 [logback-1] WARN  JUnitAnalyzer - EvoSuite problem: tests set up a security manager, but they do not remove it after execution
[MASTER] 13:51:05.013 [logback-1] WARN  JUnitAnalyzer - EvoSuite problem: tests set up a security manager, but they do not remove it after execution
[MASTER] 13:51:05.043 [logback-1] WARN  JUnitAnalyzer - EvoSuite problem: tests set up a security manager, but they do not remove it after execution
[MASTER] 13:51:05.404 [logback-1] WARN  JUnitAnalyzer - EvoSuite problem: tests set up a security manager, but they do not remove it after execution
[MASTER] 13:51:05.433 [logback-1] WARN  JUnitAnalyzer - EvoSuite problem: tests set up a security manager, but they do not remove it after execution
[MASTER] 13:51:05.466 [logback-1] WARN  JUnitAnalyzer - EvoSuite problem: tests set up a security manager, but they do not remove it after execution
[MASTER] 13:51:05.495 [logback-1] WARN  JUnitAnalyzer - EvoSuite problem: tests set up a security manager, but they do not remove it after execution
[MASTER] 13:51:05.894 [logback-1] WARN  JUnitAnalyzer - EvoSuite problem: tests set up a security manager, but they do not remove it after execution
[MASTER] 13:51:06.248 [logback-1] WARN  JUnitAnalyzer - EvoSuite problem: tests set up a security manager, but they do not remove it after execution
[MASTER] 13:51:06.277 [logback-1] WARN  JUnitAnalyzer - EvoSuite problem: tests set up a security manager, but they do not remove it after execution
[MASTER] 13:51:06.311 [logback-1] WARN  JUnitAnalyzer - EvoSuite problem: tests set up a security manager, but they do not remove it after execution
[MASTER] 13:51:06.351 [logback-1] WARN  JUnitAnalyzer - EvoSuite problem: tests set up a security manager, but they do not remove it after execution
[MASTER] 13:51:06.378 [logback-1] WARN  JUnitAnalyzer - EvoSuite problem: tests set up a security manager, but they do not remove it after execution
[MASTER] 13:51:06.406 [logback-1] WARN  JUnitAnalyzer - EvoSuite problem: tests set up a security manager, but they do not remove it after execution
[MASTER] 13:51:06.442 [logback-1] WARN  JUnitAnalyzer - EvoSuite problem: tests set up a security manager, but they do not remove it after execution
[MASTER] 13:51:06.477 [logback-1] WARN  JUnitAnalyzer - EvoSuite problem: tests set up a security manager, but they do not remove it after execution
[MASTER] 13:51:15.397 [logback-1] WARN  JUnitAnalyzer - EvoSuite problem: tests set up a security manager, but they do not remove it after execution
[MASTER] 13:51:24.636 [logback-1] WARN  JUnitAnalyzer - EvoSuite problem: tests set up a security manager, but they do not remove it after execution
* Writing JUnit test case 'OpenMapRealVector_ESTest' to evosuite-tests
* Done!


------------