* EvoSuite 1.0.4-SNAPSHOT
* Going to generate test cases for class: org.jfree.chart.block.BorderArrangement
* Starting client
* Connecting to master process on port 3457
* Analyzing classpath: 
  - /tmp/chart_13_Genprog_local_s1/lib/
  - /tmp/chart_13_Genprog_local_s1/lib/junit.jar
  - /tmp/chart_13_Genprog_local_s1/lib/junit-4.11.jar
  - /tmp/chart_13_Genprog_local_s1/lib/itext-2.0.6.jar
  - /tmp/chart_13_Genprog_local_s1/lib/jtestex-0.0.1.jar
  - /tmp/chart_13_Genprog_local_s1/lib/fixran-0.0.1.jar
  - /tmp/chart_13_Genprog_local_s1/lib/cobertura-2.0.3.jar
  - /tmp/chart_13_Genprog_local_s1/lib/servlet.jar
  - /tmp/chart_13_Genprog_local_s1/./outputMutation/AstorMain-Chart/bin/default/
* Finished analyzing classpath
* Generating tests for class org.jfree.chart.block.BorderArrangement
* Test criteria:
  - Line Coverage
  - Branch Coverage
  - Exception
  - Mutation testing (weak)
  - Method-Output Coverage
  - Top-Level Method Coverage
  - No-Exception Top-Level Method Coverage
  - Context Branch Coverage
* Setting up search algorithm for whole suite generation
* Total number of test goals: 
  - Line 221
  - Branch 122
  - Exception 0
  - MutationFactory 249
  - Output 44
  - Method 10
  - MethodNoException 10
  - CBranchFitnessFactory 122

[Progress:>                             0%] [Cov:>                                  0%]* Using seed 24
* Starting evolution

[Progress:>                             0%] [Cov:====>                              12%]
[Progress:>                             0%] [Cov:====>                              13%]
[Progress:>                             0%] [Cov:=====>                             16%]
[Progress:>                             0%] [Cov:======>                            18%]
[Progress:>                             0%] [Cov:======>                            19%]
[Progress:>                             0%] [Cov:========>                          23%]
[Progress:>                             0%] [Cov:========>                          24%]
[Progress:>                             0%] [Cov:========>                          24%]
[Progress:>                             0%] [Cov:==============>                    42%]
[Progress:>                             0%] [Cov:==============>                    42%]
[Progress:>                             0%] [Cov:===============>                   43%]
[Progress:>                             0%] [Cov:===============>                   43%]
[Progress:>                             0%] [Cov:===============>                   43%]
[Progress:>                             0%] [Cov:===============>                   43%]
[Progress:>                             0%] [Cov:===============>                   43%]
[Progress:>                             0%] [Cov:===============>                   44%]
[Progress:>                             0%] [Cov:===============>                   44%]
[Progress:>                             0%] [Cov:===============>                   44%]
[Progress:>                             0%] [Cov:===============>                   44%]
[Progress:>                             0%] [Cov:===============>                   44%]
[Progress:>                             0%] [Cov:===============>                   43%]
[Progress:>                             0%] [Cov:===============>                   44%]
[Progress:>                             0%] [Cov:===============>                   44%]
[Progress:>                             0%] [Cov:===============>                   45%]
[Progress:>                             0%] [Cov:================>                  46%]
[Progress:>                             0%] [Cov:================>                  48%]
[Progress:>                             0%] [Cov:=================>                 49%]
[Progress:>                             0%] [Cov:=================>                 49%]
[Progress:>                             0%] [Cov:=================>                 49%]
[Progress:>                             0%] [Cov:=================>                 50%]
[Progress:>                             0%] [Cov:=================>                 50%]
[Progress:>                             0%] [Cov:=================>                 50%]
[Progress:>                             0%] [Cov:=================>                 50%]
[Progress:>                             0%] [Cov:=================>                 50%]
[Progress:>                             0%] [Cov:=================>                 50%]
[Progress:>                             0%] [Cov:=================>                 50%]
[Progress:>                             0%] [Cov:=================>                 50%]
[Progress:>                             0%] [Cov:=================>                 50%]
[Progress:>                             0%] [Cov:=================>                 50%]
[Progress:>                             0%] [Cov:=================>                 50%]
[Progress:>                             0%] [Cov:=================>                 50%]
[Progress:>                             0%] [Cov:=================>                 50%]
[Progress:>                             0%] [Cov:=================>                 50%]
[Progress:>                             0%] [Cov:=================>                 50%]
[Progress:>                             0%] [Cov:=================>                 50%]
[Progress:>                             0%] [Cov:=================>                 50%]
[Progress:>                             0%] [Cov:=================>                 50%]
[Progress:>                             0%] [Cov:=================>                 50%]
[Progress:>                             0%] [Cov:=================>                 50%]
[Progress:>                             0%] [Cov:=================>                 50%]
[Progress:>                             0%] [Cov:=================>                 50%]
[Progress:>                             0%] [Cov:=================>                 50%]
[Progress:>                             0%] [Cov:=================>                 50%]
[Progress:>                             0%] [Cov:=================>                 50%]
[Progress:>                             0%] [Cov:=================>                 51%]
[Progress:>                             0%] [Cov:==================>                52%]
[Progress:>                             0%] [Cov:==================>                52%]
[Progress:>                             0%] [Cov:==================>                52%]
[Progress:>                             0%] [Cov:==================>                52%]
[Progress:>                             0%] [Cov:==================>                52%]
[Progress:>                             0%] [Cov:==================>                52%]
[Progress:>                             0%] [Cov:==================>                52%]
[Progress:>                             0%] [Cov:==================>                52%]
[Progress:>                             0%] [Cov:==================>                53%]
[Progress:>                             0%] [Cov:==================>                53%]
[Progress:>                             0%] [Cov:==================>                53%]
[Progress:>                             0%] [Cov:==================>                53%]
[Progress:>                             0%] [Cov:==================>                53%]
[Progress:>                             0%] [Cov:==================>                53%]
[Progress:>                             0%] [Cov:==================>                53%]
[Progress:>                             0%] [Cov:==================>                53%]
[Progress:>                             0%] [Cov:==================>                53%]
[Progress:>                             0%] [Cov:==================>                53%]
[Progress:>                             0%] [Cov:==================>                53%]
[Progress:>                             0%] [Cov:==================>                53%]
[Progress:>                             0%] [Cov:==================>                53%]
[Progress:>                             0%] [Cov:==================>                53%]
[Progress:>                             0%] [Cov:==================>                53%]
[Progress:>                             0%] [Cov:==================>                53%]
[Progress:>                             0%] [Cov:==================>                53%]
[Progress:>                             0%] [Cov:==================>                53%]
[Progress:>                             0%] [Cov:==================>                53%]
[Progress:>                             0%] [Cov:==================>                53%]
[Progress:>                             0%] [Cov:==================>                53%]
[Progress:>                             0%] [Cov:==================>                53%]
[Progress:>                             0%] [Cov:==================>                53%]
[Progress:>                             0%] [Cov:==================>                53%]
[Progress:>                             0%] [Cov:==================>                53%]
[Progress:>                             0%] [Cov:==================>                53%]
[Progress:>                             0%] [Cov:==================>                53%]
[Progress:>                             0%] [Cov:==================>                53%]
[Progress:>                             0%] [Cov:==================>                53%]
[Progress:>                             0%] [Cov:==================>                53%]
[Progress:>                             0%] [Cov:==================>                53%]
[Progress:>                             0%] [Cov:==================>                53%]
[Progress:>                             0%] [Cov:==================>                53%]
[Progress:>                             0%] [Cov:==================>                53%]
[Progress:>                             0%] [Cov:==================>                53%]
[Progress:>                             0%] [Cov:==================>                53%]
[Progress:>                             0%] [Cov:==================>                53%]
[Progress:>                             0%] [Cov:==================>                53%]
[Progress:>                             0%] [Cov:==================>                53%]
[Progress:>                             0%] [Cov:==================>                53%]
[Progress:>                             0%] [Cov:==================>                53%]
[Progress:>                             0%] [Cov:==================>                53%]
[Progress:>                             0%] [Cov:==================>                53%]
[Progress:>                             0%] [Cov:==================>                53%]
[Progress:>                             0%] [Cov:==================>                53%]
[Progress:>                             0%] [Cov:==================>                53%]
[Progress:>                             0%] [Cov:==================>                53%]
[Progress:>                             0%] [Cov:==================>                53%]
[Progress:>                             0%] [Cov:==================>                53%]
[Progress:>                             0%] [Cov:==================>                53%]
[Progress:>                             0%] [Cov:==================>                53%]
[Progress:>                             0%] [Cov:==================>                53%]
[Progress:>                             0%] [Cov:==================>                53%]
[Progress:>                             0%] [Cov:==================>                53%]
[Progress:>                             0%] [Cov:==================>                53%]
[Progress:>                             0%] [Cov:==================>                53%]
[Progress:>                             0%] [Cov:==================>                53%]
[Progress:>                             0%] [Cov:==================>                54%]
[Progress:>                             0%] [Cov:===================>               55%]
[Progress:>                             0%] [Cov:===================>               55%]
[Progress:>                             0%] [Cov:===================>               55%]
[Progress:>                             0%] [Cov:===================>               55%]
[Progress:>                             0%] [Cov:===================>               55%]
[Progress:>                             0%] [Cov:===================>               55%]
[Progress:>                             0%] [Cov:===================>               55%]
[Progress:>                             0%] [Cov:===================>               55%]
[Progress:>                             0%] [Cov:===================>               55%]
[Progress:>                             0%] [Cov:===================>               55%]
[Progress:>                             0%] [Cov:===================>               55%]
[Progress:>                             0%] [Cov:===================>               55%]
[Progress:>                             0%] [Cov:===================>               55%]
[Progress:>                             0%] [Cov:===================>               55%]
[Progress:>                             0%] [Cov:===================>               55%]
[Progress:>                             0%] [Cov:===================>               55%]
[Progress:>                             0%] [Cov:===================>               55%]
[Progress:>                             0%] [Cov:===================>               56%]
[Progress:>                             0%] [Cov:===================>               55%]
[Progress:>                             0%] [Cov:===================>               56%]
[Progress:>                             0%] [Cov:===================>               56%]
[Progress:>                             0%] [Cov:===================>               56%]
[Progress:>                             0%] [Cov:===================>               56%]
[Progress:>                             0%] [Cov:===================>               56%]
[Progress:>                             0%] [Cov:===================>               56%]
[Progress:>                             0%] [Cov:===================>               56%]
[Progress:>                             0%] [Cov:===================>               56%]
[Progress:>                             0%] [Cov:===================>               56%]
[Progress:>                             0%] [Cov:===================>               56%]
[Progress:>                             0%] [Cov:===================>               56%]
[Progress:>                             0%] [Cov:===================>               56%]
[Progress:>                             0%] [Cov:===================>               56%]
[Progress:>                             0%] [Cov:===================>               56%]
[Progress:>                             0%] [Cov:===================>               56%]
[Progress:>                             0%] [Cov:===================>               56%]
[Progress:>                             0%] [Cov:===================>               56%]
[Progress:>                             0%] [Cov:===================>               56%]
[Progress:>                             0%] [Cov:===================>               56%]
[Progress:>                             0%] [Cov:===================>               56%]
[Progress:>                             0%] [Cov:===================>               56%]
[Progress:>                             0%] [Cov:===================>               56%]
[Progress:>                             0%] [Cov:===================>               56%]
[Progress:>                             0%] [Cov:===================>               56%]
[Progress:>                             0%] [Cov:===================>               56%]
[Progress:>                             0%] [Cov:===================>               56%]
[Progress:>                             0%] [Cov:===================>               56%]
[Progress:>                             0%] [Cov:===================>               56%]
[Progress:>                             0%] [Cov:===================>               56%]
[Progress:>                             0%] [Cov:===================>               56%]
[Progress:>                             0%] [Cov:===================>               56%]
[Progress:>                             0%] [Cov:===================>               56%]
[Progress:>                             0%] [Cov:===================>               56%]
[Progress:>                             0%] [Cov:===================>               56%]
[Progress:>                             0%] [Cov:===================>               56%]
[Progress:>                             0%] [Cov:===================>               56%]
[Progress:>                             0%] [Cov:===================>               56%]
[Progress:>                             0%] [Cov:===================>               56%]
[Progress:>                             0%] [Cov:===================>               56%]
[Progress:>                             0%] [Cov:===================>               56%]
[Progress:>                             0%] [Cov:===================>               56%]
[Progress:>                             0%] [Cov:===================>               56%]
[Progress:>                             0%] [Cov:===================>               56%]
[Progress:>                             0%] [Cov:===================>               56%]
[Progress:>                             0%] [Cov:===================>               56%]
[Progress:>                             0%] [Cov:===================>               56%]
[Progress:>                             0%] [Cov:===================>               56%]
[Progress:>                             0%] [Cov:===================>               56%]
[Progress:>                             0%] [Cov:===================>               56%]
[Progress:>                             0%] [Cov:===================>               56%]
[Progress:>                             0%] [Cov:===================>               56%]
[Progress:>                             0%] [Cov:===================>               57%]
[Progress:>                             0%] [Cov:===================>               57%]
[Progress:>                             0%] [Cov:===================>               57%]
[Progress:>                             0%] [Cov:===================>               57%]
[Progress:>                             0%] [Cov:===================>               57%]
[Progress:>                             0%] [Cov:===================>               57%]
[Progress:>                             0%] [Cov:===================>               57%]
[Progress:>                             0%] [Cov:===================>               57%]
[Progress:>                             0%] [Cov:===================>               57%]
[Progress:>                             0%] [Cov:===================>               57%]
[Progress:>                             0%] [Cov:===================>               57%]
[Progress:>                             0%] [Cov:===================>               57%]
[Progress:>                             0%] [Cov:===================>               57%]
[Progress:>                             0%] [Cov:===================>               57%]
[Progress:>                             0%] [Cov:===================>               57%]
[Progress:>                             0%] [Cov:===================>               57%]
[Progress:>                             0%] [Cov:===================>               57%]
[Progress:>                             0%] [Cov:===================>               57%]
[Progress:>                             0%] [Cov:===================>               57%]
[Progress:>                             0%] [Cov:===================>               57%]
[Progress:>                             0%] [Cov:===================>               57%]
[Progress:>                             0%] [Cov:===================>               57%]
[Progress:>                             0%] [Cov:===================>               57%]
[Progress:>                             0%] [Cov:===================>               57%]
[Progress:>                             0%] [Cov:===================>               57%]
[Progress:>                             0%] [Cov:===================>               57%]
[Progress:>                             0%] [Cov:===================>               57%]
[Progress:>                             0%] [Cov:===================>               57%]
[Progress:>                             0%] [Cov:===================>               57%]
[Progress:>                             0%] [Cov:===================>               57%]
[Progress:>                             0%] [Cov:===================>               57%]
[Progress:>                             0%] [Cov:===================>               57%]
[Progress:>                             0%] [Cov:===================>               57%]
[Progress:>                             0%] [Cov:===================>               57%]
[Progress:>                             0%] [Cov:===================>               57%]
[Progress:>                             0%] [Cov:===================>               57%]
[Progress:>                             0%] [Cov:===================>               57%]
[Progress:>                             0%] [Cov:===================>               57%]
[Progress:>                             0%] [Cov:====================>              58%]
* Search finished after 91s and 206 generations, 100225 statements, best individual has fitness: 357.1012101210121
* Minimizing test suite
* Going to analyze the coverage criteria
* Coverage analysis for criterion LINE
* Coverage of criterion LINE: 55%
* Total number of goals: 221
* Number of covered goals: 121
* Coverage analysis for criterion BRANCH
* Coverage of criterion BRANCH: 54%
* Total number of goals: 122
* Number of covered goals: 66
* Coverage analysis for criterion EXCEPTION
* Coverage of criterion EXCEPTION: 100%
* Total number of goals: 8
* Number of covered goals: 8
* Coverage analysis for criterion WEAKMUTATION
* Coverage of criterion WEAKMUTATION: 46%
* Total number of goals: 249
* Number of covered goals: 114
* Coverage analysis for criterion OUTPUT
* Coverage of criterion OUTPUT: 25%
* Total number of goals: 44
* Number of covered goals: 11
* Coverage analysis for criterion METHOD
* Coverage of criterion METHOD: 100%
* Total number of goals: 10
* Number of covered goals: 10
* Coverage analysis for criterion METHODNOEXCEPTION
* Coverage of criterion METHODNOEXCEPTION: 70%
* Total number of goals: 10
* Number of covered goals: 7
* Coverage analysis for criterion CBRANCH
* Coverage of criterion CBRANCH: 49%
* Total number of goals: 122
* Number of covered goals: 60
* Generated 23 tests with total length 158
* Resulting test suite's coverage: 59% (average coverage for all fitness functions)
* Generating assertions
* Resulting test suite's mutation score: 25%
* Compiling and checking tests
[MASTER] 19:17:53.468 [logback-1] WARN  JUnitAnalyzer - EvoSuite problem: tests set up a security manager, but they do not remove it after execution
[MASTER] 19:17:53.470 [logback-2] ERROR JUnitAnalyzer - 1 test cases failed
[MASTER] 19:17:53.472 [logback-1] WARN  JUnitAnalyzer - Found unstable test named test0 -> class java.lang.SecurityException: Security manager blocks ("java.lang.RuntimePermission" "queuePrintJob")
java.lang.Thread.getStackTrace(Thread.java:1552)
org.evosuite.runtime.sandbox.MSecurityManager.checkPermission(MSecurityManager.java:433)
java.lang.SecurityManager.checkPrintJobAccess(SecurityManager.java:1378)
java.awt.print.PrinterJob.getPrinterJob(PrinterJob.java:75)
org.jfree.chart.block.BorderArrangement_23_tmp__ESTest.test0(BorderArrangement_23_tmp__ESTest.java:42)
sun.reflect.NativeMethodAccessorImpl.invoke0(Native Method)
sun.reflect.NativeMethodAccessorImpl.invoke(NativeMethodAccessorImpl.java:62)
sun.reflect.DelegatingMethodAccessorImpl.invoke(DelegatingMethodAccessorImpl.java:43)
java.lang.reflect.Method.invoke(Method.java:497)
org.junit.runners.model.FrameworkMethod$1.runReflectiveCall(FrameworkMethod.java:50)
org.junit.internal.runners.model.ReflectiveCallable.run(ReflectiveCallable.java:12)
org.junit.runners.model.FrameworkMethod.invokeExplosively(FrameworkMethod.java:47)
org.junit.internal.runners.statements.InvokeMethod.evaluate(InvokeMethod.java:17)
org.junit.internal.runners.statements.FailOnTimeout$CallableStatement.call(FailOnTimeout.java:298)
org.junit.internal.runners.statements.FailOnTimeout$CallableStatement.call(FailOnTimeout.java:292)
java.util.concurrent.FutureTask.run(FutureTask.java:266)
java.lang.Thread.run(Thread.java:745)

[MASTER] 19:17:53.472 [logback-1] WARN  JUnitAnalyzer - Failing test:
 BorderArrangement borderArrangement0 = new BorderArrangement();
LegendTitle legendTitle0 = new LegendTitle((LegendItemSource) null, (Arrangement) borderArrangement0, (Arrangement) borderArrangement0);
borderArrangement0.add(legendTitle0, legendTitle0.DEFAULT_POSITION);
BlockContainer blockContainer0 = legendTitle0.getItemContainer();
Document document0 = new Document();
PdfWriter pdfWriter0 = PdfWriter.getInstance(document0, (OutputStream) null);
char[] charArray0 = new char[11];
Type3Font type3Font0 = new Type3Font(pdfWriter0, charArray0, true);
Type3Glyph type3Glyph0 = (Type3Glyph)type3Font0.defineGlyph('4', 32, 16, 16, 1, 4096);
PSPrinterJob pSPrinterJob0 = (PSPrinterJob)PrinterJob.getPrinterJob();
PdfPrinterGraphics2D pdfPrinterGraphics2D0 = (PdfPrinterGraphics2D)type3Glyph0.createPrinterGraphicsShapes(0.0F, (float) 262144, true, (float) '5', (PrinterJob) pSPrinterJob0);
borderArrangement0.arrangeNN(blockContainer0, pdfPrinterGraphics2D0);

[MASTER] 19:17:53.553 [logback-1] WARN  JUnitAnalyzer - EvoSuite problem: tests set up a security manager, but they do not remove it after execution
[MASTER] 19:17:53.630 [logback-1] WARN  JUnitAnalyzer - EvoSuite problem: tests set up a security manager, but they do not remove it after execution
[MASTER] 19:17:53.630 [logback-1] WARN  JUnitAnalyzer - Found unstable test named test0 -> class java.lang.SecurityException: Security manager blocks ("java.lang.RuntimePermission" "queuePrintJob")
java.lang.Thread.getStackTrace(Thread.java:1552)
org.evosuite.runtime.sandbox.MSecurityManager.checkPermission(MSecurityManager.java:433)
java.lang.SecurityManager.checkPrintJobAccess(SecurityManager.java:1378)
java.awt.print.PrinterJob.getPrinterJob(PrinterJob.java:75)
org.jfree.chart.block.BorderArrangement_25_tmp__ESTest.test0(BorderArrangement_25_tmp__ESTest.java:44)
sun.reflect.NativeMethodAccessorImpl.invoke0(Native Method)
sun.reflect.NativeMethodAccessorImpl.invoke(NativeMethodAccessorImpl.java:62)
sun.reflect.DelegatingMethodAccessorImpl.invoke(DelegatingMethodAccessorImpl.java:43)
java.lang.reflect.Method.invoke(Method.java:497)
org.junit.runners.model.FrameworkMethod$1.runReflectiveCall(FrameworkMethod.java:50)
org.junit.internal.runners.model.ReflectiveCallable.run(ReflectiveCallable.java:12)
org.junit.runners.model.FrameworkMethod.invokeExplosively(FrameworkMethod.java:47)
org.junit.internal.runners.statements.InvokeMethod.evaluate(InvokeMethod.java:17)
org.junit.internal.runners.statements.FailOnTimeout$CallableStatement.call(FailOnTimeout.java:298)
org.junit.internal.runners.statements.FailOnTimeout$CallableStatement.call(FailOnTimeout.java:292)
java.util.concurrent.FutureTask.run(FutureTask.java:266)
java.lang.Thread.run(Thread.java:745)

[MASTER] 19:17:53.630 [logback-2] ERROR JUnitAnalyzer - 1 test cases failed
[MASTER] 19:17:53.631 [logback-1] WARN  JUnitAnalyzer - Failing test:
 BorderArrangement borderArrangement0 = new BorderArrangement();
LegendTitle legendTitle0 = new LegendTitle((LegendItemSource) null, (Arrangement) borderArrangement0, (Arrangement) borderArrangement0);
RectangleEdge rectangleEdge0 = RectangleEdge.LEFT;
borderArrangement0.add(legendTitle0, rectangleEdge0);
BlockContainer blockContainer0 = legendTitle0.getItemContainer();
Document document0 = new Document();
PdfWriter pdfWriter0 = PdfWriter.getInstance(document0, (OutputStream) null);
char[] charArray0 = new char[11];
Type3Font type3Font0 = new Type3Font(pdfWriter0, charArray0, true);
Type3Glyph type3Glyph0 = (Type3Glyph)type3Font0.defineGlyph('4', 32, 16, 16, 1, 4096);
PSPrinterJob pSPrinterJob0 = (PSPrinterJob)PrinterJob.getPrinterJob();
PdfPrinterGraphics2D pdfPrinterGraphics2D0 = (PdfPrinterGraphics2D)type3Glyph0.createPrinterGraphicsShapes(0.0F, (float) 262144, true, (float) '5', (PrinterJob) pSPrinterJob0);
borderArrangement0.arrangeNN(blockContainer0, pdfPrinterGraphics2D0);

[MASTER] 19:17:53.687 [logback-1] WARN  JUnitAnalyzer - EvoSuite problem: tests set up a security manager, but they do not remove it after execution
[MASTER] 19:17:53.742 [logback-1] WARN  JUnitAnalyzer - EvoSuite problem: tests set up a security manager, but they do not remove it after execution
[MASTER] 19:17:53.797 [logback-1] WARN  JUnitAnalyzer - EvoSuite problem: tests set up a security manager, but they do not remove it after execution
[MASTER] 19:17:53.873 [logback-1] WARN  JUnitAnalyzer - EvoSuite problem: tests set up a security manager, but they do not remove it after execution
[MASTER] 19:17:53.873 [logback-1] WARN  JUnitAnalyzer - Found unstable test named test0 -> class java.lang.SecurityException: Security manager blocks ("java.lang.RuntimePermission" "queuePrintJob")
java.lang.Thread.getStackTrace(Thread.java:1552)
org.evosuite.runtime.sandbox.MSecurityManager.checkPermission(MSecurityManager.java:433)
java.lang.SecurityManager.checkPrintJobAccess(SecurityManager.java:1378)
java.awt.print.PrinterJob.getPrinterJob(PrinterJob.java:75)
org.jfree.chart.block.BorderArrangement_29_tmp__ESTest.test0(BorderArrangement_29_tmp__ESTest.java:44)
sun.reflect.NativeMethodAccessorImpl.invoke0(Native Method)
sun.reflect.NativeMethodAccessorImpl.invoke(NativeMethodAccessorImpl.java:62)
sun.reflect.DelegatingMethodAccessorImpl.invoke(DelegatingMethodAccessorImpl.java:43)
java.lang.reflect.Method.invoke(Method.java:497)
org.junit.runners.model.FrameworkMethod$1.runReflectiveCall(FrameworkMethod.java:50)
org.junit.internal.runners.model.ReflectiveCallable.run(ReflectiveCallable.java:12)
org.junit.runners.model.FrameworkMethod.invokeExplosively(FrameworkMethod.java:47)
org.junit.internal.runners.statements.InvokeMethod.evaluate(InvokeMethod.java:17)
org.junit.internal.runners.statements.FailOnTimeout$CallableStatement.call(FailOnTimeout.java:298)
org.junit.internal.runners.statements.FailOnTimeout$CallableStatement.call(FailOnTimeout.java:292)
java.util.concurrent.FutureTask.run(FutureTask.java:266)
java.lang.Thread.run(Thread.java:745)

[MASTER] 19:17:53.873 [logback-2] ERROR JUnitAnalyzer - 1 test cases failed
[MASTER] 19:17:53.874 [logback-1] WARN  JUnitAnalyzer - Failing test:
 BorderArrangement borderArrangement0 = new BorderArrangement();
LegendTitle legendTitle0 = new LegendTitle((LegendItemSource) null, (Arrangement) borderArrangement0, (Arrangement) borderArrangement0);
RectangleEdge rectangleEdge0 = RectangleEdge.LEFT;
borderArrangement0.add(legendTitle0, rectangleEdge0);
BlockContainer blockContainer0 = legendTitle0.getItemContainer();
Document document0 = new Document();
PdfWriter pdfWriter0 = PdfWriter.getInstance(document0, (OutputStream) null);
char[] charArray0 = new char[10];
Type3Font type3Font0 = new Type3Font(pdfWriter0, charArray0, true);
Type3Glyph type3Glyph0 = (Type3Glyph)type3Font0.defineGlyph('4', 32, 16, 16, 1, 4096);
PSPrinterJob pSPrinterJob0 = (PSPrinterJob)PrinterJob.getPrinterJob();
PdfPrinterGraphics2D pdfPrinterGraphics2D0 = (PdfPrinterGraphics2D)type3Glyph0.createPrinterGraphicsShapes(0.0F, (float) 262144, true, 0.0F, (PrinterJob) pSPrinterJob0);
borderArrangement0.arrangeFN(blockContainer0, pdfPrinterGraphics2D0, 18);

[MASTER] 19:17:53.946 [logback-1] WARN  JUnitAnalyzer - EvoSuite problem: tests set up a security manager, but they do not remove it after execution
[MASTER] 19:17:53.947 [logback-1] WARN  JUnitAnalyzer - Found unstable test named test0 -> class java.lang.SecurityException: Security manager blocks ("java.lang.RuntimePermission" "queuePrintJob")
java.lang.Thread.getStackTrace(Thread.java:1552)
org.evosuite.runtime.sandbox.MSecurityManager.checkPermission(MSecurityManager.java:433)
java.lang.SecurityManager.checkPrintJobAccess(SecurityManager.java:1378)
java.awt.print.PrinterJob.getPrinterJob(PrinterJob.java:75)
org.jfree.chart.block.BorderArrangement_30_tmp__ESTest.test0(BorderArrangement_30_tmp__ESTest.java:43)
sun.reflect.NativeMethodAccessorImpl.invoke0(Native Method)
sun.reflect.NativeMethodAccessorImpl.invoke(NativeMethodAccessorImpl.java:62)
sun.reflect.DelegatingMethodAccessorImpl.invoke(DelegatingMethodAccessorImpl.java:43)
java.lang.reflect.Method.invoke(Method.java:497)
org.junit.runners.model.FrameworkMethod$1.runReflectiveCall(FrameworkMethod.java:50)
org.junit.internal.runners.model.ReflectiveCallable.run(ReflectiveCallable.java:12)
org.junit.runners.model.FrameworkMethod.invokeExplosively(FrameworkMethod.java:47)
org.junit.internal.runners.statements.InvokeMethod.evaluate(InvokeMethod.java:17)
org.junit.internal.runners.statements.FailOnTimeout$CallableStatement.call(FailOnTimeout.java:298)
org.junit.internal.runners.statements.FailOnTimeout$CallableStatement.call(FailOnTimeout.java:292)
java.util.concurrent.FutureTask.run(FutureTask.java:266)
java.lang.Thread.run(Thread.java:745)

[MASTER] 19:17:53.946 [logback-2] ERROR JUnitAnalyzer - 1 test cases failed
[MASTER] 19:17:53.947 [logback-1] WARN  JUnitAnalyzer - Failing test:
 BorderArrangement borderArrangement0 = new BorderArrangement();
LegendTitle legendTitle0 = new LegendTitle((LegendItemSource) null, (Arrangement) borderArrangement0, (Arrangement) borderArrangement0);
BlockContainer blockContainer0 = legendTitle0.getItemContainer();
Document document0 = new Document();
PdfWriter pdfWriter0 = PdfWriter.getInstance(document0, (OutputStream) null);
char[] charArray0 = new char[8];
blockContainer0.add((Block) legendTitle0);
Type3Font type3Font0 = new Type3Font(pdfWriter0, charArray0, true);
Type3Glyph type3Glyph0 = (Type3Glyph)type3Font0.defineGlyph('4', 32, 1.0F, 16, 1, 1179.2F);
PSPrinterJob pSPrinterJob0 = (PSPrinterJob)PrinterJob.getPrinterJob();
PdfPrinterGraphics2D pdfPrinterGraphics2D0 = (PdfPrinterGraphics2D)type3Glyph0.createPrinterGraphicsShapes(0.0F, (float) 262144, true, 0.0F, (PrinterJob) pSPrinterJob0);
borderArrangement0.arrangeFN(blockContainer0, pdfPrinterGraphics2D0, 18);

[MASTER] 19:17:53.998 [logback-1] WARN  JUnitAnalyzer - EvoSuite problem: tests set up a security manager, but they do not remove it after execution
[MASTER] 19:17:54.049 [logback-1] WARN  JUnitAnalyzer - EvoSuite problem: tests set up a security manager, but they do not remove it after execution
[MASTER] 19:17:54.086 [logback-1] WARN  JUnitAnalyzer - EvoSuite problem: tests set up a security manager, but they do not remove it after execution
[MASTER] 19:17:54.122 [logback-1] WARN  JUnitAnalyzer - EvoSuite problem: tests set up a security manager, but they do not remove it after execution
[MASTER] 19:17:54.196 [logback-1] WARN  JUnitAnalyzer - EvoSuite problem: tests set up a security manager, but they do not remove it after execution
[MASTER] 19:17:54.265 [logback-1] WARN  JUnitAnalyzer - EvoSuite problem: tests set up a security manager, but they do not remove it after execution
[MASTER] 19:17:54.266 [logback-1] WARN  JUnitAnalyzer - Found unstable test named test0 -> class java.lang.SecurityException: Security manager blocks ("java.lang.RuntimePermission" "queuePrintJob")
java.lang.Thread.getStackTrace(Thread.java:1552)
org.evosuite.runtime.sandbox.MSecurityManager.checkPermission(MSecurityManager.java:433)
java.lang.SecurityManager.checkPrintJobAccess(SecurityManager.java:1378)
java.awt.print.PrinterJob.getPrinterJob(PrinterJob.java:75)
org.jfree.chart.block.BorderArrangement_36_tmp__ESTest.test0(BorderArrangement_36_tmp__ESTest.java:41)
sun.reflect.NativeMethodAccessorImpl.invoke0(Native Method)
sun.reflect.NativeMethodAccessorImpl.invoke(NativeMethodAccessorImpl.java:62)
sun.reflect.DelegatingMethodAccessorImpl.invoke(DelegatingMethodAccessorImpl.java:43)
java.lang.reflect.Method.invoke(Method.java:497)
org.junit.runners.model.FrameworkMethod$1.runReflectiveCall(FrameworkMethod.java:50)
org.junit.internal.runners.model.ReflectiveCallable.run(ReflectiveCallable.java:12)
org.junit.runners.model.FrameworkMethod.invokeExplosively(FrameworkMethod.java:47)
org.junit.internal.runners.statements.InvokeMethod.evaluate(InvokeMethod.java:17)
org.junit.internal.runners.statements.FailOnTimeout$CallableStatement.call(FailOnTimeout.java:298)
org.junit.internal.runners.statements.FailOnTimeout$CallableStatement.call(FailOnTimeout.java:292)
java.util.concurrent.FutureTask.run(FutureTask.java:266)
java.lang.Thread.run(Thread.java:745)

[MASTER] 19:17:54.266 [logback-2] ERROR JUnitAnalyzer - 1 test cases failed
[MASTER] 19:17:54.266 [logback-1] WARN  JUnitAnalyzer - Failing test:
 BorderArrangement borderArrangement0 = new BorderArrangement();
LegendTitle legendTitle0 = new LegendTitle((LegendItemSource) null, (Arrangement) borderArrangement0, (Arrangement) borderArrangement0);
BlockContainer blockContainer0 = legendTitle0.getItemContainer();
Document document0 = new Document();
PdfWriter pdfWriter0 = PdfWriter.getInstance(document0, (OutputStream) null);
char[] charArray0 = new char[8];
Type3Font type3Font0 = new Type3Font(pdfWriter0, charArray0, true);
Type3Glyph type3Glyph0 = (Type3Glyph)type3Font0.defineGlyph('4', 32, 3, 16, 1, 2048);
PSPrinterJob pSPrinterJob0 = (PSPrinterJob)PrinterJob.getPrinterJob();
PdfPrinterGraphics2D pdfPrinterGraphics2D0 = (PdfPrinterGraphics2D)type3Glyph0.createPrinterGraphicsShapes(0.0F, (float) 262144, true, 0.0F, (PrinterJob) pSPrinterJob0);
borderArrangement0.add(blockContainer0, pdfPrinterGraphics2D0);

[MASTER] 19:17:54.323 [logback-1] WARN  JUnitAnalyzer - EvoSuite problem: tests set up a security manager, but they do not remove it after execution
[MASTER] 19:17:54.323 [logback-1] WARN  JUnitAnalyzer - Found unstable test named test0 -> class java.lang.SecurityException: Security manager blocks ("java.lang.RuntimePermission" "queuePrintJob")
java.lang.Thread.getStackTrace(Thread.java:1552)
org.evosuite.runtime.sandbox.MSecurityManager.checkPermission(MSecurityManager.java:433)
java.lang.SecurityManager.checkPrintJobAccess(SecurityManager.java:1378)
java.awt.print.PrinterJob.getPrinterJob(PrinterJob.java:75)
org.jfree.chart.block.BorderArrangement_37_tmp__ESTest.test0(BorderArrangement_37_tmp__ESTest.java:42)
sun.reflect.NativeMethodAccessorImpl.invoke0(Native Method)
sun.reflect.NativeMethodAccessorImpl.invoke(NativeMethodAccessorImpl.java:62)
sun.reflect.DelegatingMethodAccessorImpl.invoke(DelegatingMethodAccessorImpl.java:43)
java.lang.reflect.Method.invoke(Method.java:497)
org.junit.runners.model.FrameworkMethod$1.runReflectiveCall(FrameworkMethod.java:50)
org.junit.internal.runners.model.ReflectiveCallable.run(ReflectiveCallable.java:12)
org.junit.runners.model.FrameworkMethod.invokeExplosively(FrameworkMethod.java:47)
org.junit.internal.runners.statements.InvokeMethod.evaluate(InvokeMethod.java:17)
org.junit.internal.runners.statements.FailOnTimeout$CallableStatement.call(FailOnTimeout.java:298)
org.junit.internal.runners.statements.FailOnTimeout$CallableStatement.call(FailOnTimeout.java:292)
java.util.concurrent.FutureTask.run(FutureTask.java:266)
java.lang.Thread.run(Thread.java:745)

[MASTER] 19:17:54.323 [logback-2] ERROR JUnitAnalyzer - 1 test cases failed
[MASTER] 19:17:54.324 [logback-1] WARN  JUnitAnalyzer - Failing test:
 BorderArrangement borderArrangement0 = new BorderArrangement();
LegendTitle legendTitle0 = new LegendTitle((LegendItemSource) null, (Arrangement) borderArrangement0, (Arrangement) borderArrangement0);
BlockContainer blockContainer0 = legendTitle0.getItemContainer();
Document document0 = new Document();
PdfWriter pdfWriter0 = PdfWriter.getInstance(document0, (OutputStream) null);
char[] charArray0 = new char[12];
Type3Font type3Font0 = new Type3Font(pdfWriter0, charArray0, true);
Type3Glyph type3Glyph0 = (Type3Glyph)type3Font0.defineGlyph('4', 32, 1.0F, 16, 1, 1179.2F);
PSPrinterJob pSPrinterJob0 = (PSPrinterJob)PrinterJob.getPrinterJob();
PdfPrinterGraphics2D pdfPrinterGraphics2D0 = (PdfPrinterGraphics2D)type3Glyph0.createPrinterGraphicsShapes(0.0F, (float) 262144, true, 0.0F, (PrinterJob) pSPrinterJob0);
borderArrangement0.arrange(blockContainer0, pdfPrinterGraphics2D0, (RectangleConstraint) null);

[MASTER] 19:17:54.364 [logback-1] WARN  JUnitAnalyzer - EvoSuite problem: tests set up a security manager, but they do not remove it after execution
[MASTER] 19:17:54.402 [logback-1] WARN  JUnitAnalyzer - EvoSuite problem: tests set up a security manager, but they do not remove it after execution
[MASTER] 19:17:54.444 [logback-1] WARN  JUnitAnalyzer - EvoSuite problem: tests set up a security manager, but they do not remove it after execution
[MASTER] 19:17:54.482 [logback-1] WARN  JUnitAnalyzer - EvoSuite problem: tests set up a security manager, but they do not remove it after execution
[MASTER] 19:17:54.542 [logback-1] WARN  JUnitAnalyzer - EvoSuite problem: tests set up a security manager, but they do not remove it after execution
[MASTER] 19:17:54.542 [logback-1] WARN  JUnitAnalyzer - Found unstable test named test0 -> class java.lang.SecurityException: Security manager blocks ("java.lang.RuntimePermission" "queuePrintJob")
java.lang.Thread.getStackTrace(Thread.java:1552)
org.evosuite.runtime.sandbox.MSecurityManager.checkPermission(MSecurityManager.java:433)
java.lang.SecurityManager.checkPrintJobAccess(SecurityManager.java:1378)
java.awt.print.PrinterJob.getPrinterJob(PrinterJob.java:75)
org.jfree.chart.block.BorderArrangement_42_tmp__ESTest.test0(BorderArrangement_42_tmp__ESTest.java:44)
sun.reflect.NativeMethodAccessorImpl.invoke0(Native Method)
sun.reflect.NativeMethodAccessorImpl.invoke(NativeMethodAccessorImpl.java:62)
sun.reflect.DelegatingMethodAccessorImpl.invoke(DelegatingMethodAccessorImpl.java:43)
java.lang.reflect.Method.invoke(Method.java:497)
org.junit.runners.model.FrameworkMethod$1.runReflectiveCall(FrameworkMethod.java:50)
org.junit.internal.runners.model.ReflectiveCallable.run(ReflectiveCallable.java:12)
org.junit.runners.model.FrameworkMethod.invokeExplosively(FrameworkMethod.java:47)
org.junit.internal.runners.statements.InvokeMethod.evaluate(InvokeMethod.java:17)
org.junit.internal.runners.statements.FailOnTimeout$CallableStatement.call(FailOnTimeout.java:298)
org.junit.internal.runners.statements.FailOnTimeout$CallableStatement.call(FailOnTimeout.java:292)
java.util.concurrent.FutureTask.run(FutureTask.java:266)
java.lang.Thread.run(Thread.java:745)

[MASTER] 19:17:54.542 [logback-2] ERROR JUnitAnalyzer - 1 test cases failed
[MASTER] 19:17:54.543 [logback-1] WARN  JUnitAnalyzer - Failing test:
 BorderArrangement borderArrangement0 = new BorderArrangement();
LegendTitle legendTitle0 = new LegendTitle((LegendItemSource) null, (Arrangement) borderArrangement0, (Arrangement) borderArrangement0);
BlockContainer blockContainer0 = legendTitle0.getItemContainer();
BlockBorder blockBorder0 = new BlockBorder(190.38205, (-2995.742918595), 190.38205, 0.0);
blockContainer0.setFrame(blockBorder0);
Document document0 = new Document();
PdfWriter pdfWriter0 = PdfWriter.getInstance(document0, (OutputStream) null);
char[] charArray0 = new char[8];
Type3Font type3Font0 = new Type3Font(pdfWriter0, charArray0, true);
Type3Glyph type3Glyph0 = (Type3Glyph)type3Font0.defineGlyph('4', 32, 3, 16, 1, 2048);
PSPrinterJob pSPrinterJob0 = (PSPrinterJob)PrinterJob.getPrinterJob();
PdfPrinterGraphics2D pdfPrinterGraphics2D0 = (PdfPrinterGraphics2D)type3Glyph0.createPrinterGraphicsShapes(0.0F, (float) 262144, true, 0.0F, (PrinterJob) pSPrinterJob0);
Size2D size2D0 = borderArrangement0.arrangeFN(blockContainer0, pdfPrinterGraphics2D0, 18);
assertEquals((-2977.742918595), size2D0.width, 0.01);


[MASTER] 19:17:54.596 [logback-1] WARN  JUnitAnalyzer - EvoSuite problem: tests set up a security manager, but they do not remove it after execution
[MASTER] 19:17:54.596 [logback-2] ERROR JUnitAnalyzer - 1 test cases failed
[MASTER] 19:17:54.596 [logback-1] WARN  JUnitAnalyzer - Found unstable test named test0 -> class java.lang.SecurityException: Security manager blocks ("java.lang.RuntimePermission" "queuePrintJob")
java.lang.Thread.getStackTrace(Thread.java:1552)
org.evosuite.runtime.sandbox.MSecurityManager.checkPermission(MSecurityManager.java:433)
java.lang.SecurityManager.checkPrintJobAccess(SecurityManager.java:1378)
java.awt.print.PrinterJob.getPrinterJob(PrinterJob.java:75)
org.jfree.chart.block.BorderArrangement_43_tmp__ESTest.test0(BorderArrangement_43_tmp__ESTest.java:41)
sun.reflect.NativeMethodAccessorImpl.invoke0(Native Method)
sun.reflect.NativeMethodAccessorImpl.invoke(NativeMethodAccessorImpl.java:62)
sun.reflect.DelegatingMethodAccessorImpl.invoke(DelegatingMethodAccessorImpl.java:43)
java.lang.reflect.Method.invoke(Method.java:497)
org.junit.runners.model.FrameworkMethod$1.runReflectiveCall(FrameworkMethod.java:50)
org.junit.internal.runners.model.ReflectiveCallable.run(ReflectiveCallable.java:12)
org.junit.runners.model.FrameworkMethod.invokeExplosively(FrameworkMethod.java:47)
org.junit.internal.runners.statements.InvokeMethod.evaluate(InvokeMethod.java:17)
org.junit.internal.runners.statements.FailOnTimeout$CallableStatement.call(FailOnTimeout.java:298)
org.junit.internal.runners.statements.FailOnTimeout$CallableStatement.call(FailOnTimeout.java:292)
java.util.concurrent.FutureTask.run(FutureTask.java:266)
java.lang.Thread.run(Thread.java:745)

[MASTER] 19:17:54.597 [logback-1] WARN  JUnitAnalyzer - Failing test:
 BorderArrangement borderArrangement0 = new BorderArrangement();
LegendTitle legendTitle0 = new LegendTitle((LegendItemSource) null, (Arrangement) borderArrangement0, (Arrangement) borderArrangement0);
BlockContainer blockContainer0 = legendTitle0.getItemContainer();
Document document0 = new Document();
PdfWriter pdfWriter0 = PdfWriter.getInstance(document0, (OutputStream) null);
char[] charArray0 = new char[12];
Type3Font type3Font0 = new Type3Font(pdfWriter0, charArray0, true);
Type3Glyph type3Glyph0 = (Type3Glyph)type3Font0.defineGlyph('4', 32, 1.0F, 16, 1, 1179.2F);
PSPrinterJob pSPrinterJob0 = (PSPrinterJob)PrinterJob.getPrinterJob();
PdfPrinterGraphics2D pdfPrinterGraphics2D0 = (PdfPrinterGraphics2D)type3Glyph0.createPrinterGraphicsShapes(0.0F, (float) 262144, true, 0.0F, (PrinterJob) pSPrinterJob0);
Size2D size2D0 = borderArrangement0.arrangeFN(blockContainer0, pdfPrinterGraphics2D0, 18);
assertEquals(18.0, size2D0.getWidth(), 0.01);


[MASTER] 19:17:54.635 [logback-1] WARN  JUnitAnalyzer - EvoSuite problem: tests set up a security manager, but they do not remove it after execution
[MASTER] 19:17:54.686 [logback-1] WARN  JUnitAnalyzer - EvoSuite problem: tests set up a security manager, but they do not remove it after execution
[MASTER] 19:17:54.686 [logback-1] WARN  JUnitAnalyzer - Found unstable test named test0 -> class java.lang.SecurityException: Security manager blocks ("java.lang.RuntimePermission" "queuePrintJob")
java.lang.Thread.getStackTrace(Thread.java:1552)
org.evosuite.runtime.sandbox.MSecurityManager.checkPermission(MSecurityManager.java:433)
java.lang.SecurityManager.checkPrintJobAccess(SecurityManager.java:1378)
java.awt.print.PrinterJob.getPrinterJob(PrinterJob.java:75)
org.jfree.chart.block.BorderArrangement_45_tmp__ESTest.test0(BorderArrangement_45_tmp__ESTest.java:42)
sun.reflect.NativeMethodAccessorImpl.invoke0(Native Method)
sun.reflect.NativeMethodAccessorImpl.invoke(NativeMethodAccessorImpl.java:62)
sun.reflect.DelegatingMethodAccessorImpl.invoke(DelegatingMethodAccessorImpl.java:43)
java.lang.reflect.Method.invoke(Method.java:497)
org.junit.runners.model.FrameworkMethod$1.runReflectiveCall(FrameworkMethod.java:50)
org.junit.internal.runners.model.ReflectiveCallable.run(ReflectiveCallable.java:12)
org.junit.runners.model.FrameworkMethod.invokeExplosively(FrameworkMethod.java:47)
org.junit.internal.runners.statements.InvokeMethod.evaluate(InvokeMethod.java:17)
org.junit.internal.runners.statements.FailOnTimeout$CallableStatement.call(FailOnTimeout.java:298)
org.junit.internal.runners.statements.FailOnTimeout$CallableStatement.call(FailOnTimeout.java:292)
java.util.concurrent.FutureTask.run(FutureTask.java:266)
java.lang.Thread.run(Thread.java:745)

[MASTER] 19:17:54.686 [logback-2] ERROR JUnitAnalyzer - 1 test cases failed
[MASTER] 19:17:54.687 [logback-1] WARN  JUnitAnalyzer - Failing test:
 BorderArrangement borderArrangement0 = new BorderArrangement();
LegendTitle legendTitle0 = new LegendTitle((LegendItemSource) null, (Arrangement) borderArrangement0, (Arrangement) borderArrangement0);
BlockContainer blockContainer0 = legendTitle0.getItemContainer();
Document document0 = new Document();
PdfWriter pdfWriter0 = PdfWriter.getInstance(document0, (OutputStream) null);
char[] charArray0 = new char[8];
Type3Font type3Font0 = new Type3Font(pdfWriter0, charArray0, true);
Type3Glyph type3Glyph0 = (Type3Glyph)type3Font0.defineGlyph('4', 32, 3, 16, 1, 2048);
PSPrinterJob pSPrinterJob0 = (PSPrinterJob)PrinterJob.getPrinterJob();
PdfPrinterGraphics2D pdfPrinterGraphics2D0 = (PdfPrinterGraphics2D)type3Glyph0.createPrinterGraphicsShapes(0.0F, (float) 262144, true, 0.0F, (PrinterJob) pSPrinterJob0);
Range range0 = new Range((-745.0), (double) 16);
Range range1 = Range.expandToInclude(range0, 65536);
Size2D size2D0 = borderArrangement0.arrangeRR(blockContainer0, range0, range1, pdfPrinterGraphics2D0);
assertEquals(0.0, size2D0.getHeight(), 0.01);


[MASTER] 19:17:54.767 [logback-1] WARN  JUnitAnalyzer - EvoSuite problem: tests set up a security manager, but they do not remove it after execution
[MASTER] 19:17:54.849 [logback-1] WARN  JUnitAnalyzer - EvoSuite problem: tests set up a security manager, but they do not remove it after execution
* Writing JUnit test case 'BorderArrangement_ESTest' to evosuite-tests
* Done!


------------