* EvoSuite 1.0.4-SNAPSHOT
* Going to generate test cases for class: org.apache.commons.math3.ode.AbstractIntegrator
* Starting client
* Connecting to master process on port 15220
* Analyzing classpath: 
  - target/classes/
  - target/test-classes/
  - lib/commons-discovery-0.5.jar
* Finished analyzing classpath
* Generating tests for class org.apache.commons.math3.ode.AbstractIntegrator
* Test criteria:
  - Line Coverage
  - Branch Coverage
  - Exception
  - Mutation testing (weak)
  - Method-Output Coverage
  - Top-Level Method Coverage
  - No-Exception Top-Level Method Coverage
  - Context Branch Coverage
* Setting up search algorithm for whole suite generation
* Total number of test goals: 
  - Line 127
  - Branch 70
  - Exception 0
  - MutationFactory 183
  - Output 25
  - Method 21
  - MethodNoException 21
  - CBranchFitnessFactory 70

[Progress:>                             0%] [Cov:>                                  0%]* Using seed 100
* Starting evolution

[Progress:>                             0%] [Cov:=>                                 4%]
[Progress:>                             0%] [Cov:==>                                8%]
[Progress:>                             0%] [Cov:=======>                           20%]
[Progress:>                             0%] [Cov:=========>                         26%]
[Progress:>                             0%] [Cov:=========>                         27%]
[Progress:>                             0%] [Cov:=========>                         28%]
[Progress:>                             0%] [Cov:==========>                        30%]
[Progress:>                             0%] [Cov:===========>                       32%]
[Progress:>                             0%] [Cov:===========>                       33%]
[Progress:>                             0%] [Cov:============>                      36%]
[Progress:>                             0%] [Cov:=============>                     38%]
[Progress:>                             0%] [Cov:=============>                     39%]
[Progress:>                             0%] [Cov:=============>                     39%]
[Progress:>                             0%] [Cov:==============>                    42%]
[Progress:>                             0%] [Cov:===============>                   44%]
[Progress:>                             0%] [Cov:=====================>             61%]
[Progress:>                             0%] [Cov:=====================>             62%]
[Progress:>                             0%] [Cov:=====================>             62%]
[Progress:>                             0%] [Cov:=====================>             62%]
[Progress:>                             0%] [Cov:======================>            63%]
[Progress:>                             0%] [Cov:======================>            63%]
[Progress:>                             0%] [Cov:======================>            63%]
[Progress:>                             0%] [Cov:======================>            64%]
[Progress:>                             0%] [Cov:======================>            64%]
[Progress:>                             0%] [Cov:======================>            65%]
[Progress:>                             0%] [Cov:======================>            65%]
[Progress:>                             0%] [Cov:======================>            65%]
[Progress:>                             0%] [Cov:======================>            65%]
[Progress:>                             0%] [Cov:=======================>           66%]
[Progress:>                             0%] [Cov:=======================>           66%]
[Progress:>                             0%] [Cov:=======================>           66%]
[Progress:>                             0%] [Cov:=======================>           66%]
[Progress:>                             0%] [Cov:=======================>           66%]
[Progress:>                             0%] [Cov:=======================>           66%]
[Progress:>                             0%] [Cov:=======================>           66%]
[Progress:>                             0%] [Cov:=======================>           66%]
[Progress:>                             0%] [Cov:=======================>           67%]
[Progress:>                             0%] [Cov:=======================>           68%]
[Progress:>                             0%] [Cov:========================>          69%]
[Progress:>                             0%] [Cov:========================>          70%]
[Progress:>                             0%] [Cov:========================>          70%]
[Progress:>                             0%] [Cov:========================>          70%]
[Progress:>                             0%] [Cov:========================>          70%]
[Progress:>                             0%] [Cov:========================>          70%]
[Progress:>                             0%] [Cov:========================>          70%]
[Progress:>                             0%] [Cov:========================>          70%]
[Progress:>                             0%] [Cov:========================>          70%]
[Progress:>                             0%] [Cov:========================>          70%]
[Progress:>                             0%] [Cov:========================>          70%]
[Progress:>                             0%] [Cov:=========================>         72%]
[Progress:>                             0%] [Cov:=========================>         73%]
[Progress:>                             0%] [Cov:==========================>        75%]
[Progress:>                             0%] [Cov:==========================>        76%]
[Progress:>                             0%] [Cov:==========================>        76%]
[Progress:>                             0%] [Cov:==========================>        76%]
[Progress:>                             0%] [Cov:==========================>        76%]
[Progress:>                             0%] [Cov:==========================>        76%]
[Progress:>                             0%] [Cov:==========================>        76%]
[Progress:>                             0%] [Cov:==========================>        76%]
[Progress:>                             0%] [Cov:==========================>        76%]
[Progress:>                             0%] [Cov:==========================>        76%]
[Progress:>                             0%] [Cov:==========================>        77%]
[Progress:>                             0%] [Cov:==========================>        76%]
[Progress:>                             0%] [Cov:==========================>        77%]
[Progress:>                             0%] [Cov:==========================>        76%]
[Progress:>                             0%] [Cov:==========================>        77%]
[Progress:>                             0%] [Cov:==========================>        77%]
[Progress:>                             0%] [Cov:==========================>        77%]
[Progress:>                             0%] [Cov:==========================>        77%]
[Progress:>                             0%] [Cov:==========================>        77%]
[Progress:>                             0%] [Cov:==========================>        77%]
[Progress:>                             0%] [Cov:==========================>        77%]
[Progress:>                             0%] [Cov:==========================>        77%]
[Progress:>                             0%] [Cov:==========================>        77%]
[Progress:>                             0%] [Cov:==========================>        77%]
[Progress:>                             0%] [Cov:==========================>        77%]
[Progress:>                             0%] [Cov:==========================>        77%]
[Progress:>                             0%] [Cov:==========================>        77%]
[Progress:>                             0%] [Cov:==========================>        77%]
[Progress:>                             0%] [Cov:==========================>        77%]
[Progress:>                             0%] [Cov:==========================>        77%]
[Progress:>                             0%] [Cov:==========================>        77%]
[Progress:>                             0%] [Cov:==========================>        77%]
[Progress:>                             0%] [Cov:==========================>        77%]
[Progress:>                             0%] [Cov:==========================>        77%]
[Progress:>                             0%] [Cov:==========================>        77%]
[Progress:>                             0%] [Cov:==========================>        77%]
[Progress:>                             0%] [Cov:==========================>        77%]
[Progress:>                             0%] [Cov:==========================>        77%]
[Progress:>                             0%] [Cov:==========================>        77%]
[Progress:>                             0%] [Cov:==========================>        77%]
[Progress:>                             0%] [Cov:==========================>        77%]
[Progress:>                             0%] [Cov:==========================>        77%]
[Progress:>                             0%] [Cov:==========================>        77%]
[Progress:>                             0%] [Cov:==========================>        77%]
[Progress:>                             0%] [Cov:==========================>        77%]
[Progress:>                             0%] [Cov:==========================>        77%]
[Progress:>                             0%] [Cov:==========================>        77%]
[Progress:>                             0%] [Cov:==========================>        77%]
[Progress:>                             0%] [Cov:==========================>        77%]
[Progress:>                             0%] [Cov:==========================>        77%]
[Progress:>                             0%] [Cov:==========================>        77%]
[Progress:>                             0%] [Cov:==========================>        77%]
[Progress:>                             0%] [Cov:==========================>        77%]
[Progress:>                             0%] [Cov:==========================>        77%]
[Progress:>                             0%] [Cov:==========================>        77%]
[Progress:>                             0%] [Cov:==========================>        77%]
[Progress:>                             0%] [Cov:==========================>        77%]
[Progress:>                             0%] [Cov:==========================>        77%]
[Progress:>                             0%] [Cov:==========================>        77%]
[Progress:>                             0%] [Cov:==========================>        77%]
[Progress:>                             1%] [Cov:==========================>        77%]
[Progress:>                             1%] [Cov:==========================>        77%]
[Progress:>                             1%] [Cov:==========================>        77%]
[Progress:>                             1%] [Cov:==========================>        77%]
[Progress:>                             1%] [Cov:==========================>        77%]
[Progress:>                             1%] [Cov:==========================>        77%]
[Progress:>                             1%] [Cov:==========================>        77%]
[Progress:>                             1%] [Cov:==========================>        77%]
[Progress:>                             1%] [Cov:==========================>        77%]
[Progress:>                             1%] [Cov:==========================>        77%]
[Progress:>                             1%] [Cov:==========================>        77%]
[Progress:>                             1%] [Cov:==========================>        77%]
[Progress:>                             1%] [Cov:==========================>        77%]
[Progress:>                             1%] [Cov:===========================>       78%]
[Progress:>                             1%] [Cov:===========================>       78%]
[Progress:>                             1%] [Cov:===========================>       79%]
[Progress:>                             1%] [Cov:===========================>       79%]
[Progress:>                             1%] [Cov:===========================>       79%]
[Progress:>                             1%] [Cov:===========================>       79%]
[Progress:>                             1%] [Cov:===========================>       79%]
[Progress:>                             1%] [Cov:===========================>       79%]
[Progress:>                             1%] [Cov:===========================>       79%]
[Progress:>                             1%] [Cov:===========================>       79%]
[Progress:>                             1%] [Cov:===========================>       79%]
[Progress:>                             1%] [Cov:===========================>       79%]
[Progress:>                             1%] [Cov:===========================>       79%]
[Progress:>                             1%] [Cov:===========================>       79%]
[Progress:>                             1%] [Cov:===========================>       79%]
[Progress:>                             1%] [Cov:===========================>       79%]
[Progress:>                             1%] [Cov:===========================>       79%]
[Progress:>                             1%] [Cov:===========================>       79%]
[Progress:>                             1%] [Cov:===========================>       79%]
[Progress:>                             1%] [Cov:===========================>       79%]
[Progress:>                             1%] [Cov:===========================>       79%]
[Progress:>                             1%] [Cov:===========================>       79%]
[Progress:>                             1%] [Cov:===========================>       79%]
[Progress:>                             1%] [Cov:===========================>       79%]
[Progress:>                             1%] [Cov:===========================>       79%]
[Progress:>                             1%] [Cov:===========================>       79%]
[Progress:>                             1%] [Cov:===========================>       79%]
[Progress:>                             1%] [Cov:===========================>       79%]
[Progress:>                             1%] [Cov:===========================>       79%]
[Progress:>                             1%] [Cov:===========================>       79%]
[Progress:>                             1%] [Cov:===========================>       79%]
[Progress:>                             1%] [Cov:===========================>       79%]
[Progress:>                             1%] [Cov:===========================>       79%]
[Progress:>                             1%] [Cov:===========================>       79%]
[Progress:>                             1%] [Cov:===========================>       79%]
[Progress:>                             1%] [Cov:===========================>       79%]
[Progress:>                             1%] [Cov:===========================>       79%]
[Progress:>                             1%] [Cov:===========================>       79%]
[Progress:>                             1%] [Cov:===========================>       79%]
[Progress:>                             1%] [Cov:===========================>       79%]
[Progress:>                             1%] [Cov:===========================>       79%]
[Progress:>                             1%] [Cov:===========================>       79%]
[Progress:>                             1%] [Cov:===========================>       79%]
[Progress:>                             1%] [Cov:===========================>       79%]
[Progress:>                             1%] [Cov:===========================>       79%]
[Progress:>                             1%] [Cov:===========================>       79%]
[Progress:>                             1%] [Cov:===========================>       79%]
[Progress:>                             1%] [Cov:===========================>       79%]
[Progress:>                             1%] [Cov:===========================>       79%]
[Progress:>                             1%] [Cov:===========================>       79%]
[Progress:>                             1%] [Cov:===========================>       79%]
[Progress:>                             1%] [Cov:===========================>       79%]
[Progress:>                             1%] [Cov:===========================>       79%]
[Progress:>                             1%] [Cov:===========================>       79%]
[Progress:>                             1%] [Cov:===========================>       79%]
[Progress:>                             1%] [Cov:===========================>       79%]
[Progress:>                             1%] [Cov:===========================>       79%]
[Progress:>                             1%] [Cov:===========================>       79%]
[Progress:>                             1%] [Cov:===========================>       79%]
[Progress:>                             1%] [Cov:===========================>       79%]
[Progress:>                             1%] [Cov:===========================>       79%]
[Progress:>                             1%] [Cov:===========================>       79%]
[Progress:>                             1%] [Cov:===========================>       79%]
[Progress:>                             1%] [Cov:============================>      80%]
[Progress:>                             1%] [Cov:============================>      80%]
[Progress:>                             1%] [Cov:============================>      80%]
[Progress:>                             1%] [Cov:============================>      80%]
[Progress:>                             1%] [Cov:============================>      80%]
[Progress:>                             1%] [Cov:============================>      80%]
[Progress:>                             1%] [Cov:============================>      80%]
[Progress:>                             1%] [Cov:============================>      80%]
[Progress:>                             1%] [Cov:============================>      80%]
[Progress:>                             1%] [Cov:============================>      80%]
* Search finished after 335s and 165 generations, 100482 statements, best individual has fitness: 71.52450980392157
* Minimizing test suite
* Going to analyze the coverage criteria
* Coverage analysis for criterion LINE
* Coverage of criterion LINE: 87%
* Total number of goals: 127
* Number of covered goals: 111
* Coverage analysis for criterion BRANCH
* Coverage of criterion BRANCH: 83%
* Total number of goals: 70
* Number of covered goals: 58
* Coverage analysis for criterion EXCEPTION
* Coverage of criterion EXCEPTION: 100%
* Total number of goals: 11
* Number of covered goals: 11
* Coverage analysis for criterion WEAKMUTATION
* Coverage of criterion WEAKMUTATION: 94%
* Total number of goals: 183
* Number of covered goals: 172
* Coverage analysis for criterion OUTPUT
* Coverage of criterion OUTPUT: 52%
* Total number of goals: 25
* Number of covered goals: 13
* Coverage analysis for criterion METHOD
* Coverage of criterion METHOD: 76%
* Total number of goals: 21
* Number of covered goals: 16
* Coverage analysis for criterion METHODNOEXCEPTION
* Coverage of criterion METHODNOEXCEPTION: 71%
* Total number of goals: 21
* Number of covered goals: 15
* Coverage analysis for criterion CBRANCH
* Coverage of criterion CBRANCH: 81%
* Total number of goals: 70
* Number of covered goals: 57
* Generated 34 tests with total length 140
* Resulting test suite's coverage: 80% (average coverage for all fitness functions)
* Generating assertions
* Resulting test suite's mutation score: 38%
* Compiling and checking tests
[MASTER] 21:27:45.380 [logback-1] WARN  JUnitAnalyzer - EvoSuite problem: tests set up a security manager, but they do not remove it after execution
[MASTER] 21:27:45.445 [logback-1] WARN  JUnitAnalyzer - EvoSuite problem: tests set up a security manager, but they do not remove it after execution
[MASTER] 21:27:45.508 [logback-1] WARN  JUnitAnalyzer - EvoSuite problem: tests set up a security manager, but they do not remove it after execution
[MASTER] 21:27:45.562 [logback-1] WARN  JUnitAnalyzer - EvoSuite problem: tests set up a security manager, but they do not remove it after execution
[MASTER] 21:27:45.615 [logback-1] WARN  JUnitAnalyzer - EvoSuite problem: tests set up a security manager, but they do not remove it after execution
[MASTER] 21:27:45.676 [logback-1] WARN  JUnitAnalyzer - EvoSuite problem: tests set up a security manager, but they do not remove it after execution
[MASTER] 21:27:45.736 [logback-1] WARN  JUnitAnalyzer - EvoSuite problem: tests set up a security manager, but they do not remove it after execution
[MASTER] 21:27:45.865 [logback-1] WARN  JUnitAnalyzer - EvoSuite problem: tests set up a security manager, but they do not remove it after execution
[MASTER] 21:27:45.921 [logback-1] WARN  JUnitAnalyzer - EvoSuite problem: tests set up a security manager, but they do not remove it after execution
[MASTER] 21:27:45.984 [logback-1] WARN  JUnitAnalyzer - EvoSuite problem: tests set up a security manager, but they do not remove it after execution
[MASTER] 21:27:46.042 [logback-1] WARN  JUnitAnalyzer - EvoSuite problem: tests set up a security manager, but they do not remove it after execution
[MASTER] 21:27:50.526 [logback-1] WARN  JUnitAnalyzer - EvoSuite problem: tests set up a security manager, but they do not remove it after execution
[MASTER] 21:27:50.527 [logback-2] ERROR JUnitAnalyzer - 1 test cases failed
[MASTER] 21:27:50.531 [logback-1] WARN  JUnitAnalyzer - Found unstable test named test0 -> class org.junit.runners.model.TestTimedOutException: test timed out after 4000 milliseconds
[MASTER] 21:27:50.531 [logback-1] WARN  JUnitAnalyzer - Failing test:
 double[] doubleArray0 = new double[1];
DormandPrince54Integrator dormandPrince54Integrator0 = new DormandPrince54Integrator((-106.0), 82.728429, doubleArray0, doubleArray0);
StepProblem stepProblem0 = new StepProblem((-0.08041192207330436), 1063.5, 82.728429);
DummyStepHandler dummyStepHandler0 = DummyStepHandler.getInstance();
dormandPrince54Integrator0.addStepHandler(dummyStepHandler0);
dormandPrince54Integrator0.integrate((FirstOrderDifferentialEquations) stepProblem0, (-1596.2), doubleArray0, 643.3311350726229, doubleArray0);

[MASTER] 21:27:50.596 [logback-1] WARN  JUnitAnalyzer - EvoSuite problem: tests set up a security manager, but they do not remove it after execution
[MASTER] 21:27:50.705 [logback-1] WARN  JUnitAnalyzer - EvoSuite problem: tests set up a security manager, but they do not remove it after execution
[MASTER] 21:27:50.785 [logback-1] WARN  JUnitAnalyzer - EvoSuite problem: tests set up a security manager, but they do not remove it after execution
[MASTER] 21:27:50.853 [logback-1] WARN  JUnitAnalyzer - EvoSuite problem: tests set up a security manager, but they do not remove it after execution
[MASTER] 21:27:50.926 [logback-1] WARN  JUnitAnalyzer - EvoSuite problem: tests set up a security manager, but they do not remove it after execution
[MASTER] 21:27:50.991 [logback-1] WARN  JUnitAnalyzer - EvoSuite problem: tests set up a security manager, but they do not remove it after execution
[MASTER] 21:27:51.053 [logback-1] WARN  JUnitAnalyzer - EvoSuite problem: tests set up a security manager, but they do not remove it after execution
[MASTER] 21:27:51.123 [logback-1] WARN  JUnitAnalyzer - EvoSuite problem: tests set up a security manager, but they do not remove it after execution
[MASTER] 21:27:51.187 [logback-1] WARN  JUnitAnalyzer - EvoSuite problem: tests set up a security manager, but they do not remove it after execution
[MASTER] 21:27:56.445 [logback-1] WARN  JUnitAnalyzer - EvoSuite problem: tests set up a security manager, but they do not remove it after execution
[MASTER] 21:27:56.446 [logback-1] WARN  JUnitAnalyzer - Found unstable test named test0 -> class org.junit.runners.model.TestTimedOutException: test timed out after 4000 milliseconds
[MASTER] 21:27:56.446 [logback-1] WARN  JUnitAnalyzer - Failing test:
 ThreeEighthesIntegrator threeEighthesIntegrator0 = new ThreeEighthesIntegrator(0.0);
StepProblem stepProblem0 = new StepProblem(0.0, (-9.194632392478356), 3992.87184005378);
ExpandableStatefulODE expandableStatefulODE0 = new ExpandableStatefulODE((FirstOrderDifferentialEquations) stepProblem0);
threeEighthesIntegrator0.integrate(expandableStatefulODE0, (-9.194632392478356));

[MASTER] 21:27:56.446 [logback-2] ERROR JUnitAnalyzer - 1 test cases failed
[MASTER] 21:27:56.518 [logback-1] WARN  JUnitAnalyzer - EvoSuite problem: tests set up a security manager, but they do not remove it after execution
[MASTER] 21:27:56.596 [logback-1] WARN  JUnitAnalyzer - EvoSuite problem: tests set up a security manager, but they do not remove it after execution
[MASTER] 21:27:56.670 [logback-1] WARN  JUnitAnalyzer - EvoSuite problem: tests set up a security manager, but they do not remove it after execution
[MASTER] 21:27:56.768 [logback-1] WARN  JUnitAnalyzer - EvoSuite problem: tests set up a security manager, but they do not remove it after execution
[MASTER] 21:27:56.833 [logback-1] WARN  JUnitAnalyzer - EvoSuite problem: tests set up a security manager, but they do not remove it after execution
[MASTER] 21:27:56.908 [logback-1] WARN  JUnitAnalyzer - EvoSuite problem: tests set up a security manager, but they do not remove it after execution
[MASTER] 21:27:56.971 [logback-1] WARN  JUnitAnalyzer - EvoSuite problem: tests set up a security manager, but they do not remove it after execution
[MASTER] 21:27:57.072 [logback-1] WARN  JUnitAnalyzer - EvoSuite problem: tests set up a security manager, but they do not remove it after execution
[MASTER] 21:27:57.162 [logback-1] WARN  JUnitAnalyzer - EvoSuite problem: tests set up a security manager, but they do not remove it after execution
[MASTER] 21:28:01.698 [logback-1] WARN  JUnitAnalyzer - EvoSuite problem: tests set up a security manager, but they do not remove it after execution
[MASTER] 21:28:01.698 [logback-1] WARN  JUnitAnalyzer - Found unstable test named test0 -> class org.junit.runners.model.TestTimedOutException: test timed out after 4000 milliseconds
[MASTER] 21:28:01.698 [logback-1] WARN  JUnitAnalyzer - Failing test:
 AdamsMoultonIntegrator adamsMoultonIntegrator0 = new AdamsMoultonIntegrator(5, 5, 5, 5, 5);
StepNormalizerOutputOverlapTest stepNormalizerOutputOverlapTest0 = new StepNormalizerOutputOverlapTest();
ExpandableStatefulODE expandableStatefulODE0 = new ExpandableStatefulODE((FirstOrderDifferentialEquations) stepNormalizerOutputOverlapTest0);
adamsMoultonIntegrator0.integrate(expandableStatefulODE0, 1314.6439204);

[MASTER] 21:28:01.698 [logback-2] ERROR JUnitAnalyzer - 1 test cases failed
[MASTER] 21:28:01.782 [logback-1] WARN  JUnitAnalyzer - EvoSuite problem: tests set up a security manager, but they do not remove it after execution
[MASTER] 21:28:06.363 [logback-1] WARN  JUnitAnalyzer - EvoSuite problem: tests set up a security manager, but they do not remove it after execution
[MASTER] 21:28:06.365 [logback-2] ERROR JUnitAnalyzer - 1 test cases failed
[MASTER] 21:28:06.365 [logback-1] WARN  JUnitAnalyzer - Found unstable test named test0 -> class org.junit.runners.model.TestTimedOutException: test timed out after 4000 milliseconds
[MASTER] 21:28:06.366 [logback-1] WARN  JUnitAnalyzer - Failing test:
 double[] doubleArray0 = new double[1];
doubleArray0[0] = (-106.0);
DormandPrince54Integrator dormandPrince54Integrator0 = new DormandPrince54Integrator((-106.0), (-106.0), doubleArray0, doubleArray0);
StepProblem stepProblem0 = new StepProblem(0.0, 1063.5, (-106.0));
dormandPrince54Integrator0.addEventHandler((EventHandler) stepProblem0, 650.9630102, (-106.0), Integer.MAX_VALUE);
dormandPrince54Integrator0.integrate((FirstOrderDifferentialEquations) stepProblem0, (-1596.2), doubleArray0, 650.9630102, doubleArray0);
ExpandableStatefulODE expandableStatefulODE0 = new ExpandableStatefulODE((FirstOrderDifferentialEquations) stepProblem0);
dormandPrince54Integrator0.integrate(expandableStatefulODE0, 2781.7706391702422);

[MASTER] 21:28:06.951 [logback-1] WARN  JUnitAnalyzer - EvoSuite problem: tests set up a security manager, but they do not remove it after execution
[MASTER] 21:28:07.511 [logback-1] WARN  JUnitAnalyzer - EvoSuite problem: tests set up a security manager, but they do not remove it after execution
* Writing JUnit test case 'AbstractIntegrator_ESTest' to /home/spirals/zhyu/issta/program-set7/evosuite-repair-new/nopol/nopol/src/main/java/fr/inria/lille/spirals/evo/results/2016-December/Math/7/Nopol/100/generatedTests
* Done!

* Computation finished
