* EvoSuite 1.0.4-SNAPSHOT
* Going to generate test cases for class: org.apache.commons.math.linear.OpenMapRealVector
* Starting client
* Connecting to master process on port 15940
* Analyzing classpath: 
  - /tmp/math_49_Genprog_local_s1/lib/
  - /tmp/math_49_Genprog_local_s1/lib/jtestex-0.0.1.jar
  - /tmp/math_49_Genprog_local_s1/lib/fixran-0.0.1.jar
  - /tmp/math_49_Genprog_local_s1/lib/junit-4.11.jar
  - /tmp/math_49_Genprog_local_s1/lib/commons-discovery-0.5.jar
  - /tmp/math_49_Genprog_local_s1/lib/cobertura-2.0.3.jar
  - /tmp/math_49_Genprog_local_s1/./outputMutation/AstorMain-Math/bin/default/
* Finished analyzing classpath
* Generating tests for class org.apache.commons.math.linear.OpenMapRealVector
* Test criteria:
  - Line Coverage
  - Branch Coverage
  - Exception
  - Mutation testing (weak)
  - Method-Output Coverage
  - Top-Level Method Coverage
  - No-Exception Top-Level Method Coverage
  - Context Branch Coverage
* Setting up search algorithm for whole suite generation
* Total number of test goals: 
  - Line 375
  - Branch 182
  - Exception 0
  - MutationFactory 886
  - Output 191
  - Method 67
  - MethodNoException 67
  - CBranchFitnessFactory 182

[Progress:>                             0%] [Cov:>                                  0%]* Using seed 16
* Starting evolution

[Progress:>                             0%] [Cov:>                                  1%]
[Progress:>                             0%] [Cov:>                                  2%]
[Progress:>                             0%] [Cov:====>                              14%]
[Progress:>                             0%] [Cov:=====>                             15%]
[Progress:>                             0%] [Cov:=====>                             16%]
[Progress:>                             0%] [Cov:=====>                             17%]
[Progress:>                             0%] [Cov:======>                            19%]
[Progress:>                             0%] [Cov:=======>                           22%]
[Progress:>                             0%] [Cov:========>                          23%]
[Progress:>                             0%] [Cov:========>                          24%]
[Progress:>                             0%] [Cov:========>                          25%]
[Progress:>                             0%] [Cov:=========>                         27%]
[Progress:>                             0%] [Cov:====>                              13%]
[Progress:>                             0%] [Cov:=====>                             16%]
[Progress:>                             0%] [Cov:========>                          25%]
[Progress:>                             0%] [Cov:=========>                         26%]
[Progress:>                             0%] [Cov:===============>                   44%]
[Progress:>                             0%] [Cov:===============>                   45%]
[Progress:>                             0%] [Cov:================>                  46%]
[Progress:>                             0%] [Cov:===============>                   45%]
[Progress:>                             0%] [Cov:================>                  46%]
[Progress:>                             0%] [Cov:===============>                   45%]
[Progress:>                             0%] [Cov:================>                  46%]
[Progress:>                             0%] [Cov:================>                  47%]
[Progress:>                             0%] [Cov:================>                  48%]
[Progress:>                             0%] [Cov:=================>                 50%]
[Progress:>                             0%] [Cov:=================>                 51%]
[Progress:>                             0%] [Cov:==================>                53%]
[Progress:>                             0%] [Cov:==================>                54%]
[Progress:>                             0%] [Cov:==================>                54%]
[Progress:>                             0%] [Cov:===================>               55%]
[Progress:>                             0%] [Cov:===================>               56%]
[Progress:>                             0%] [Cov:===================>               57%]
[Progress:>                             0%] [Cov:====================>              58%]
[Progress:>                             0%] [Cov:====================>              58%]
[Progress:>                             0%] [Cov:====================>              59%]
[Progress:>                             0%] [Cov:=====================>             60%]
[Progress:>                             0%] [Cov:=====================>             61%]
[Progress:>                             0%] [Cov:=====================>             62%]
[Progress:>                             0%] [Cov:======================>            63%][MASTER] 19:43:34.574 [logback-2] ERROR ClientNodeImpl - Cannot inform master of change of state
java.rmi.ServerException: RemoteException occurred in server thread; nested exception is: 
	java.rmi.UnmarshalException: error unmarshalling arguments; nested exception is: 
	java.io.OptionalDataException
	at sun.rmi.server.UnicastServerRef.dispatch(UnicastServerRef.java:354) ~[na:1.8.0_45]
	at sun.rmi.transport.Transport$1.run(Transport.java:200) ~[na:1.8.0_45]
	at sun.rmi.transport.Transport$1.run(Transport.java:197) ~[na:1.8.0_45]
	at java.security.AccessController.doPrivileged(Native Method) ~[na:1.8.0_45]
	at sun.rmi.transport.Transport.serviceCall(Transport.java:196) ~[na:1.8.0_45]
	at sun.rmi.transport.tcp.TCPTransport.handleMessages(TCPTransport.java:568) ~[na:1.8.0_45]
	at sun.rmi.transport.tcp.TCPTransport$ConnectionHandler.run0(TCPTransport.java:826) ~[na:1.8.0_45]
	at sun.rmi.transport.tcp.TCPTransport$ConnectionHandler.lambda$run$241(TCPTransport.java:683) ~[na:1.8.0_45]
	at sun.rmi.transport.tcp.TCPTransport$ConnectionHandler$$Lambda$8/32611773.run(Unknown Source) ~[na:na]
	at java.security.AccessController.doPrivileged(Native Method) ~[na:1.8.0_45]
	at sun.rmi.transport.tcp.TCPTransport$ConnectionHandler.run(TCPTransport.java:682) ~[na:1.8.0_45]
	at java.util.concurrent.ThreadPoolExecutor.runWorker(ThreadPoolExecutor.java:1142) ~[na:1.8.0_45]
	at java.util.concurrent.ThreadPoolExecutor$Worker.run(ThreadPoolExecutor.java:617) ~[na:1.8.0_45]
	at java.lang.Thread.run(Thread.java:745) ~[na:1.8.0_45]
	at sun.rmi.transport.StreamRemoteCall.exceptionReceivedFromServer(StreamRemoteCall.java:276) ~[na:1.8.0_45]
	at sun.rmi.transport.StreamRemoteCall.executeCall(StreamRemoteCall.java:253) ~[na:1.8.0_45]
	at sun.rmi.server.UnicastRef.invoke(UnicastRef.java:162) ~[na:1.8.0_45]
	at java.rmi.server.RemoteObjectInvocationHandler.invokeRemoteMethod(RemoteObjectInvocationHandler.java:194) ~[na:1.8.0_45]
	at java.rmi.server.RemoteObjectInvocationHandler.invoke(RemoteObjectInvocationHandler.java:148) ~[na:1.8.0_45]
	at com.sun.proxy.$Proxy7.evosuite_collectStatistics(Unknown Source) ~[na:na]
	at org.evosuite.rmi.service.ClientNodeImpl.updateStatistics(ClientNodeImpl.java:237) ~[evosuite-master-1.0.4-SNAPSHOT.jar:1.0.4-SNAPSHOT]
	at org.evosuite.statistics.StatisticsSender.sendIndividualToMaster(StatisticsSender.java:68) [evosuite-master-1.0.4-SNAPSHOT.jar:1.0.4-SNAPSHOT]
	at org.evosuite.statistics.StatisticsListener$1.run(StatisticsListener.java:71) [evosuite-master-1.0.4-SNAPSHOT.jar:1.0.4-SNAPSHOT]
Caused by: java.rmi.UnmarshalException: error unmarshalling arguments; nested exception is: 
	java.io.OptionalDataException
	at sun.rmi.server.UnicastServerRef.dispatch(UnicastServerRef.java:311) ~[na:1.8.0_45]
	at sun.rmi.transport.Transport$1.run(Transport.java:200) ~[na:1.8.0_45]
	at sun.rmi.transport.Transport$1.run(Transport.java:197) ~[na:1.8.0_45]
	at java.security.AccessController.doPrivileged(Native Method) ~[na:1.8.0_45]
	at sun.rmi.transport.Transport.serviceCall(Transport.java:196) ~[na:1.8.0_45]
	at sun.rmi.transport.tcp.TCPTransport.handleMessages(TCPTransport.java:568) ~[na:1.8.0_45]
	at sun.rmi.transport.tcp.TCPTransport$ConnectionHandler.run0(TCPTransport.java:826) ~[na:1.8.0_45]
	at sun.rmi.transport.tcp.TCPTransport$ConnectionHandler.lambda$run$241(TCPTransport.java:683) ~[na:1.8.0_45]
	at sun.rmi.transport.tcp.TCPTransport$ConnectionHandler$$Lambda$8/32611773.run(Unknown Source) ~[na:na]
	at java.security.AccessController.doPrivileged(Native Method) ~[na:1.8.0_45]
	at sun.rmi.transport.tcp.TCPTransport$ConnectionHandler.run(TCPTransport.java:682) ~[na:1.8.0_45]
	at java.util.concurrent.ThreadPoolExecutor.runWorker(ThreadPoolExecutor.java:1142) ~[na:1.8.0_45]
	at java.util.concurrent.ThreadPoolExecutor$Worker.run(ThreadPoolExecutor.java:617) ~[na:1.8.0_45]
	at java.lang.Thread.run(Thread.java:745) ~[na:1.8.0_45]
Caused by: java.io.OptionalDataException: null
	at java.io.ObjectInputStream.readObject0(ObjectInputStream.java:1371) ~[na:1.8.0_45]
	at java.io.ObjectInputStream.readObject(ObjectInputStream.java:371) ~[na:1.8.0_45]
	at java.util.HashMap.readObject(HashMap.java:1394) ~[na:1.8.0_45]
	at sun.reflect.GeneratedMethodAccessor7.invoke(Unknown Source) ~[na:na]
	at sun.reflect.DelegatingMethodAccessorImpl.invoke(DelegatingMethodAccessorImpl.java:43) ~[na:1.8.0_45]
	at java.lang.reflect.Method.invoke(Method.java:497) ~[na:1.8.0_45]
	at java.io.ObjectStreamClass.invokeReadObject(ObjectStreamClass.java:1017) ~[na:1.8.0_45]
	at java.io.ObjectInputStream.readSerialData(ObjectInputStream.java:1896) ~[na:1.8.0_45]
	at java.io.ObjectInputStream.readOrdinaryObject(ObjectInputStream.java:1801) ~[na:1.8.0_45]
	at java.io.ObjectInputStream.readObject0(ObjectInputStream.java:1351) ~[na:1.8.0_45]
	at java.io.ObjectInputStream.defaultReadFields(ObjectInputStream.java:1993) ~[na:1.8.0_45]
	at java.io.ObjectInputStream.readSerialData(ObjectInputStream.java:1918) ~[na:1.8.0_45]
	at java.io.ObjectInputStream.readOrdinaryObject(ObjectInputStream.java:1801) ~[na:1.8.0_45]
	at java.io.ObjectInputStream.readObject0(ObjectInputStream.java:1351) ~[na:1.8.0_45]
	at java.io.ObjectInputStream.readObject(ObjectInputStream.java:371) ~[na:1.8.0_45]
	at java.util.HashMap.readObject(HashMap.java:1394) ~[na:1.8.0_45]
	at sun.reflect.GeneratedMethodAccessor7.invoke(Unknown Source) ~[na:na]
	at sun.reflect.DelegatingMethodAccessorImpl.invoke(DelegatingMethodAccessorImpl.java:43) ~[na:1.8.0_45]
	at java.lang.reflect.Method.invoke(Method.java:497) ~[na:1.8.0_45]
	at java.io.ObjectStreamClass.invokeReadObject(ObjectStreamClass.java:1017) ~[na:1.8.0_45]
	at java.io.ObjectInputStream.readSerialData(ObjectInputStream.java:1896) ~[na:1.8.0_45]
	at java.io.ObjectInputStream.readOrdinaryObject(ObjectInputStream.java:1801) ~[na:1.8.0_45]
	at java.io.ObjectInputStream.readObject0(ObjectInputStream.java:1351) ~[na:1.8.0_45]
	at java.io.ObjectInputStream.defaultReadFields(ObjectInputStream.java:1993) ~[na:1.8.0_45]
	at java.io.ObjectInputStream.readSerialData(ObjectInputStream.java:1918) ~[na:1.8.0_45]
	at java.io.ObjectInputStream.readOrdinaryObject(ObjectInputStream.java:1801) ~[na:1.8.0_45]
	at java.io.ObjectInputStream.readObject0(ObjectInputStream.java:1351) ~[na:1.8.0_45]
	at java.io.ObjectInputStream.readObject(ObjectInputStream.java:371) ~[na:1.8.0_45]
	at sun.rmi.server.UnicastRef.unmarshalValue(UnicastRef.java:326) ~[na:1.8.0_45]
	at sun.rmi.server.UnicastServerRef.dispatch(UnicastServerRef.java:308) ~[na:1.8.0_45]
	... 13 common frames omitted

[Progress:>                             0%] [Cov:======================>            65%]
[Progress:>                             0%] [Cov:=======================>           66%]
[Progress:>                             0%] [Cov:=======================>           67%]
[Progress:>                             0%] [Cov:=======================>           68%]
[Progress:>                             0%] [Cov:=======================>           68%]
[Progress:>                             0%] [Cov:========================>          69%]
[Progress:>                             0%] [Cov:========================>          69%]
[Progress:>                             0%] [Cov:========================>          70%]
[Progress:>                             0%] [Cov:========================>          70%]
[Progress:>                             0%] [Cov:========================>          71%]
[Progress:>                             0%] [Cov:========================>          71%]
[Progress:>                             0%] [Cov:=========================>         72%]
[Progress:>                             0%] [Cov:=========================>         73%]
[Progress:>                             0%] [Cov:=========================>         74%]
[Progress:>                             0%] [Cov:=========================>         74%]
[Progress:>                             0%] [Cov:=========================>         74%]
[Progress:>                             0%] [Cov:=========================>         74%]
[Progress:>                             0%] [Cov:==========================>        75%]
[Progress:>                             0%] [Cov:==========================>        75%]
[Progress:>                             0%] [Cov:==========================>        75%]
[Progress:>                             0%] [Cov:==========================>        75%]
[Progress:>                             0%] [Cov:==========================>        75%]
[Progress:>                             0%] [Cov:==========================>        76%]
[Progress:>                             0%] [Cov:==========================>        77%]
[Progress:>                             0%] [Cov:===========================>       78%]
[Progress:>                             0%] [Cov:===========================>       78%]
[Progress:>                             0%] [Cov:===========================>       79%]
[Progress:>                             0%] [Cov:===========================>       79%]
[Progress:>                             0%] [Cov:===========================>       79%]
[Progress:>                             0%] [Cov:===========================>       79%]
[Progress:>                             0%] [Cov:===========================>       79%]
[Progress:>                             0%] [Cov:===========================>       79%]
[Progress:>                             0%] [Cov:===========================>       79%]
[Progress:>                             0%] [Cov:============================>      80%]
[Progress:>                             0%] [Cov:============================>      81%]
[Progress:>                             0%] [Cov:============================>      81%]
[Progress:>                             0%] [Cov:============================>      82%]
[Progress:>                             0%] [Cov:============================>      82%]
[Progress:>                             0%] [Cov:============================>      82%]
[Progress:>                             0%] [Cov:============================>      82%]
[Progress:>                             0%] [Cov:============================>      82%]
[Progress:>                             0%] [Cov:============================>      82%]
[Progress:>                             0%] [Cov:============================>      82%]
[Progress:>                             0%] [Cov:============================>      82%]
[Progress:>                             0%] [Cov:============================>      82%]
[Progress:>                             0%] [Cov:=============================>     83%]
[Progress:>                             0%] [Cov:=============================>     83%]
[Progress:>                             0%] [Cov:=============================>     83%]
[Progress:>                             0%] [Cov:=============================>     83%]
[Progress:>                             0%] [Cov:=============================>     83%]
[Progress:>                             0%] [Cov:=============================>     83%]
[Progress:>                             0%] [Cov:=============================>     83%]
[Progress:>                             0%] [Cov:=============================>     84%]
[Progress:>                             0%] [Cov:=============================>     84%]
[Progress:>                             0%] [Cov:=============================>     84%]
[Progress:>                             0%] [Cov:=============================>     84%]
[Progress:>                             0%] [Cov:=============================>     84%]
[Progress:>                             0%] [Cov:=============================>     84%]
[Progress:>                             0%] [Cov:=============================>     84%]
[Progress:>                             0%] [Cov:=============================>     84%]
[Progress:>                             0%] [Cov:=============================>     84%]
[Progress:>                             0%] [Cov:=============================>     84%]
[Progress:>                             0%] [Cov:=============================>     84%]
[Progress:>                             0%] [Cov:=============================>     84%]
[Progress:>                             0%] [Cov:=============================>     84%]
[Progress:>                             0%] [Cov:=============================>     84%]
[Progress:>                             0%] [Cov:=============================>     84%]
[Progress:>                             0%] [Cov:=============================>     84%]
[Progress:>                             0%] [Cov:=============================>     84%]
[Progress:>                             0%] [Cov:=============================>     84%]
[Progress:>                             0%] [Cov:=============================>     84%]
[Progress:>                             0%] [Cov:=============================>     84%]
[Progress:>                             0%] [Cov:=============================>     84%]
[Progress:>                             0%] [Cov:=============================>     84%]
[Progress:>                             0%] [Cov:=============================>     84%]
[Progress:>                             0%] [Cov:=============================>     85%]
[Progress:>                             0%] [Cov:=============================>     85%]
[Progress:>                             0%] [Cov:=============================>     85%]
[Progress:>                             0%] [Cov:=============================>     85%]
[Progress:>                             0%] [Cov:=============================>     85%]
[Progress:>                             0%] [Cov:=============================>     85%]
[Progress:>                             0%] [Cov:=============================>     85%]
[Progress:>                             0%] [Cov:=============================>     85%]
[Progress:>                             0%] [Cov:=============================>     85%]
[Progress:>                             0%] [Cov:=============================>     85%]
[Progress:>                             0%] [Cov:=============================>     85%]
[Progress:>                             0%] [Cov:=============================>     85%]
[Progress:>                             0%] [Cov:=============================>     85%]
[Progress:>                             0%] [Cov:=============================>     85%]
[Progress:>                             0%] [Cov:=============================>     85%]
[Progress:>                             0%] [Cov:=============================>     85%]
[Progress:>                             0%] [Cov:=============================>     85%]
[Progress:>                             0%] [Cov:=============================>     85%]
[Progress:>                             0%] [Cov:=============================>     85%]
[Progress:>                             0%] [Cov:=============================>     85%]
[Progress:>                             0%] [Cov:=============================>     85%]
[Progress:>                             0%] [Cov:=============================>     85%]
[Progress:>                             0%] [Cov:=============================>     85%]
[Progress:>                             0%] [Cov:=============================>     85%]
[Progress:>                             0%] [Cov:=============================>     85%]
[Progress:>                             0%] [Cov:=============================>     85%]
[Progress:>                             0%] [Cov:=============================>     85%]
[Progress:>                             0%] [Cov:=============================>     85%]
[Progress:>                             0%] [Cov:=============================>     85%]
[Progress:>                             0%] [Cov:=============================>     85%]
[Progress:>                             0%] [Cov:=============================>     85%]
[Progress:>                             0%] [Cov:=============================>     85%]
[Progress:>                             0%] [Cov:=============================>     85%]
[Progress:>                             0%] [Cov:=============================>     85%]
[Progress:>                             0%] [Cov:==============================>    86%]
[Progress:>                             0%] [Cov:==============================>    87%]
[Progress:>                             0%] [Cov:==============================>    87%]
[Progress:>                             0%] [Cov:==============================>    87%]
[Progress:>                             0%] [Cov:==============================>    87%]
[Progress:>                             0%] [Cov:==============================>    87%]
[Progress:>                             0%] [Cov:==============================>    87%]
[Progress:>                             0%] [Cov:==============================>    87%]
[Progress:>                             0%] [Cov:==============================>    87%]
[Progress:>                             0%] [Cov:==============================>    87%]
[Progress:>                             0%] [Cov:==============================>    87%]
[Progress:>                             0%] [Cov:==============================>    87%]
[Progress:>                             0%] [Cov:==============================>    87%]
[Progress:>                             0%] [Cov:==============================>    87%]
[Progress:>                             0%] [Cov:==============================>    87%]
[Progress:>                             0%] [Cov:==============================>    87%]
[Progress:>                             0%] [Cov:==============================>    87%]
[Progress:>                             0%] [Cov:==============================>    87%]
[Progress:>                             0%] [Cov:==============================>    87%]
[Progress:>                             0%] [Cov:==============================>    87%]
[Progress:>                             0%] [Cov:==============================>    87%]
[Progress:>                             0%] [Cov:==============================>    87%]
[Progress:>                             0%] [Cov:==============================>    87%]
[Progress:>                             0%] [Cov:==============================>    87%]
[Progress:>                             0%] [Cov:==============================>    88%]
[Progress:>                             0%] [Cov:==============================>    88%]
[Progress:>                             0%] [Cov:==============================>    88%]
[Progress:>                             0%] [Cov:==============================>    88%]
[Progress:>                             0%] [Cov:==============================>    88%]
[Progress:>                             0%] [Cov:==============================>    88%]
[Progress:>                             0%] [Cov:==============================>    88%]
[Progress:>                             0%] [Cov:==============================>    88%]
[Progress:>                             0%] [Cov:==============================>    88%]
[Progress:>                             0%] [Cov:==============================>    88%]
[Progress:>                             0%] [Cov:==============================>    88%]
[Progress:>                             0%] [Cov:==============================>    88%]
[Progress:>                             0%] [Cov:==============================>    88%]
[Progress:>                             0%] [Cov:==============================>    88%]
[Progress:>                             0%] [Cov:==============================>    88%]
[Progress:>                             0%] [Cov:==============================>    88%]
[Progress:>                             0%] [Cov:==============================>    88%]
[Progress:>                             0%] [Cov:==============================>    88%]
[Progress:>                             0%] [Cov:==============================>    88%]
[Progress:>                             0%] [Cov:==============================>    88%]
[Progress:>                             0%] [Cov:==============================>    88%]
[Progress:>                             0%] [Cov:==============================>    88%]
[Progress:>                             0%] [Cov:==============================>    88%]
[Progress:>                             0%] [Cov:===============================>   89%]
[Progress:>                             0%] [Cov:===============================>   89%]
[Progress:>                             0%] [Cov:===============================>   89%]
[Progress:>                             0%] [Cov:===============================>   89%]
[Progress:>                             0%] [Cov:===============================>   89%]
[Progress:>                             0%] [Cov:===============================>   89%]
* Search finished after 138s and 164 generations, 101882 statements, best individual has fitness: 153.41562499813736
* Minimizing test suite
* Going to analyze the coverage criteria
* Coverage analysis for criterion LINE
* Coverage of criterion LINE: 98%
* Total number of goals: 375
* Number of covered goals: 366
* Coverage analysis for criterion BRANCH
* Coverage of criterion BRANCH: 95%
* Total number of goals: 182
* Number of covered goals: 172
* Coverage analysis for criterion EXCEPTION
* Coverage of criterion EXCEPTION: 100%
* Total number of goals: 63
* Number of covered goals: 63
* Coverage analysis for criterion WEAKMUTATION
* Coverage of criterion WEAKMUTATION: 97%
* Total number of goals: 886
* Number of covered goals: 861
* Coverage analysis for criterion OUTPUT
* Coverage of criterion OUTPUT: 52%
* Total number of goals: 191
* Number of covered goals: 100
* Coverage analysis for criterion METHOD
* Coverage of criterion METHOD: 100%
* Total number of goals: 67
* Number of covered goals: 67
* Coverage analysis for criterion METHODNOEXCEPTION
* Coverage of criterion METHODNOEXCEPTION: 94%
* Total number of goals: 67
* Number of covered goals: 63
* Coverage analysis for criterion CBRANCH
* Coverage of criterion CBRANCH: 88%
* Total number of goals: 182
* Number of covered goals: 161
* Generated 166 tests with total length 638
* Resulting test suite's coverage: 89% (average coverage for all fitness functions)
* Generating assertions
* Resulting test suite's mutation score: 66%
* Compiling and checking tests
[MASTER] 19:47:56.318 [logback-1] WARN  JUnitAnalyzer - EvoSuite problem: tests set up a security manager, but they do not remove it after execution
[MASTER] 19:47:56.357 [logback-1] WARN  JUnitAnalyzer - EvoSuite problem: tests set up a security manager, but they do not remove it after execution
[MASTER] 19:47:56.394 [logback-1] WARN  JUnitAnalyzer - EvoSuite problem: tests set up a security manager, but they do not remove it after execution
[MASTER] 19:47:56.430 [logback-1] WARN  JUnitAnalyzer - EvoSuite problem: tests set up a security manager, but they do not remove it after execution
[MASTER] 19:47:56.463 [logback-1] WARN  JUnitAnalyzer - EvoSuite problem: tests set up a security manager, but they do not remove it after execution
[MASTER] 19:47:56.495 [logback-1] WARN  JUnitAnalyzer - EvoSuite problem: tests set up a security manager, but they do not remove it after execution
[MASTER] 19:47:56.563 [logback-1] WARN  JUnitAnalyzer - EvoSuite problem: tests set up a security manager, but they do not remove it after execution
[MASTER] 19:47:56.594 [logback-1] WARN  JUnitAnalyzer - EvoSuite problem: tests set up a security manager, but they do not remove it after execution
[MASTER] 19:47:56.627 [logback-1] WARN  JUnitAnalyzer - EvoSuite problem: tests set up a security manager, but they do not remove it after execution
[MASTER] 19:47:56.686 [logback-1] WARN  JUnitAnalyzer - EvoSuite problem: tests set up a security manager, but they do not remove it after execution
[MASTER] 19:47:56.722 [logback-1] WARN  JUnitAnalyzer - EvoSuite problem: tests set up a security manager, but they do not remove it after execution
[MASTER] 19:47:56.759 [logback-1] WARN  JUnitAnalyzer - EvoSuite problem: tests set up a security manager, but they do not remove it after execution
[MASTER] 19:47:56.802 [logback-1] WARN  JUnitAnalyzer - EvoSuite problem: tests set up a security manager, but they do not remove it after execution
[MASTER] 19:47:56.842 [logback-1] WARN  JUnitAnalyzer - EvoSuite problem: tests set up a security manager, but they do not remove it after execution
[MASTER] 19:47:56.878 [logback-1] WARN  JUnitAnalyzer - EvoSuite problem: tests set up a security manager, but they do not remove it after execution
[MASTER] 19:47:56.914 [logback-1] WARN  JUnitAnalyzer - EvoSuite problem: tests set up a security manager, but they do not remove it after execution
[MASTER] 19:47:56.950 [logback-1] WARN  JUnitAnalyzer - EvoSuite problem: tests set up a security manager, but they do not remove it after execution
[MASTER] 19:47:56.988 [logback-1] WARN  JUnitAnalyzer - EvoSuite problem: tests set up a security manager, but they do not remove it after execution
[MASTER] 19:47:57.072 [logback-1] WARN  JUnitAnalyzer - EvoSuite problem: tests set up a security manager, but they do not remove it after execution
[MASTER] 19:47:57.110 [logback-1] WARN  JUnitAnalyzer - EvoSuite problem: tests set up a security manager, but they do not remove it after execution
[MASTER] 19:47:57.145 [logback-1] WARN  JUnitAnalyzer - EvoSuite problem: tests set up a security manager, but they do not remove it after execution
[MASTER] 19:47:57.195 [logback-1] WARN  JUnitAnalyzer - EvoSuite problem: tests set up a security manager, but they do not remove it after execution
[MASTER] 19:47:57.229 [logback-1] WARN  JUnitAnalyzer - EvoSuite problem: tests set up a security manager, but they do not remove it after execution
[MASTER] 19:47:57.262 [logback-1] WARN  JUnitAnalyzer - EvoSuite problem: tests set up a security manager, but they do not remove it after execution
[MASTER] 19:47:57.299 [logback-1] WARN  JUnitAnalyzer - EvoSuite problem: tests set up a security manager, but they do not remove it after execution
[MASTER] 19:47:57.355 [logback-1] WARN  JUnitAnalyzer - EvoSuite problem: tests set up a security manager, but they do not remove it after execution
[MASTER] 19:47:57.394 [logback-1] WARN  JUnitAnalyzer - EvoSuite problem: tests set up a security manager, but they do not remove it after execution
[MASTER] 19:47:57.431 [logback-1] WARN  JUnitAnalyzer - EvoSuite problem: tests set up a security manager, but they do not remove it after execution
[MASTER] 19:47:57.466 [logback-1] WARN  JUnitAnalyzer - EvoSuite problem: tests set up a security manager, but they do not remove it after execution
[MASTER] 19:47:57.510 [logback-1] WARN  JUnitAnalyzer - EvoSuite problem: tests set up a security manager, but they do not remove it after execution
[MASTER] 19:47:57.547 [logback-1] WARN  JUnitAnalyzer - EvoSuite problem: tests set up a security manager, but they do not remove it after execution
[MASTER] 19:47:57.587 [logback-1] WARN  JUnitAnalyzer - EvoSuite problem: tests set up a security manager, but they do not remove it after execution
[MASTER] 19:47:57.670 [logback-1] WARN  JUnitAnalyzer - EvoSuite problem: tests set up a security manager, but they do not remove it after execution
[MASTER] 19:47:57.706 [logback-1] WARN  JUnitAnalyzer - EvoSuite problem: tests set up a security manager, but they do not remove it after execution
[MASTER] 19:47:57.758 [logback-1] WARN  JUnitAnalyzer - EvoSuite problem: tests set up a security manager, but they do not remove it after execution
[MASTER] 19:47:57.791 [logback-1] WARN  JUnitAnalyzer - EvoSuite problem: tests set up a security manager, but they do not remove it after execution
[MASTER] 19:47:57.859 [logback-1] WARN  JUnitAnalyzer - EvoSuite problem: tests set up a security manager, but they do not remove it after execution
[MASTER] 19:47:57.892 [logback-1] WARN  JUnitAnalyzer - EvoSuite problem: tests set up a security manager, but they do not remove it after execution
[MASTER] 19:47:57.959 [logback-1] WARN  JUnitAnalyzer - EvoSuite problem: tests set up a security manager, but they do not remove it after execution
[MASTER] 19:47:57.988 [logback-1] WARN  JUnitAnalyzer - EvoSuite problem: tests set up a security manager, but they do not remove it after execution
[MASTER] 19:47:58.017 [logback-1] WARN  JUnitAnalyzer - EvoSuite problem: tests set up a security manager, but they do not remove it after execution
[MASTER] 19:47:58.054 [logback-1] WARN  JUnitAnalyzer - EvoSuite problem: tests set up a security manager, but they do not remove it after execution
[MASTER] 19:47:58.090 [logback-1] WARN  JUnitAnalyzer - EvoSuite problem: tests set up a security manager, but they do not remove it after execution
[MASTER] 19:47:58.158 [logback-1] WARN  JUnitAnalyzer - EvoSuite problem: tests set up a security manager, but they do not remove it after execution
[MASTER] 19:47:58.189 [logback-1] WARN  JUnitAnalyzer - EvoSuite problem: tests set up a security manager, but they do not remove it after execution
[MASTER] 19:47:58.217 [logback-1] WARN  JUnitAnalyzer - EvoSuite problem: tests set up a security manager, but they do not remove it after execution
[MASTER] 19:47:58.246 [logback-1] WARN  JUnitAnalyzer - EvoSuite problem: tests set up a security manager, but they do not remove it after execution
[MASTER] 19:47:58.280 [logback-1] WARN  JUnitAnalyzer - EvoSuite problem: tests set up a security manager, but they do not remove it after execution
[MASTER] 19:47:58.310 [logback-1] WARN  JUnitAnalyzer - EvoSuite problem: tests set up a security manager, but they do not remove it after execution
[MASTER] 19:47:58.339 [logback-1] WARN  JUnitAnalyzer - EvoSuite problem: tests set up a security manager, but they do not remove it after execution
[MASTER] 19:47:58.390 [logback-1] WARN  JUnitAnalyzer - EvoSuite problem: tests set up a security manager, but they do not remove it after execution
[MASTER] 19:47:58.439 [logback-1] WARN  JUnitAnalyzer - EvoSuite problem: tests set up a security manager, but they do not remove it after execution
[MASTER] 19:47:58.481 [logback-1] WARN  JUnitAnalyzer - EvoSuite problem: tests set up a security manager, but they do not remove it after execution
[MASTER] 19:47:58.512 [logback-1] WARN  JUnitAnalyzer - EvoSuite problem: tests set up a security manager, but they do not remove it after execution
[MASTER] 19:47:58.542 [logback-1] WARN  JUnitAnalyzer - EvoSuite problem: tests set up a security manager, but they do not remove it after execution
[MASTER] 19:47:58.572 [logback-1] WARN  JUnitAnalyzer - EvoSuite problem: tests set up a security manager, but they do not remove it after execution
[MASTER] 19:47:58.600 [logback-1] WARN  JUnitAnalyzer - EvoSuite problem: tests set up a security manager, but they do not remove it after execution
[MASTER] 19:47:58.630 [logback-1] WARN  JUnitAnalyzer - EvoSuite problem: tests set up a security manager, but they do not remove it after execution
[MASTER] 19:47:58.659 [logback-1] WARN  JUnitAnalyzer - EvoSuite problem: tests set up a security manager, but they do not remove it after execution
[MASTER] 19:47:58.714 [logback-1] WARN  JUnitAnalyzer - EvoSuite problem: tests set up a security manager, but they do not remove it after execution
[MASTER] 19:47:58.750 [logback-1] WARN  JUnitAnalyzer - EvoSuite problem: tests set up a security manager, but they do not remove it after execution
[MASTER] 19:47:58.782 [logback-1] WARN  JUnitAnalyzer - EvoSuite problem: tests set up a security manager, but they do not remove it after execution
[MASTER] 19:47:58.816 [logback-1] WARN  JUnitAnalyzer - EvoSuite problem: tests set up a security manager, but they do not remove it after execution
[MASTER] 19:47:58.854 [logback-1] WARN  JUnitAnalyzer - EvoSuite problem: tests set up a security manager, but they do not remove it after execution
[MASTER] 19:47:58.884 [logback-1] WARN  JUnitAnalyzer - EvoSuite problem: tests set up a security manager, but they do not remove it after execution
[MASTER] 19:47:58.914 [logback-1] WARN  JUnitAnalyzer - EvoSuite problem: tests set up a security manager, but they do not remove it after execution
[MASTER] 19:47:58.966 [logback-1] WARN  JUnitAnalyzer - EvoSuite problem: tests set up a security manager, but they do not remove it after execution
[MASTER] 19:47:58.997 [logback-1] WARN  JUnitAnalyzer - EvoSuite problem: tests set up a security manager, but they do not remove it after execution
[MASTER] 19:47:59.026 [logback-1] WARN  JUnitAnalyzer - EvoSuite problem: tests set up a security manager, but they do not remove it after execution
[MASTER] 19:47:59.054 [logback-1] WARN  JUnitAnalyzer - EvoSuite problem: tests set up a security manager, but they do not remove it after execution
[MASTER] 19:47:59.082 [logback-1] WARN  JUnitAnalyzer - EvoSuite problem: tests set up a security manager, but they do not remove it after execution
[MASTER] 19:47:59.110 [logback-1] WARN  JUnitAnalyzer - EvoSuite problem: tests set up a security manager, but they do not remove it after execution
[MASTER] 19:47:59.138 [logback-1] WARN  JUnitAnalyzer - EvoSuite problem: tests set up a security manager, but they do not remove it after execution
[MASTER] 19:47:59.171 [logback-1] WARN  JUnitAnalyzer - EvoSuite problem: tests set up a security manager, but they do not remove it after execution
[MASTER] 19:47:59.199 [logback-1] WARN  JUnitAnalyzer - EvoSuite problem: tests set up a security manager, but they do not remove it after execution
[MASTER] 19:47:59.228 [logback-1] WARN  JUnitAnalyzer - EvoSuite problem: tests set up a security manager, but they do not remove it after execution
[MASTER] 19:47:59.259 [logback-1] WARN  JUnitAnalyzer - EvoSuite problem: tests set up a security manager, but they do not remove it after execution
[MASTER] 19:47:59.291 [logback-1] WARN  JUnitAnalyzer - EvoSuite problem: tests set up a security manager, but they do not remove it after execution
[MASTER] 19:47:59.326 [logback-1] WARN  JUnitAnalyzer - EvoSuite problem: tests set up a security manager, but they do not remove it after execution
[MASTER] 19:47:59.355 [logback-1] WARN  JUnitAnalyzer - EvoSuite problem: tests set up a security manager, but they do not remove it after execution
[MASTER] 19:47:59.384 [logback-1] WARN  JUnitAnalyzer - EvoSuite problem: tests set up a security manager, but they do not remove it after execution
[MASTER] 19:47:59.429 [logback-1] WARN  JUnitAnalyzer - EvoSuite problem: tests set up a security manager, but they do not remove it after execution
[MASTER] 19:47:59.462 [logback-1] WARN  JUnitAnalyzer - EvoSuite problem: tests set up a security manager, but they do not remove it after execution
[MASTER] 19:47:59.493 [logback-1] WARN  JUnitAnalyzer - EvoSuite problem: tests set up a security manager, but they do not remove it after execution
[MASTER] 19:47:59.576 [logback-1] WARN  JUnitAnalyzer - EvoSuite problem: tests set up a security manager, but they do not remove it after execution
[MASTER] 19:47:59.620 [logback-1] WARN  JUnitAnalyzer - EvoSuite problem: tests set up a security manager, but they do not remove it after execution
[MASTER] 19:47:59.654 [logback-1] WARN  JUnitAnalyzer - EvoSuite problem: tests set up a security manager, but they do not remove it after execution
[MASTER] 19:47:59.683 [logback-1] WARN  JUnitAnalyzer - EvoSuite problem: tests set up a security manager, but they do not remove it after execution
[MASTER] 19:47:59.712 [logback-1] WARN  JUnitAnalyzer - EvoSuite problem: tests set up a security manager, but they do not remove it after execution
[MASTER] 19:47:59.752 [logback-1] WARN  JUnitAnalyzer - EvoSuite problem: tests set up a security manager, but they do not remove it after execution
[MASTER] 19:47:59.787 [logback-1] WARN  JUnitAnalyzer - EvoSuite problem: tests set up a security manager, but they do not remove it after execution
[MASTER] 19:47:59.818 [logback-1] WARN  JUnitAnalyzer - EvoSuite problem: tests set up a security manager, but they do not remove it after execution
[MASTER] 19:47:59.854 [logback-1] WARN  JUnitAnalyzer - EvoSuite problem: tests set up a security manager, but they do not remove it after execution
[MASTER] 19:47:59.888 [logback-1] WARN  JUnitAnalyzer - EvoSuite problem: tests set up a security manager, but they do not remove it after execution
[MASTER] 19:47:59.919 [logback-1] WARN  JUnitAnalyzer - EvoSuite problem: tests set up a security manager, but they do not remove it after execution
[MASTER] 19:47:59.955 [logback-1] WARN  JUnitAnalyzer - EvoSuite problem: tests set up a security manager, but they do not remove it after execution
[MASTER] 19:47:59.991 [logback-1] WARN  JUnitAnalyzer - EvoSuite problem: tests set up a security manager, but they do not remove it after execution
[MASTER] 19:48:00.023 [logback-1] WARN  JUnitAnalyzer - EvoSuite problem: tests set up a security manager, but they do not remove it after execution
[MASTER] 19:48:00.064 [logback-1] WARN  JUnitAnalyzer - EvoSuite problem: tests set up a security manager, but they do not remove it after execution
[MASTER] 19:48:00.094 [logback-1] WARN  JUnitAnalyzer - EvoSuite problem: tests set up a security manager, but they do not remove it after execution
[MASTER] 19:48:00.127 [logback-1] WARN  JUnitAnalyzer - EvoSuite problem: tests set up a security manager, but they do not remove it after execution
[MASTER] 19:48:00.157 [logback-1] WARN  JUnitAnalyzer - EvoSuite problem: tests set up a security manager, but they do not remove it after execution
[MASTER] 19:48:00.186 [logback-1] WARN  JUnitAnalyzer - EvoSuite problem: tests set up a security manager, but they do not remove it after execution
[MASTER] 19:48:00.230 [logback-1] WARN  JUnitAnalyzer - EvoSuite problem: tests set up a security manager, but they do not remove it after execution
[MASTER] 19:48:00.262 [logback-1] WARN  JUnitAnalyzer - EvoSuite problem: tests set up a security manager, but they do not remove it after execution
[MASTER] 19:48:00.295 [logback-1] WARN  JUnitAnalyzer - EvoSuite problem: tests set up a security manager, but they do not remove it after execution
[MASTER] 19:48:00.351 [logback-1] WARN  JUnitAnalyzer - EvoSuite problem: tests set up a security manager, but they do not remove it after execution
[MASTER] 19:48:00.380 [logback-1] WARN  JUnitAnalyzer - EvoSuite problem: tests set up a security manager, but they do not remove it after execution
[MASTER] 19:48:00.408 [logback-1] WARN  JUnitAnalyzer - EvoSuite problem: tests set up a security manager, but they do not remove it after execution
[MASTER] 19:48:00.438 [logback-1] WARN  JUnitAnalyzer - EvoSuite problem: tests set up a security manager, but they do not remove it after execution
[MASTER] 19:48:00.477 [logback-1] WARN  JUnitAnalyzer - EvoSuite problem: tests set up a security manager, but they do not remove it after execution
[MASTER] 19:48:00.506 [logback-1] WARN  JUnitAnalyzer - EvoSuite problem: tests set up a security manager, but they do not remove it after execution
[MASTER] 19:48:00.534 [logback-1] WARN  JUnitAnalyzer - EvoSuite problem: tests set up a security manager, but they do not remove it after execution
[MASTER] 19:48:00.567 [logback-1] WARN  JUnitAnalyzer - EvoSuite problem: tests set up a security manager, but they do not remove it after execution
[MASTER] 19:48:00.594 [logback-1] WARN  JUnitAnalyzer - EvoSuite problem: tests set up a security manager, but they do not remove it after execution
[MASTER] 19:48:00.625 [logback-1] WARN  JUnitAnalyzer - EvoSuite problem: tests set up a security manager, but they do not remove it after execution
[MASTER] 19:48:00.658 [logback-1] WARN  JUnitAnalyzer - EvoSuite problem: tests set up a security manager, but they do not remove it after execution
[MASTER] 19:48:00.690 [logback-1] WARN  JUnitAnalyzer - EvoSuite problem: tests set up a security manager, but they do not remove it after execution
[MASTER] 19:48:00.719 [logback-1] WARN  JUnitAnalyzer - EvoSuite problem: tests set up a security manager, but they do not remove it after execution
[MASTER] 19:48:00.747 [logback-1] WARN  JUnitAnalyzer - EvoSuite problem: tests set up a security manager, but they do not remove it after execution
[MASTER] 19:48:00.774 [logback-1] WARN  JUnitAnalyzer - EvoSuite problem: tests set up a security manager, but they do not remove it after execution
[MASTER] 19:48:00.803 [logback-1] WARN  JUnitAnalyzer - EvoSuite problem: tests set up a security manager, but they do not remove it after execution
[MASTER] 19:48:00.832 [logback-1] WARN  JUnitAnalyzer - EvoSuite problem: tests set up a security manager, but they do not remove it after execution
[MASTER] 19:48:00.862 [logback-1] WARN  JUnitAnalyzer - EvoSuite problem: tests set up a security manager, but they do not remove it after execution
[MASTER] 19:48:00.893 [logback-1] WARN  JUnitAnalyzer - EvoSuite problem: tests set up a security manager, but they do not remove it after execution
[MASTER] 19:48:00.921 [logback-1] WARN  JUnitAnalyzer - EvoSuite problem: tests set up a security manager, but they do not remove it after execution
[MASTER] 19:48:00.955 [logback-1] WARN  JUnitAnalyzer - EvoSuite problem: tests set up a security manager, but they do not remove it after execution
[MASTER] 19:48:00.991 [logback-1] WARN  JUnitAnalyzer - EvoSuite problem: tests set up a security manager, but they do not remove it after execution
[MASTER] 19:48:01.021 [logback-1] WARN  JUnitAnalyzer - EvoSuite problem: tests set up a security manager, but they do not remove it after execution
[MASTER] 19:48:01.050 [logback-1] WARN  JUnitAnalyzer - EvoSuite problem: tests set up a security manager, but they do not remove it after execution
[MASTER] 19:48:01.076 [logback-1] WARN  JUnitAnalyzer - EvoSuite problem: tests set up a security manager, but they do not remove it after execution
[MASTER] 19:48:01.102 [logback-1] WARN  JUnitAnalyzer - EvoSuite problem: tests set up a security manager, but they do not remove it after execution
[MASTER] 19:48:01.168 [logback-1] WARN  JUnitAnalyzer - EvoSuite problem: tests set up a security manager, but they do not remove it after execution
[MASTER] 19:48:01.197 [logback-1] WARN  JUnitAnalyzer - EvoSuite problem: tests set up a security manager, but they do not remove it after execution
[MASTER] 19:48:01.225 [logback-1] WARN  JUnitAnalyzer - EvoSuite problem: tests set up a security manager, but they do not remove it after execution
[MASTER] 19:48:01.252 [logback-1] WARN  JUnitAnalyzer - EvoSuite problem: tests set up a security manager, but they do not remove it after execution
[MASTER] 19:48:01.279 [logback-1] WARN  JUnitAnalyzer - EvoSuite problem: tests set up a security manager, but they do not remove it after execution
[MASTER] 19:48:01.310 [logback-1] WARN  JUnitAnalyzer - EvoSuite problem: tests set up a security manager, but they do not remove it after execution
[MASTER] 19:48:01.387 [logback-1] WARN  JUnitAnalyzer - EvoSuite problem: tests set up a security manager, but they do not remove it after execution
[MASTER] 19:48:01.422 [logback-1] WARN  JUnitAnalyzer - EvoSuite problem: tests set up a security manager, but they do not remove it after execution
[MASTER] 19:48:01.450 [logback-1] WARN  JUnitAnalyzer - EvoSuite problem: tests set up a security manager, but they do not remove it after execution
[MASTER] 19:48:01.478 [logback-1] WARN  JUnitAnalyzer - EvoSuite problem: tests set up a security manager, but they do not remove it after execution
[MASTER] 19:48:01.507 [logback-1] WARN  JUnitAnalyzer - EvoSuite problem: tests set up a security manager, but they do not remove it after execution
[MASTER] 19:48:01.536 [logback-1] WARN  JUnitAnalyzer - EvoSuite problem: tests set up a security manager, but they do not remove it after execution
[MASTER] 19:48:01.575 [logback-1] WARN  JUnitAnalyzer - EvoSuite problem: tests set up a security manager, but they do not remove it after execution
[MASTER] 19:48:01.638 [logback-1] WARN  JUnitAnalyzer - EvoSuite problem: tests set up a security manager, but they do not remove it after execution
[MASTER] 19:48:01.666 [logback-1] WARN  JUnitAnalyzer - EvoSuite problem: tests set up a security manager, but they do not remove it after execution
[MASTER] 19:48:01.719 [logback-1] WARN  JUnitAnalyzer - EvoSuite problem: tests set up a security manager, but they do not remove it after execution
[MASTER] 19:48:01.768 [logback-1] WARN  JUnitAnalyzer - EvoSuite problem: tests set up a security manager, but they do not remove it after execution
[MASTER] 19:48:01.796 [logback-1] WARN  JUnitAnalyzer - EvoSuite problem: tests set up a security manager, but they do not remove it after execution
[MASTER] 19:48:01.823 [logback-1] WARN  JUnitAnalyzer - EvoSuite problem: tests set up a security manager, but they do not remove it after execution
[MASTER] 19:48:01.852 [logback-1] WARN  JUnitAnalyzer - EvoSuite problem: tests set up a security manager, but they do not remove it after execution
[MASTER] 19:48:01.879 [logback-1] WARN  JUnitAnalyzer - EvoSuite problem: tests set up a security manager, but they do not remove it after execution
[MASTER] 19:48:01.915 [logback-1] WARN  JUnitAnalyzer - EvoSuite problem: tests set up a security manager, but they do not remove it after execution
[MASTER] 19:48:01.944 [logback-1] WARN  JUnitAnalyzer - EvoSuite problem: tests set up a security manager, but they do not remove it after execution
[MASTER] 19:48:01.989 [logback-1] WARN  JUnitAnalyzer - EvoSuite problem: tests set up a security manager, but they do not remove it after execution
[MASTER] 19:48:02.031 [logback-1] WARN  JUnitAnalyzer - EvoSuite problem: tests set up a security manager, but they do not remove it after execution
[MASTER] 19:48:02.061 [logback-1] WARN  JUnitAnalyzer - EvoSuite problem: tests set up a security manager, but they do not remove it after execution
[MASTER] 19:48:02.137 [logback-1] WARN  JUnitAnalyzer - EvoSuite problem: tests set up a security manager, but they do not remove it after execution
[MASTER] 19:48:02.166 [logback-1] WARN  JUnitAnalyzer - EvoSuite problem: tests set up a security manager, but they do not remove it after execution
[MASTER] 19:48:02.195 [logback-1] WARN  JUnitAnalyzer - EvoSuite problem: tests set up a security manager, but they do not remove it after execution
[MASTER] 19:48:02.222 [logback-1] WARN  JUnitAnalyzer - EvoSuite problem: tests set up a security manager, but they do not remove it after execution
[MASTER] 19:48:02.259 [logback-1] WARN  JUnitAnalyzer - EvoSuite problem: tests set up a security manager, but they do not remove it after execution
[MASTER] 19:48:02.287 [logback-1] WARN  JUnitAnalyzer - EvoSuite problem: tests set up a security manager, but they do not remove it after execution
[MASTER] 19:48:02.316 [logback-1] WARN  JUnitAnalyzer - EvoSuite problem: tests set up a security manager, but they do not remove it after execution
[MASTER] 19:48:02.349 [logback-1] WARN  JUnitAnalyzer - EvoSuite problem: tests set up a security manager, but they do not remove it after execution
[MASTER] 19:48:03.316 [logback-1] WARN  JUnitAnalyzer - EvoSuite problem: tests set up a security manager, but they do not remove it after execution
[MASTER] 19:48:04.267 [logback-1] WARN  JUnitAnalyzer - EvoSuite problem: tests set up a security manager, but they do not remove it after execution
* Writing JUnit test case 'OpenMapRealVector_ESTest' to evosuite-tests
* Done!


------------* EvoSuite 1.0.4-SNAPSHOT
* Going to generate test cases for class: org.apache.commons.math.util.OpenIntToDoubleHashMap
* Starting client
* Connecting to master process on port 15940
* Analyzing classpath: 
  - /tmp/math_49_Genprog_local_s1/lib/
  - /tmp/math_49_Genprog_local_s1/lib/jtestex-0.0.1.jar
  - /tmp/math_49_Genprog_local_s1/lib/fixran-0.0.1.jar
  - /tmp/math_49_Genprog_local_s1/lib/junit-4.11.jar
  - /tmp/math_49_Genprog_local_s1/lib/commons-discovery-0.5.jar
  - /tmp/math_49_Genprog_local_s1/lib/cobertura-2.0.3.jar
  - /tmp/math_49_Genprog_local_s1/./outputMutation/AstorMain-Math/bin/default/
* Finished analyzing classpath
* Generating tests for class org.apache.commons.math.util.OpenIntToDoubleHashMap
* Test criteria:
  - Line Coverage
  - Branch Coverage
  - Exception
  - Mutation testing (weak)
  - Method-Output Coverage
  - Top-Level Method Coverage
  - No-Exception Top-Level Method Coverage
  - Context Branch Coverage
* Setting up search algorithm for whole suite generation
* Total number of test goals: 
  - Line 185
  - Branch 99
  - Exception 0
  - MutationFactory 760
  - Output 17
  - Method 15
  - MethodNoException 15
  - CBranchFitnessFactory 99

[Progress:>                             0%] [Cov:>                                  0%]* Using seed 16
* Starting evolution

[Progress:>                             0%] [Cov:===>                               9%]
[Progress:>                             0%] [Cov:=====>                             16%]
[Progress:>                             0%] [Cov:==========>                        29%]
[Progress:>                             0%] [Cov:==============>                    40%]
[Progress:>                             0%] [Cov:================>                  47%]
[Progress:>                             0%] [Cov:==================>                54%]
[Progress:>                             0%] [Cov:=====================>             61%]
[Progress:>                             0%] [Cov:=======================>           66%]
[Progress:>                             0%] [Cov:========================>          70%]
[Progress:>                             0%] [Cov:========================>          70%]
[Progress:>                             0%] [Cov:==============================>    88%]
[Progress:>                             0%] [Cov:==============================>    88%]
[Progress:>                             0%] [Cov:===============================>   89%]
[Progress:>                             0%] [Cov:===============================>   89%]
[Progress:>                             0%] [Cov:===============================>   90%]
[Progress:>                             0%] [Cov:===============================>   89%]
[Progress:>                             0%] [Cov:===============================>   89%]
[Progress:>                             0%] [Cov:===============================>   90%]
[Progress:>                             0%] [Cov:===============================>   90%]
[Progress:>                             0%] [Cov:===============================>   90%]
[Progress:>                             0%] [Cov:===============================>   90%]
[Progress:>                             0%] [Cov:===============================>   91%]
[Progress:>                             0%] [Cov:===============================>   91%]
[Progress:>                             0%] [Cov:===============================>   91%]
[Progress:>                             0%] [Cov:===============================>   91%]
[Progress:>                             0%] [Cov:===============================>   91%]
[Progress:>                             0%] [Cov:===============================>   91%]
[Progress:>                             0%] [Cov:===============================>   91%]
[Progress:>                             0%] [Cov:================================>  92%]
[Progress:>                             0%] [Cov:================================>  92%]
[Progress:>                             0%] [Cov:================================>  92%]
[Progress:>                             0%] [Cov:================================>  92%]
[Progress:>                             0%] [Cov:================================>  92%]
[Progress:>                             0%] [Cov:================================>  92%]
[Progress:>                             0%] [Cov:================================>  93%]
[Progress:>                             0%] [Cov:================================>  93%]
[Progress:>                             0%] [Cov:================================>  92%]
[Progress:>                             0%] [Cov:================================>  93%]
[Progress:>                             0%] [Cov:================================>  92%]
[Progress:>                             0%] [Cov:================================>  93%]
[Progress:>                             0%] [Cov:================================>  93%]
[Progress:>                             0%] [Cov:================================>  93%]
[Progress:>                             0%] [Cov:================================>  93%]
[Progress:>                             0%] [Cov:================================>  93%]
[Progress:>                             0%] [Cov:================================>  93%]
[Progress:>                             0%] [Cov:================================>  93%]
[Progress:>                             0%] [Cov:================================>  93%]
[Progress:>                             0%] [Cov:================================>  93%]
[Progress:>                             0%] [Cov:================================>  93%]
[Progress:>                             0%] [Cov:================================>  93%]
[Progress:>                             0%] [Cov:================================>  93%]
[Progress:>                             0%] [Cov:================================>  93%]
[Progress:>                             0%] [Cov:================================>  94%]
[Progress:>                             0%] [Cov:================================>  94%]
[Progress:>                             0%] [Cov:================================>  94%]
[Progress:>                             0%] [Cov:================================>  94%]
[Progress:>                             0%] [Cov:================================>  94%]
[Progress:>                             0%] [Cov:================================>  94%]
[Progress:>                             0%] [Cov:================================>  94%]
[Progress:>                             0%] [Cov:================================>  94%]
[Progress:>                             0%] [Cov:================================>  94%]
[Progress:>                             0%] [Cov:================================>  94%]
[Progress:>                             0%] [Cov:================================>  94%]
[Progress:>                             0%] [Cov:================================>  94%]
[Progress:>                             0%] [Cov:================================>  94%]
[Progress:>                             0%] [Cov:================================>  94%]
[Progress:>                             0%] [Cov:================================>  94%]
[Progress:>                             0%] [Cov:================================>  94%]
[Progress:>                             0%] [Cov:================================>  94%]
[Progress:>                             0%] [Cov:================================>  94%]
[Progress:>                             0%] [Cov:================================>  94%]
[Progress:>                             0%] [Cov:================================>  94%]
[Progress:>                             0%] [Cov:================================>  94%]
[Progress:>                             0%] [Cov:================================>  94%]
[Progress:>                             0%] [Cov:================================>  94%]
[Progress:>                             0%] [Cov:================================>  94%]
[Progress:>                             0%] [Cov:================================>  94%]
[Progress:>                             0%] [Cov:================================>  94%]
[Progress:>                             0%] [Cov:=================================> 95%]
[Progress:>                             0%] [Cov:=================================> 95%]
[Progress:>                             0%] [Cov:=================================> 95%]
[Progress:>                             0%] [Cov:=================================> 95%]
[Progress:>                             0%] [Cov:=================================> 95%]
[Progress:>                             0%] [Cov:=================================> 95%]
[Progress:>                             0%] [Cov:=================================> 95%]
[Progress:>                             0%] [Cov:=================================> 95%]
[Progress:>                             0%] [Cov:=================================> 95%]
[Progress:>                             0%] [Cov:=================================> 95%]
[Progress:>                             0%] [Cov:=================================> 95%]
[Progress:>                             0%] [Cov:=================================> 95%]
[Progress:>                             0%] [Cov:=================================> 95%]
[Progress:>                             0%] [Cov:=================================> 95%]
[Progress:>                             0%] [Cov:=================================> 95%]
[Progress:>                             0%] [Cov:=================================> 95%]
[Progress:>                             0%] [Cov:=================================> 95%]
[Progress:>                             0%] [Cov:=================================> 95%]
[Progress:>                             0%] [Cov:=================================> 95%]
[Progress:>                             0%] [Cov:=================================> 95%]
[Progress:>                             0%] [Cov:=================================> 95%]
[Progress:>                             0%] [Cov:=================================> 95%]
[Progress:>                             0%] [Cov:=================================> 95%]
[Progress:>                             0%] [Cov:=================================> 95%]
[Progress:>                             0%] [Cov:=================================> 95%]
[Progress:>                             0%] [Cov:=================================> 95%]
[Progress:>                             0%] [Cov:=================================> 95%]
[Progress:>                             0%] [Cov:=================================> 95%]
[Progress:>                             0%] [Cov:=================================> 95%]
[Progress:>                             0%] [Cov:=================================> 95%]
[Progress:>                             0%] [Cov:=================================> 95%]
[Progress:>                             0%] [Cov:=================================> 95%]
[Progress:>                             0%] [Cov:=================================> 95%]
[Progress:>                             0%] [Cov:=================================> 95%]
[Progress:>                             0%] [Cov:=================================> 95%]
[Progress:>                             0%] [Cov:=================================> 95%]
[Progress:>                             0%] [Cov:=================================> 95%]
[Progress:>                             0%] [Cov:=================================> 95%]
[Progress:>                             0%] [Cov:=================================> 95%]
[Progress:>                             0%] [Cov:=================================> 95%]
[Progress:>                             0%] [Cov:=================================> 95%]
[Progress:>                             0%] [Cov:=================================> 95%]
[Progress:>                             0%] [Cov:=================================> 95%]
[Progress:>                             0%] [Cov:=================================> 95%]
[Progress:>                             0%] [Cov:=================================> 95%]
[Progress:>                             0%] [Cov:=================================> 95%]
[Progress:>                             0%] [Cov:=================================> 95%]
[Progress:>                             0%] [Cov:=================================> 95%]
[Progress:>                             0%] [Cov:=================================> 95%]
[Progress:>                             0%] [Cov:=================================> 95%]
[Progress:>                             0%] [Cov:=================================> 95%]
[Progress:>                             0%] [Cov:=================================> 95%]
[Progress:>                             0%] [Cov:=================================> 95%]
[Progress:>                             0%] [Cov:=================================> 95%]
[Progress:>                             0%] [Cov:=================================> 95%]
[Progress:>                             0%] [Cov:=================================> 95%]
[Progress:>                             0%] [Cov:=================================> 95%]
[Progress:>                             0%] [Cov:=================================> 95%]
[Progress:>                             0%] [Cov:=================================> 95%]
[Progress:>                             0%] [Cov:=================================> 95%]
[Progress:>                             0%] [Cov:=================================> 95%]
[Progress:>                             0%] [Cov:=================================> 95%]
[Progress:>                             0%] [Cov:=================================> 95%]
[Progress:>                             0%] [Cov:=================================> 95%]
[Progress:>                             0%] [Cov:=================================> 95%]
[Progress:>                             0%] [Cov:=================================> 95%]
[Progress:>                             0%] [Cov:=================================> 95%]
[Progress:>                             0%] [Cov:=================================> 95%]
[Progress:>                             0%] [Cov:=================================> 95%]
[Progress:>                             0%] [Cov:=================================> 95%]
[Progress:>                             0%] [Cov:=================================> 95%]
[Progress:>                             0%] [Cov:=================================> 95%]
[Progress:>                             0%] [Cov:=================================> 95%]
[Progress:>                             1%] [Cov:=================================> 95%]
[Progress:>                             1%] [Cov:=================================> 95%]
[Progress:>                             1%] [Cov:=================================> 95%]
[Progress:>                             1%] [Cov:=================================> 95%]
[Progress:>                             1%] [Cov:=================================> 95%]
[Progress:>                             1%] [Cov:=================================> 95%]
[Progress:>                             1%] [Cov:=================================> 95%]
[Progress:>                             1%] [Cov:=================================> 95%]
[Progress:>                             1%] [Cov:=================================> 95%]
[Progress:>                             1%] [Cov:=================================> 95%]
[Progress:>                             1%] [Cov:=================================> 95%]
[Progress:>                             1%] [Cov:=================================> 95%]
[Progress:>                             1%] [Cov:=================================> 95%]
[Progress:>                             1%] [Cov:=================================> 95%]
[Progress:>                             1%] [Cov:=================================> 95%]
[Progress:>                             1%] [Cov:=================================> 95%]
[Progress:>                             1%] [Cov:=================================> 95%]
[Progress:>                             1%] [Cov:=================================> 95%]
[Progress:>                             1%] [Cov:=================================> 95%]
[Progress:>                             1%] [Cov:=================================> 95%]
[Progress:>                             1%] [Cov:=================================> 95%]
[Progress:>                             1%] [Cov:=================================> 95%]
[Progress:>                             1%] [Cov:=================================> 95%]
[Progress:>                             1%] [Cov:=================================> 95%]
[Progress:>                             1%] [Cov:=================================> 95%]
[Progress:>                             1%] [Cov:=================================> 95%]
[Progress:>                             1%] [Cov:=================================> 95%]
[Progress:>                             1%] [Cov:=================================> 95%]
[Progress:>                             1%] [Cov:=================================> 95%]
[Progress:>                             1%] [Cov:=================================> 95%]
[Progress:>                             1%] [Cov:=================================> 95%]
[Progress:>                             1%] [Cov:=================================> 95%]
[Progress:>                             1%] [Cov:=================================> 95%]
[Progress:>                             1%] [Cov:=================================> 95%]
[Progress:>                             1%] [Cov:=================================> 95%]
[Progress:>                             1%] [Cov:=================================> 95%]
[Progress:>                             1%] [Cov:=================================> 95%]
[Progress:>                             1%] [Cov:=================================> 95%]
[Progress:>                             1%] [Cov:=================================> 95%]
[Progress:>                             1%] [Cov:=================================> 95%]
[Progress:>                             1%] [Cov:=================================> 95%]
[Progress:>                             1%] [Cov:=================================> 95%]
[Progress:>                             1%] [Cov:=================================> 95%]
[Progress:>                             1%] [Cov:=================================> 95%]
[Progress:>                             1%] [Cov:=================================> 95%]
[Progress:>                             1%] [Cov:=================================> 95%]
[Progress:>                             1%] [Cov:=================================> 95%]
[Progress:>                             1%] [Cov:=================================> 95%]
[Progress:>                             1%] [Cov:=================================> 95%]
[Progress:>                             1%] [Cov:=================================> 95%]
[Progress:>                             1%] [Cov:=================================> 95%]
[Progress:>                             1%] [Cov:=================================> 95%]
[Progress:>                             1%] [Cov:=================================> 95%]
[Progress:>                             1%] [Cov:=================================> 95%]
[Progress:>                             1%] [Cov:=================================> 95%]
[Progress:>                             1%] [Cov:=================================> 95%]
[Progress:>                             1%] [Cov:=================================> 95%]
[Progress:>                             1%] [Cov:=================================> 95%]
[Progress:>                             1%] [Cov:=================================> 95%]
[Progress:>                             1%] [Cov:=================================> 95%]
[Progress:>                             1%] [Cov:=================================> 95%]
[Progress:>                             1%] [Cov:=================================> 95%]
[Progress:>                             1%] [Cov:=================================> 95%]
[Progress:>                             1%] [Cov:=================================> 95%]
[Progress:>                             1%] [Cov:=================================> 95%]
[Progress:>                             1%] [Cov:=================================> 95%]
[Progress:>                             1%] [Cov:=================================> 95%]
[Progress:>                             1%] [Cov:=================================> 95%]
[Progress:>                             1%] [Cov:=================================> 95%]
[Progress:>                             1%] [Cov:=================================> 95%]
[Progress:>                             1%] [Cov:=================================> 95%]
[Progress:>                             1%] [Cov:=================================> 95%]
[Progress:>                             1%] [Cov:=================================> 95%]
[Progress:>                             1%] [Cov:=================================> 95%]
[Progress:>                             1%] [Cov:=================================> 95%]
[Progress:>                             1%] [Cov:=================================> 96%]
[Progress:>                             1%] [Cov:=================================> 96%]
[Progress:>                             1%] [Cov:=================================> 96%]
[Progress:>                             1%] [Cov:=================================> 96%]
[Progress:>                             1%] [Cov:=================================> 96%]
[Progress:>                             1%] [Cov:=================================> 96%]
[Progress:>                             1%] [Cov:=================================> 96%]
[Progress:>                             1%] [Cov:=================================> 96%]
[Progress:>                             1%] [Cov:=================================> 96%]
[Progress:>                             1%] [Cov:=================================> 96%]
[Progress:>                             1%] [Cov:=================================> 96%]
[Progress:>                             1%] [Cov:=================================> 96%]
[Progress:>                             1%] [Cov:=================================> 96%]
[Progress:>                             1%] [Cov:=================================> 96%]
[Progress:>                             1%] [Cov:=================================> 96%]
[Progress:>                             1%] [Cov:=================================> 96%]
[Progress:>                             1%] [Cov:=================================> 96%]
[Progress:>                             1%] [Cov:=================================> 96%]
[Progress:>                             1%] [Cov:=================================> 96%]
[Progress:>                             1%] [Cov:=================================> 96%]
[Progress:>                             1%] [Cov:=================================> 96%]
[Progress:>                             1%] [Cov:=================================> 96%]
[Progress:>                             1%] [Cov:=================================> 96%]
* Search finished after 257s and 227 generations, 100181 statements, best individual has fitness: 26.540384615384617
* Minimizing test suite
* Going to analyze the coverage criteria
* Coverage analysis for criterion LINE
* Coverage of criterion LINE: 98%
* Total number of goals: 185
* Number of covered goals: 181
* Coverage analysis for criterion BRANCH
* Coverage of criterion BRANCH: 98%
* Total number of goals: 99
* Number of covered goals: 97
* Coverage analysis for criterion EXCEPTION
* Coverage of criterion EXCEPTION: 100%
* Total number of goals: 7
* Number of covered goals: 7
* Coverage analysis for criterion WEAKMUTATION
* Coverage of criterion WEAKMUTATION: 98%
* Total number of goals: 760
* Number of covered goals: 742
* Coverage analysis for criterion OUTPUT
* Coverage of criterion OUTPUT: 88%
* Total number of goals: 17
* Number of covered goals: 15
* Coverage analysis for criterion METHOD
* Coverage of criterion METHOD: 100%
* Total number of goals: 15
* Number of covered goals: 15
* Coverage analysis for criterion METHODNOEXCEPTION
* Coverage of criterion METHODNOEXCEPTION: 100%
* Total number of goals: 15
* Number of covered goals: 15
* Coverage analysis for criterion CBRANCH
* Coverage of criterion CBRANCH: 92%
* Total number of goals: 99
* Number of covered goals: 91
* Generated 44 tests with total length 138
* Resulting test suite's coverage: 97% (average coverage for all fitness functions)
* Generating assertions
* Resulting test suite's mutation score: 36%
* Compiling and checking tests
[MASTER] 21:27:32.042 [logback-1] WARN  JUnitAnalyzer - EvoSuite problem: tests set up a security manager, but they do not remove it after execution
[MASTER] 21:27:32.095 [logback-1] WARN  JUnitAnalyzer - EvoSuite problem: tests set up a security manager, but they do not remove it after execution
[MASTER] 21:27:32.131 [logback-1] WARN  JUnitAnalyzer - EvoSuite problem: tests set up a security manager, but they do not remove it after execution
[MASTER] 21:27:32.162 [logback-1] WARN  JUnitAnalyzer - EvoSuite problem: tests set up a security manager, but they do not remove it after execution
[MASTER] 21:27:32.198 [logback-1] WARN  JUnitAnalyzer - EvoSuite problem: tests set up a security manager, but they do not remove it after execution
[MASTER] 21:27:32.234 [logback-1] WARN  JUnitAnalyzer - EvoSuite problem: tests set up a security manager, but they do not remove it after execution
[MASTER] 21:27:32.272 [logback-1] WARN  JUnitAnalyzer - EvoSuite problem: tests set up a security manager, but they do not remove it after execution
[MASTER] 21:27:32.306 [logback-1] WARN  JUnitAnalyzer - EvoSuite problem: tests set up a security manager, but they do not remove it after execution
[MASTER] 21:27:32.358 [logback-1] WARN  JUnitAnalyzer - EvoSuite problem: tests set up a security manager, but they do not remove it after execution
[MASTER] 21:27:32.398 [logback-1] WARN  JUnitAnalyzer - EvoSuite problem: tests set up a security manager, but they do not remove it after execution
[MASTER] 21:27:32.438 [logback-1] WARN  JUnitAnalyzer - EvoSuite problem: tests set up a security manager, but they do not remove it after execution
[MASTER] 21:27:32.478 [logback-1] WARN  JUnitAnalyzer - EvoSuite problem: tests set up a security manager, but they do not remove it after execution
[MASTER] 21:27:32.518 [logback-1] WARN  JUnitAnalyzer - EvoSuite problem: tests set up a security manager, but they do not remove it after execution
[MASTER] 21:27:32.558 [logback-1] WARN  JUnitAnalyzer - EvoSuite problem: tests set up a security manager, but they do not remove it after execution
[MASTER] 21:27:32.590 [logback-1] WARN  JUnitAnalyzer - EvoSuite problem: tests set up a security manager, but they do not remove it after execution
[MASTER] 21:27:32.631 [logback-1] WARN  JUnitAnalyzer - EvoSuite problem: tests set up a security manager, but they do not remove it after execution
[MASTER] 21:27:32.690 [logback-1] WARN  JUnitAnalyzer - EvoSuite problem: tests set up a security manager, but they do not remove it after execution
[MASTER] 21:27:32.728 [logback-1] WARN  JUnitAnalyzer - EvoSuite problem: tests set up a security manager, but they do not remove it after execution
[MASTER] 21:27:32.762 [logback-1] WARN  JUnitAnalyzer - EvoSuite problem: tests set up a security manager, but they do not remove it after execution
[MASTER] 21:27:32.798 [logback-1] WARN  JUnitAnalyzer - EvoSuite problem: tests set up a security manager, but they do not remove it after execution
[MASTER] 21:27:32.836 [logback-1] WARN  JUnitAnalyzer - EvoSuite problem: tests set up a security manager, but they do not remove it after execution
[MASTER] 21:27:32.872 [logback-1] WARN  JUnitAnalyzer - EvoSuite problem: tests set up a security manager, but they do not remove it after execution
[MASTER] 21:27:32.911 [logback-1] WARN  JUnitAnalyzer - EvoSuite problem: tests set up a security manager, but they do not remove it after execution
[MASTER] 21:27:32.946 [logback-1] WARN  JUnitAnalyzer - EvoSuite problem: tests set up a security manager, but they do not remove it after execution
[MASTER] 21:27:32.982 [logback-1] WARN  JUnitAnalyzer - EvoSuite problem: tests set up a security manager, but they do not remove it after execution
[MASTER] 21:27:33.018 [logback-1] WARN  JUnitAnalyzer - EvoSuite problem: tests set up a security manager, but they do not remove it after execution
[MASTER] 21:27:33.053 [logback-1] WARN  JUnitAnalyzer - EvoSuite problem: tests set up a security manager, but they do not remove it after execution
[MASTER] 21:27:33.090 [logback-1] WARN  JUnitAnalyzer - EvoSuite problem: tests set up a security manager, but they do not remove it after execution
[MASTER] 21:27:33.123 [logback-1] WARN  JUnitAnalyzer - EvoSuite problem: tests set up a security manager, but they do not remove it after execution
[MASTER] 21:27:33.155 [logback-1] WARN  JUnitAnalyzer - EvoSuite problem: tests set up a security manager, but they do not remove it after execution
[MASTER] 21:27:33.190 [logback-1] WARN  JUnitAnalyzer - EvoSuite problem: tests set up a security manager, but they do not remove it after execution
[MASTER] 21:27:33.227 [logback-1] WARN  JUnitAnalyzer - EvoSuite problem: tests set up a security manager, but they do not remove it after execution
[MASTER] 21:27:33.690 [logback-1] WARN  JUnitAnalyzer - EvoSuite problem: tests set up a security manager, but they do not remove it after execution
[MASTER] 21:27:33.726 [logback-1] WARN  JUnitAnalyzer - EvoSuite problem: tests set up a security manager, but they do not remove it after execution
[MASTER] 21:27:33.763 [logback-1] WARN  JUnitAnalyzer - EvoSuite problem: tests set up a security manager, but they do not remove it after execution
[MASTER] 21:27:33.793 [logback-1] WARN  JUnitAnalyzer - EvoSuite problem: tests set up a security manager, but they do not remove it after execution
[MASTER] 21:27:33.827 [logback-1] WARN  JUnitAnalyzer - EvoSuite problem: tests set up a security manager, but they do not remove it after execution
[MASTER] 21:27:33.856 [logback-1] WARN  JUnitAnalyzer - EvoSuite problem: tests set up a security manager, but they do not remove it after execution
[MASTER] 21:27:33.886 [logback-1] WARN  JUnitAnalyzer - EvoSuite problem: tests set up a security manager, but they do not remove it after execution
[MASTER] 21:27:33.915 [logback-1] WARN  JUnitAnalyzer - EvoSuite problem: tests set up a security manager, but they do not remove it after execution
[MASTER] 21:27:33.951 [logback-1] WARN  JUnitAnalyzer - EvoSuite problem: tests set up a security manager, but they do not remove it after execution
[MASTER] 21:27:33.986 [logback-1] WARN  JUnitAnalyzer - EvoSuite problem: tests set up a security manager, but they do not remove it after execution
[MASTER] 21:27:34.022 [logback-1] WARN  JUnitAnalyzer - EvoSuite problem: tests set up a security manager, but they do not remove it after execution
[MASTER] 21:27:34.056 [logback-1] WARN  JUnitAnalyzer - EvoSuite problem: tests set up a security manager, but they do not remove it after execution
[MASTER] 21:27:34.679 [logback-1] WARN  JUnitAnalyzer - EvoSuite problem: tests set up a security manager, but they do not remove it after execution
[MASTER] 21:27:35.296 [logback-1] WARN  JUnitAnalyzer - EvoSuite problem: tests set up a security manager, but they do not remove it after execution
* Writing JUnit test case 'OpenIntToDoubleHashMap_ESTest' to evosuite-tests
* Done!


------------