* EvoSuite 1.0.4-SNAPSHOT
* Going to generate test cases for class: org.apache.commons.math.optimization.linear.SimplexTableau
* Starting client
* Connecting to master process on port 18055
* Analyzing classpath: 
  - target/classes/
  - target/test-classes/
  - lib/commons-discovery-0.5.jar
* Finished analyzing classpath
* Generating tests for class org.apache.commons.math.optimization.linear.SimplexTableau
* Test criteria:
  - Line Coverage
  - Branch Coverage
  - Exception
  - Mutation testing (weak)
  - Method-Output Coverage
  - Top-Level Method Coverage
  - No-Exception Top-Level Method Coverage
  - Context Branch Coverage
* Setting up search algorithm for whole suite generation
* Total number of test goals: 
  - Line 162
  - Branch 142
  - Exception 0
  - MutationFactory 606
  - Output 74
  - Method 27
  - MethodNoException 27
  - CBranchFitnessFactory 142

[Progress:>                             0%] [Cov:>                                  0%]* Using seed 54
* Starting evolution

[Progress:>                             0%] [Cov:==>                                6%]
[Progress:>                             0%] [Cov:===>                               10%]
[Progress:>                             0%] [Cov:=======>                           22%]
[Progress:>                             0%] [Cov:=========>                         28%]
[Progress:>                             0%] [Cov:==========>                        30%]
[Progress:>                             0%] [Cov:===========>                       32%]
[Progress:>                             0%] [Cov:===========>                       34%]
[Progress:>                             0%] [Cov:============>                      35%]
[Progress:>                             0%] [Cov:=============>                     38%]
[Progress:>                             0%] [Cov:==============>                    42%]
[Progress:>                             0%] [Cov:===============>                   43%]
[Progress:>                             0%] [Cov:===============>                   44%]
[Progress:>                             0%] [Cov:================>                  48%]
[Progress:>                             0%] [Cov:==================>                52%]
[Progress:>                             0%] [Cov:================>                  48%]
[Progress:>                             0%] [Cov:==================>                52%]
[Progress:>                             0%] [Cov:==================>                53%]
[Progress:>                             0%] [Cov:==================>                54%][MASTER] 18:15:45.024 [logback-2] ERROR ClientNodeImpl - Cannot inform master of change of state
java.rmi.ServerException: RemoteException occurred in server thread; nested exception is: 
	java.rmi.UnmarshalException: error unmarshalling arguments; nested exception is: 
	java.io.OptionalDataException
	at sun.rmi.server.UnicastServerRef.dispatch(UnicastServerRef.java:355) ~[na:1.8.0_101]
	at sun.rmi.transport.Transport$1.run(Transport.java:200) ~[na:1.8.0_101]
	at sun.rmi.transport.Transport$1.run(Transport.java:197) ~[na:1.8.0_101]
	at java.security.AccessController.doPrivileged(Native Method) ~[na:1.8.0_101]
	at sun.rmi.transport.Transport.serviceCall(Transport.java:196) ~[na:1.8.0_101]
	at sun.rmi.transport.tcp.TCPTransport.handleMessages(TCPTransport.java:568) ~[na:1.8.0_101]
	at sun.rmi.transport.tcp.TCPTransport$ConnectionHandler.run0(TCPTransport.java:826) ~[na:1.8.0_101]
	at sun.rmi.transport.tcp.TCPTransport$ConnectionHandler.lambda$run$0(TCPTransport.java:683) ~[na:1.8.0_101]
	at java.security.AccessController.doPrivileged(Native Method) ~[na:1.8.0_101]
	at sun.rmi.transport.tcp.TCPTransport$ConnectionHandler.run(TCPTransport.java:682) ~[na:1.8.0_101]
	at java.util.concurrent.ThreadPoolExecutor.runWorker(ThreadPoolExecutor.java:1142) ~[na:1.8.0_101]
	at java.util.concurrent.ThreadPoolExecutor$Worker.run(ThreadPoolExecutor.java:617) ~[na:1.8.0_101]
	at java.lang.Thread.run(Thread.java:745) ~[na:1.8.0_101]
	at sun.rmi.transport.StreamRemoteCall.exceptionReceivedFromServer(StreamRemoteCall.java:276) ~[na:1.8.0_101]
	at sun.rmi.transport.StreamRemoteCall.executeCall(StreamRemoteCall.java:253) ~[na:1.8.0_101]
	at sun.rmi.server.UnicastRef.invoke(UnicastRef.java:162) ~[na:1.8.0_101]
	at java.rmi.server.RemoteObjectInvocationHandler.invokeRemoteMethod(RemoteObjectInvocationHandler.java:227) ~[na:1.8.0_101]
	at java.rmi.server.RemoteObjectInvocationHandler.invoke(RemoteObjectInvocationHandler.java:179) ~[na:1.8.0_101]
	at com.sun.proxy.$Proxy7.evosuite_collectStatistics(Unknown Source) ~[na:na]
	at org.evosuite.rmi.service.ClientNodeImpl.updateStatistics(ClientNodeImpl.java:237) ~[evosuite-1.0.4.jar:1.0.4-SNAPSHOT]
	at org.evosuite.statistics.StatisticsSender.sendIndividualToMaster(StatisticsSender.java:68) [evosuite-1.0.4.jar:1.0.4-SNAPSHOT]
	at org.evosuite.statistics.StatisticsListener$1.run(StatisticsListener.java:71) [evosuite-1.0.4.jar:1.0.4-SNAPSHOT]
Caused by: java.rmi.UnmarshalException: error unmarshalling arguments; nested exception is: 
	java.io.OptionalDataException
	at sun.rmi.server.UnicastServerRef.dispatch(UnicastServerRef.java:312) ~[na:1.8.0_101]
	at sun.rmi.transport.Transport$1.run(Transport.java:200) ~[na:1.8.0_101]
	at sun.rmi.transport.Transport$1.run(Transport.java:197) ~[na:1.8.0_101]
	at java.security.AccessController.doPrivileged(Native Method) ~[na:1.8.0_101]
	at sun.rmi.transport.Transport.serviceCall(Transport.java:196) ~[na:1.8.0_101]
	at sun.rmi.transport.tcp.TCPTransport.handleMessages(TCPTransport.java:568) ~[na:1.8.0_101]
	at sun.rmi.transport.tcp.TCPTransport$ConnectionHandler.run0(TCPTransport.java:826) ~[na:1.8.0_101]
	at sun.rmi.transport.tcp.TCPTransport$ConnectionHandler.lambda$run$0(TCPTransport.java:683) ~[na:1.8.0_101]
	at java.security.AccessController.doPrivileged(Native Method) ~[na:1.8.0_101]
	at sun.rmi.transport.tcp.TCPTransport$ConnectionHandler.run(TCPTransport.java:682) ~[na:1.8.0_101]
	at java.util.concurrent.ThreadPoolExecutor.runWorker(ThreadPoolExecutor.java:1142) ~[na:1.8.0_101]
	at java.util.concurrent.ThreadPoolExecutor$Worker.run(ThreadPoolExecutor.java:617) ~[na:1.8.0_101]
	at java.lang.Thread.run(Thread.java:745) ~[na:1.8.0_101]
Caused by: java.io.OptionalDataException: null
	at java.io.ObjectInputStream.readObject0(ObjectInputStream.java:1373) ~[na:1.8.0_101]
	at java.io.ObjectInputStream.readObject(ObjectInputStream.java:373) ~[na:1.8.0_101]
	at java.util.HashMap.readObject(HashMap.java:1402) ~[na:1.8.0_101]
	at sun.reflect.GeneratedMethodAccessor7.invoke(Unknown Source) ~[na:na]
	at sun.reflect.DelegatingMethodAccessorImpl.invoke(DelegatingMethodAccessorImpl.java:43) ~[na:1.8.0_101]
	at java.lang.reflect.Method.invoke(Method.java:498) ~[na:1.8.0_101]
	at java.io.ObjectStreamClass.invokeReadObject(ObjectStreamClass.java:1058) ~[na:1.8.0_101]
	at java.io.ObjectInputStream.readSerialData(ObjectInputStream.java:1909) ~[na:1.8.0_101]
	at java.io.ObjectInputStream.readOrdinaryObject(ObjectInputStream.java:1808) ~[na:1.8.0_101]
	at java.io.ObjectInputStream.readObject0(ObjectInputStream.java:1353) ~[na:1.8.0_101]
	at java.io.ObjectInputStream.defaultReadFields(ObjectInputStream.java:2018) ~[na:1.8.0_101]
	at java.io.ObjectInputStream.readSerialData(ObjectInputStream.java:1942) ~[na:1.8.0_101]
	at java.io.ObjectInputStream.readOrdinaryObject(ObjectInputStream.java:1808) ~[na:1.8.0_101]
	at java.io.ObjectInputStream.readObject0(ObjectInputStream.java:1353) ~[na:1.8.0_101]
	at java.io.ObjectInputStream.readObject(ObjectInputStream.java:373) ~[na:1.8.0_101]
	at java.util.HashMap.readObject(HashMap.java:1402) ~[na:1.8.0_101]
	at sun.reflect.GeneratedMethodAccessor7.invoke(Unknown Source) ~[na:na]
	at sun.reflect.DelegatingMethodAccessorImpl.invoke(DelegatingMethodAccessorImpl.java:43) ~[na:1.8.0_101]
	at java.lang.reflect.Method.invoke(Method.java:498) ~[na:1.8.0_101]
	at java.io.ObjectStreamClass.invokeReadObject(ObjectStreamClass.java:1058) ~[na:1.8.0_101]
	at java.io.ObjectInputStream.readSerialData(ObjectInputStream.java:1909) ~[na:1.8.0_101]
	at java.io.ObjectInputStream.readOrdinaryObject(ObjectInputStream.java:1808) ~[na:1.8.0_101]
	at java.io.ObjectInputStream.readObject0(ObjectInputStream.java:1353) ~[na:1.8.0_101]
	at java.io.ObjectInputStream.defaultReadFields(ObjectInputStream.java:2018) ~[na:1.8.0_101]
	at java.io.ObjectInputStream.readSerialData(ObjectInputStream.java:1942) ~[na:1.8.0_101]
	at java.io.ObjectInputStream.readOrdinaryObject(ObjectInputStream.java:1808) ~[na:1.8.0_101]
	at java.io.ObjectInputStream.readObject0(ObjectInputStream.java:1353) ~[na:1.8.0_101]
	at java.io.ObjectInputStream.readObject(ObjectInputStream.java:373) ~[na:1.8.0_101]
	at sun.rmi.server.UnicastRef.unmarshalValue(UnicastRef.java:326) ~[na:1.8.0_101]
	at sun.rmi.server.UnicastServerRef.unmarshalParametersUnchecked(UnicastServerRef.java:592) ~[na:1.8.0_101]
	at sun.rmi.server.UnicastServerRef.unmarshalParameters(UnicastServerRef.java:580) ~[na:1.8.0_101]
	at sun.rmi.server.UnicastServerRef.dispatch(UnicastServerRef.java:310) ~[na:1.8.0_101]
	... 12 common frames omitted

[Progress:>                             0%] [Cov:===========================>       79%]
[Progress:>                             0%] [Cov:===========================>       79%]
[Progress:>                             0%] [Cov:===========================>       79%]
[Progress:>                             0%] [Cov:============================>      80%]
[Progress:>                             0%] [Cov:============================>      80%]
[Progress:>                             0%] [Cov:============================>      80%]
[Progress:>                             0%] [Cov:============================>      81%]
[Progress:>                             0%] [Cov:============================>      81%]
[Progress:>                             0%] [Cov:============================>      82%]
[Progress:>                             0%] [Cov:=============================>     83%]
[Progress:>                             0%] [Cov:=============================>     83%]
[Progress:>                             0%] [Cov:=============================>     83%]
[Progress:>                             0%] [Cov:=============================>     83%]
[Progress:>                             0%] [Cov:=============================>     83%]
[Progress:>                             0%] [Cov:=============================>     84%]
[Progress:>                             0%] [Cov:=============================>     84%]
[Progress:>                             0%] [Cov:=============================>     84%]
[Progress:>                             0%] [Cov:=============================>     84%]
[Progress:>                             0%] [Cov:=============================>     84%]
[Progress:>                             0%] [Cov:=============================>     84%]
[Progress:>                             0%] [Cov:=============================>     84%]
[Progress:>                             0%] [Cov:=============================>     84%]
[Progress:>                             0%] [Cov:=============================>     84%]
[Progress:>                             0%] [Cov:=============================>     84%]
[Progress:>                             0%] [Cov:=============================>     84%]
[Progress:>                             0%] [Cov:=============================>     84%]
[Progress:>                             0%] [Cov:=============================>     84%]
[Progress:>                             0%] [Cov:=============================>     84%]
[Progress:>                             0%] [Cov:=============================>     84%]
[Progress:>                             0%] [Cov:=============================>     84%]
[Progress:>                             0%] [Cov:=============================>     84%]
[Progress:>                             0%] [Cov:=============================>     84%]
[Progress:>                             0%] [Cov:=============================>     84%]
[Progress:>                             0%] [Cov:=============================>     84%]
[Progress:>                             0%] [Cov:=============================>     84%]
[Progress:>                             0%] [Cov:=============================>     84%]
[Progress:>                             0%] [Cov:=============================>     84%]
[Progress:>                             0%] [Cov:=============================>     84%]
[Progress:>                             0%] [Cov:=============================>     84%]
[Progress:>                             0%] [Cov:=============================>     84%]
[Progress:>                             0%] [Cov:=============================>     84%]
[Progress:>                             0%] [Cov:=============================>     84%]
[Progress:>                             0%] [Cov:=============================>     85%]
[Progress:>                             0%] [Cov:=============================>     85%]
[Progress:>                             0%] [Cov:=============================>     85%]
[Progress:>                             0%] [Cov:=============================>     85%]
[Progress:>                             0%] [Cov:=============================>     85%]
[Progress:>                             0%] [Cov:=============================>     85%]
[Progress:>                             0%] [Cov:=============================>     85%]
[Progress:>                             0%] [Cov:=============================>     85%]
[Progress:>                             0%] [Cov:=============================>     85%]
[Progress:>                             0%] [Cov:=============================>     85%]
[Progress:>                             0%] [Cov:=============================>     85%]
[Progress:>                             0%] [Cov:=============================>     85%]
[Progress:>                             0%] [Cov:==============================>    86%]
[Progress:>                             0%] [Cov:==============================>    86%]
[Progress:>                             0%] [Cov:==============================>    86%]
[Progress:>                             0%] [Cov:==============================>    86%]
[Progress:>                             0%] [Cov:==============================>    86%]
[Progress:>                             0%] [Cov:==============================>    87%]
[Progress:>                             0%] [Cov:==============================>    87%]
[Progress:>                             0%] [Cov:==============================>    87%]
[Progress:>                             0%] [Cov:==============================>    87%]
[Progress:>                             0%] [Cov:==============================>    87%]
[Progress:>                             0%] [Cov:==============================>    87%]
[Progress:>                             0%] [Cov:==============================>    87%]
[Progress:>                             0%] [Cov:==============================>    87%]
[Progress:>                             0%] [Cov:==============================>    87%]
[Progress:>                             0%] [Cov:==============================>    88%]
[Progress:>                             0%] [Cov:===============================>   89%]
[Progress:>                             0%] [Cov:===============================>   89%]
[Progress:>                             0%] [Cov:===============================>   89%]
[Progress:>                             0%] [Cov:===============================>   89%]
[Progress:>                             0%] [Cov:===============================>   89%]
[Progress:>                             0%] [Cov:===============================>   89%]
[Progress:>                             0%] [Cov:===============================>   89%]
[Progress:>                             0%] [Cov:===============================>   89%]
[Progress:>                             0%] [Cov:===============================>   89%]
[Progress:>                             0%] [Cov:===============================>   89%]
[Progress:>                             0%] [Cov:===============================>   89%]
[Progress:>                             0%] [Cov:===============================>   89%]
[Progress:>                             0%] [Cov:===============================>   89%]
[Progress:>                             0%] [Cov:===============================>   90%]
[Progress:>                             0%] [Cov:===============================>   91%]
[Progress:>                             0%] [Cov:===============================>   91%]
[Progress:>                             0%] [Cov:===============================>   91%]
[Progress:>                             0%] [Cov:================================>  92%]
[Progress:>                             0%] [Cov:================================>  92%]
[Progress:>                             0%] [Cov:================================>  92%]
[Progress:>                             0%] [Cov:================================>  92%]
[Progress:>                             0%] [Cov:================================>  92%]
[Progress:>                             0%] [Cov:================================>  92%]
[Progress:>                             0%] [Cov:================================>  92%]
[Progress:>                             0%] [Cov:================================>  92%]
[Progress:>                             0%] [Cov:================================>  92%]
[Progress:>                             0%] [Cov:================================>  92%]
[Progress:>                             0%] [Cov:================================>  92%]
[Progress:>                             0%] [Cov:================================>  92%]
[Progress:>                             0%] [Cov:================================>  92%]
[Progress:>                             0%] [Cov:================================>  92%]
[Progress:>                             0%] [Cov:================================>  92%]
[Progress:>                             0%] [Cov:================================>  92%]
[Progress:>                             0%] [Cov:================================>  92%]
[Progress:>                             0%] [Cov:================================>  92%]
[Progress:>                             0%] [Cov:================================>  92%]
[Progress:>                             0%] [Cov:================================>  92%]
[Progress:>                             0%] [Cov:================================>  92%]
[Progress:>                             0%] [Cov:================================>  92%]
[Progress:>                             0%] [Cov:================================>  92%]
[Progress:>                             0%] [Cov:================================>  92%]
[Progress:>                             0%] [Cov:================================>  92%]
[Progress:>                             0%] [Cov:================================>  92%]
[Progress:>                             0%] [Cov:================================>  92%]
[Progress:>                             0%] [Cov:================================>  92%]
[Progress:>                             0%] [Cov:================================>  92%]
[Progress:>                             0%] [Cov:================================>  92%]
[Progress:>                             0%] [Cov:================================>  92%]
[Progress:>                             0%] [Cov:================================>  92%]
[Progress:>                             0%] [Cov:================================>  92%]
[Progress:>                             0%] [Cov:================================>  92%]
[Progress:>                             0%] [Cov:================================>  92%]
[Progress:>                             0%] [Cov:================================>  92%]
[Progress:>                             0%] [Cov:================================>  92%]
[Progress:>                             0%] [Cov:================================>  92%]
[Progress:>                             0%] [Cov:================================>  92%]
[Progress:>                             0%] [Cov:================================>  92%]
[Progress:>                             0%] [Cov:================================>  92%]
[Progress:>                             0%] [Cov:================================>  92%]
[Progress:>                             0%] [Cov:================================>  92%]
[Progress:>                             0%] [Cov:================================>  92%]
[Progress:>                             0%] [Cov:================================>  92%]
[Progress:>                             0%] [Cov:================================>  93%]
[Progress:>                             0%] [Cov:================================>  93%]
[Progress:>                             0%] [Cov:================================>  93%]
[Progress:>                             0%] [Cov:================================>  93%]
[Progress:>                             0%] [Cov:================================>  93%]
[Progress:>                             0%] [Cov:================================>  93%]
[Progress:>                             0%] [Cov:================================>  93%]
[Progress:>                             0%] [Cov:================================>  93%]
[Progress:>                             0%] [Cov:================================>  93%]
[Progress:>                             0%] [Cov:================================>  93%]
[Progress:>                             0%] [Cov:================================>  93%]
[Progress:>                             0%] [Cov:================================>  93%]
[Progress:>                             0%] [Cov:================================>  93%]
[Progress:>                             0%] [Cov:================================>  93%]
[Progress:>                             0%] [Cov:================================>  93%]
* Search finished after 107s and 136 generations, 100710 statements, best individual has fitness: 57.445274170274175
* Minimizing test suite
* Going to analyze the coverage criteria
* Coverage analysis for criterion LINE
* Coverage of criterion LINE: 96%
* Total number of goals: 162
* Number of covered goals: 156
* Coverage analysis for criterion BRANCH
* Coverage of criterion BRANCH: 96%
* Total number of goals: 142
* Number of covered goals: 136
* Coverage analysis for criterion EXCEPTION
* Coverage of criterion EXCEPTION: 100%
* Total number of goals: 10
* Number of covered goals: 10
* Coverage analysis for criterion WEAKMUTATION
* Coverage of criterion WEAKMUTATION: 96%
* Total number of goals: 606
* Number of covered goals: 582
* Coverage analysis for criterion OUTPUT
* Coverage of criterion OUTPUT: 59%
* Total number of goals: 74
* Number of covered goals: 44
* Coverage analysis for criterion METHOD
* Coverage of criterion METHOD: 100%
* Total number of goals: 27
* Number of covered goals: 27
* Coverage analysis for criterion METHODNOEXCEPTION
* Coverage of criterion METHODNOEXCEPTION: 100%
* Total number of goals: 27
* Number of covered goals: 27
* Coverage analysis for criterion CBRANCH
* Coverage of criterion CBRANCH: 96%
* Total number of goals: 142
* Number of covered goals: 136
* Generated 60 tests with total length 416
* Resulting test suite's coverage: 93% (average coverage for all fitness functions)
* Generating assertions
* Resulting test suite's mutation score: 45%
* Compiling and checking tests
[MASTER] 18:18:42.306 [logback-1] WARN  JUnitAnalyzer - EvoSuite problem: tests set up a security manager, but they do not remove it after execution
[MASTER] 18:18:42.403 [logback-1] WARN  JUnitAnalyzer - EvoSuite problem: tests set up a security manager, but they do not remove it after execution
[MASTER] 18:18:42.482 [logback-1] WARN  JUnitAnalyzer - EvoSuite problem: tests set up a security manager, but they do not remove it after execution
[MASTER] 18:18:42.557 [logback-1] WARN  JUnitAnalyzer - EvoSuite problem: tests set up a security manager, but they do not remove it after execution
[MASTER] 18:18:42.644 [logback-1] WARN  JUnitAnalyzer - EvoSuite problem: tests set up a security manager, but they do not remove it after execution
[MASTER] 18:18:42.720 [logback-1] WARN  JUnitAnalyzer - EvoSuite problem: tests set up a security manager, but they do not remove it after execution
[MASTER] 18:18:42.800 [logback-1] WARN  JUnitAnalyzer - EvoSuite problem: tests set up a security manager, but they do not remove it after execution
[MASTER] 18:18:42.888 [logback-1] WARN  JUnitAnalyzer - EvoSuite problem: tests set up a security manager, but they do not remove it after execution
[MASTER] 18:18:42.960 [logback-1] WARN  JUnitAnalyzer - EvoSuite problem: tests set up a security manager, but they do not remove it after execution
[MASTER] 18:18:43.057 [logback-1] WARN  JUnitAnalyzer - EvoSuite problem: tests set up a security manager, but they do not remove it after execution
[MASTER] 18:18:43.136 [logback-1] WARN  JUnitAnalyzer - EvoSuite problem: tests set up a security manager, but they do not remove it after execution
[MASTER] 18:18:43.212 [logback-1] WARN  JUnitAnalyzer - EvoSuite problem: tests set up a security manager, but they do not remove it after execution
[MASTER] 18:18:43.299 [logback-1] WARN  JUnitAnalyzer - EvoSuite problem: tests set up a security manager, but they do not remove it after execution
[MASTER] 18:18:43.372 [logback-1] WARN  JUnitAnalyzer - EvoSuite problem: tests set up a security manager, but they do not remove it after execution
[MASTER] 18:18:43.447 [logback-1] WARN  JUnitAnalyzer - EvoSuite problem: tests set up a security manager, but they do not remove it after execution
[MASTER] 18:18:43.524 [logback-1] WARN  JUnitAnalyzer - EvoSuite problem: tests set up a security manager, but they do not remove it after execution
[MASTER] 18:18:43.584 [logback-1] WARN  JUnitAnalyzer - EvoSuite problem: tests set up a security manager, but they do not remove it after execution
[MASTER] 18:18:43.644 [logback-1] WARN  JUnitAnalyzer - EvoSuite problem: tests set up a security manager, but they do not remove it after execution
[MASTER] 18:18:43.714 [logback-1] WARN  JUnitAnalyzer - EvoSuite problem: tests set up a security manager, but they do not remove it after execution
[MASTER] 18:18:43.779 [logback-1] WARN  JUnitAnalyzer - EvoSuite problem: tests set up a security manager, but they do not remove it after execution
[MASTER] 18:18:43.848 [logback-1] WARN  JUnitAnalyzer - EvoSuite problem: tests set up a security manager, but they do not remove it after execution
[MASTER] 18:18:43.908 [logback-1] WARN  JUnitAnalyzer - EvoSuite problem: tests set up a security manager, but they do not remove it after execution
[MASTER] 18:18:43.976 [logback-1] WARN  JUnitAnalyzer - EvoSuite problem: tests set up a security manager, but they do not remove it after execution
[MASTER] 18:18:44.040 [logback-1] WARN  JUnitAnalyzer - EvoSuite problem: tests set up a security manager, but they do not remove it after execution
[MASTER] 18:18:44.098 [logback-1] WARN  JUnitAnalyzer - EvoSuite problem: tests set up a security manager, but they do not remove it after execution
[MASTER] 18:18:44.189 [logback-1] WARN  JUnitAnalyzer - EvoSuite problem: tests set up a security manager, but they do not remove it after execution
[MASTER] 18:18:44.254 [logback-1] WARN  JUnitAnalyzer - EvoSuite problem: tests set up a security manager, but they do not remove it after execution
[MASTER] 18:18:44.317 [logback-1] WARN  JUnitAnalyzer - EvoSuite problem: tests set up a security manager, but they do not remove it after execution
[MASTER] 18:18:44.384 [logback-1] WARN  JUnitAnalyzer - EvoSuite problem: tests set up a security manager, but they do not remove it after execution
[MASTER] 18:18:44.442 [logback-1] WARN  JUnitAnalyzer - EvoSuite problem: tests set up a security manager, but they do not remove it after execution
[MASTER] 18:18:44.505 [logback-1] WARN  JUnitAnalyzer - EvoSuite problem: tests set up a security manager, but they do not remove it after execution
[MASTER] 18:18:44.572 [logback-1] WARN  JUnitAnalyzer - EvoSuite problem: tests set up a security manager, but they do not remove it after execution
[MASTER] 18:18:44.640 [logback-1] WARN  JUnitAnalyzer - EvoSuite problem: tests set up a security manager, but they do not remove it after execution
[MASTER] 18:18:44.704 [logback-1] WARN  JUnitAnalyzer - EvoSuite problem: tests set up a security manager, but they do not remove it after execution
[MASTER] 18:18:44.766 [logback-1] WARN  JUnitAnalyzer - EvoSuite problem: tests set up a security manager, but they do not remove it after execution
[MASTER] 18:18:44.830 [logback-1] WARN  JUnitAnalyzer - EvoSuite problem: tests set up a security manager, but they do not remove it after execution
[MASTER] 18:18:44.889 [logback-1] WARN  JUnitAnalyzer - EvoSuite problem: tests set up a security manager, but they do not remove it after execution
[MASTER] 18:18:44.944 [logback-1] WARN  JUnitAnalyzer - EvoSuite problem: tests set up a security manager, but they do not remove it after execution
[MASTER] 18:18:44.992 [logback-1] WARN  JUnitAnalyzer - EvoSuite problem: tests set up a security manager, but they do not remove it after execution
[MASTER] 18:18:45.042 [logback-1] WARN  JUnitAnalyzer - EvoSuite problem: tests set up a security manager, but they do not remove it after execution
[MASTER] 18:18:45.100 [logback-1] WARN  JUnitAnalyzer - EvoSuite problem: tests set up a security manager, but they do not remove it after execution
[MASTER] 18:18:45.214 [logback-1] WARN  JUnitAnalyzer - EvoSuite problem: tests set up a security manager, but they do not remove it after execution
[MASTER] 18:18:45.277 [logback-1] WARN  JUnitAnalyzer - EvoSuite problem: tests set up a security manager, but they do not remove it after execution
[MASTER] 18:18:45.338 [logback-1] WARN  JUnitAnalyzer - EvoSuite problem: tests set up a security manager, but they do not remove it after execution
[MASTER] 18:18:45.396 [logback-1] WARN  JUnitAnalyzer - EvoSuite problem: tests set up a security manager, but they do not remove it after execution
[MASTER] 18:18:45.456 [logback-1] WARN  JUnitAnalyzer - EvoSuite problem: tests set up a security manager, but they do not remove it after execution
[MASTER] 18:18:45.516 [logback-1] WARN  JUnitAnalyzer - EvoSuite problem: tests set up a security manager, but they do not remove it after execution
[MASTER] 18:18:45.567 [logback-1] WARN  JUnitAnalyzer - EvoSuite problem: tests set up a security manager, but they do not remove it after execution
[MASTER] 18:18:45.618 [logback-1] WARN  JUnitAnalyzer - EvoSuite problem: tests set up a security manager, but they do not remove it after execution
[MASTER] 18:18:45.680 [logback-1] WARN  JUnitAnalyzer - EvoSuite problem: tests set up a security manager, but they do not remove it after execution
[MASTER] 18:18:45.732 [logback-1] WARN  JUnitAnalyzer - EvoSuite problem: tests set up a security manager, but they do not remove it after execution
[MASTER] 18:18:45.783 [logback-1] WARN  JUnitAnalyzer - EvoSuite problem: tests set up a security manager, but they do not remove it after execution
[MASTER] 18:18:45.833 [logback-1] WARN  JUnitAnalyzer - EvoSuite problem: tests set up a security manager, but they do not remove it after execution
[MASTER] 18:18:45.886 [logback-1] WARN  JUnitAnalyzer - EvoSuite problem: tests set up a security manager, but they do not remove it after execution
[MASTER] 18:18:45.941 [logback-1] WARN  JUnitAnalyzer - EvoSuite problem: tests set up a security manager, but they do not remove it after execution
[MASTER] 18:18:46.004 [logback-1] WARN  JUnitAnalyzer - EvoSuite problem: tests set up a security manager, but they do not remove it after execution
[MASTER] 18:18:46.065 [logback-1] WARN  JUnitAnalyzer - EvoSuite problem: tests set up a security manager, but they do not remove it after execution
[MASTER] 18:18:46.127 [logback-1] WARN  JUnitAnalyzer - EvoSuite problem: tests set up a security manager, but they do not remove it after execution
[MASTER] 18:18:46.193 [logback-1] WARN  JUnitAnalyzer - EvoSuite problem: tests set up a security manager, but they do not remove it after execution
[MASTER] 18:18:46.249 [logback-1] WARN  JUnitAnalyzer - EvoSuite problem: tests set up a security manager, but they do not remove it after execution
[MASTER] 18:18:46.790 [logback-1] WARN  JUnitAnalyzer - EvoSuite problem: tests set up a security manager, but they do not remove it after execution
[MASTER] 18:18:47.379 [logback-1] WARN  JUnitAnalyzer - EvoSuite problem: tests set up a security manager, but they do not remove it after execution
* Writing JUnit test case 'SimplexTableau_ESTest' to /home/spirals/zhyu/issta-new/program-set9/evosuite-repair-new/nopol/nopol/src/main/java/fr/inria/lille/spirals/evo/results/2016-December/Math/42/Nopol/54/generatedTests
* Done!

* Computation finished
