* EvoSuite 1.0.4-SNAPSHOT
* Going to generate test cases for class: org.apache.commons.lang.math.NumberUtils
* Starting client
* Connecting to master process on port 7088
* Analyzing classpath: 
  - target/classes/
  - target/tests/
  - lib/asm.jar
  - lib/cglib.jar
  - lib/commons-io.jar
  - lib/easymock.jar
* Finished analyzing classpath
* Generating tests for class org.apache.commons.lang.math.NumberUtils
* Test criteria:
  - Line Coverage
  - Branch Coverage
  - Exception
  - Mutation testing (weak)
  - Method-Output Coverage
  - Top-Level Method Coverage
  - No-Exception Top-Level Method Coverage
  - Context Branch Coverage
* Setting up search algorithm for whole suite generation
* Total number of test goals: 
  - Line 415
  - Branch 441
  - Exception 0
  - MutationFactory 579
  - Output 241
  - Method 52
  - MethodNoException 52
  - CBranchFitnessFactory 441

[Progress:>                             0%] [Cov:>                                  0%]* Using seed 28
* Starting evolution

[Progress:>                             0%] [Cov:>                                  1%]
[Progress:>                             0%] [Cov:>                                  2%]
[Progress:>                             0%] [Cov:====>                              14%]
[Progress:>                             0%] [Cov:=====>                             15%]
[Progress:>                             0%] [Cov:=====>                             17%]
[Progress:>                             0%] [Cov:======>                            19%]
[Progress:>                             0%] [Cov:========>                          24%]
[Progress:>                             0%] [Cov:=========>                         28%]
[Progress:>                             0%] [Cov:==========>                        29%]
[Progress:>                             1%] [Cov:>                                  1%]
[Progress:>                             1%] [Cov:=>                                 3%]
[Progress:>                             1%] [Cov:=====>                             15%]
[Progress:>                             1%] [Cov:=====>                             16%]
[Progress:>                             1%] [Cov:=====>                             17%]
[Progress:>                             1%] [Cov:======>                            19%]
[Progress:>                             1%] [Cov:=======>                           21%]
[Progress:>                             1%] [Cov:=======>                           22%]
[Progress:>                             1%] [Cov:========>                          23%]
[Progress:>                             1%] [Cov:========>                          24%]
[Progress:>                             1%] [Cov:========>                          25%]
[Progress:>                             1%] [Cov:=========>                         26%]
[Progress:>                             2%] [Cov:>                                  0%]
[Progress:>                             2%] [Cov:>                                  1%]
[Progress:>                             2%] [Cov:====>                              13%]
[Progress:>                             2%] [Cov:====>                              14%]
[Progress:>                             2%] [Cov:=====>                             15%]
[Progress:>                             2%] [Cov:======>                            18%]
[Progress:>                             2%] [Cov:=======>                           20%]
[Progress:>                             2%] [Cov:=======>                           21%]
[Progress:>                             2%] [Cov:=======>                           22%]
[Progress:>                             2%] [Cov:========>                          23%]
[Progress:>                             2%] [Cov:========>                          25%]
[Progress:>                             2%] [Cov:=========>                         26%]
[Progress:>                             2%] [Cov:=========>                         27%]
[Progress:>                             3%] [Cov:>                                  2%]
[Progress:>                             3%] [Cov:=>                                 4%]
[Progress:>                             3%] [Cov:=====>                             16%]
[Progress:>                             3%] [Cov:=====>                             17%]
[Progress:>                             3%] [Cov:======>                            19%]
[Progress:>                             3%] [Cov:========>                          23%]
[Progress:>                             3%] [Cov:=========>                         28%]
[Progress:>                             3%] [Cov:==========>                        29%]
[Progress:>                             3%] [Cov:==========>                        30%]
[Progress:>                             3%] [Cov:==========>                        30%]
[Progress:>                             3%] [Cov:==========>                        31%]
[Progress:=>                            4%] [Cov:========>                          25%]
[Progress:=>                            4%] [Cov:=========>                         26%]
[Progress:=>                            4%] [Cov:==========>                        29%]
[Progress:=>                            4%] [Cov:==========>                        30%]
[Progress:=>                            4%] [Cov:==========>                        31%]
[Progress:=>                            4%] [Cov:===========>                       32%]
[Progress:=>                            4%] [Cov:========================>          70%]
[Progress:=>                            4%] [Cov:========================>          70%]
[Progress:=>                            5%] [Cov:=======================>           68%]
[Progress:=>                            5%] [Cov:========================>          69%]
[Progress:=>                            5%] [Cov:========================>          70%]
[Progress:=>                            5%] [Cov:========================>          70%]
[Progress:=>                            6%] [Cov:========================>          69%]
[Progress:=>                            6%] [Cov:========================>          70%]
[Progress:=>                            6%] [Cov:========================>          71%]
[Progress:=>                            6%] [Cov:========================>          71%]
[Progress:==>                           7%] [Cov:========================>          71%]
[Progress:==>                           7%] [Cov:=========================>         72%]
[Progress:==>                           7%] [Cov:=========================>         72%]
[Progress:==>                           8%] [Cov:=========================>         72%]
[Progress:==>                           8%] [Cov:=========================>         73%]
[Progress:==>                           8%] [Cov:=========================>         73%]
[Progress:==>                           9%] [Cov:=========================>         72%]
[Progress:==>                           9%] [Cov:=========================>         73%]
[Progress:==>                           9%] [Cov:=========================>         73%]
[Progress:===>                          10%] [Cov:=========================>         72%]
[Progress:===>                          10%] [Cov:=========================>         73%]
[Progress:===>                          10%] [Cov:=========================>         73%]
[Progress:===>                          11%] [Cov:=========================>         73%]
[Progress:===>                          11%] [Cov:=========================>         73%]
[Progress:===>                          11%] [Cov:=========================>         74%]
[Progress:===>                          12%] [Cov:=========================>         73%]
[Progress:===>                          12%] [Cov:=========================>         74%]
[Progress:===>                          12%] [Cov:=========================>         74%]
[Progress:===>                          13%] [Cov:=========================>         74%]
[Progress:===>                          13%] [Cov:=========================>         74%]
[Progress:====>                         14%] [Cov:=========================>         74%]
[Progress:====>                         14%] [Cov:=========================>         74%]
[Progress:====>                         14%] [Cov:=========================>         74%]
[Progress:====>                         15%] [Cov:=========================>         74%]
[Progress:====>                         15%] [Cov:=========================>         74%]
[Progress:====>                         16%] [Cov:=========================>         74%]
[Progress:====>                         16%] [Cov:=========================>         74%]
[Progress:=====>                        17%] [Cov:=========================>         74%]
[Progress:=====>                        17%] [Cov:==========================>        75%]
[Progress:=====>                        18%] [Cov:=========================>         74%]
[Progress:=====>                        18%] [Cov:==========================>        75%]
[Progress:=====>                        18%] [Cov:==========================>        75%]
[Progress:=====>                        19%] [Cov:==========================>        75%]
[Progress:=====>                        19%] [Cov:==========================>        75%]
[Progress:=====>                        19%] [Cov:==========================>        75%]
[Progress:======>                       20%] [Cov:==========================>        75%]
[Progress:======>                       20%] [Cov:==========================>        75%]
[Progress:======>                       20%] [Cov:==========================>        75%]
[Progress:======>                       21%] [Cov:==========================>        75%]
[Progress:======>                       21%] [Cov:==========================>        75%]
[Progress:======>                       22%] [Cov:==========================>        75%]
[Progress:======>                       22%] [Cov:==========================>        75%]
[Progress:======>                       22%] [Cov:==========================>        76%]
[Progress:======>                       23%] [Cov:==========================>        75%]
[Progress:======>                       23%] [Cov:==========================>        76%]
[Progress:======>                       23%] [Cov:==========================>        76%]
[Progress:=======>                      24%] [Cov:==========================>        76%]
[Progress:=======>                      24%] [Cov:==========================>        76%]
[Progress:=======>                      25%] [Cov:==========================>        76%]
[Progress:=======>                      25%] [Cov:==========================>        76%]
[Progress:=======>                      26%] [Cov:==========================>        76%]
[Progress:=======>                      26%] [Cov:==========================>        76%]
[Progress:=======>                      26%] [Cov:==========================>        76%]
[Progress:========>                     27%] [Cov:==========================>        76%]
[Progress:========>                     27%] [Cov:==========================>        76%]
[Progress:========>                     27%] [Cov:==========================>        77%]
[Progress:========>                     27%] [Cov:==========================>        77%]
[Progress:========>                     28%] [Cov:==========================>        77%]
[Progress:========>                     28%] [Cov:==========================>        77%]
[Progress:========>                     29%] [Cov:==========================>        76%]
[Progress:========>                     29%] [Cov:==========================>        77%]
[Progress:========>                     29%] [Cov:==========================>        77%]
[Progress:=========>                    30%] [Cov:==========================>        77%]
[Progress:=========>                    30%] [Cov:==========================>        77%]
[Progress:=========>                    30%] [Cov:==========================>        77%]
[Progress:=========>                    31%] [Cov:==========================>        77%]
[Progress:=========>                    31%] [Cov:==========================>        77%]
[Progress:=========>                    32%] [Cov:==========================>        77%]
[Progress:=========>                    32%] [Cov:==========================>        77%]
[Progress:=========>                    32%] [Cov:==========================>        77%]
[Progress:=========>                    33%] [Cov:==========================>        77%]
[Progress:=========>                    33%] [Cov:==========================>        77%]
[Progress:==========>                   34%] [Cov:==========================>        77%]
[Progress:==========>                   34%] [Cov:==========================>        77%]
[Progress:==========>                   35%] [Cov:==========================>        77%]
[Progress:==========>                   35%] [Cov:==========================>        77%]
[Progress:==========>                   36%] [Cov:==========================>        77%]
[Progress:==========>                   36%] [Cov:==========================>        77%]
[Progress:==========>                   36%] [Cov:==========================>        77%]
[Progress:===========>                  37%] [Cov:==========================>        77%]
[Progress:===========>                  37%] [Cov:==========================>        77%]
[Progress:===========>                  38%] [Cov:==========================>        77%]
[Progress:===========>                  38%] [Cov:===========================>       78%]
[Progress:===========>                  38%] [Cov:===========================>       78%]
[Progress:===========>                  39%] [Cov:===========================>       78%]
[Progress:===========>                  39%] [Cov:===========================>       78%]
[Progress:============>                 40%] [Cov:===========================>       78%]
[Progress:============>                 40%] [Cov:===========================>       78%]
[Progress:============>                 40%] [Cov:===========================>       78%]
[Progress:============>                 41%] [Cov:===========================>       78%]
[Progress:============>                 41%] [Cov:===========================>       78%]
[Progress:============>                 42%] [Cov:===========================>       78%]
[Progress:============>                 42%] [Cov:===========================>       78%]
[Progress:============>                 42%] [Cov:===========================>       78%]
[Progress:============>                 43%] [Cov:===========================>       78%]
[Progress:============>                 43%] [Cov:===========================>       78%]
[Progress:=============>                44%] [Cov:===========================>       78%]
[Progress:=============>                44%] [Cov:===========================>       78%]
[Progress:=============>                45%] [Cov:===========================>       78%]
[Progress:=============>                45%] [Cov:===========================>       78%]
[Progress:=============>                45%] [Cov:===========================>       78%]
[Progress:=============>                46%] [Cov:===========================>       78%]
[Progress:=============>                46%] [Cov:===========================>       78%]
[Progress:==============>               47%] [Cov:===========================>       78%][MASTER] 15:34:54.684 [logback-2] ERROR ClientNodeImpl - Cannot inform master of change of state
java.rmi.ServerException: RemoteException occurred in server thread; nested exception is: 
	java.rmi.UnmarshalException: error unmarshalling arguments; nested exception is: 
	java.io.OptionalDataException
	at sun.rmi.server.UnicastServerRef.dispatch(UnicastServerRef.java:355) ~[na:1.8.0_101]
	at sun.rmi.transport.Transport$1.run(Transport.java:200) ~[na:1.8.0_101]
	at sun.rmi.transport.Transport$1.run(Transport.java:197) ~[na:1.8.0_101]
	at java.security.AccessController.doPrivileged(Native Method) ~[na:1.8.0_101]
	at sun.rmi.transport.Transport.serviceCall(Transport.java:196) ~[na:1.8.0_101]
	at sun.rmi.transport.tcp.TCPTransport.handleMessages(TCPTransport.java:568) ~[na:1.8.0_101]
	at sun.rmi.transport.tcp.TCPTransport$ConnectionHandler.run0(TCPTransport.java:826) ~[na:1.8.0_101]
	at sun.rmi.transport.tcp.TCPTransport$ConnectionHandler.lambda$run$0(TCPTransport.java:683) ~[na:1.8.0_101]
	at java.security.AccessController.doPrivileged(Native Method) ~[na:1.8.0_101]
	at sun.rmi.transport.tcp.TCPTransport$ConnectionHandler.run(TCPTransport.java:682) ~[na:1.8.0_101]
	at java.util.concurrent.ThreadPoolExecutor.runWorker(ThreadPoolExecutor.java:1142) ~[na:1.8.0_101]
	at java.util.concurrent.ThreadPoolExecutor$Worker.run(ThreadPoolExecutor.java:617) ~[na:1.8.0_101]
	at java.lang.Thread.run(Thread.java:745) ~[na:1.8.0_101]
	at sun.rmi.transport.StreamRemoteCall.exceptionReceivedFromServer(StreamRemoteCall.java:276) ~[na:1.8.0_101]
	at sun.rmi.transport.StreamRemoteCall.executeCall(StreamRemoteCall.java:253) ~[na:1.8.0_101]
	at sun.rmi.server.UnicastRef.invoke(UnicastRef.java:162) ~[na:1.8.0_101]
	at java.rmi.server.RemoteObjectInvocationHandler.invokeRemoteMethod(RemoteObjectInvocationHandler.java:227) ~[na:1.8.0_101]
	at java.rmi.server.RemoteObjectInvocationHandler.invoke(RemoteObjectInvocationHandler.java:179) ~[na:1.8.0_101]
	at com.sun.proxy.$Proxy7.evosuite_collectStatistics(Unknown Source) ~[na:na]
	at org.evosuite.rmi.service.ClientNodeImpl.updateStatistics(ClientNodeImpl.java:237) ~[evosuite-1.0.4.jar:1.0.4-SNAPSHOT]
	at org.evosuite.statistics.StatisticsSender.sendIndividualToMaster(StatisticsSender.java:68) [evosuite-1.0.4.jar:1.0.4-SNAPSHOT]
	at org.evosuite.statistics.StatisticsListener$1.run(StatisticsListener.java:71) [evosuite-1.0.4.jar:1.0.4-SNAPSHOT]
Caused by: java.rmi.UnmarshalException: error unmarshalling arguments; nested exception is: 
	java.io.OptionalDataException
	at sun.rmi.server.UnicastServerRef.dispatch(UnicastServerRef.java:312) ~[na:1.8.0_101]
	at sun.rmi.transport.Transport$1.run(Transport.java:200) ~[na:1.8.0_101]
	at sun.rmi.transport.Transport$1.run(Transport.java:197) ~[na:1.8.0_101]
	at java.security.AccessController.doPrivileged(Native Method) ~[na:1.8.0_101]
	at sun.rmi.transport.Transport.serviceCall(Transport.java:196) ~[na:1.8.0_101]
	at sun.rmi.transport.tcp.TCPTransport.handleMessages(TCPTransport.java:568) ~[na:1.8.0_101]
	at sun.rmi.transport.tcp.TCPTransport$ConnectionHandler.run0(TCPTransport.java:826) ~[na:1.8.0_101]
	at sun.rmi.transport.tcp.TCPTransport$ConnectionHandler.lambda$run$0(TCPTransport.java:683) ~[na:1.8.0_101]
	at java.security.AccessController.doPrivileged(Native Method) ~[na:1.8.0_101]
	at sun.rmi.transport.tcp.TCPTransport$ConnectionHandler.run(TCPTransport.java:682) ~[na:1.8.0_101]
	at java.util.concurrent.ThreadPoolExecutor.runWorker(ThreadPoolExecutor.java:1142) ~[na:1.8.0_101]
	at java.util.concurrent.ThreadPoolExecutor$Worker.run(ThreadPoolExecutor.java:617) ~[na:1.8.0_101]
	at java.lang.Thread.run(Thread.java:745) ~[na:1.8.0_101]
Caused by: java.io.OptionalDataException: null
	at java.io.ObjectInputStream.readObject0(ObjectInputStream.java:1373) ~[na:1.8.0_101]
	at java.io.ObjectInputStream.readObject(ObjectInputStream.java:373) ~[na:1.8.0_101]
	at java.util.HashMap.readObject(HashMap.java:1402) ~[na:1.8.0_101]
	at sun.reflect.GeneratedMethodAccessor7.invoke(Unknown Source) ~[na:na]
	at sun.reflect.DelegatingMethodAccessorImpl.invoke(DelegatingMethodAccessorImpl.java:43) ~[na:1.8.0_101]
	at java.lang.reflect.Method.invoke(Method.java:498) ~[na:1.8.0_101]
	at java.io.ObjectStreamClass.invokeReadObject(ObjectStreamClass.java:1058) ~[na:1.8.0_101]
	at java.io.ObjectInputStream.readSerialData(ObjectInputStream.java:1909) ~[na:1.8.0_101]
	at java.io.ObjectInputStream.readOrdinaryObject(ObjectInputStream.java:1808) ~[na:1.8.0_101]
	at java.io.ObjectInputStream.readObject0(ObjectInputStream.java:1353) ~[na:1.8.0_101]
	at java.io.ObjectInputStream.defaultReadFields(ObjectInputStream.java:2018) ~[na:1.8.0_101]
	at java.io.ObjectInputStream.readSerialData(ObjectInputStream.java:1942) ~[na:1.8.0_101]
	at java.io.ObjectInputStream.readOrdinaryObject(ObjectInputStream.java:1808) ~[na:1.8.0_101]
	at java.io.ObjectInputStream.readObject0(ObjectInputStream.java:1353) ~[na:1.8.0_101]
	at java.io.ObjectInputStream.readObject(ObjectInputStream.java:373) ~[na:1.8.0_101]
	at java.util.HashMap.readObject(HashMap.java:1402) ~[na:1.8.0_101]
	at sun.reflect.GeneratedMethodAccessor7.invoke(Unknown Source) ~[na:na]
	at sun.reflect.DelegatingMethodAccessorImpl.invoke(DelegatingMethodAccessorImpl.java:43) ~[na:1.8.0_101]
	at java.lang.reflect.Method.invoke(Method.java:498) ~[na:1.8.0_101]
	at java.io.ObjectStreamClass.invokeReadObject(ObjectStreamClass.java:1058) ~[na:1.8.0_101]
	at java.io.ObjectInputStream.readSerialData(ObjectInputStream.java:1909) ~[na:1.8.0_101]
	at java.io.ObjectInputStream.readOrdinaryObject(ObjectInputStream.java:1808) ~[na:1.8.0_101]
	at java.io.ObjectInputStream.readObject0(ObjectInputStream.java:1353) ~[na:1.8.0_101]
	at java.io.ObjectInputStream.defaultReadFields(ObjectInputStream.java:2018) ~[na:1.8.0_101]
	at java.io.ObjectInputStream.readSerialData(ObjectInputStream.java:1942) ~[na:1.8.0_101]
	at java.io.ObjectInputStream.readOrdinaryObject(ObjectInputStream.java:1808) ~[na:1.8.0_101]
	at java.io.ObjectInputStream.readObject0(ObjectInputStream.java:1353) ~[na:1.8.0_101]
	at java.io.ObjectInputStream.readObject(ObjectInputStream.java:373) ~[na:1.8.0_101]
	at sun.rmi.server.UnicastRef.unmarshalValue(UnicastRef.java:326) ~[na:1.8.0_101]
	at sun.rmi.server.UnicastServerRef.unmarshalParametersUnchecked(UnicastServerRef.java:592) ~[na:1.8.0_101]
	at sun.rmi.server.UnicastServerRef.unmarshalParameters(UnicastServerRef.java:580) ~[na:1.8.0_101]
	at sun.rmi.server.UnicastServerRef.dispatch(UnicastServerRef.java:310) ~[na:1.8.0_101]
	... 12 common frames omitted

[Progress:==============>               47%] [Cov:===========================>       78%]
[Progress:==============>               47%] [Cov:===========================>       78%]
[Progress:==============>               48%] [Cov:===========================>       78%]
[Progress:==============>               48%] [Cov:===========================>       79%]
[Progress:==============>               48%] [Cov:===========================>       78%]
[Progress:==============>               48%] [Cov:===========================>       79%]
[Progress:==============>               49%] [Cov:===========================>       78%]
[Progress:==============>               49%] [Cov:===========================>       79%]
[Progress:==============>               49%] [Cov:===========================>       78%]
[Progress:==============>               49%] [Cov:===========================>       79%]
[Progress:===============>              50%] [Cov:===========================>       79%]
[Progress:===============>              50%] [Cov:===========================>       79%]
[Progress:===============>              50%] [Cov:===========================>       79%]
[Progress:===============>              51%] [Cov:===========================>       78%]
[Progress:===============>              51%] [Cov:===========================>       79%]
[Progress:===============>              51%] [Cov:===========================>       79%]
[Progress:===============>              52%] [Cov:===========================>       79%]
[Progress:===============>              52%] [Cov:===========================>       79%]
[Progress:===============>              53%] [Cov:===========================>       79%]
[Progress:===============>              53%] [Cov:===========================>       79%]
[Progress:===============>              53%] [Cov:===========================>       79%]
[Progress:================>             54%] [Cov:===========================>       79%]
[Progress:================>             54%] [Cov:===========================>       79%]
[Progress:================>             55%] [Cov:===========================>       79%]
[Progress:================>             55%] [Cov:===========================>       79%]
[Progress:================>             55%] [Cov:===========================>       79%]
[Progress:================>             56%] [Cov:===========================>       79%]
[Progress:================>             56%] [Cov:===========================>       79%]
[Progress:================>             56%] [Cov:===========================>       79%]
[Progress:=================>            57%] [Cov:===========================>       79%]
[Progress:=================>            57%] [Cov:===========================>       79%]
[Progress:=================>            58%] [Cov:===========================>       79%]
[Progress:=================>            58%] [Cov:===========================>       79%]
[Progress:=================>            58%] [Cov:===========================>       79%]
[Progress:=================>            59%] [Cov:===========================>       79%]
[Progress:=================>            59%] [Cov:===========================>       79%]
[Progress:==================>           60%] [Cov:===========================>       79%]
[Progress:==================>           60%] [Cov:===========================>       79%]
[Progress:==================>           61%] [Cov:===========================>       79%]
[Progress:==================>           61%] [Cov:===========================>       79%]
[Progress:==================>           61%] [Cov:============================>      80%]
[Progress:==================>           61%] [Cov:============================>      80%]
[Progress:==================>           62%] [Cov:===========================>       79%]
[Progress:==================>           62%] [Cov:============================>      80%]
[Progress:==================>           62%] [Cov:============================>      80%]
[Progress:==================>           63%] [Cov:============================>      80%]
[Progress:==================>           63%] [Cov:============================>      80%]
[Progress:===================>          64%] [Cov:============================>      80%]
[Progress:===================>          64%] [Cov:============================>      80%]
[Progress:===================>          65%] [Cov:============================>      80%]
[Progress:===================>          65%] [Cov:============================>      80%]
[Progress:===================>          65%] [Cov:============================>      80%]
[Progress:===================>          66%] [Cov:============================>      80%]
[Progress:===================>          66%] [Cov:============================>      80%]
[Progress:====================>         67%] [Cov:============================>      80%]
[Progress:====================>         67%] [Cov:============================>      80%]
[Progress:====================>         67%] [Cov:============================>      80%]
[Progress:====================>         68%] [Cov:============================>      80%]
[Progress:====================>         68%] [Cov:============================>      80%]
[Progress:====================>         69%] [Cov:============================>      80%]
[Progress:====================>         69%] [Cov:============================>      80%]
[Progress:====================>         69%] [Cov:============================>      80%]
[Progress:=====================>        70%] [Cov:============================>      80%]
[Progress:=====================>        70%] [Cov:============================>      80%]
[Progress:=====================>        70%] [Cov:============================>      80%]
[Progress:=====================>        71%] [Cov:============================>      80%]
[Progress:=====================>        71%] [Cov:============================>      80%]
[Progress:=====================>        72%] [Cov:============================>      80%]
[Progress:=====================>        72%] [Cov:============================>      80%]
[Progress:=====================>        73%] [Cov:============================>      80%]
[Progress:=====================>        73%] [Cov:============================>      80%]
[Progress:=====================>        73%] [Cov:============================>      80%]
[Progress:======================>       74%] [Cov:============================>      80%]
[Progress:======================>       74%] [Cov:============================>      80%]
[Progress:======================>       74%] [Cov:============================>      80%]
[Progress:======================>       75%] [Cov:============================>      80%]
[Progress:======================>       75%] [Cov:============================>      80%]
[Progress:======================>       76%] [Cov:============================>      80%]
[Progress:======================>       76%] [Cov:============================>      80%]
[Progress:=======================>      77%] [Cov:============================>      80%]
[Progress:=======================>      77%] [Cov:============================>      80%]
[Progress:=======================>      77%] [Cov:============================>      80%]
[Progress:=======================>      78%] [Cov:============================>      80%]
[Progress:=======================>      78%] [Cov:============================>      80%]
[Progress:=======================>      78%] [Cov:============================>      80%]
[Progress:=======================>      79%] [Cov:============================>      80%]
[Progress:=======================>      79%] [Cov:============================>      80%]
[Progress:=======================>      79%] [Cov:============================>      80%]
[Progress:========================>     80%] [Cov:============================>      80%]
[Progress:========================>     80%] [Cov:============================>      81%]
[Progress:========================>     80%] [Cov:============================>      81%]
[Progress:========================>     81%] [Cov:============================>      81%]
[Progress:========================>     81%] [Cov:============================>      81%]
[Progress:========================>     82%] [Cov:============================>      81%]
[Progress:========================>     82%] [Cov:============================>      81%]
[Progress:========================>     82%] [Cov:============================>      81%]
[Progress:========================>     83%] [Cov:============================>      81%]
[Progress:========================>     83%] [Cov:============================>      81%]
[Progress:=========================>    84%] [Cov:============================>      81%]
[Progress:=========================>    84%] [Cov:============================>      81%]
[Progress:=========================>    84%] [Cov:============================>      81%]
[Progress:=========================>    85%] [Cov:============================>      81%]
[Progress:=========================>    85%] [Cov:============================>      81%]
[Progress:=========================>    85%] [Cov:============================>      81%]
[Progress:=========================>    86%] [Cov:============================>      81%]
[Progress:=========================>    86%] [Cov:============================>      81%]
[Progress:==========================>   87%] [Cov:============================>      81%]
[Progress:==========================>   87%] [Cov:============================>      81%]
[Progress:==========================>   88%] [Cov:============================>      81%]
[Progress:==========================>   88%] [Cov:============================>      81%]
[Progress:==========================>   88%] [Cov:============================>      81%]
[Progress:==========================>   89%] [Cov:============================>      81%]
[Progress:==========================>   89%] [Cov:============================>      81%]
[Progress:==========================>   89%] [Cov:============================>      81%]
[Progress:===========================>  90%] [Cov:============================>      81%]
[Progress:===========================>  90%] [Cov:============================>      81%]
[Progress:===========================>  91%] [Cov:============================>      81%]
[Progress:===========================>  91%] [Cov:============================>      82%]
[Progress:===========================>  91%] [Cov:============================>      82%]
[Progress:===========================>  92%] [Cov:============================>      81%]
[Progress:===========================>  92%] [Cov:============================>      82%]
[Progress:===========================>  92%] [Cov:============================>      82%]
[Progress:===========================>  92%] [Cov:============================>      82%]
[Progress:===========================>  93%] [Cov:============================>      81%]
[Progress:===========================>  93%] [Cov:============================>      82%]
[Progress:===========================>  93%] [Cov:============================>      82%]
[Progress:============================> 94%] [Cov:============================>      81%]
[Progress:============================> 94%] [Cov:============================>      82%]
[Progress:============================> 94%] [Cov:============================>      82%]
[Progress:============================> 94%] [Cov:============================>      82%]
[Progress:============================> 95%] [Cov:============================>      82%]
[Progress:============================> 95%] [Cov:============================>      82%]
[Progress:============================> 96%] [Cov:============================>      82%]
[Progress:============================> 96%] [Cov:============================>      82%]
[Progress:=============================>97%] [Cov:============================>      82%]
[Progress:=============================>97%] [Cov:============================>      82%]
[Progress:=============================>98%] [Cov:============================>      82%]
[Progress:=============================>98%] [Cov:============================>      82%]
[Progress:=============================>98%] [Cov:============================>      82%]
[Progress:=============================>99%] [Cov:============================>      82%]
[Progress:=============================>99%] [Cov:============================>      82%]
[Progress:==============================100%] [Cov:============================>      82%]
[Progress:==============================100%] [Cov:============================>      82%]
[Progress:==============================100%] [Cov:=============================>     84%]
* Search finished after 83s and 138 generations, 101697 statements, best individual has fitness: 710.8306975048263
* Minimizing test suite
* Going to analyze the coverage criteria
* Coverage analysis for criterion LINE
* Coverage of criterion LINE: 87%
* Total number of goals: 415
* Number of covered goals: 362
* Coverage analysis for criterion BRANCH
* Coverage of criterion BRANCH: 76%
* Total number of goals: 441
* Number of covered goals: 334
* Coverage analysis for criterion EXCEPTION
* Coverage of criterion EXCEPTION: 95%
* Total number of goals: 20
* Number of covered goals: 19
* Coverage analysis for criterion WEAKMUTATION
* Coverage of criterion WEAKMUTATION: 81%
* Total number of goals: 579
* Number of covered goals: 469
* Coverage analysis for criterion OUTPUT
* Coverage of criterion OUTPUT: 62%
* Total number of goals: 241
* Number of covered goals: 149
* Coverage analysis for criterion METHOD
* Coverage of criterion METHOD: 100%
* Total number of goals: 52
* Number of covered goals: 52
* Coverage analysis for criterion METHODNOEXCEPTION
* Coverage of criterion METHODNOEXCEPTION: 100%
* Total number of goals: 52
* Number of covered goals: 52
* Coverage analysis for criterion CBRANCH
* Coverage of criterion CBRANCH: 76%
* Total number of goals: 441
* Number of covered goals: 333
* Generated 211 tests with total length 375
* Resulting test suite's coverage: 85% (average coverage for all fitness functions)
* Generating assertions
* Resulting test suite's mutation score: 59%
* Compiling and checking tests
[MASTER] 15:36:53.508 [logback-1] WARN  JUnitAnalyzer - EvoSuite problem: tests set up a security manager, but they do not remove it after execution
[MASTER] 15:36:53.555 [logback-1] WARN  JUnitAnalyzer - EvoSuite problem: tests set up a security manager, but they do not remove it after execution
[MASTER] 15:36:53.597 [logback-1] WARN  JUnitAnalyzer - EvoSuite problem: tests set up a security manager, but they do not remove it after execution
[MASTER] 15:36:53.646 [logback-1] WARN  JUnitAnalyzer - EvoSuite problem: tests set up a security manager, but they do not remove it after execution
[MASTER] 15:36:53.694 [logback-1] WARN  JUnitAnalyzer - EvoSuite problem: tests set up a security manager, but they do not remove it after execution
[MASTER] 15:36:53.740 [logback-1] WARN  JUnitAnalyzer - EvoSuite problem: tests set up a security manager, but they do not remove it after execution
[MASTER] 15:36:53.794 [logback-1] WARN  JUnitAnalyzer - EvoSuite problem: tests set up a security manager, but they do not remove it after execution
[MASTER] 15:36:53.848 [logback-1] WARN  JUnitAnalyzer - EvoSuite problem: tests set up a security manager, but they do not remove it after execution
[MASTER] 15:36:53.894 [logback-1] WARN  JUnitAnalyzer - EvoSuite problem: tests set up a security manager, but they do not remove it after execution
[MASTER] 15:36:53.939 [logback-1] WARN  JUnitAnalyzer - EvoSuite problem: tests set up a security manager, but they do not remove it after execution
[MASTER] 15:36:53.985 [logback-1] WARN  JUnitAnalyzer - EvoSuite problem: tests set up a security manager, but they do not remove it after execution
[MASTER] 15:36:54.030 [logback-1] WARN  JUnitAnalyzer - EvoSuite problem: tests set up a security manager, but they do not remove it after execution
[MASTER] 15:36:54.083 [logback-1] WARN  JUnitAnalyzer - EvoSuite problem: tests set up a security manager, but they do not remove it after execution
[MASTER] 15:36:54.131 [logback-1] WARN  JUnitAnalyzer - EvoSuite problem: tests set up a security manager, but they do not remove it after execution
[MASTER] 15:36:54.179 [logback-1] WARN  JUnitAnalyzer - EvoSuite problem: tests set up a security manager, but they do not remove it after execution
[MASTER] 15:36:54.218 [logback-1] WARN  JUnitAnalyzer - EvoSuite problem: tests set up a security manager, but they do not remove it after execution
[MASTER] 15:36:54.256 [logback-1] WARN  JUnitAnalyzer - EvoSuite problem: tests set up a security manager, but they do not remove it after execution
[MASTER] 15:36:54.295 [logback-1] WARN  JUnitAnalyzer - EvoSuite problem: tests set up a security manager, but they do not remove it after execution
[MASTER] 15:36:54.340 [logback-1] WARN  JUnitAnalyzer - EvoSuite problem: tests set up a security manager, but they do not remove it after execution
[MASTER] 15:36:54.384 [logback-1] WARN  JUnitAnalyzer - EvoSuite problem: tests set up a security manager, but they do not remove it after execution
[MASTER] 15:36:54.427 [logback-1] WARN  JUnitAnalyzer - EvoSuite problem: tests set up a security manager, but they do not remove it after execution
[MASTER] 15:36:54.469 [logback-1] WARN  JUnitAnalyzer - EvoSuite problem: tests set up a security manager, but they do not remove it after execution
[MASTER] 15:36:54.513 [logback-1] WARN  JUnitAnalyzer - EvoSuite problem: tests set up a security manager, but they do not remove it after execution
[MASTER] 15:36:54.556 [logback-1] WARN  JUnitAnalyzer - EvoSuite problem: tests set up a security manager, but they do not remove it after execution
[MASTER] 15:36:54.592 [logback-1] WARN  JUnitAnalyzer - EvoSuite problem: tests set up a security manager, but they do not remove it after execution
[MASTER] 15:36:54.629 [logback-1] WARN  JUnitAnalyzer - EvoSuite problem: tests set up a security manager, but they do not remove it after execution
[MASTER] 15:36:54.666 [logback-1] WARN  JUnitAnalyzer - EvoSuite problem: tests set up a security manager, but they do not remove it after execution
[MASTER] 15:36:54.703 [logback-1] WARN  JUnitAnalyzer - EvoSuite problem: tests set up a security manager, but they do not remove it after execution
[MASTER] 15:36:54.741 [logback-1] WARN  JUnitAnalyzer - EvoSuite problem: tests set up a security manager, but they do not remove it after execution
[MASTER] 15:36:54.780 [logback-1] WARN  JUnitAnalyzer - EvoSuite problem: tests set up a security manager, but they do not remove it after execution
[MASTER] 15:36:54.821 [logback-1] WARN  JUnitAnalyzer - EvoSuite problem: tests set up a security manager, but they do not remove it after execution
[MASTER] 15:36:54.864 [logback-1] WARN  JUnitAnalyzer - EvoSuite problem: tests set up a security manager, but they do not remove it after execution
[MASTER] 15:36:54.973 [logback-1] WARN  JUnitAnalyzer - EvoSuite problem: tests set up a security manager, but they do not remove it after execution
[MASTER] 15:36:55.010 [logback-1] WARN  JUnitAnalyzer - EvoSuite problem: tests set up a security manager, but they do not remove it after execution
[MASTER] 15:36:55.051 [logback-1] WARN  JUnitAnalyzer - EvoSuite problem: tests set up a security manager, but they do not remove it after execution
[MASTER] 15:36:55.092 [logback-1] WARN  JUnitAnalyzer - EvoSuite problem: tests set up a security manager, but they do not remove it after execution
[MASTER] 15:36:55.126 [logback-1] WARN  JUnitAnalyzer - EvoSuite problem: tests set up a security manager, but they do not remove it after execution
[MASTER] 15:36:55.164 [logback-1] WARN  JUnitAnalyzer - EvoSuite problem: tests set up a security manager, but they do not remove it after execution
[MASTER] 15:36:55.202 [logback-1] WARN  JUnitAnalyzer - EvoSuite problem: tests set up a security manager, but they do not remove it after execution
[MASTER] 15:36:55.243 [logback-1] WARN  JUnitAnalyzer - EvoSuite problem: tests set up a security manager, but they do not remove it after execution
[MASTER] 15:36:55.284 [logback-1] WARN  JUnitAnalyzer - EvoSuite problem: tests set up a security manager, but they do not remove it after execution
[MASTER] 15:36:55.323 [logback-1] WARN  JUnitAnalyzer - EvoSuite problem: tests set up a security manager, but they do not remove it after execution
[MASTER] 15:36:55.364 [logback-1] WARN  JUnitAnalyzer - EvoSuite problem: tests set up a security manager, but they do not remove it after execution
[MASTER] 15:36:55.404 [logback-1] WARN  JUnitAnalyzer - EvoSuite problem: tests set up a security manager, but they do not remove it after execution
[MASTER] 15:36:55.446 [logback-1] WARN  JUnitAnalyzer - EvoSuite problem: tests set up a security manager, but they do not remove it after execution
[MASTER] 15:36:55.488 [logback-1] WARN  JUnitAnalyzer - EvoSuite problem: tests set up a security manager, but they do not remove it after execution
[MASTER] 15:36:55.524 [logback-1] WARN  JUnitAnalyzer - EvoSuite problem: tests set up a security manager, but they do not remove it after execution
[MASTER] 15:36:55.558 [logback-1] WARN  JUnitAnalyzer - EvoSuite problem: tests set up a security manager, but they do not remove it after execution
[MASTER] 15:36:55.594 [logback-1] WARN  JUnitAnalyzer - EvoSuite problem: tests set up a security manager, but they do not remove it after execution
[MASTER] 15:36:55.630 [logback-1] WARN  JUnitAnalyzer - EvoSuite problem: tests set up a security manager, but they do not remove it after execution
[MASTER] 15:36:55.665 [logback-1] WARN  JUnitAnalyzer - EvoSuite problem: tests set up a security manager, but they do not remove it after execution
[MASTER] 15:36:55.700 [logback-1] WARN  JUnitAnalyzer - EvoSuite problem: tests set up a security manager, but they do not remove it after execution
[MASTER] 15:36:55.738 [logback-1] WARN  JUnitAnalyzer - EvoSuite problem: tests set up a security manager, but they do not remove it after execution
[MASTER] 15:36:55.777 [logback-1] WARN  JUnitAnalyzer - EvoSuite problem: tests set up a security manager, but they do not remove it after execution
[MASTER] 15:36:55.813 [logback-1] WARN  JUnitAnalyzer - EvoSuite problem: tests set up a security manager, but they do not remove it after execution
[MASTER] 15:36:55.849 [logback-1] WARN  JUnitAnalyzer - EvoSuite problem: tests set up a security manager, but they do not remove it after execution
[MASTER] 15:36:55.889 [logback-1] WARN  JUnitAnalyzer - EvoSuite problem: tests set up a security manager, but they do not remove it after execution
[MASTER] 15:36:55.921 [logback-1] WARN  JUnitAnalyzer - EvoSuite problem: tests set up a security manager, but they do not remove it after execution
[MASTER] 15:36:55.956 [logback-1] WARN  JUnitAnalyzer - EvoSuite problem: tests set up a security manager, but they do not remove it after execution
[MASTER] 15:36:56.002 [logback-1] WARN  JUnitAnalyzer - EvoSuite problem: tests set up a security manager, but they do not remove it after execution
[MASTER] 15:36:56.047 [logback-1] WARN  JUnitAnalyzer - EvoSuite problem: tests set up a security manager, but they do not remove it after execution
[MASTER] 15:36:56.095 [logback-1] WARN  JUnitAnalyzer - EvoSuite problem: tests set up a security manager, but they do not remove it after execution
[MASTER] 15:36:56.145 [logback-1] WARN  JUnitAnalyzer - EvoSuite problem: tests set up a security manager, but they do not remove it after execution
[MASTER] 15:36:56.192 [logback-1] WARN  JUnitAnalyzer - EvoSuite problem: tests set up a security manager, but they do not remove it after execution
[MASTER] 15:36:56.242 [logback-1] WARN  JUnitAnalyzer - EvoSuite problem: tests set up a security manager, but they do not remove it after execution
[MASTER] 15:36:56.294 [logback-1] WARN  JUnitAnalyzer - EvoSuite problem: tests set up a security manager, but they do not remove it after execution
[MASTER] 15:36:56.342 [logback-1] WARN  JUnitAnalyzer - EvoSuite problem: tests set up a security manager, but they do not remove it after execution
[MASTER] 15:36:56.393 [logback-1] WARN  JUnitAnalyzer - EvoSuite problem: tests set up a security manager, but they do not remove it after execution
[MASTER] 15:36:56.442 [logback-1] WARN  JUnitAnalyzer - EvoSuite problem: tests set up a security manager, but they do not remove it after execution
[MASTER] 15:36:56.486 [logback-1] WARN  JUnitAnalyzer - EvoSuite problem: tests set up a security manager, but they do not remove it after execution
[MASTER] 15:36:56.529 [logback-1] WARN  JUnitAnalyzer - EvoSuite problem: tests set up a security manager, but they do not remove it after execution
[MASTER] 15:36:56.567 [logback-1] WARN  JUnitAnalyzer - EvoSuite problem: tests set up a security manager, but they do not remove it after execution
[MASTER] 15:36:56.607 [logback-1] WARN  JUnitAnalyzer - EvoSuite problem: tests set up a security manager, but they do not remove it after execution
[MASTER] 15:36:56.648 [logback-1] WARN  JUnitAnalyzer - EvoSuite problem: tests set up a security manager, but they do not remove it after execution
[MASTER] 15:36:56.686 [logback-1] WARN  JUnitAnalyzer - EvoSuite problem: tests set up a security manager, but they do not remove it after execution
[MASTER] 15:36:56.725 [logback-1] WARN  JUnitAnalyzer - EvoSuite problem: tests set up a security manager, but they do not remove it after execution
[MASTER] 15:36:56.765 [logback-1] WARN  JUnitAnalyzer - EvoSuite problem: tests set up a security manager, but they do not remove it after execution
[MASTER] 15:36:56.803 [logback-1] WARN  JUnitAnalyzer - EvoSuite problem: tests set up a security manager, but they do not remove it after execution
[MASTER] 15:36:56.840 [logback-1] WARN  JUnitAnalyzer - EvoSuite problem: tests set up a security manager, but they do not remove it after execution
[MASTER] 15:36:56.879 [logback-1] WARN  JUnitAnalyzer - EvoSuite problem: tests set up a security manager, but they do not remove it after execution
[MASTER] 15:36:56.920 [logback-1] WARN  JUnitAnalyzer - EvoSuite problem: tests set up a security manager, but they do not remove it after execution
[MASTER] 15:36:56.962 [logback-1] WARN  JUnitAnalyzer - EvoSuite problem: tests set up a security manager, but they do not remove it after execution
[MASTER] 15:36:57.001 [logback-1] WARN  JUnitAnalyzer - EvoSuite problem: tests set up a security manager, but they do not remove it after execution
[MASTER] 15:36:57.041 [logback-1] WARN  JUnitAnalyzer - EvoSuite problem: tests set up a security manager, but they do not remove it after execution
[MASTER] 15:36:57.078 [logback-1] WARN  JUnitAnalyzer - EvoSuite problem: tests set up a security manager, but they do not remove it after execution
[MASTER] 15:36:57.127 [logback-1] WARN  JUnitAnalyzer - EvoSuite problem: tests set up a security manager, but they do not remove it after execution
[MASTER] 15:36:57.165 [logback-1] WARN  JUnitAnalyzer - EvoSuite problem: tests set up a security manager, but they do not remove it after execution
[MASTER] 15:36:57.201 [logback-1] WARN  JUnitAnalyzer - EvoSuite problem: tests set up a security manager, but they do not remove it after execution
[MASTER] 15:36:57.238 [logback-1] WARN  JUnitAnalyzer - EvoSuite problem: tests set up a security manager, but they do not remove it after execution
[MASTER] 15:36:57.276 [logback-1] WARN  JUnitAnalyzer - EvoSuite problem: tests set up a security manager, but they do not remove it after execution
[MASTER] 15:36:57.316 [logback-1] WARN  JUnitAnalyzer - EvoSuite problem: tests set up a security manager, but they do not remove it after execution
[MASTER] 15:36:57.350 [logback-1] WARN  JUnitAnalyzer - EvoSuite problem: tests set up a security manager, but they do not remove it after execution
[MASTER] 15:36:57.388 [logback-1] WARN  JUnitAnalyzer - EvoSuite problem: tests set up a security manager, but they do not remove it after execution
[MASTER] 15:36:57.425 [logback-1] WARN  JUnitAnalyzer - EvoSuite problem: tests set up a security manager, but they do not remove it after execution
[MASTER] 15:36:57.461 [logback-1] WARN  JUnitAnalyzer - EvoSuite problem: tests set up a security manager, but they do not remove it after execution
[MASTER] 15:36:57.493 [logback-1] WARN  JUnitAnalyzer - EvoSuite problem: tests set up a security manager, but they do not remove it after execution
[MASTER] 15:36:57.529 [logback-1] WARN  JUnitAnalyzer - EvoSuite problem: tests set up a security manager, but they do not remove it after execution
[MASTER] 15:36:57.564 [logback-1] WARN  JUnitAnalyzer - EvoSuite problem: tests set up a security manager, but they do not remove it after execution
[MASTER] 15:36:57.595 [logback-1] WARN  JUnitAnalyzer - EvoSuite problem: tests set up a security manager, but they do not remove it after execution
[MASTER] 15:36:57.629 [logback-1] WARN  JUnitAnalyzer - EvoSuite problem: tests set up a security manager, but they do not remove it after execution
[MASTER] 15:36:57.664 [logback-1] WARN  JUnitAnalyzer - EvoSuite problem: tests set up a security manager, but they do not remove it after execution
[MASTER] 15:36:57.700 [logback-1] WARN  JUnitAnalyzer - EvoSuite problem: tests set up a security manager, but they do not remove it after execution
[MASTER] 15:36:57.736 [logback-1] WARN  JUnitAnalyzer - EvoSuite problem: tests set up a security manager, but they do not remove it after execution
[MASTER] 15:36:57.772 [logback-1] WARN  JUnitAnalyzer - EvoSuite problem: tests set up a security manager, but they do not remove it after execution
[MASTER] 15:36:57.806 [logback-1] WARN  JUnitAnalyzer - EvoSuite problem: tests set up a security manager, but they do not remove it after execution
[MASTER] 15:36:57.843 [logback-1] WARN  JUnitAnalyzer - EvoSuite problem: tests set up a security manager, but they do not remove it after execution
[MASTER] 15:36:57.883 [logback-1] WARN  JUnitAnalyzer - EvoSuite problem: tests set up a security manager, but they do not remove it after execution
[MASTER] 15:36:57.994 [logback-1] WARN  JUnitAnalyzer - EvoSuite problem: tests set up a security manager, but they do not remove it after execution
[MASTER] 15:36:58.033 [logback-1] WARN  JUnitAnalyzer - EvoSuite problem: tests set up a security manager, but they do not remove it after execution
[MASTER] 15:36:58.071 [logback-1] WARN  JUnitAnalyzer - EvoSuite problem: tests set up a security manager, but they do not remove it after execution
[MASTER] 15:36:58.104 [logback-1] WARN  JUnitAnalyzer - EvoSuite problem: tests set up a security manager, but they do not remove it after execution
[MASTER] 15:36:58.138 [logback-1] WARN  JUnitAnalyzer - EvoSuite problem: tests set up a security manager, but they do not remove it after execution
[MASTER] 15:36:58.174 [logback-1] WARN  JUnitAnalyzer - EvoSuite problem: tests set up a security manager, but they do not remove it after execution
[MASTER] 15:36:58.211 [logback-1] WARN  JUnitAnalyzer - EvoSuite problem: tests set up a security manager, but they do not remove it after execution
[MASTER] 15:36:58.248 [logback-1] WARN  JUnitAnalyzer - EvoSuite problem: tests set up a security manager, but they do not remove it after execution
[MASTER] 15:36:58.286 [logback-1] WARN  JUnitAnalyzer - EvoSuite problem: tests set up a security manager, but they do not remove it after execution
[MASTER] 15:36:58.325 [logback-1] WARN  JUnitAnalyzer - EvoSuite problem: tests set up a security manager, but they do not remove it after execution
[MASTER] 15:36:58.363 [logback-1] WARN  JUnitAnalyzer - EvoSuite problem: tests set up a security manager, but they do not remove it after execution
[MASTER] 15:36:58.407 [logback-1] WARN  JUnitAnalyzer - EvoSuite problem: tests set up a security manager, but they do not remove it after execution
[MASTER] 15:36:58.442 [logback-1] WARN  JUnitAnalyzer - EvoSuite problem: tests set up a security manager, but they do not remove it after execution
[MASTER] 15:36:58.478 [logback-1] WARN  JUnitAnalyzer - EvoSuite problem: tests set up a security manager, but they do not remove it after execution
[MASTER] 15:36:58.513 [logback-1] WARN  JUnitAnalyzer - EvoSuite problem: tests set up a security manager, but they do not remove it after execution
[MASTER] 15:36:58.554 [logback-1] WARN  JUnitAnalyzer - EvoSuite problem: tests set up a security manager, but they do not remove it after execution
[MASTER] 15:36:58.593 [logback-1] WARN  JUnitAnalyzer - EvoSuite problem: tests set up a security manager, but they do not remove it after execution
[MASTER] 15:36:58.630 [logback-1] WARN  JUnitAnalyzer - EvoSuite problem: tests set up a security manager, but they do not remove it after execution
[MASTER] 15:36:58.669 [logback-1] WARN  JUnitAnalyzer - EvoSuite problem: tests set up a security manager, but they do not remove it after execution
[MASTER] 15:36:58.710 [logback-1] WARN  JUnitAnalyzer - EvoSuite problem: tests set up a security manager, but they do not remove it after execution
[MASTER] 15:36:58.753 [logback-1] WARN  JUnitAnalyzer - EvoSuite problem: tests set up a security manager, but they do not remove it after execution
[MASTER] 15:36:58.794 [logback-1] WARN  JUnitAnalyzer - EvoSuite problem: tests set up a security manager, but they do not remove it after execution
[MASTER] 15:36:58.833 [logback-1] WARN  JUnitAnalyzer - EvoSuite problem: tests set up a security manager, but they do not remove it after execution
[MASTER] 15:36:58.874 [logback-1] WARN  JUnitAnalyzer - EvoSuite problem: tests set up a security manager, but they do not remove it after execution
[MASTER] 15:36:58.913 [logback-1] WARN  JUnitAnalyzer - EvoSuite problem: tests set up a security manager, but they do not remove it after execution
[MASTER] 15:36:58.953 [logback-1] WARN  JUnitAnalyzer - EvoSuite problem: tests set up a security manager, but they do not remove it after execution
[MASTER] 15:36:58.991 [logback-1] WARN  JUnitAnalyzer - EvoSuite problem: tests set up a security manager, but they do not remove it after execution
[MASTER] 15:36:59.029 [logback-1] WARN  JUnitAnalyzer - EvoSuite problem: tests set up a security manager, but they do not remove it after execution
[MASTER] 15:36:59.066 [logback-1] WARN  JUnitAnalyzer - EvoSuite problem: tests set up a security manager, but they do not remove it after execution
[MASTER] 15:36:59.100 [logback-1] WARN  JUnitAnalyzer - EvoSuite problem: tests set up a security manager, but they do not remove it after execution
[MASTER] 15:36:59.134 [logback-1] WARN  JUnitAnalyzer - EvoSuite problem: tests set up a security manager, but they do not remove it after execution
[MASTER] 15:36:59.171 [logback-1] WARN  JUnitAnalyzer - EvoSuite problem: tests set up a security manager, but they do not remove it after execution
[MASTER] 15:36:59.212 [logback-1] WARN  JUnitAnalyzer - EvoSuite problem: tests set up a security manager, but they do not remove it after execution
[MASTER] 15:36:59.253 [logback-1] WARN  JUnitAnalyzer - EvoSuite problem: tests set up a security manager, but they do not remove it after execution
[MASTER] 15:36:59.293 [logback-1] WARN  JUnitAnalyzer - EvoSuite problem: tests set up a security manager, but they do not remove it after execution
[MASTER] 15:36:59.333 [logback-1] WARN  JUnitAnalyzer - EvoSuite problem: tests set up a security manager, but they do not remove it after execution
[MASTER] 15:36:59.373 [logback-1] WARN  JUnitAnalyzer - EvoSuite problem: tests set up a security manager, but they do not remove it after execution
[MASTER] 15:36:59.414 [logback-1] WARN  JUnitAnalyzer - EvoSuite problem: tests set up a security manager, but they do not remove it after execution
[MASTER] 15:36:59.450 [logback-1] WARN  JUnitAnalyzer - EvoSuite problem: tests set up a security manager, but they do not remove it after execution
[MASTER] 15:36:59.486 [logback-1] WARN  JUnitAnalyzer - EvoSuite problem: tests set up a security manager, but they do not remove it after execution
[MASTER] 15:36:59.523 [logback-1] WARN  JUnitAnalyzer - EvoSuite problem: tests set up a security manager, but they do not remove it after execution
[MASTER] 15:36:59.563 [logback-1] WARN  JUnitAnalyzer - EvoSuite problem: tests set up a security manager, but they do not remove it after execution
[MASTER] 15:36:59.598 [logback-1] WARN  JUnitAnalyzer - EvoSuite problem: tests set up a security manager, but they do not remove it after execution
[MASTER] 15:36:59.634 [logback-1] WARN  JUnitAnalyzer - EvoSuite problem: tests set up a security manager, but they do not remove it after execution
[MASTER] 15:36:59.672 [logback-1] WARN  JUnitAnalyzer - EvoSuite problem: tests set up a security manager, but they do not remove it after execution
[MASTER] 15:36:59.705 [logback-1] WARN  JUnitAnalyzer - EvoSuite problem: tests set up a security manager, but they do not remove it after execution
[MASTER] 15:36:59.740 [logback-1] WARN  JUnitAnalyzer - EvoSuite problem: tests set up a security manager, but they do not remove it after execution
[MASTER] 15:36:59.775 [logback-1] WARN  JUnitAnalyzer - EvoSuite problem: tests set up a security manager, but they do not remove it after execution
[MASTER] 15:36:59.811 [logback-1] WARN  JUnitAnalyzer - EvoSuite problem: tests set up a security manager, but they do not remove it after execution
[MASTER] 15:36:59.845 [logback-1] WARN  JUnitAnalyzer - EvoSuite problem: tests set up a security manager, but they do not remove it after execution
[MASTER] 15:36:59.880 [logback-1] WARN  JUnitAnalyzer - EvoSuite problem: tests set up a security manager, but they do not remove it after execution
[MASTER] 15:36:59.915 [logback-1] WARN  JUnitAnalyzer - EvoSuite problem: tests set up a security manager, but they do not remove it after execution
[MASTER] 15:36:59.952 [logback-1] WARN  JUnitAnalyzer - EvoSuite problem: tests set up a security manager, but they do not remove it after execution
[MASTER] 15:36:59.993 [logback-1] WARN  JUnitAnalyzer - EvoSuite problem: tests set up a security manager, but they do not remove it after execution
[MASTER] 15:37:00.027 [logback-1] WARN  JUnitAnalyzer - EvoSuite problem: tests set up a security manager, but they do not remove it after execution
[MASTER] 15:37:00.061 [logback-1] WARN  JUnitAnalyzer - EvoSuite problem: tests set up a security manager, but they do not remove it after execution
[MASTER] 15:37:00.096 [logback-1] WARN  JUnitAnalyzer - EvoSuite problem: tests set up a security manager, but they do not remove it after execution
[MASTER] 15:37:00.135 [logback-1] WARN  JUnitAnalyzer - EvoSuite problem: tests set up a security manager, but they do not remove it after execution
[MASTER] 15:37:00.171 [logback-1] WARN  JUnitAnalyzer - EvoSuite problem: tests set up a security manager, but they do not remove it after execution
[MASTER] 15:37:00.208 [logback-1] WARN  JUnitAnalyzer - EvoSuite problem: tests set up a security manager, but they do not remove it after execution
[MASTER] 15:37:00.245 [logback-1] WARN  JUnitAnalyzer - EvoSuite problem: tests set up a security manager, but they do not remove it after execution
[MASTER] 15:37:00.283 [logback-1] WARN  JUnitAnalyzer - EvoSuite problem: tests set up a security manager, but they do not remove it after execution
[MASTER] 15:37:00.318 [logback-1] WARN  JUnitAnalyzer - EvoSuite problem: tests set up a security manager, but they do not remove it after execution
[MASTER] 15:37:00.355 [logback-1] WARN  JUnitAnalyzer - EvoSuite problem: tests set up a security manager, but they do not remove it after execution
[MASTER] 15:37:00.393 [logback-1] WARN  JUnitAnalyzer - EvoSuite problem: tests set up a security manager, but they do not remove it after execution
[MASTER] 15:37:00.433 [logback-1] WARN  JUnitAnalyzer - EvoSuite problem: tests set up a security manager, but they do not remove it after execution
[MASTER] 15:37:00.473 [logback-1] WARN  JUnitAnalyzer - EvoSuite problem: tests set up a security manager, but they do not remove it after execution
[MASTER] 15:37:00.508 [logback-1] WARN  JUnitAnalyzer - EvoSuite problem: tests set up a security manager, but they do not remove it after execution
[MASTER] 15:37:00.545 [logback-1] WARN  JUnitAnalyzer - EvoSuite problem: tests set up a security manager, but they do not remove it after execution
[MASTER] 15:37:00.585 [logback-1] WARN  JUnitAnalyzer - EvoSuite problem: tests set up a security manager, but they do not remove it after execution
[MASTER] 15:37:00.624 [logback-1] WARN  JUnitAnalyzer - EvoSuite problem: tests set up a security manager, but they do not remove it after execution
[MASTER] 15:37:00.663 [logback-1] WARN  JUnitAnalyzer - EvoSuite problem: tests set up a security manager, but they do not remove it after execution
[MASTER] 15:37:00.702 [logback-1] WARN  JUnitAnalyzer - EvoSuite problem: tests set up a security manager, but they do not remove it after execution
[MASTER] 15:37:00.828 [logback-1] WARN  JUnitAnalyzer - EvoSuite problem: tests set up a security manager, but they do not remove it after execution
[MASTER] 15:37:00.868 [logback-1] WARN  JUnitAnalyzer - EvoSuite problem: tests set up a security manager, but they do not remove it after execution
[MASTER] 15:37:00.908 [logback-1] WARN  JUnitAnalyzer - EvoSuite problem: tests set up a security manager, but they do not remove it after execution
[MASTER] 15:37:00.948 [logback-1] WARN  JUnitAnalyzer - EvoSuite problem: tests set up a security manager, but they do not remove it after execution
[MASTER] 15:37:00.983 [logback-1] WARN  JUnitAnalyzer - EvoSuite problem: tests set up a security manager, but they do not remove it after execution
[MASTER] 15:37:01.016 [logback-1] WARN  JUnitAnalyzer - EvoSuite problem: tests set up a security manager, but they do not remove it after execution
[MASTER] 15:37:01.050 [logback-1] WARN  JUnitAnalyzer - EvoSuite problem: tests set up a security manager, but they do not remove it after execution
[MASTER] 15:37:01.086 [logback-1] WARN  JUnitAnalyzer - EvoSuite problem: tests set up a security manager, but they do not remove it after execution
[MASTER] 15:37:01.125 [logback-1] WARN  JUnitAnalyzer - EvoSuite problem: tests set up a security manager, but they do not remove it after execution
[MASTER] 15:37:01.157 [logback-1] WARN  JUnitAnalyzer - EvoSuite problem: tests set up a security manager, but they do not remove it after execution
[MASTER] 15:37:01.190 [logback-1] WARN  JUnitAnalyzer - EvoSuite problem: tests set up a security manager, but they do not remove it after execution
[MASTER] 15:37:01.223 [logback-1] WARN  JUnitAnalyzer - EvoSuite problem: tests set up a security manager, but they do not remove it after execution
[MASTER] 15:37:01.259 [logback-1] WARN  JUnitAnalyzer - EvoSuite problem: tests set up a security manager, but they do not remove it after execution
[MASTER] 15:37:01.291 [logback-1] WARN  JUnitAnalyzer - EvoSuite problem: tests set up a security manager, but they do not remove it after execution
[MASTER] 15:37:01.328 [logback-1] WARN  JUnitAnalyzer - EvoSuite problem: tests set up a security manager, but they do not remove it after execution
[MASTER] 15:37:01.361 [logback-1] WARN  JUnitAnalyzer - EvoSuite problem: tests set up a security manager, but they do not remove it after execution
[MASTER] 15:37:01.399 [logback-1] WARN  JUnitAnalyzer - EvoSuite problem: tests set up a security manager, but they do not remove it after execution
[MASTER] 15:37:01.437 [logback-1] WARN  JUnitAnalyzer - EvoSuite problem: tests set up a security manager, but they do not remove it after execution
[MASTER] 15:37:01.476 [logback-1] WARN  JUnitAnalyzer - EvoSuite problem: tests set up a security manager, but they do not remove it after execution
[MASTER] 15:37:01.515 [logback-1] WARN  JUnitAnalyzer - EvoSuite problem: tests set up a security manager, but they do not remove it after execution
[MASTER] 15:37:01.551 [logback-1] WARN  JUnitAnalyzer - EvoSuite problem: tests set up a security manager, but they do not remove it after execution
[MASTER] 15:37:01.590 [logback-1] WARN  JUnitAnalyzer - EvoSuite problem: tests set up a security manager, but they do not remove it after execution
[MASTER] 15:37:01.628 [logback-1] WARN  JUnitAnalyzer - EvoSuite problem: tests set up a security manager, but they do not remove it after execution
[MASTER] 15:37:01.665 [logback-1] WARN  JUnitAnalyzer - EvoSuite problem: tests set up a security manager, but they do not remove it after execution
[MASTER] 15:37:01.700 [logback-1] WARN  JUnitAnalyzer - EvoSuite problem: tests set up a security manager, but they do not remove it after execution
[MASTER] 15:37:01.741 [logback-1] WARN  JUnitAnalyzer - EvoSuite problem: tests set up a security manager, but they do not remove it after execution
[MASTER] 15:37:01.778 [logback-1] WARN  JUnitAnalyzer - EvoSuite problem: tests set up a security manager, but they do not remove it after execution
[MASTER] 15:37:01.817 [logback-1] WARN  JUnitAnalyzer - EvoSuite problem: tests set up a security manager, but they do not remove it after execution
[MASTER] 15:37:01.855 [logback-1] WARN  JUnitAnalyzer - EvoSuite problem: tests set up a security manager, but they do not remove it after execution
[MASTER] 15:37:01.888 [logback-1] WARN  JUnitAnalyzer - EvoSuite problem: tests set up a security manager, but they do not remove it after execution
[MASTER] 15:37:01.922 [logback-1] WARN  JUnitAnalyzer - EvoSuite problem: tests set up a security manager, but they do not remove it after execution
[MASTER] 15:37:02.426 [logback-1] WARN  JUnitAnalyzer - EvoSuite problem: tests set up a security manager, but they do not remove it after execution
[MASTER] 15:37:02.927 [logback-1] WARN  JUnitAnalyzer - EvoSuite problem: tests set up a security manager, but they do not remove it after execution
* Writing JUnit test case 'NumberUtils_ESTest' to /home/spirals/zhyu/issta/program-set6/evosuite-repair-new/nopol/nopol/src/main/java/fr/inria/lille/spirals/evo/results/2016-December/Lang/58/Nopol/28/generatedTests
* Done!

* Computation finished
