* EvoSuite 1.0.4-SNAPSHOT
* Going to generate test cases for class: org.apache.commons.math3.ode.AbstractIntegrator
* Starting client
* Connecting to master process on port 2765
* Analyzing classpath: 
  - target/classes/
  - target/test-classes/
  - lib/commons-discovery-0.5.jar
* Finished analyzing classpath
* Generating tests for class org.apache.commons.math3.ode.AbstractIntegrator
* Test criteria:
  - Line Coverage
  - Branch Coverage
  - Exception
  - Mutation testing (weak)
  - Method-Output Coverage
  - Top-Level Method Coverage
  - No-Exception Top-Level Method Coverage
  - Context Branch Coverage
* Setting up search algorithm for whole suite generation
* Total number of test goals: 
  - Line 127
  - Branch 70
  - Exception 0
  - MutationFactory 183
  - Output 25
  - Method 21
  - MethodNoException 21
  - CBranchFitnessFactory 70

[Progress:>                             0%] [Cov:>                                  0%]* Using seed 4
* Starting evolution

[Progress:>                             0%] [Cov:>                                  1%]
[Progress:>                             0%] [Cov:>                                  2%]
[Progress:>                             0%] [Cov:====>                              14%]
[Progress:>                             0%] [Cov:=======>                           22%]
[Progress:>                             0%] [Cov:==========>                        30%]
[Progress:>                             0%] [Cov:==========>                        31%]
[Progress:>                             0%] [Cov:===========>                       33%]
[Progress:>                             0%] [Cov:===========>                       34%]
[Progress:>                             0%] [Cov:============>                      35%]
[Progress:>                             0%] [Cov:============>                      36%]
[Progress:>                             0%] [Cov:============>                      37%]
[Progress:>                             0%] [Cov:==============>                    41%]
[Progress:>                             0%] [Cov:===============>                   43%]
[Progress:>                             0%] [Cov:===============>                   44%]
[Progress:>                             0%] [Cov:===============>                   43%]
[Progress:>                             0%] [Cov:===============>                   44%]
[Progress:>                             0%] [Cov:======================>            64%]
[Progress:>                             0%] [Cov:======================>            65%]
[Progress:>                             0%] [Cov:======================>            65%]
[Progress:>                             0%] [Cov:======================>            65%]
[Progress:>                             0%] [Cov:=======================>           66%]
[Progress:>                             0%] [Cov:=======================>           66%]
[Progress:>                             0%] [Cov:=======================>           66%]
[Progress:>                             0%] [Cov:=======================>           66%]
[Progress:>                             0%] [Cov:=======================>           66%]
[Progress:>                             0%] [Cov:=======================>           66%]
[Progress:>                             0%] [Cov:=======================>           66%]
[Progress:>                             0%] [Cov:=======================>           66%]
[Progress:>                             0%] [Cov:=======================>           66%]
[Progress:>                             0%] [Cov:=======================>           66%]
[Progress:>                             0%] [Cov:=======================>           67%]
[Progress:>                             0%] [Cov:=======================>           67%]
[Progress:>                             0%] [Cov:=======================>           67%]
[Progress:>                             0%] [Cov:=======================>           67%]
[Progress:>                             0%] [Cov:=======================>           67%]
[Progress:>                             0%] [Cov:=======================>           68%]
[Progress:>                             0%] [Cov:=======================>           68%]
[Progress:>                             0%] [Cov:=======================>           68%]
[Progress:>                             0%] [Cov:=======================>           68%]
[Progress:>                             0%] [Cov:=======================>           68%]
[Progress:>                             0%] [Cov:=======================>           68%]
[Progress:>                             0%] [Cov:=======================>           68%]
[Progress:>                             0%] [Cov:========================>          69%]
[Progress:>                             0%] [Cov:========================>          69%]
[Progress:>                             0%] [Cov:========================>          69%]
[Progress:>                             0%] [Cov:========================>          69%]
[Progress:>                             0%] [Cov:========================>          69%]
[Progress:>                             0%] [Cov:========================>          69%]
[Progress:>                             1%] [Cov:========================>          69%]
[Progress:>                             1%] [Cov:========================>          69%]
[Progress:>                             1%] [Cov:========================>          69%]
[Progress:>                             1%] [Cov:========================>          69%]
[Progress:>                             1%] [Cov:========================>          69%]
[Progress:>                             1%] [Cov:========================>          69%]
[Progress:>                             1%] [Cov:========================>          70%]
[Progress:>                             1%] [Cov:========================>          71%]
[Progress:>                             1%] [Cov:========================>          71%]
[Progress:>                             1%] [Cov:========================>          71%]
[Progress:>                             1%] [Cov:========================>          71%]
[Progress:>                             1%] [Cov:========================>          71%]
[Progress:>                             1%] [Cov:========================>          71%]
[Progress:>                             1%] [Cov:========================>          71%]
[Progress:>                             1%] [Cov:========================>          71%]
[Progress:>                             1%] [Cov:========================>          71%]
[Progress:>                             1%] [Cov:=========================>         72%]
[Progress:>                             1%] [Cov:=========================>         72%]
[Progress:>                             1%] [Cov:=========================>         72%]
[Progress:>                             1%] [Cov:=========================>         72%]
[Progress:>                             1%] [Cov:=========================>         72%]
[Progress:>                             1%] [Cov:=========================>         72%]
[Progress:>                             1%] [Cov:=========================>         73%]
[Progress:>                             1%] [Cov:=========================>         73%]
[Progress:>                             1%] [Cov:=========================>         73%]
[Progress:>                             1%] [Cov:=========================>         73%]
[Progress:>                             1%] [Cov:=========================>         73%]
[Progress:>                             1%] [Cov:=========================>         73%]
[Progress:>                             1%] [Cov:=========================>         73%]
[Progress:>                             1%] [Cov:=========================>         73%]
[Progress:>                             1%] [Cov:=========================>         73%]
[Progress:>                             1%] [Cov:=========================>         73%]
[Progress:>                             1%] [Cov:=========================>         73%]
[Progress:>                             1%] [Cov:=========================>         73%]
[Progress:>                             1%] [Cov:=========================>         73%]
[Progress:>                             1%] [Cov:=========================>         73%]
[Progress:>                             1%] [Cov:=========================>         73%]
[Progress:>                             1%] [Cov:=========================>         73%]
[Progress:>                             1%] [Cov:=========================>         73%]
[Progress:>                             1%] [Cov:=========================>         73%]
[Progress:>                             1%] [Cov:=========================>         73%]
[Progress:>                             1%] [Cov:=========================>         73%]
[Progress:>                             1%] [Cov:=========================>         73%]
[Progress:>                             1%] [Cov:=========================>         73%]
[Progress:>                             1%] [Cov:=========================>         73%]
[Progress:>                             1%] [Cov:=========================>         73%]
[Progress:>                             1%] [Cov:=========================>         73%]
[Progress:>                             2%] [Cov:=========================>         73%]
[Progress:>                             2%] [Cov:=========================>         73%]
[Progress:>                             2%] [Cov:=========================>         73%]
[Progress:>                             2%] [Cov:=========================>         73%]
[Progress:>                             2%] [Cov:=========================>         73%]
[Progress:>                             2%] [Cov:=========================>         73%]
[Progress:>                             2%] [Cov:=========================>         73%]
[Progress:>                             2%] [Cov:=========================>         73%]
[Progress:>                             2%] [Cov:=========================>         73%]
[Progress:>                             2%] [Cov:=========================>         73%]
[Progress:>                             2%] [Cov:=========================>         73%]
[Progress:>                             2%] [Cov:=========================>         73%]
[Progress:>                             2%] [Cov:=========================>         73%]
[Progress:>                             2%] [Cov:=========================>         73%]
[Progress:>                             2%] [Cov:=========================>         73%]
[Progress:>                             2%] [Cov:=========================>         73%]
[Progress:>                             2%] [Cov:=========================>         73%]
[Progress:>                             2%] [Cov:=========================>         73%]
[Progress:>                             2%] [Cov:=========================>         73%]
[Progress:>                             2%] [Cov:=========================>         73%]
[Progress:>                             2%] [Cov:=========================>         73%]
[Progress:>                             2%] [Cov:=========================>         73%]
[Progress:>                             2%] [Cov:=========================>         73%]
[Progress:>                             2%] [Cov:=========================>         73%]
[Progress:>                             2%] [Cov:=========================>         73%]
[Progress:>                             2%] [Cov:=========================>         73%]
[Progress:>                             2%] [Cov:=========================>         73%]
[Progress:>                             2%] [Cov:=========================>         73%]
[Progress:>                             2%] [Cov:=========================>         73%]
[Progress:>                             2%] [Cov:=========================>         73%]
[Progress:>                             2%] [Cov:=========================>         73%]
[Progress:>                             2%] [Cov:=========================>         73%]
[Progress:>                             2%] [Cov:=========================>         74%]
[Progress:>                             2%] [Cov:==========================>        76%]
[Progress:>                             2%] [Cov:==========================>        77%]
[Progress:>                             2%] [Cov:===========================>       78%]
[Progress:>                             2%] [Cov:===========================>       78%]
[Progress:>                             2%] [Cov:===========================>       78%]
[Progress:>                             2%] [Cov:===========================>       78%]
[Progress:>                             2%] [Cov:===========================>       78%]
[Progress:>                             2%] [Cov:===========================>       78%]
[Progress:>                             2%] [Cov:===========================>       78%]
[Progress:>                             2%] [Cov:===========================>       79%]
[Progress:>                             2%] [Cov:===========================>       79%]
[Progress:>                             3%] [Cov:===========================>       78%]
[Progress:>                             3%] [Cov:===========================>       79%]
[Progress:>                             3%] [Cov:===========================>       79%]
[Progress:>                             3%] [Cov:===========================>       79%]
[Progress:>                             3%] [Cov:===========================>       79%]
[Progress:>                             3%] [Cov:===========================>       78%]
[Progress:>                             3%] [Cov:===========================>       79%]
[Progress:>                             3%] [Cov:===========================>       78%]
[Progress:>                             3%] [Cov:===========================>       79%]
[Progress:>                             3%] [Cov:===========================>       79%]
[Progress:>                             3%] [Cov:===========================>       79%]
[Progress:>                             3%] [Cov:===========================>       79%]
[Progress:>                             3%] [Cov:===========================>       79%]
[Progress:>                             3%] [Cov:===========================>       79%]
[Progress:>                             3%] [Cov:===========================>       79%]
[Progress:>                             3%] [Cov:===========================>       79%]
[Progress:>                             3%] [Cov:===========================>       79%]
[Progress:>                             3%] [Cov:===========================>       79%]
[Progress:>                             3%] [Cov:===========================>       79%]
[Progress:>                             3%] [Cov:===========================>       79%]
[Progress:>                             3%] [Cov:===========================>       79%]
[Progress:>                             3%] [Cov:===========================>       79%]
[Progress:>                             3%] [Cov:===========================>       79%]
[Progress:>                             3%] [Cov:===========================>       79%]
[Progress:>                             3%] [Cov:===========================>       79%]
[Progress:>                             3%] [Cov:===========================>       79%]
[Progress:>                             3%] [Cov:===========================>       79%]
[Progress:>                             3%] [Cov:===========================>       79%]
[Progress:>                             3%] [Cov:===========================>       79%]
[Progress:>                             3%] [Cov:===========================>       79%]
[Progress:>                             3%] [Cov:============================>      80%]
[Progress:=>                            4%] [Cov:===========================>       79%]
[Progress:=>                            4%] [Cov:============================>      80%]
[Progress:=>                            4%] [Cov:============================>      80%]
[Progress:=>                            4%] [Cov:============================>      80%]
[Progress:=>                            4%] [Cov:============================>      80%]
[Progress:=>                            4%] [Cov:============================>      80%]
[Progress:=>                            4%] [Cov:============================>      80%]
[Progress:=>                            4%] [Cov:============================>      80%]
[Progress:=>                            4%] [Cov:============================>      80%]
[Progress:=>                            4%] [Cov:============================>      80%]
[Progress:=>                            4%] [Cov:============================>      80%]
* Search finished after 787s and 146 generations, 100306 statements, best individual has fitness: 68.05555555555556
* Minimizing test suite
* Going to analyze the coverage criteria
* Coverage analysis for criterion LINE
* Coverage of criterion LINE: 87%
* Total number of goals: 127
* Number of covered goals: 110
* Coverage analysis for criterion BRANCH
* Coverage of criterion BRANCH: 84%
* Total number of goals: 70
* Number of covered goals: 59
* Coverage analysis for criterion EXCEPTION
* Coverage of criterion EXCEPTION: 100%
* Total number of goals: 8
* Number of covered goals: 8
* Coverage analysis for criterion WEAKMUTATION
* Coverage of criterion WEAKMUTATION: 96%
* Total number of goals: 183
* Number of covered goals: 176
* Coverage analysis for criterion OUTPUT
* Coverage of criterion OUTPUT: 44%
* Total number of goals: 25
* Number of covered goals: 11
* Coverage analysis for criterion METHOD
* Coverage of criterion METHOD: 76%
* Total number of goals: 21
* Number of covered goals: 16
* Coverage analysis for criterion METHODNOEXCEPTION
* Coverage of criterion METHODNOEXCEPTION: 67%
* Total number of goals: 21
* Number of covered goals: 14
* Coverage analysis for criterion CBRANCH
* Coverage of criterion CBRANCH: 83%
* Total number of goals: 70
* Number of covered goals: 58
* Generated 30 tests with total length 118
* Resulting test suite's coverage: 79% (average coverage for all fitness functions)
* Generating assertions
* Resulting test suite's mutation score: 29%
* Compiling and checking tests
[MASTER] 17:47:29.144 [logback-1] WARN  JUnitAnalyzer - EvoSuite problem: tests set up a security manager, but they do not remove it after execution
[MASTER] 17:47:29.206 [logback-1] WARN  JUnitAnalyzer - EvoSuite problem: tests set up a security manager, but they do not remove it after execution
[MASTER] 17:47:29.262 [logback-1] WARN  JUnitAnalyzer - EvoSuite problem: tests set up a security manager, but they do not remove it after execution
[MASTER] 17:47:29.321 [logback-1] WARN  JUnitAnalyzer - EvoSuite problem: tests set up a security manager, but they do not remove it after execution
[MASTER] 17:47:29.381 [logback-1] WARN  JUnitAnalyzer - EvoSuite problem: tests set up a security manager, but they do not remove it after execution
[MASTER] 17:47:29.443 [logback-1] WARN  JUnitAnalyzer - EvoSuite problem: tests set up a security manager, but they do not remove it after execution
[MASTER] 17:47:29.513 [logback-1] WARN  JUnitAnalyzer - EvoSuite problem: tests set up a security manager, but they do not remove it after execution
[MASTER] 17:47:29.578 [logback-1] WARN  JUnitAnalyzer - EvoSuite problem: tests set up a security manager, but they do not remove it after execution
[MASTER] 17:47:29.635 [logback-1] WARN  JUnitAnalyzer - EvoSuite problem: tests set up a security manager, but they do not remove it after execution
[MASTER] 17:47:29.704 [logback-1] WARN  JUnitAnalyzer - EvoSuite problem: tests set up a security manager, but they do not remove it after execution
[MASTER] 17:47:33.820 [logback-1] WARN  JUnitAnalyzer - EvoSuite problem: tests set up a security manager, but they do not remove it after execution
[MASTER] 17:47:33.823 [logback-2] ERROR JUnitAnalyzer - 1 test cases failed
[MASTER] 17:47:33.825 [logback-1] WARN  JUnitAnalyzer - Found unstable test named test0 -> class org.junit.runners.model.TestTimedOutException: test timed out after 4000 milliseconds
[MASTER] 17:47:33.826 [logback-1] WARN  JUnitAnalyzer - Failing test:
 double[] doubleArray0 = new double[4];
DormandPrince853Integrator dormandPrince853Integrator0 = new DormandPrince853Integrator((-4599.5), (-4599.5), doubleArray0, doubleArray0);
TestProblem5 testProblem5_0 = new TestProblem5();
testProblem5_0.setInitialConditions((-4599.5), doubleArray0);
dormandPrince853Integrator0.integrate((FirstOrderDifferentialEquations) testProblem5_0, 4.9134102348818915E72, doubleArray0, (-4.9134102348818915E72), doubleArray0);

[MASTER] 17:47:33.902 [logback-1] WARN  JUnitAnalyzer - EvoSuite problem: tests set up a security manager, but they do not remove it after execution
[MASTER] 17:47:33.962 [logback-1] WARN  JUnitAnalyzer - EvoSuite problem: tests set up a security manager, but they do not remove it after execution
[MASTER] 17:47:34.017 [logback-1] WARN  JUnitAnalyzer - EvoSuite problem: tests set up a security manager, but they do not remove it after execution
[MASTER] 17:47:34.066 [logback-1] WARN  JUnitAnalyzer - EvoSuite problem: tests set up a security manager, but they do not remove it after execution
[MASTER] 17:47:34.119 [logback-1] WARN  JUnitAnalyzer - EvoSuite problem: tests set up a security manager, but they do not remove it after execution
[MASTER] 17:47:34.173 [logback-1] WARN  JUnitAnalyzer - EvoSuite problem: tests set up a security manager, but they do not remove it after execution
[MASTER] 17:47:38.540 [logback-1] WARN  JUnitAnalyzer - EvoSuite problem: tests set up a security manager, but they do not remove it after execution
[MASTER] 17:47:38.541 [logback-1] WARN  JUnitAnalyzer - Found unstable test named test0 -> class org.junit.runners.model.TestTimedOutException: test timed out after 4000 milliseconds
[MASTER] 17:47:38.541 [logback-2] ERROR JUnitAnalyzer - 1 test cases failed
[MASTER] 17:47:38.542 [logback-1] WARN  JUnitAnalyzer - Failing test:
 GraggBulirschStoerIntegrator graggBulirschStoerIntegrator0 = new GraggBulirschStoerIntegrator(9.094947017729282E-10, 1.0, 1.0, 1.0);
StepNormalizerOutputTest stepNormalizerOutputTest0 = new StepNormalizerOutputTest();
StepNormalizerMode stepNormalizerMode0 = StepNormalizerMode.INCREMENT;
StepNormalizerBounds stepNormalizerBounds0 = StepNormalizerBounds.FIRST;
StepNormalizer stepNormalizer0 = new StepNormalizer(1.0, (FixedStepHandler) stepNormalizerOutputTest0, stepNormalizerMode0, stepNormalizerBounds0);
graggBulirschStoerIntegrator0.addStepHandler(stepNormalizer0);
ExpandableStatefulODE expandableStatefulODE0 = new ExpandableStatefulODE((FirstOrderDifferentialEquations) stepNormalizerOutputTest0);
graggBulirschStoerIntegrator0.integrate(expandableStatefulODE0, (-599.23548473156));

[MASTER] 17:47:38.629 [logback-1] WARN  JUnitAnalyzer - EvoSuite problem: tests set up a security manager, but they do not remove it after execution
[MASTER] 17:47:38.695 [logback-1] WARN  JUnitAnalyzer - EvoSuite problem: tests set up a security manager, but they do not remove it after execution
[MASTER] 17:47:38.751 [logback-1] WARN  JUnitAnalyzer - EvoSuite problem: tests set up a security manager, but they do not remove it after execution
[MASTER] 17:47:38.810 [logback-1] WARN  JUnitAnalyzer - EvoSuite problem: tests set up a security manager, but they do not remove it after execution
[MASTER] 17:47:38.882 [logback-1] WARN  JUnitAnalyzer - EvoSuite problem: tests set up a security manager, but they do not remove it after execution
[MASTER] 17:47:38.934 [logback-1] WARN  JUnitAnalyzer - EvoSuite problem: tests set up a security manager, but they do not remove it after execution
[MASTER] 17:47:38.992 [logback-1] WARN  JUnitAnalyzer - EvoSuite problem: tests set up a security manager, but they do not remove it after execution
[MASTER] 17:47:39.046 [logback-1] WARN  JUnitAnalyzer - EvoSuite problem: tests set up a security manager, but they do not remove it after execution
[MASTER] 17:47:44.688 [logback-1] WARN  JUnitAnalyzer - EvoSuite problem: tests set up a security manager, but they do not remove it after execution
[MASTER] 17:47:44.689 [logback-2] ERROR JUnitAnalyzer - 1 test cases failed
[MASTER] 17:47:44.694 [logback-1] WARN  JUnitAnalyzer - Found unstable test named test0 -> class org.junit.runners.model.TestTimedOutException: test timed out after 4000 milliseconds
[MASTER] 17:47:44.694 [logback-1] WARN  JUnitAnalyzer - Failing test:
 EulerIntegrator eulerIntegrator0 = new EulerIntegrator(Double.NaN);
StepProblem stepProblem0 = new StepProblem(Double.NaN, (-1154.67396063598), 0.3333333333333333);
eulerIntegrator0.addEventHandler((EventHandler) stepProblem0, 0.0, 1000.0, 0);
ExpandableStatefulODE expandableStatefulODE0 = new ExpandableStatefulODE((FirstOrderDifferentialEquations) stepProblem0);
eulerIntegrator0.integrate(expandableStatefulODE0, (double) 0);

[MASTER] 17:47:44.768 [logback-1] WARN  JUnitAnalyzer - EvoSuite problem: tests set up a security manager, but they do not remove it after execution
[MASTER] 17:47:44.838 [logback-1] WARN  JUnitAnalyzer - EvoSuite problem: tests set up a security manager, but they do not remove it after execution
[MASTER] 17:47:50.158 [logback-1] WARN  JUnitAnalyzer - EvoSuite problem: tests set up a security manager, but they do not remove it after execution
[MASTER] 17:47:50.158 [logback-1] WARN  JUnitAnalyzer - Found unstable test named test0 -> class org.junit.runners.model.TestTimedOutException: test timed out after 4000 milliseconds
[MASTER] 17:47:50.159 [logback-1] WARN  JUnitAnalyzer - Failing test:
 GraggBulirschStoerIntegrator graggBulirschStoerIntegrator0 = new GraggBulirschStoerIntegrator(2916.234102, 2916.234102, 2916.234102, 2916.234102);
StepProblem stepProblem0 = new StepProblem(5.6843418860808015E-11, 5.6843418860808015E-11, 2916.234102);
graggBulirschStoerIntegrator0.addEventHandler((EventHandler) stepProblem0, Double.NaN, 2916.234102, 2142154904);
ExpandableStatefulODE expandableStatefulODE0 = new ExpandableStatefulODE((FirstOrderDifferentialEquations) stepProblem0);
expandableStatefulODE0.setTime(2916.234102);
PegasusSolver pegasusSolver0 = new PegasusSolver((-1209.904631005377), 2916.234102, 0.6719275712966919);
graggBulirschStoerIntegrator0.addEventHandler((EventHandler) stepProblem0, (double) 2142154904, 2916.234102, 2142154904, (UnivariateSolver) pegasusSolver0);
graggBulirschStoerIntegrator0.integrate(expandableStatefulODE0, Double.NaN);

[MASTER] 17:47:50.158 [logback-2] ERROR JUnitAnalyzer - 1 test cases failed
[MASTER] 17:47:50.519 [logback-1] WARN  JUnitAnalyzer - EvoSuite problem: tests set up a security manager, but they do not remove it after execution
[MASTER] 17:47:50.861 [logback-1] WARN  JUnitAnalyzer - EvoSuite problem: tests set up a security manager, but they do not remove it after execution
* Writing JUnit test case 'AbstractIntegrator_ESTest' to /home/spirals/zhyu/issta/program-set7/evosuite-repair-new/nopol/nopol/src/main/java/fr/inria/lille/spirals/evo/results/2016-December/Math/7/Nopol/4/generatedTests
* Done!

* Computation finished
