* EvoSuite 1.0.4-SNAPSHOT
* Going to generate test cases for class: org.apache.commons.lang.math.NumberUtils
* Starting client
* Connecting to master process on port 16409
* Analyzing classpath: 
  - target/classes/
  - target/tests/
  - lib/asm.jar
  - lib/cglib.jar
  - lib/commons-io.jar
  - lib/easymock.jar
* Finished analyzing classpath
* Generating tests for class org.apache.commons.lang.math.NumberUtils
* Test criteria:
  - Line Coverage
  - Branch Coverage
  - Exception
  - Mutation testing (weak)
  - Method-Output Coverage
  - Top-Level Method Coverage
  - No-Exception Top-Level Method Coverage
  - Context Branch Coverage
* Setting up search algorithm for whole suite generation
* Total number of test goals: 
  - Line 415
  - Branch 441
  - Exception 0
  - MutationFactory 579
  - Output 241
  - Method 52
  - MethodNoException 52
  - CBranchFitnessFactory 441

[Progress:>                             0%] [Cov:>                                  0%]* Using seed 83
* Starting evolution

[Progress:>                             0%] [Cov:>                                  2%]
[Progress:>                             0%] [Cov:=>                                 3%]
[Progress:>                             0%] [Cov:=====>                             16%]
[Progress:>                             0%] [Cov:=====>                             17%]
[Progress:>                             0%] [Cov:======>                            18%]
[Progress:>                             0%] [Cov:======>                            19%]
[Progress:>                             0%] [Cov:=======>                           20%]
[Progress:>                             0%] [Cov:========>                          23%]
[Progress:>                             0%] [Cov:========>                          25%]
[Progress:>                             0%] [Cov:=========>                         26%]
[Progress:>                             0%] [Cov:=========>                         28%]
[Progress:>                             0%] [Cov:===========>                       33%]
[Progress:>                             0%] [Cov:===========>                       33%]
[Progress:>                             0%] [Cov:========================>          70%]
[Progress:>                             0%] [Cov:========================>          70%]
[Progress:>                             0%] [Cov:========================>          70%]
[Progress:>                             0%] [Cov:========================>          70%]
[Progress:>                             0%] [Cov:========================>          71%][MASTER] 12:04:39.455 [logback-2] ERROR ClientNodeImpl - Cannot inform master of change of state
java.rmi.ServerException: RemoteException occurred in server thread; nested exception is: 
	java.rmi.UnmarshalException: error unmarshalling arguments; nested exception is: 
	java.io.OptionalDataException
	at sun.rmi.server.UnicastServerRef.dispatch(UnicastServerRef.java:355) ~[na:1.8.0_101]
	at sun.rmi.transport.Transport$1.run(Transport.java:200) ~[na:1.8.0_101]
	at sun.rmi.transport.Transport$1.run(Transport.java:197) ~[na:1.8.0_101]
	at java.security.AccessController.doPrivileged(Native Method) ~[na:1.8.0_101]
	at sun.rmi.transport.Transport.serviceCall(Transport.java:196) ~[na:1.8.0_101]
	at sun.rmi.transport.tcp.TCPTransport.handleMessages(TCPTransport.java:568) ~[na:1.8.0_101]
	at sun.rmi.transport.tcp.TCPTransport$ConnectionHandler.run0(TCPTransport.java:826) ~[na:1.8.0_101]
	at sun.rmi.transport.tcp.TCPTransport$ConnectionHandler.lambda$run$0(TCPTransport.java:683) ~[na:1.8.0_101]
	at java.security.AccessController.doPrivileged(Native Method) ~[na:1.8.0_101]
	at sun.rmi.transport.tcp.TCPTransport$ConnectionHandler.run(TCPTransport.java:682) ~[na:1.8.0_101]
	at java.util.concurrent.ThreadPoolExecutor.runWorker(ThreadPoolExecutor.java:1142) ~[na:1.8.0_101]
	at java.util.concurrent.ThreadPoolExecutor$Worker.run(ThreadPoolExecutor.java:617) ~[na:1.8.0_101]
	at java.lang.Thread.run(Thread.java:745) ~[na:1.8.0_101]
	at sun.rmi.transport.StreamRemoteCall.exceptionReceivedFromServer(StreamRemoteCall.java:276) ~[na:1.8.0_101]
	at sun.rmi.transport.StreamRemoteCall.executeCall(StreamRemoteCall.java:253) ~[na:1.8.0_101]
	at sun.rmi.server.UnicastRef.invoke(UnicastRef.java:162) ~[na:1.8.0_101]
	at java.rmi.server.RemoteObjectInvocationHandler.invokeRemoteMethod(RemoteObjectInvocationHandler.java:227) ~[na:1.8.0_101]
	at java.rmi.server.RemoteObjectInvocationHandler.invoke(RemoteObjectInvocationHandler.java:179) ~[na:1.8.0_101]
	at com.sun.proxy.$Proxy7.evosuite_collectStatistics(Unknown Source) ~[na:na]
	at org.evosuite.rmi.service.ClientNodeImpl.updateStatistics(ClientNodeImpl.java:237) ~[evosuite-1.0.4.jar:1.0.4-SNAPSHOT]
	at org.evosuite.statistics.StatisticsSender.sendIndividualToMaster(StatisticsSender.java:68) [evosuite-1.0.4.jar:1.0.4-SNAPSHOT]
	at org.evosuite.statistics.StatisticsListener$1.run(StatisticsListener.java:71) [evosuite-1.0.4.jar:1.0.4-SNAPSHOT]
Caused by: java.rmi.UnmarshalException: error unmarshalling arguments; nested exception is: 
	java.io.OptionalDataException
	at sun.rmi.server.UnicastServerRef.dispatch(UnicastServerRef.java:312) ~[na:1.8.0_101]
	at sun.rmi.transport.Transport$1.run(Transport.java:200) ~[na:1.8.0_101]
	at sun.rmi.transport.Transport$1.run(Transport.java:197) ~[na:1.8.0_101]
	at java.security.AccessController.doPrivileged(Native Method) ~[na:1.8.0_101]
	at sun.rmi.transport.Transport.serviceCall(Transport.java:196) ~[na:1.8.0_101]
	at sun.rmi.transport.tcp.TCPTransport.handleMessages(TCPTransport.java:568) ~[na:1.8.0_101]
	at sun.rmi.transport.tcp.TCPTransport$ConnectionHandler.run0(TCPTransport.java:826) ~[na:1.8.0_101]
	at sun.rmi.transport.tcp.TCPTransport$ConnectionHandler.lambda$run$0(TCPTransport.java:683) ~[na:1.8.0_101]
	at java.security.AccessController.doPrivileged(Native Method) ~[na:1.8.0_101]
	at sun.rmi.transport.tcp.TCPTransport$ConnectionHandler.run(TCPTransport.java:682) ~[na:1.8.0_101]
	at java.util.concurrent.ThreadPoolExecutor.runWorker(ThreadPoolExecutor.java:1142) ~[na:1.8.0_101]
	at java.util.concurrent.ThreadPoolExecutor$Worker.run(ThreadPoolExecutor.java:617) ~[na:1.8.0_101]
	at java.lang.Thread.run(Thread.java:745) ~[na:1.8.0_101]
Caused by: java.io.OptionalDataException: null
	at java.io.ObjectInputStream.readObject0(ObjectInputStream.java:1373) ~[na:1.8.0_101]
	at java.io.ObjectInputStream.readObject(ObjectInputStream.java:373) ~[na:1.8.0_101]
	at java.util.HashMap.readObject(HashMap.java:1402) ~[na:1.8.0_101]
	at sun.reflect.GeneratedMethodAccessor7.invoke(Unknown Source) ~[na:na]
	at sun.reflect.DelegatingMethodAccessorImpl.invoke(DelegatingMethodAccessorImpl.java:43) ~[na:1.8.0_101]
	at java.lang.reflect.Method.invoke(Method.java:498) ~[na:1.8.0_101]
	at java.io.ObjectStreamClass.invokeReadObject(ObjectStreamClass.java:1058) ~[na:1.8.0_101]
	at java.io.ObjectInputStream.readSerialData(ObjectInputStream.java:1909) ~[na:1.8.0_101]
	at java.io.ObjectInputStream.readOrdinaryObject(ObjectInputStream.java:1808) ~[na:1.8.0_101]
	at java.io.ObjectInputStream.readObject0(ObjectInputStream.java:1353) ~[na:1.8.0_101]
	at java.io.ObjectInputStream.defaultReadFields(ObjectInputStream.java:2018) ~[na:1.8.0_101]
	at java.io.ObjectInputStream.readSerialData(ObjectInputStream.java:1942) ~[na:1.8.0_101]
	at java.io.ObjectInputStream.readOrdinaryObject(ObjectInputStream.java:1808) ~[na:1.8.0_101]
	at java.io.ObjectInputStream.readObject0(ObjectInputStream.java:1353) ~[na:1.8.0_101]
	at java.io.ObjectInputStream.readObject(ObjectInputStream.java:373) ~[na:1.8.0_101]
	at java.util.HashMap.readObject(HashMap.java:1402) ~[na:1.8.0_101]
	at sun.reflect.GeneratedMethodAccessor7.invoke(Unknown Source) ~[na:na]
	at sun.reflect.DelegatingMethodAccessorImpl.invoke(DelegatingMethodAccessorImpl.java:43) ~[na:1.8.0_101]
	at java.lang.reflect.Method.invoke(Method.java:498) ~[na:1.8.0_101]
	at java.io.ObjectStreamClass.invokeReadObject(ObjectStreamClass.java:1058) ~[na:1.8.0_101]
	at java.io.ObjectInputStream.readSerialData(ObjectInputStream.java:1909) ~[na:1.8.0_101]
	at java.io.ObjectInputStream.readOrdinaryObject(ObjectInputStream.java:1808) ~[na:1.8.0_101]
	at java.io.ObjectInputStream.readObject0(ObjectInputStream.java:1353) ~[na:1.8.0_101]
	at java.io.ObjectInputStream.defaultReadFields(ObjectInputStream.java:2018) ~[na:1.8.0_101]
	at java.io.ObjectInputStream.readSerialData(ObjectInputStream.java:1942) ~[na:1.8.0_101]
	at java.io.ObjectInputStream.readOrdinaryObject(ObjectInputStream.java:1808) ~[na:1.8.0_101]
	at java.io.ObjectInputStream.readObject0(ObjectInputStream.java:1353) ~[na:1.8.0_101]
	at java.io.ObjectInputStream.readObject(ObjectInputStream.java:373) ~[na:1.8.0_101]
	at sun.rmi.server.UnicastRef.unmarshalValue(UnicastRef.java:326) ~[na:1.8.0_101]
	at sun.rmi.server.UnicastServerRef.unmarshalParametersUnchecked(UnicastServerRef.java:592) ~[na:1.8.0_101]
	at sun.rmi.server.UnicastServerRef.unmarshalParameters(UnicastServerRef.java:580) ~[na:1.8.0_101]
	at sun.rmi.server.UnicastServerRef.dispatch(UnicastServerRef.java:310) ~[na:1.8.0_101]
	... 12 common frames omitted

[Progress:>                             0%] [Cov:========================>          71%]
[Progress:>                             0%] [Cov:========================>          71%]
[Progress:>                             0%] [Cov:========================>          71%]
[Progress:>                             0%] [Cov:========================>          71%]
[Progress:>                             0%] [Cov:=========================>         72%]
[Progress:>                             0%] [Cov:=========================>         72%]
[Progress:>                             0%] [Cov:=========================>         72%]
[Progress:>                             0%] [Cov:=========================>         72%]
[Progress:>                             0%] [Cov:=========================>         73%]
[Progress:>                             0%] [Cov:=========================>         73%]
[Progress:>                             0%] [Cov:=========================>         74%]
[Progress:>                             0%] [Cov:=========================>         74%]
[Progress:>                             0%] [Cov:=========================>         74%]
[Progress:>                             0%] [Cov:=========================>         74%]
[Progress:>                             0%] [Cov:=========================>         74%]
[Progress:>                             0%] [Cov:=========================>         74%]
[Progress:>                             0%] [Cov:=========================>         74%]
[Progress:>                             0%] [Cov:=========================>         74%]
[Progress:>                             0%] [Cov:=========================>         74%]
[Progress:>                             0%] [Cov:==========================>        75%]
[Progress:>                             0%] [Cov:==========================>        75%]
[Progress:>                             0%] [Cov:==========================>        75%]
[Progress:>                             0%] [Cov:==========================>        75%]
[Progress:>                             0%] [Cov:==========================>        75%]
[Progress:>                             0%] [Cov:==========================>        75%]
[Progress:>                             0%] [Cov:==========================>        76%]
[Progress:>                             0%] [Cov:==========================>        76%]
[Progress:>                             0%] [Cov:==========================>        76%]
[Progress:>                             0%] [Cov:==========================>        76%]
[Progress:>                             0%] [Cov:==========================>        76%]
[Progress:>                             0%] [Cov:==========================>        76%]
[Progress:>                             0%] [Cov:==========================>        76%]
[Progress:>                             0%] [Cov:==========================>        76%]
[Progress:>                             0%] [Cov:==========================>        76%]
[Progress:>                             0%] [Cov:==========================>        76%]
[Progress:>                             0%] [Cov:==========================>        76%]
[Progress:>                             0%] [Cov:==========================>        76%]
[Progress:>                             0%] [Cov:==========================>        77%]
[Progress:>                             0%] [Cov:==========================>        77%]
[Progress:>                             0%] [Cov:==========================>        77%]
[Progress:>                             0%] [Cov:==========================>        77%]
[Progress:>                             0%] [Cov:==========================>        77%]
[Progress:>                             0%] [Cov:==========================>        77%]
[Progress:>                             0%] [Cov:==========================>        77%]
[Progress:>                             0%] [Cov:==========================>        77%]
[Progress:>                             0%] [Cov:==========================>        77%]
[Progress:>                             0%] [Cov:==========================>        77%]
[Progress:>                             0%] [Cov:==========================>        77%]
[Progress:>                             0%] [Cov:==========================>        77%]
[Progress:>                             0%] [Cov:==========================>        77%]
[Progress:>                             0%] [Cov:==========================>        77%]
[Progress:>                             0%] [Cov:==========================>        77%]
[Progress:>                             0%] [Cov:==========================>        77%]
[Progress:>                             0%] [Cov:==========================>        77%]
[Progress:>                             0%] [Cov:===========================>       78%]
[Progress:>                             0%] [Cov:===========================>       78%]
[Progress:>                             0%] [Cov:===========================>       78%]
[Progress:>                             0%] [Cov:===========================>       78%]
[Progress:>                             0%] [Cov:===========================>       78%]
[Progress:>                             0%] [Cov:===========================>       78%]
[Progress:>                             0%] [Cov:===========================>       78%]
[Progress:>                             0%] [Cov:===========================>       78%]
[Progress:>                             0%] [Cov:===========================>       78%]
[Progress:>                             0%] [Cov:===========================>       78%]
[Progress:>                             0%] [Cov:===========================>       78%]
[Progress:>                             0%] [Cov:===========================>       78%]
[Progress:>                             0%] [Cov:===========================>       78%]
[Progress:>                             0%] [Cov:===========================>       79%]
[Progress:>                             0%] [Cov:===========================>       79%]
[Progress:>                             0%] [Cov:===========================>       79%]
[Progress:>                             0%] [Cov:===========================>       79%]
[Progress:>                             0%] [Cov:===========================>       79%]
[Progress:>                             0%] [Cov:===========================>       79%]
[Progress:>                             0%] [Cov:===========================>       79%]
[Progress:>                             0%] [Cov:===========================>       79%]
[Progress:>                             0%] [Cov:===========================>       79%]
[Progress:>                             0%] [Cov:===========================>       79%]
[Progress:>                             0%] [Cov:===========================>       79%]
[Progress:>                             0%] [Cov:===========================>       79%]
[Progress:>                             0%] [Cov:===========================>       79%]
[Progress:>                             0%] [Cov:===========================>       79%]
[Progress:>                             0%] [Cov:===========================>       79%]
[Progress:>                             0%] [Cov:===========================>       79%]
[Progress:>                             0%] [Cov:===========================>       79%]
[Progress:>                             0%] [Cov:===========================>       79%]
[Progress:>                             0%] [Cov:===========================>       79%]
[Progress:>                             0%] [Cov:===========================>       79%]
[Progress:>                             0%] [Cov:===========================>       79%]
[Progress:>                             0%] [Cov:===========================>       79%]
[Progress:>                             0%] [Cov:============================>      80%]
[Progress:>                             0%] [Cov:============================>      80%]
[Progress:>                             0%] [Cov:============================>      80%]
[Progress:>                             0%] [Cov:============================>      80%]
[Progress:>                             0%] [Cov:============================>      80%]
[Progress:>                             0%] [Cov:============================>      80%]
[Progress:>                             0%] [Cov:============================>      80%]
[Progress:>                             0%] [Cov:============================>      80%]
[Progress:>                             0%] [Cov:============================>      80%]
[Progress:>                             0%] [Cov:============================>      80%]
[Progress:>                             0%] [Cov:============================>      80%]
[Progress:>                             0%] [Cov:============================>      80%]
[Progress:>                             0%] [Cov:============================>      81%]
[Progress:>                             0%] [Cov:============================>      81%]
[Progress:>                             0%] [Cov:============================>      81%]
[Progress:>                             0%] [Cov:============================>      81%]
[Progress:>                             0%] [Cov:============================>      81%]
[Progress:>                             0%] [Cov:============================>      81%]
[Progress:>                             0%] [Cov:============================>      81%]
[Progress:>                             0%] [Cov:============================>      81%]
[Progress:>                             0%] [Cov:============================>      81%]
[Progress:>                             0%] [Cov:============================>      81%]
[Progress:>                             0%] [Cov:============================>      81%]
[Progress:>                             0%] [Cov:============================>      81%]
[Progress:>                             0%] [Cov:============================>      81%]
[Progress:>                             0%] [Cov:============================>      81%]
[Progress:>                             0%] [Cov:============================>      81%]
[Progress:>                             0%] [Cov:============================>      81%]
[Progress:>                             0%] [Cov:============================>      81%]
[Progress:>                             0%] [Cov:============================>      81%]
[Progress:>                             0%] [Cov:============================>      81%]
[Progress:>                             0%] [Cov:============================>      81%]
[Progress:>                             0%] [Cov:============================>      81%]
[Progress:>                             0%] [Cov:============================>      81%]
[Progress:>                             0%] [Cov:============================>      82%]
[Progress:>                             0%] [Cov:============================>      82%]
[Progress:>                             0%] [Cov:============================>      82%]
[Progress:>                             0%] [Cov:============================>      82%]
[Progress:>                             0%] [Cov:============================>      82%]
[Progress:>                             0%] [Cov:============================>      82%]
[Progress:>                             0%] [Cov:============================>      82%]
[Progress:>                             0%] [Cov:=============================>     83%]
[Progress:>                             0%] [Cov:=============================>     83%]
[Progress:>                             0%] [Cov:=============================>     83%]
[Progress:>                             0%] [Cov:=============================>     83%]
[Progress:>                             0%] [Cov:=============================>     83%]
[Progress:>                             0%] [Cov:=============================>     85%]
* Search finished after 92s and 132 generations, 101430 statements, best individual has fitness: 653.5904530010753
* Minimizing test suite
* Going to analyze the coverage criteria
* Coverage analysis for criterion LINE
* Coverage of criterion LINE: 90%
* Total number of goals: 415
* Number of covered goals: 373
* Coverage analysis for criterion BRANCH
* Coverage of criterion BRANCH: 78%
* Total number of goals: 441
* Number of covered goals: 345
* Coverage analysis for criterion EXCEPTION
* Coverage of criterion EXCEPTION: 100%
* Total number of goals: 20
* Number of covered goals: 20
* Coverage analysis for criterion WEAKMUTATION
* Coverage of criterion WEAKMUTATION: 83%
* Total number of goals: 579
* Number of covered goals: 478
* Coverage analysis for criterion OUTPUT
* Coverage of criterion OUTPUT: 59%
* Total number of goals: 241
* Number of covered goals: 143
* Coverage analysis for criterion METHOD
* Coverage of criterion METHOD: 100%
* Total number of goals: 52
* Number of covered goals: 52
* Coverage analysis for criterion METHODNOEXCEPTION
* Coverage of criterion METHODNOEXCEPTION: 100%
* Total number of goals: 52
* Number of covered goals: 52
* Coverage analysis for criterion CBRANCH
* Coverage of criterion CBRANCH: 78%
* Total number of goals: 441
* Number of covered goals: 345
* Generated 216 tests with total length 386
* Resulting test suite's coverage: 86% (average coverage for all fitness functions)
* Generating assertions
* Resulting test suite's mutation score: 57%
* Compiling and checking tests
[MASTER] 12:07:09.245 [logback-1] WARN  JUnitAnalyzer - EvoSuite problem: tests set up a security manager, but they do not remove it after execution
[MASTER] 12:07:09.307 [logback-1] WARN  JUnitAnalyzer - EvoSuite problem: tests set up a security manager, but they do not remove it after execution
[MASTER] 12:07:09.357 [logback-1] WARN  JUnitAnalyzer - EvoSuite problem: tests set up a security manager, but they do not remove it after execution
[MASTER] 12:07:09.406 [logback-1] WARN  JUnitAnalyzer - EvoSuite problem: tests set up a security manager, but they do not remove it after execution
[MASTER] 12:07:09.458 [logback-1] WARN  JUnitAnalyzer - EvoSuite problem: tests set up a security manager, but they do not remove it after execution
[MASTER] 12:07:09.497 [logback-1] WARN  JUnitAnalyzer - EvoSuite problem: tests set up a security manager, but they do not remove it after execution
[MASTER] 12:07:09.546 [logback-1] WARN  JUnitAnalyzer - EvoSuite problem: tests set up a security manager, but they do not remove it after execution
[MASTER] 12:07:09.599 [logback-1] WARN  JUnitAnalyzer - EvoSuite problem: tests set up a security manager, but they do not remove it after execution
[MASTER] 12:07:09.643 [logback-1] WARN  JUnitAnalyzer - EvoSuite problem: tests set up a security manager, but they do not remove it after execution
[MASTER] 12:07:09.690 [logback-1] WARN  JUnitAnalyzer - EvoSuite problem: tests set up a security manager, but they do not remove it after execution
[MASTER] 12:07:09.732 [logback-1] WARN  JUnitAnalyzer - EvoSuite problem: tests set up a security manager, but they do not remove it after execution
[MASTER] 12:07:09.773 [logback-1] WARN  JUnitAnalyzer - EvoSuite problem: tests set up a security manager, but they do not remove it after execution
[MASTER] 12:07:09.810 [logback-1] WARN  JUnitAnalyzer - EvoSuite problem: tests set up a security manager, but they do not remove it after execution
[MASTER] 12:07:09.850 [logback-1] WARN  JUnitAnalyzer - EvoSuite problem: tests set up a security manager, but they do not remove it after execution
[MASTER] 12:07:09.897 [logback-1] WARN  JUnitAnalyzer - EvoSuite problem: tests set up a security manager, but they do not remove it after execution
[MASTER] 12:07:10.068 [logback-1] WARN  JUnitAnalyzer - EvoSuite problem: tests set up a security manager, but they do not remove it after execution
[MASTER] 12:07:10.114 [logback-1] WARN  JUnitAnalyzer - EvoSuite problem: tests set up a security manager, but they do not remove it after execution
[MASTER] 12:07:10.163 [logback-1] WARN  JUnitAnalyzer - EvoSuite problem: tests set up a security manager, but they do not remove it after execution
[MASTER] 12:07:10.211 [logback-1] WARN  JUnitAnalyzer - EvoSuite problem: tests set up a security manager, but they do not remove it after execution
[MASTER] 12:07:10.260 [logback-1] WARN  JUnitAnalyzer - EvoSuite problem: tests set up a security manager, but they do not remove it after execution
[MASTER] 12:07:10.304 [logback-1] WARN  JUnitAnalyzer - EvoSuite problem: tests set up a security manager, but they do not remove it after execution
[MASTER] 12:07:10.353 [logback-1] WARN  JUnitAnalyzer - EvoSuite problem: tests set up a security manager, but they do not remove it after execution
[MASTER] 12:07:10.405 [logback-1] WARN  JUnitAnalyzer - EvoSuite problem: tests set up a security manager, but they do not remove it after execution
[MASTER] 12:07:10.453 [logback-1] WARN  JUnitAnalyzer - EvoSuite problem: tests set up a security manager, but they do not remove it after execution
[MASTER] 12:07:10.499 [logback-1] WARN  JUnitAnalyzer - EvoSuite problem: tests set up a security manager, but they do not remove it after execution
[MASTER] 12:07:10.546 [logback-1] WARN  JUnitAnalyzer - EvoSuite problem: tests set up a security manager, but they do not remove it after execution
[MASTER] 12:07:10.593 [logback-1] WARN  JUnitAnalyzer - EvoSuite problem: tests set up a security manager, but they do not remove it after execution
[MASTER] 12:07:10.638 [logback-1] WARN  JUnitAnalyzer - EvoSuite problem: tests set up a security manager, but they do not remove it after execution
[MASTER] 12:07:10.685 [logback-1] WARN  JUnitAnalyzer - EvoSuite problem: tests set up a security manager, but they do not remove it after execution
[MASTER] 12:07:10.729 [logback-1] WARN  JUnitAnalyzer - EvoSuite problem: tests set up a security manager, but they do not remove it after execution
[MASTER] 12:07:10.769 [logback-1] WARN  JUnitAnalyzer - EvoSuite problem: tests set up a security manager, but they do not remove it after execution
[MASTER] 12:07:10.806 [logback-1] WARN  JUnitAnalyzer - EvoSuite problem: tests set up a security manager, but they do not remove it after execution
[MASTER] 12:07:10.841 [logback-1] WARN  JUnitAnalyzer - EvoSuite problem: tests set up a security manager, but they do not remove it after execution
[MASTER] 12:07:10.882 [logback-1] WARN  JUnitAnalyzer - EvoSuite problem: tests set up a security manager, but they do not remove it after execution
[MASTER] 12:07:10.922 [logback-1] WARN  JUnitAnalyzer - EvoSuite problem: tests set up a security manager, but they do not remove it after execution
[MASTER] 12:07:10.961 [logback-1] WARN  JUnitAnalyzer - EvoSuite problem: tests set up a security manager, but they do not remove it after execution
[MASTER] 12:07:11.004 [logback-1] WARN  JUnitAnalyzer - EvoSuite problem: tests set up a security manager, but they do not remove it after execution
[MASTER] 12:07:11.043 [logback-1] WARN  JUnitAnalyzer - EvoSuite problem: tests set up a security manager, but they do not remove it after execution
[MASTER] 12:07:11.083 [logback-1] WARN  JUnitAnalyzer - EvoSuite problem: tests set up a security manager, but they do not remove it after execution
[MASTER] 12:07:11.129 [logback-1] WARN  JUnitAnalyzer - EvoSuite problem: tests set up a security manager, but they do not remove it after execution
[MASTER] 12:07:11.170 [logback-1] WARN  JUnitAnalyzer - EvoSuite problem: tests set up a security manager, but they do not remove it after execution
[MASTER] 12:07:11.209 [logback-1] WARN  JUnitAnalyzer - EvoSuite problem: tests set up a security manager, but they do not remove it after execution
[MASTER] 12:07:11.253 [logback-1] WARN  JUnitAnalyzer - EvoSuite problem: tests set up a security manager, but they do not remove it after execution
[MASTER] 12:07:11.294 [logback-1] WARN  JUnitAnalyzer - EvoSuite problem: tests set up a security manager, but they do not remove it after execution
[MASTER] 12:07:11.333 [logback-1] WARN  JUnitAnalyzer - EvoSuite problem: tests set up a security manager, but they do not remove it after execution
[MASTER] 12:07:11.372 [logback-1] WARN  JUnitAnalyzer - EvoSuite problem: tests set up a security manager, but they do not remove it after execution
[MASTER] 12:07:11.411 [logback-1] WARN  JUnitAnalyzer - EvoSuite problem: tests set up a security manager, but they do not remove it after execution
[MASTER] 12:07:11.451 [logback-1] WARN  JUnitAnalyzer - EvoSuite problem: tests set up a security manager, but they do not remove it after execution
[MASTER] 12:07:11.492 [logback-1] WARN  JUnitAnalyzer - EvoSuite problem: tests set up a security manager, but they do not remove it after execution
[MASTER] 12:07:11.530 [logback-1] WARN  JUnitAnalyzer - EvoSuite problem: tests set up a security manager, but they do not remove it after execution
[MASTER] 12:07:11.570 [logback-1] WARN  JUnitAnalyzer - EvoSuite problem: tests set up a security manager, but they do not remove it after execution
[MASTER] 12:07:11.611 [logback-1] WARN  JUnitAnalyzer - EvoSuite problem: tests set up a security manager, but they do not remove it after execution
[MASTER] 12:07:11.650 [logback-1] WARN  JUnitAnalyzer - EvoSuite problem: tests set up a security manager, but they do not remove it after execution
[MASTER] 12:07:11.691 [logback-1] WARN  JUnitAnalyzer - EvoSuite problem: tests set up a security manager, but they do not remove it after execution
[MASTER] 12:07:11.729 [logback-1] WARN  JUnitAnalyzer - EvoSuite problem: tests set up a security manager, but they do not remove it after execution
[MASTER] 12:07:11.764 [logback-1] WARN  JUnitAnalyzer - EvoSuite problem: tests set up a security manager, but they do not remove it after execution
[MASTER] 12:07:11.804 [logback-1] WARN  JUnitAnalyzer - EvoSuite problem: tests set up a security manager, but they do not remove it after execution
[MASTER] 12:07:11.847 [logback-1] WARN  JUnitAnalyzer - EvoSuite problem: tests set up a security manager, but they do not remove it after execution
[MASTER] 12:07:11.890 [logback-1] WARN  JUnitAnalyzer - EvoSuite problem: tests set up a security manager, but they do not remove it after execution
[MASTER] 12:07:11.932 [logback-1] WARN  JUnitAnalyzer - EvoSuite problem: tests set up a security manager, but they do not remove it after execution
[MASTER] 12:07:11.972 [logback-1] WARN  JUnitAnalyzer - EvoSuite problem: tests set up a security manager, but they do not remove it after execution
[MASTER] 12:07:12.017 [logback-1] WARN  JUnitAnalyzer - EvoSuite problem: tests set up a security manager, but they do not remove it after execution
[MASTER] 12:07:12.062 [logback-1] WARN  JUnitAnalyzer - EvoSuite problem: tests set up a security manager, but they do not remove it after execution
[MASTER] 12:07:12.102 [logback-1] WARN  JUnitAnalyzer - EvoSuite problem: tests set up a security manager, but they do not remove it after execution
[MASTER] 12:07:12.140 [logback-1] WARN  JUnitAnalyzer - EvoSuite problem: tests set up a security manager, but they do not remove it after execution
[MASTER] 12:07:12.173 [logback-1] WARN  JUnitAnalyzer - EvoSuite problem: tests set up a security manager, but they do not remove it after execution
[MASTER] 12:07:12.204 [logback-1] WARN  JUnitAnalyzer - EvoSuite problem: tests set up a security manager, but they do not remove it after execution
[MASTER] 12:07:12.234 [logback-1] WARN  JUnitAnalyzer - EvoSuite problem: tests set up a security manager, but they do not remove it after execution
[MASTER] 12:07:12.268 [logback-1] WARN  JUnitAnalyzer - EvoSuite problem: tests set up a security manager, but they do not remove it after execution
[MASTER] 12:07:12.303 [logback-1] WARN  JUnitAnalyzer - EvoSuite problem: tests set up a security manager, but they do not remove it after execution
[MASTER] 12:07:12.341 [logback-1] WARN  JUnitAnalyzer - EvoSuite problem: tests set up a security manager, but they do not remove it after execution
[MASTER] 12:07:12.377 [logback-1] WARN  JUnitAnalyzer - EvoSuite problem: tests set up a security manager, but they do not remove it after execution
[MASTER] 12:07:12.415 [logback-1] WARN  JUnitAnalyzer - EvoSuite problem: tests set up a security manager, but they do not remove it after execution
[MASTER] 12:07:12.454 [logback-1] WARN  JUnitAnalyzer - EvoSuite problem: tests set up a security manager, but they do not remove it after execution
[MASTER] 12:07:12.491 [logback-1] WARN  JUnitAnalyzer - EvoSuite problem: tests set up a security manager, but they do not remove it after execution
[MASTER] 12:07:12.526 [logback-1] WARN  JUnitAnalyzer - EvoSuite problem: tests set up a security manager, but they do not remove it after execution
[MASTER] 12:07:12.562 [logback-1] WARN  JUnitAnalyzer - EvoSuite problem: tests set up a security manager, but they do not remove it after execution
[MASTER] 12:07:12.596 [logback-1] WARN  JUnitAnalyzer - EvoSuite problem: tests set up a security manager, but they do not remove it after execution
[MASTER] 12:07:12.635 [logback-1] WARN  JUnitAnalyzer - EvoSuite problem: tests set up a security manager, but they do not remove it after execution
[MASTER] 12:07:12.674 [logback-1] WARN  JUnitAnalyzer - EvoSuite problem: tests set up a security manager, but they do not remove it after execution
[MASTER] 12:07:12.716 [logback-1] WARN  JUnitAnalyzer - EvoSuite problem: tests set up a security manager, but they do not remove it after execution
[MASTER] 12:07:12.760 [logback-1] WARN  JUnitAnalyzer - EvoSuite problem: tests set up a security manager, but they do not remove it after execution
[MASTER] 12:07:12.800 [logback-1] WARN  JUnitAnalyzer - EvoSuite problem: tests set up a security manager, but they do not remove it after execution
[MASTER] 12:07:12.839 [logback-1] WARN  JUnitAnalyzer - EvoSuite problem: tests set up a security manager, but they do not remove it after execution
[MASTER] 12:07:12.878 [logback-1] WARN  JUnitAnalyzer - EvoSuite problem: tests set up a security manager, but they do not remove it after execution
[MASTER] 12:07:12.919 [logback-1] WARN  JUnitAnalyzer - EvoSuite problem: tests set up a security manager, but they do not remove it after execution
[MASTER] 12:07:13.083 [logback-1] WARN  JUnitAnalyzer - EvoSuite problem: tests set up a security manager, but they do not remove it after execution
[MASTER] 12:07:13.118 [logback-1] WARN  JUnitAnalyzer - EvoSuite problem: tests set up a security manager, but they do not remove it after execution
[MASTER] 12:07:13.153 [logback-1] WARN  JUnitAnalyzer - EvoSuite problem: tests set up a security manager, but they do not remove it after execution
[MASTER] 12:07:13.189 [logback-1] WARN  JUnitAnalyzer - EvoSuite problem: tests set up a security manager, but they do not remove it after execution
[MASTER] 12:07:13.233 [logback-1] WARN  JUnitAnalyzer - EvoSuite problem: tests set up a security manager, but they do not remove it after execution
[MASTER] 12:07:13.270 [logback-1] WARN  JUnitAnalyzer - EvoSuite problem: tests set up a security manager, but they do not remove it after execution
[MASTER] 12:07:13.309 [logback-1] WARN  JUnitAnalyzer - EvoSuite problem: tests set up a security manager, but they do not remove it after execution
[MASTER] 12:07:13.344 [logback-1] WARN  JUnitAnalyzer - EvoSuite problem: tests set up a security manager, but they do not remove it after execution
[MASTER] 12:07:13.379 [logback-1] WARN  JUnitAnalyzer - EvoSuite problem: tests set up a security manager, but they do not remove it after execution
[MASTER] 12:07:13.416 [logback-1] WARN  JUnitAnalyzer - EvoSuite problem: tests set up a security manager, but they do not remove it after execution
[MASTER] 12:07:13.455 [logback-1] WARN  JUnitAnalyzer - EvoSuite problem: tests set up a security manager, but they do not remove it after execution
[MASTER] 12:07:13.495 [logback-1] WARN  JUnitAnalyzer - EvoSuite problem: tests set up a security manager, but they do not remove it after execution
[MASTER] 12:07:13.534 [logback-1] WARN  JUnitAnalyzer - EvoSuite problem: tests set up a security manager, but they do not remove it after execution
[MASTER] 12:07:13.574 [logback-1] WARN  JUnitAnalyzer - EvoSuite problem: tests set up a security manager, but they do not remove it after execution
[MASTER] 12:07:13.614 [logback-1] WARN  JUnitAnalyzer - EvoSuite problem: tests set up a security manager, but they do not remove it after execution
[MASTER] 12:07:13.654 [logback-1] WARN  JUnitAnalyzer - EvoSuite problem: tests set up a security manager, but they do not remove it after execution
[MASTER] 12:07:13.693 [logback-1] WARN  JUnitAnalyzer - EvoSuite problem: tests set up a security manager, but they do not remove it after execution
[MASTER] 12:07:13.733 [logback-1] WARN  JUnitAnalyzer - EvoSuite problem: tests set up a security manager, but they do not remove it after execution
[MASTER] 12:07:13.773 [logback-1] WARN  JUnitAnalyzer - EvoSuite problem: tests set up a security manager, but they do not remove it after execution
[MASTER] 12:07:13.811 [logback-1] WARN  JUnitAnalyzer - EvoSuite problem: tests set up a security manager, but they do not remove it after execution
[MASTER] 12:07:13.851 [logback-1] WARN  JUnitAnalyzer - EvoSuite problem: tests set up a security manager, but they do not remove it after execution
[MASTER] 12:07:13.891 [logback-1] WARN  JUnitAnalyzer - EvoSuite problem: tests set up a security manager, but they do not remove it after execution
[MASTER] 12:07:13.927 [logback-1] WARN  JUnitAnalyzer - EvoSuite problem: tests set up a security manager, but they do not remove it after execution
[MASTER] 12:07:13.963 [logback-1] WARN  JUnitAnalyzer - EvoSuite problem: tests set up a security manager, but they do not remove it after execution
[MASTER] 12:07:13.997 [logback-1] WARN  JUnitAnalyzer - EvoSuite problem: tests set up a security manager, but they do not remove it after execution
[MASTER] 12:07:14.032 [logback-1] WARN  JUnitAnalyzer - EvoSuite problem: tests set up a security manager, but they do not remove it after execution
[MASTER] 12:07:14.068 [logback-1] WARN  JUnitAnalyzer - EvoSuite problem: tests set up a security manager, but they do not remove it after execution
[MASTER] 12:07:14.104 [logback-1] WARN  JUnitAnalyzer - EvoSuite problem: tests set up a security manager, but they do not remove it after execution
[MASTER] 12:07:14.142 [logback-1] WARN  JUnitAnalyzer - EvoSuite problem: tests set up a security manager, but they do not remove it after execution
[MASTER] 12:07:14.188 [logback-1] WARN  JUnitAnalyzer - EvoSuite problem: tests set up a security manager, but they do not remove it after execution
[MASTER] 12:07:14.229 [logback-1] WARN  JUnitAnalyzer - EvoSuite problem: tests set up a security manager, but they do not remove it after execution
[MASTER] 12:07:14.266 [logback-1] WARN  JUnitAnalyzer - EvoSuite problem: tests set up a security manager, but they do not remove it after execution
[MASTER] 12:07:14.303 [logback-1] WARN  JUnitAnalyzer - EvoSuite problem: tests set up a security manager, but they do not remove it after execution
[MASTER] 12:07:14.339 [logback-1] WARN  JUnitAnalyzer - EvoSuite problem: tests set up a security manager, but they do not remove it after execution
[MASTER] 12:07:14.377 [logback-1] WARN  JUnitAnalyzer - EvoSuite problem: tests set up a security manager, but they do not remove it after execution
[MASTER] 12:07:14.415 [logback-1] WARN  JUnitAnalyzer - EvoSuite problem: tests set up a security manager, but they do not remove it after execution
[MASTER] 12:07:14.454 [logback-1] WARN  JUnitAnalyzer - EvoSuite problem: tests set up a security manager, but they do not remove it after execution
[MASTER] 12:07:14.493 [logback-1] WARN  JUnitAnalyzer - EvoSuite problem: tests set up a security manager, but they do not remove it after execution
[MASTER] 12:07:14.534 [logback-1] WARN  JUnitAnalyzer - EvoSuite problem: tests set up a security manager, but they do not remove it after execution
[MASTER] 12:07:14.571 [logback-1] WARN  JUnitAnalyzer - EvoSuite problem: tests set up a security manager, but they do not remove it after execution
[MASTER] 12:07:14.607 [logback-1] WARN  JUnitAnalyzer - EvoSuite problem: tests set up a security manager, but they do not remove it after execution
[MASTER] 12:07:14.645 [logback-1] WARN  JUnitAnalyzer - EvoSuite problem: tests set up a security manager, but they do not remove it after execution
[MASTER] 12:07:14.686 [logback-1] WARN  JUnitAnalyzer - EvoSuite problem: tests set up a security manager, but they do not remove it after execution
[MASTER] 12:07:14.720 [logback-1] WARN  JUnitAnalyzer - EvoSuite problem: tests set up a security manager, but they do not remove it after execution
[MASTER] 12:07:14.756 [logback-1] WARN  JUnitAnalyzer - EvoSuite problem: tests set up a security manager, but they do not remove it after execution
[MASTER] 12:07:14.788 [logback-1] WARN  JUnitAnalyzer - EvoSuite problem: tests set up a security manager, but they do not remove it after execution
[MASTER] 12:07:14.824 [logback-1] WARN  JUnitAnalyzer - EvoSuite problem: tests set up a security manager, but they do not remove it after execution
[MASTER] 12:07:14.861 [logback-1] WARN  JUnitAnalyzer - EvoSuite problem: tests set up a security manager, but they do not remove it after execution
[MASTER] 12:07:14.896 [logback-1] WARN  JUnitAnalyzer - EvoSuite problem: tests set up a security manager, but they do not remove it after execution
[MASTER] 12:07:14.932 [logback-1] WARN  JUnitAnalyzer - EvoSuite problem: tests set up a security manager, but they do not remove it after execution
[MASTER] 12:07:14.969 [logback-1] WARN  JUnitAnalyzer - EvoSuite problem: tests set up a security manager, but they do not remove it after execution
[MASTER] 12:07:15.004 [logback-1] WARN  JUnitAnalyzer - EvoSuite problem: tests set up a security manager, but they do not remove it after execution
[MASTER] 12:07:15.040 [logback-1] WARN  JUnitAnalyzer - EvoSuite problem: tests set up a security manager, but they do not remove it after execution
[MASTER] 12:07:15.077 [logback-1] WARN  JUnitAnalyzer - EvoSuite problem: tests set up a security manager, but they do not remove it after execution
[MASTER] 12:07:15.114 [logback-1] WARN  JUnitAnalyzer - EvoSuite problem: tests set up a security manager, but they do not remove it after execution
[MASTER] 12:07:15.148 [logback-1] WARN  JUnitAnalyzer - EvoSuite problem: tests set up a security manager, but they do not remove it after execution
[MASTER] 12:07:15.183 [logback-1] WARN  JUnitAnalyzer - EvoSuite problem: tests set up a security manager, but they do not remove it after execution
[MASTER] 12:07:15.217 [logback-1] WARN  JUnitAnalyzer - EvoSuite problem: tests set up a security manager, but they do not remove it after execution
[MASTER] 12:07:15.253 [logback-1] WARN  JUnitAnalyzer - EvoSuite problem: tests set up a security manager, but they do not remove it after execution
[MASTER] 12:07:15.293 [logback-1] WARN  JUnitAnalyzer - EvoSuite problem: tests set up a security manager, but they do not remove it after execution
[MASTER] 12:07:15.331 [logback-1] WARN  JUnitAnalyzer - EvoSuite problem: tests set up a security manager, but they do not remove it after execution
[MASTER] 12:07:15.371 [logback-1] WARN  JUnitAnalyzer - EvoSuite problem: tests set up a security manager, but they do not remove it after execution
[MASTER] 12:07:15.410 [logback-1] WARN  JUnitAnalyzer - EvoSuite problem: tests set up a security manager, but they do not remove it after execution
[MASTER] 12:07:15.449 [logback-1] WARN  JUnitAnalyzer - EvoSuite problem: tests set up a security manager, but they do not remove it after execution
[MASTER] 12:07:15.490 [logback-1] WARN  JUnitAnalyzer - EvoSuite problem: tests set up a security manager, but they do not remove it after execution
[MASTER] 12:07:15.530 [logback-1] WARN  JUnitAnalyzer - EvoSuite problem: tests set up a security manager, but they do not remove it after execution
[MASTER] 12:07:15.567 [logback-1] WARN  JUnitAnalyzer - EvoSuite problem: tests set up a security manager, but they do not remove it after execution
[MASTER] 12:07:15.603 [logback-1] WARN  JUnitAnalyzer - EvoSuite problem: tests set up a security manager, but they do not remove it after execution
[MASTER] 12:07:15.650 [logback-1] WARN  JUnitAnalyzer - EvoSuite problem: tests set up a security manager, but they do not remove it after execution
[MASTER] 12:07:15.684 [logback-1] WARN  JUnitAnalyzer - EvoSuite problem: tests set up a security manager, but they do not remove it after execution
[MASTER] 12:07:15.721 [logback-1] WARN  JUnitAnalyzer - EvoSuite problem: tests set up a security manager, but they do not remove it after execution
[MASTER] 12:07:15.757 [logback-1] WARN  JUnitAnalyzer - EvoSuite problem: tests set up a security manager, but they do not remove it after execution
[MASTER] 12:07:15.918 [logback-1] WARN  JUnitAnalyzer - EvoSuite problem: tests set up a security manager, but they do not remove it after execution
[MASTER] 12:07:15.957 [logback-1] WARN  JUnitAnalyzer - EvoSuite problem: tests set up a security manager, but they do not remove it after execution
[MASTER] 12:07:15.995 [logback-1] WARN  JUnitAnalyzer - EvoSuite problem: tests set up a security manager, but they do not remove it after execution
[MASTER] 12:07:16.032 [logback-1] WARN  JUnitAnalyzer - EvoSuite problem: tests set up a security manager, but they do not remove it after execution
[MASTER] 12:07:16.068 [logback-1] WARN  JUnitAnalyzer - EvoSuite problem: tests set up a security manager, but they do not remove it after execution
[MASTER] 12:07:16.104 [logback-1] WARN  JUnitAnalyzer - EvoSuite problem: tests set up a security manager, but they do not remove it after execution
[MASTER] 12:07:16.141 [logback-1] WARN  JUnitAnalyzer - EvoSuite problem: tests set up a security manager, but they do not remove it after execution
[MASTER] 12:07:16.176 [logback-1] WARN  JUnitAnalyzer - EvoSuite problem: tests set up a security manager, but they do not remove it after execution
[MASTER] 12:07:16.215 [logback-1] WARN  JUnitAnalyzer - EvoSuite problem: tests set up a security manager, but they do not remove it after execution
[MASTER] 12:07:16.251 [logback-1] WARN  JUnitAnalyzer - EvoSuite problem: tests set up a security manager, but they do not remove it after execution
[MASTER] 12:07:16.285 [logback-1] WARN  JUnitAnalyzer - EvoSuite problem: tests set up a security manager, but they do not remove it after execution
[MASTER] 12:07:16.319 [logback-1] WARN  JUnitAnalyzer - EvoSuite problem: tests set up a security manager, but they do not remove it after execution
[MASTER] 12:07:16.353 [logback-1] WARN  JUnitAnalyzer - EvoSuite problem: tests set up a security manager, but they do not remove it after execution
[MASTER] 12:07:16.390 [logback-1] WARN  JUnitAnalyzer - EvoSuite problem: tests set up a security manager, but they do not remove it after execution
[MASTER] 12:07:16.430 [logback-1] WARN  JUnitAnalyzer - EvoSuite problem: tests set up a security manager, but they do not remove it after execution
[MASTER] 12:07:16.469 [logback-1] WARN  JUnitAnalyzer - EvoSuite problem: tests set up a security manager, but they do not remove it after execution
[MASTER] 12:07:16.504 [logback-1] WARN  JUnitAnalyzer - EvoSuite problem: tests set up a security manager, but they do not remove it after execution
[MASTER] 12:07:16.540 [logback-1] WARN  JUnitAnalyzer - EvoSuite problem: tests set up a security manager, but they do not remove it after execution
[MASTER] 12:07:16.573 [logback-1] WARN  JUnitAnalyzer - EvoSuite problem: tests set up a security manager, but they do not remove it after execution
[MASTER] 12:07:16.607 [logback-1] WARN  JUnitAnalyzer - EvoSuite problem: tests set up a security manager, but they do not remove it after execution
[MASTER] 12:07:16.646 [logback-1] WARN  JUnitAnalyzer - EvoSuite problem: tests set up a security manager, but they do not remove it after execution
[MASTER] 12:07:16.679 [logback-1] WARN  JUnitAnalyzer - EvoSuite problem: tests set up a security manager, but they do not remove it after execution
[MASTER] 12:07:16.711 [logback-1] WARN  JUnitAnalyzer - EvoSuite problem: tests set up a security manager, but they do not remove it after execution
[MASTER] 12:07:16.745 [logback-1] WARN  JUnitAnalyzer - EvoSuite problem: tests set up a security manager, but they do not remove it after execution
[MASTER] 12:07:16.779 [logback-1] WARN  JUnitAnalyzer - EvoSuite problem: tests set up a security manager, but they do not remove it after execution
[MASTER] 12:07:16.813 [logback-1] WARN  JUnitAnalyzer - EvoSuite problem: tests set up a security manager, but they do not remove it after execution
[MASTER] 12:07:16.852 [logback-1] WARN  JUnitAnalyzer - EvoSuite problem: tests set up a security manager, but they do not remove it after execution
[MASTER] 12:07:16.889 [logback-1] WARN  JUnitAnalyzer - EvoSuite problem: tests set up a security manager, but they do not remove it after execution
[MASTER] 12:07:16.921 [logback-1] WARN  JUnitAnalyzer - EvoSuite problem: tests set up a security manager, but they do not remove it after execution
[MASTER] 12:07:16.954 [logback-1] WARN  JUnitAnalyzer - EvoSuite problem: tests set up a security manager, but they do not remove it after execution
[MASTER] 12:07:16.990 [logback-1] WARN  JUnitAnalyzer - EvoSuite problem: tests set up a security manager, but they do not remove it after execution
[MASTER] 12:07:17.032 [logback-1] WARN  JUnitAnalyzer - EvoSuite problem: tests set up a security manager, but they do not remove it after execution
[MASTER] 12:07:17.072 [logback-1] WARN  JUnitAnalyzer - EvoSuite problem: tests set up a security manager, but they do not remove it after execution
[MASTER] 12:07:17.113 [logback-1] WARN  JUnitAnalyzer - EvoSuite problem: tests set up a security manager, but they do not remove it after execution
[MASTER] 12:07:17.149 [logback-1] WARN  JUnitAnalyzer - EvoSuite problem: tests set up a security manager, but they do not remove it after execution
[MASTER] 12:07:17.189 [logback-1] WARN  JUnitAnalyzer - EvoSuite problem: tests set up a security manager, but they do not remove it after execution
[MASTER] 12:07:17.228 [logback-1] WARN  JUnitAnalyzer - EvoSuite problem: tests set up a security manager, but they do not remove it after execution
[MASTER] 12:07:17.266 [logback-1] WARN  JUnitAnalyzer - EvoSuite problem: tests set up a security manager, but they do not remove it after execution
[MASTER] 12:07:17.305 [logback-1] WARN  JUnitAnalyzer - EvoSuite problem: tests set up a security manager, but they do not remove it after execution
[MASTER] 12:07:17.344 [logback-1] WARN  JUnitAnalyzer - EvoSuite problem: tests set up a security manager, but they do not remove it after execution
[MASTER] 12:07:17.383 [logback-1] WARN  JUnitAnalyzer - EvoSuite problem: tests set up a security manager, but they do not remove it after execution
[MASTER] 12:07:17.421 [logback-1] WARN  JUnitAnalyzer - EvoSuite problem: tests set up a security manager, but they do not remove it after execution
[MASTER] 12:07:17.458 [logback-1] WARN  JUnitAnalyzer - EvoSuite problem: tests set up a security manager, but they do not remove it after execution
[MASTER] 12:07:17.493 [logback-1] WARN  JUnitAnalyzer - EvoSuite problem: tests set up a security manager, but they do not remove it after execution
[MASTER] 12:07:17.529 [logback-1] WARN  JUnitAnalyzer - EvoSuite problem: tests set up a security manager, but they do not remove it after execution
[MASTER] 12:07:17.564 [logback-1] WARN  JUnitAnalyzer - EvoSuite problem: tests set up a security manager, but they do not remove it after execution
[MASTER] 12:07:17.597 [logback-1] WARN  JUnitAnalyzer - EvoSuite problem: tests set up a security manager, but they do not remove it after execution
[MASTER] 12:07:17.633 [logback-1] WARN  JUnitAnalyzer - EvoSuite problem: tests set up a security manager, but they do not remove it after execution
[MASTER] 12:07:17.667 [logback-1] WARN  JUnitAnalyzer - EvoSuite problem: tests set up a security manager, but they do not remove it after execution
[MASTER] 12:07:17.697 [logback-1] WARN  JUnitAnalyzer - EvoSuite problem: tests set up a security manager, but they do not remove it after execution
[MASTER] 12:07:17.729 [logback-1] WARN  JUnitAnalyzer - EvoSuite problem: tests set up a security manager, but they do not remove it after execution
[MASTER] 12:07:17.764 [logback-1] WARN  JUnitAnalyzer - EvoSuite problem: tests set up a security manager, but they do not remove it after execution
[MASTER] 12:07:17.795 [logback-1] WARN  JUnitAnalyzer - EvoSuite problem: tests set up a security manager, but they do not remove it after execution
[MASTER] 12:07:17.827 [logback-1] WARN  JUnitAnalyzer - EvoSuite problem: tests set up a security manager, but they do not remove it after execution
[MASTER] 12:07:17.859 [logback-1] WARN  JUnitAnalyzer - EvoSuite problem: tests set up a security manager, but they do not remove it after execution
[MASTER] 12:07:17.893 [logback-1] WARN  JUnitAnalyzer - EvoSuite problem: tests set up a security manager, but they do not remove it after execution
[MASTER] 12:07:17.926 [logback-1] WARN  JUnitAnalyzer - EvoSuite problem: tests set up a security manager, but they do not remove it after execution
[MASTER] 12:07:17.966 [logback-1] WARN  JUnitAnalyzer - EvoSuite problem: tests set up a security manager, but they do not remove it after execution
[MASTER] 12:07:19.063 [logback-1] WARN  JUnitAnalyzer - EvoSuite problem: tests set up a security manager, but they do not remove it after execution
[MASTER] 12:07:19.459 [logback-1] WARN  JUnitAnalyzer - EvoSuite problem: tests set up a security manager, but they do not remove it after execution
* Writing JUnit test case 'NumberUtils_ESTest' to /home/spirals/zhyu/issta/program-set6/evosuite-repair-new/nopol/nopol/src/main/java/fr/inria/lille/spirals/evo/results/2016-December/Lang/58/Nopol/83/generatedTests
* Done!

* Computation finished
