* EvoSuite 1.0.4-SNAPSHOT
* Going to generate test cases for class: org.apache.commons.math.linear.OpenMapRealVector
* Starting client
* Connecting to master process on port 9922
* Analyzing classpath: 
  - /tmp/math_49_Genprog_local_s1/lib/
  - /tmp/math_49_Genprog_local_s1/lib/cobertura-2.0.3.jar
  - /tmp/math_49_Genprog_local_s1/lib/fixran-0.0.1.jar
  - /tmp/math_49_Genprog_local_s1/lib/commons-discovery-0.5.jar
  - /tmp/math_49_Genprog_local_s1/lib/junit-4.11.jar
  - /tmp/math_49_Genprog_local_s1/lib/jtestex-0.0.1.jar
  - /tmp/math_49_Genprog_local_s1/./outputMutation/AstorMain-Math/bin/default/
* Finished analyzing classpath
* Generating tests for class org.apache.commons.math.linear.OpenMapRealVector
* Test criteria:
  - Line Coverage
  - Branch Coverage
  - Exception
  - Mutation testing (weak)
  - Method-Output Coverage
  - Top-Level Method Coverage
  - No-Exception Top-Level Method Coverage
  - Context Branch Coverage
* Setting up search algorithm for whole suite generation
* Total number of test goals: 
  - Line 375
  - Branch 182
  - Exception 0
  - MutationFactory 886
  - Output 191
  - Method 67
  - MethodNoException 67
  - CBranchFitnessFactory 182

[Progress:>                             0%] [Cov:>                                  0%]* Using seed 1
* Starting evolution

[Progress:>                             0%] [Cov:>                                  1%]
[Progress:>                             0%] [Cov:=>                                 3%]
[Progress:>                             0%] [Cov:=====>                             15%]
[Progress:>                             0%] [Cov:=====>                             16%]
[Progress:>                             0%] [Cov:=====>                             17%]
[Progress:>                             0%] [Cov:======>                            18%]
[Progress:>                             0%] [Cov:=======>                           20%]
[Progress:>                             1%] [Cov:>                                  0%]
[Progress:>                             1%] [Cov:>                                  1%]
[Progress:>                             1%] [Cov:====>                              14%]
[Progress:>                             1%] [Cov:=====>                             15%]
[Progress:>                             1%] [Cov:=====>                             16%]
[Progress:>                             1%] [Cov:=====>                             17%]
[Progress:>                             1%] [Cov:====>                              13%]
[Progress:>                             1%] [Cov:=====>                             17%]
[Progress:>                             1%] [Cov:======>                            18%]
[Progress:>                             1%] [Cov:======>                            19%]
[Progress:>                             1%] [Cov:============>                      37%]
[Progress:>                             1%] [Cov:=============>                     38%]
[Progress:>                             1%] [Cov:=============>                     39%]
[Progress:>                             1%] [Cov:==============>                    41%]
[Progress:>                             1%] [Cov:==============>                    41%]
[Progress:>                             2%] [Cov:==============>                    42%]
[Progress:>                             2%] [Cov:===============>                   43%]
[Progress:>                             2%] [Cov:===============>                   43%]
[Progress:>                             2%] [Cov:===============>                   44%]
[Progress:>                             2%] [Cov:===============>                   44%][MASTER] 23:09:52.899 [logback-2] ERROR ClientNodeImpl - Cannot inform master of change of state
java.rmi.ServerException: RemoteException occurred in server thread; nested exception is: 
	java.rmi.UnmarshalException: error unmarshalling arguments; nested exception is: 
	java.io.OptionalDataException
	at sun.rmi.server.UnicastServerRef.dispatch(UnicastServerRef.java:354) ~[na:1.8.0_45]
	at sun.rmi.transport.Transport$1.run(Transport.java:200) ~[na:1.8.0_45]
	at sun.rmi.transport.Transport$1.run(Transport.java:197) ~[na:1.8.0_45]
	at java.security.AccessController.doPrivileged(Native Method) ~[na:1.8.0_45]
	at sun.rmi.transport.Transport.serviceCall(Transport.java:196) ~[na:1.8.0_45]
	at sun.rmi.transport.tcp.TCPTransport.handleMessages(TCPTransport.java:568) ~[na:1.8.0_45]
	at sun.rmi.transport.tcp.TCPTransport$ConnectionHandler.run0(TCPTransport.java:826) ~[na:1.8.0_45]
	at sun.rmi.transport.tcp.TCPTransport$ConnectionHandler.lambda$run$241(TCPTransport.java:683) ~[na:1.8.0_45]
	at sun.rmi.transport.tcp.TCPTransport$ConnectionHandler$$Lambda$8/671598701.run(Unknown Source) ~[na:na]
	at java.security.AccessController.doPrivileged(Native Method) ~[na:1.8.0_45]
	at sun.rmi.transport.tcp.TCPTransport$ConnectionHandler.run(TCPTransport.java:682) ~[na:1.8.0_45]
	at java.util.concurrent.ThreadPoolExecutor.runWorker(ThreadPoolExecutor.java:1142) ~[na:1.8.0_45]
	at java.util.concurrent.ThreadPoolExecutor$Worker.run(ThreadPoolExecutor.java:617) ~[na:1.8.0_45]
	at java.lang.Thread.run(Thread.java:745) ~[na:1.8.0_45]
	at sun.rmi.transport.StreamRemoteCall.exceptionReceivedFromServer(StreamRemoteCall.java:276) ~[na:1.8.0_45]
	at sun.rmi.transport.StreamRemoteCall.executeCall(StreamRemoteCall.java:253) ~[na:1.8.0_45]
	at sun.rmi.server.UnicastRef.invoke(UnicastRef.java:162) ~[na:1.8.0_45]
	at java.rmi.server.RemoteObjectInvocationHandler.invokeRemoteMethod(RemoteObjectInvocationHandler.java:194) ~[na:1.8.0_45]
	at java.rmi.server.RemoteObjectInvocationHandler.invoke(RemoteObjectInvocationHandler.java:148) ~[na:1.8.0_45]
	at com.sun.proxy.$Proxy7.evosuite_collectStatistics(Unknown Source) ~[na:na]
	at org.evosuite.rmi.service.ClientNodeImpl.updateStatistics(ClientNodeImpl.java:237) ~[evosuite-master-1.0.4-SNAPSHOT.jar:1.0.4-SNAPSHOT]
	at org.evosuite.statistics.StatisticsSender.sendIndividualToMaster(StatisticsSender.java:68) [evosuite-master-1.0.4-SNAPSHOT.jar:1.0.4-SNAPSHOT]
	at org.evosuite.statistics.StatisticsListener$1.run(StatisticsListener.java:71) [evosuite-master-1.0.4-SNAPSHOT.jar:1.0.4-SNAPSHOT]
Caused by: java.rmi.UnmarshalException: error unmarshalling arguments; nested exception is: 
	java.io.OptionalDataException
	at sun.rmi.server.UnicastServerRef.dispatch(UnicastServerRef.java:311) ~[na:1.8.0_45]
	at sun.rmi.transport.Transport$1.run(Transport.java:200) ~[na:1.8.0_45]
	at sun.rmi.transport.Transport$1.run(Transport.java:197) ~[na:1.8.0_45]
	at java.security.AccessController.doPrivileged(Native Method) ~[na:1.8.0_45]
	at sun.rmi.transport.Transport.serviceCall(Transport.java:196) ~[na:1.8.0_45]
	at sun.rmi.transport.tcp.TCPTransport.handleMessages(TCPTransport.java:568) ~[na:1.8.0_45]
	at sun.rmi.transport.tcp.TCPTransport$ConnectionHandler.run0(TCPTransport.java:826) ~[na:1.8.0_45]
	at sun.rmi.transport.tcp.TCPTransport$ConnectionHandler.lambda$run$241(TCPTransport.java:683) ~[na:1.8.0_45]
	at sun.rmi.transport.tcp.TCPTransport$ConnectionHandler$$Lambda$8/671598701.run(Unknown Source) ~[na:na]
	at java.security.AccessController.doPrivileged(Native Method) ~[na:1.8.0_45]
	at sun.rmi.transport.tcp.TCPTransport$ConnectionHandler.run(TCPTransport.java:682) ~[na:1.8.0_45]
	at java.util.concurrent.ThreadPoolExecutor.runWorker(ThreadPoolExecutor.java:1142) ~[na:1.8.0_45]
	at java.util.concurrent.ThreadPoolExecutor$Worker.run(ThreadPoolExecutor.java:617) ~[na:1.8.0_45]
	at java.lang.Thread.run(Thread.java:745) ~[na:1.8.0_45]
Caused by: java.io.OptionalDataException: null
	at java.io.ObjectInputStream.readObject0(ObjectInputStream.java:1371) ~[na:1.8.0_45]
	at java.io.ObjectInputStream.readObject(ObjectInputStream.java:371) ~[na:1.8.0_45]
	at java.util.HashMap.readObject(HashMap.java:1394) ~[na:1.8.0_45]
	at sun.reflect.GeneratedMethodAccessor7.invoke(Unknown Source) ~[na:na]
	at sun.reflect.DelegatingMethodAccessorImpl.invoke(DelegatingMethodAccessorImpl.java:43) ~[na:1.8.0_45]
	at java.lang.reflect.Method.invoke(Method.java:497) ~[na:1.8.0_45]
	at java.io.ObjectStreamClass.invokeReadObject(ObjectStreamClass.java:1017) ~[na:1.8.0_45]
	at java.io.ObjectInputStream.readSerialData(ObjectInputStream.java:1896) ~[na:1.8.0_45]
	at java.io.ObjectInputStream.readOrdinaryObject(ObjectInputStream.java:1801) ~[na:1.8.0_45]
	at java.io.ObjectInputStream.readObject0(ObjectInputStream.java:1351) ~[na:1.8.0_45]
	at java.io.ObjectInputStream.defaultReadFields(ObjectInputStream.java:1993) ~[na:1.8.0_45]
	at java.io.ObjectInputStream.readSerialData(ObjectInputStream.java:1918) ~[na:1.8.0_45]
	at java.io.ObjectInputStream.readOrdinaryObject(ObjectInputStream.java:1801) ~[na:1.8.0_45]
	at java.io.ObjectInputStream.readObject0(ObjectInputStream.java:1351) ~[na:1.8.0_45]
	at java.io.ObjectInputStream.readObject(ObjectInputStream.java:371) ~[na:1.8.0_45]
	at java.util.HashMap.readObject(HashMap.java:1394) ~[na:1.8.0_45]
	at sun.reflect.GeneratedMethodAccessor7.invoke(Unknown Source) ~[na:na]
	at sun.reflect.DelegatingMethodAccessorImpl.invoke(DelegatingMethodAccessorImpl.java:43) ~[na:1.8.0_45]
	at java.lang.reflect.Method.invoke(Method.java:497) ~[na:1.8.0_45]
	at java.io.ObjectStreamClass.invokeReadObject(ObjectStreamClass.java:1017) ~[na:1.8.0_45]
	at java.io.ObjectInputStream.readSerialData(ObjectInputStream.java:1896) ~[na:1.8.0_45]
	at java.io.ObjectInputStream.readOrdinaryObject(ObjectInputStream.java:1801) ~[na:1.8.0_45]
	at java.io.ObjectInputStream.readObject0(ObjectInputStream.java:1351) ~[na:1.8.0_45]
	at java.io.ObjectInputStream.defaultReadFields(ObjectInputStream.java:1993) ~[na:1.8.0_45]
	at java.io.ObjectInputStream.readSerialData(ObjectInputStream.java:1918) ~[na:1.8.0_45]
	at java.io.ObjectInputStream.readOrdinaryObject(ObjectInputStream.java:1801) ~[na:1.8.0_45]
	at java.io.ObjectInputStream.readObject0(ObjectInputStream.java:1351) ~[na:1.8.0_45]
	at java.io.ObjectInputStream.readObject(ObjectInputStream.java:371) ~[na:1.8.0_45]
	at sun.rmi.server.UnicastRef.unmarshalValue(UnicastRef.java:326) ~[na:1.8.0_45]
	at sun.rmi.server.UnicastServerRef.dispatch(UnicastServerRef.java:308) ~[na:1.8.0_45]
	... 13 common frames omitted

[Progress:>                             2%] [Cov:===============>                   45%]
[Progress:>                             2%] [Cov:================>                  46%]
[Progress:>                             2%] [Cov:================>                  47%]
[Progress:>                             2%] [Cov:================>                  48%]
[Progress:>                             3%] [Cov:================>                  46%]
[Progress:>                             3%] [Cov:================>                  47%]
[Progress:>                             3%] [Cov:=================>                 49%][MASTER] 23:10:03.371 [logback-2] ERROR ClientNodeImpl - Cannot inform master of change of state
java.rmi.MarshalException: error marshalling arguments; nested exception is: 
	java.net.SocketException: Broken pipe
	at sun.rmi.server.UnicastRef.invoke(UnicastRef.java:158) ~[na:1.8.0_45]
	at java.rmi.server.RemoteObjectInvocationHandler.invokeRemoteMethod(RemoteObjectInvocationHandler.java:194) ~[na:1.8.0_45]
	at java.rmi.server.RemoteObjectInvocationHandler.invoke(RemoteObjectInvocationHandler.java:148) ~[na:1.8.0_45]
	at com.sun.proxy.$Proxy7.evosuite_collectStatistics(Unknown Source) ~[na:na]
	at org.evosuite.rmi.service.ClientNodeImpl.updateStatistics(ClientNodeImpl.java:237) ~[evosuite-master-1.0.4-SNAPSHOT.jar:1.0.4-SNAPSHOT]
	at org.evosuite.statistics.StatisticsSender.sendIndividualToMaster(StatisticsSender.java:68) [evosuite-master-1.0.4-SNAPSHOT.jar:1.0.4-SNAPSHOT]
	at org.evosuite.statistics.StatisticsListener$1.run(StatisticsListener.java:71) [evosuite-master-1.0.4-SNAPSHOT.jar:1.0.4-SNAPSHOT]
Caused by: java.net.SocketException: Broken pipe
	at java.net.SocketOutputStream.socketWrite0(Native Method) ~[na:1.8.0_45]
	at java.net.SocketOutputStream.socketWrite(SocketOutputStream.java:109) ~[na:1.8.0_45]
	at java.net.SocketOutputStream.write(SocketOutputStream.java:153) ~[na:1.8.0_45]
	at java.io.BufferedOutputStream.flushBuffer(BufferedOutputStream.java:82) ~[na:1.8.0_45]
	at java.io.BufferedOutputStream.write(BufferedOutputStream.java:126) ~[na:1.8.0_45]
	at java.io.ObjectOutputStream$BlockDataOutputStream.drain(ObjectOutputStream.java:1877) ~[na:1.8.0_45]
	at java.io.ObjectOutputStream$BlockDataOutputStream.setBlockDataMode(ObjectOutputStream.java:1786) ~[na:1.8.0_45]
	at java.io.ObjectOutputStream.writeNonProxyDesc(ObjectOutputStream.java:1286) ~[na:1.8.0_45]
	at java.io.ObjectOutputStream.writeClassDesc(ObjectOutputStream.java:1231) ~[na:1.8.0_45]
	at java.io.ObjectOutputStream.writeOrdinaryObject(ObjectOutputStream.java:1427) ~[na:1.8.0_45]
	at java.io.ObjectOutputStream.writeObject0(ObjectOutputStream.java:1178) ~[na:1.8.0_45]
	at java.io.ObjectOutputStream.writeFatalException(ObjectOutputStream.java:1577) ~[na:1.8.0_45]
	at java.io.ObjectOutputStream.writeObject(ObjectOutputStream.java:351) ~[na:1.8.0_45]
	at sun.rmi.server.UnicastRef.marshalValue(UnicastRef.java:294) ~[na:1.8.0_45]
	at sun.rmi.server.UnicastRef.invoke(UnicastRef.java:153) ~[na:1.8.0_45]
	... 6 common frames omitted

[Progress:>                             3%] [Cov:=================>                 50%]
[Progress:>                             3%] [Cov:==================>                52%]
[Progress:>                             3%] [Cov:==================>                53%]
[Progress:=>                            4%] [Cov:=================>                 49%]
[Progress:=>                            4%] [Cov:=================>                 50%]
[Progress:=>                            4%] [Cov:===================>               55%]
[Progress:=>                            4%] [Cov:===================>               55%]
[Progress:=>                            5%] [Cov:==================>                54%]
[Progress:=>                            5%] [Cov:===================>               55%]
[Progress:=>                            5%] [Cov:===================>               55%]
[Progress:=>                            5%] [Cov:===================>               56%]
[Progress:=>                            5%] [Cov:===================>               57%]
[Progress:=>                            5%] [Cov:====================>              58%]
[Progress:=>                            6%] [Cov:===================>               56%]
[Progress:=>                            6%] [Cov:===================>               57%]
[Progress:=>                            6%] [Cov:=====================>             60%]
[Progress:=>                            6%] [Cov:=====================>             61%]
[Progress:=>                            6%] [Cov:======================>            63%]
[Progress:==>                           7%] [Cov:======================>            63%]
[Progress:==>                           7%] [Cov:======================>            63%]
[Progress:==>                           7%] [Cov:======================>            63%]
[Progress:==>                           7%] [Cov:======================>            64%]
[Progress:==>                           7%] [Cov:======================>            65%]
[Progress:==>                           8%] [Cov:======================>            63%]
[Progress:==>                           8%] [Cov:=======================>           67%]
[Progress:==>                           8%] [Cov:=======================>           68%]
[Progress:==>                           9%] [Cov:=======================>           67%]
[Progress:==>                           9%] [Cov:=======================>           68%]
[Progress:==>                           9%] [Cov:=======================>           68%]
[Progress:==>                           9%] [Cov:========================>          69%]
[Progress:==>                           9%] [Cov:=========================>         72%]
[Progress:===>                          10%] [Cov:========================>          71%]
[Progress:===>                          10%] [Cov:=========================>         72%]
[Progress:===>                          10%] [Cov:=========================>         73%]
[Progress:===>                          10%] [Cov:=========================>         74%]
[Progress:===>                          10%] [Cov:=========================>         74%]
[Progress:===>                          11%] [Cov:=========================>         73%]
[Progress:===>                          11%] [Cov:=========================>         74%]
[Progress:===>                          11%] [Cov:==========================>        75%]
[Progress:===>                          11%] [Cov:==========================>        76%]
[Progress:===>                          12%] [Cov:=========================>         74%]
[Progress:===>                          12%] [Cov:==========================>        75%]
[Progress:===>                          12%] [Cov:==========================>        76%]
[Progress:===>                          12%] [Cov:==========================>        77%]
[Progress:===>                          13%] [Cov:==========================>        76%]
[Progress:===>                          13%] [Cov:==========================>        77%]
[Progress:===>                          13%] [Cov:==========================>        76%]
[Progress:===>                          13%] [Cov:==========================>        77%]
[Progress:===>                          13%] [Cov:===========================>       78%]
[Progress:====>                         14%] [Cov:===========================>       78%]
[Progress:====>                         14%] [Cov:===========================>       78%]
[Progress:====>                         15%] [Cov:===========================>       78%]
[Progress:====>                         15%] [Cov:===========================>       79%]
[Progress:====>                         15%] [Cov:============================>      80%]
[Progress:====>                         15%] [Cov:============================>      80%]
[Progress:====>                         16%] [Cov:============================>      80%]
[Progress:====>                         16%] [Cov:============================>      80%]
[Progress:====>                         16%] [Cov:============================>      81%]
[Progress:====>                         16%] [Cov:============================>      81%]
[Progress:=====>                        17%] [Cov:============================>      81%]
[Progress:=====>                        17%] [Cov:============================>      81%]
[Progress:=====>                        17%] [Cov:============================>      82%]
[Progress:=====>                        18%] [Cov:============================>      81%]
[Progress:=====>                        18%] [Cov:============================>      82%]
[Progress:=====>                        18%] [Cov:============================>      82%]
[Progress:=====>                        19%] [Cov:============================>      81%]
[Progress:=====>                        19%] [Cov:============================>      82%]
[Progress:=====>                        19%] [Cov:============================>      82%]
[Progress:=====>                        19%] [Cov:============================>      82%]
[Progress:======>                       20%] [Cov:============================>      82%]
[Progress:======>                       20%] [Cov:============================>      82%]
[Progress:======>                       21%] [Cov:============================>      82%]
[Progress:======>                       21%] [Cov:============================>      82%]
[Progress:======>                       21%] [Cov:=============================>     83%]
[Progress:======>                       21%] [Cov:=============================>     83%]
[Progress:======>                       22%] [Cov:============================>      82%]
[Progress:======>                       22%] [Cov:=============================>     83%]
[Progress:======>                       22%] [Cov:=============================>     83%]
[Progress:======>                       22%] [Cov:=============================>     83%]
[Progress:======>                       23%] [Cov:============================>      82%]
[Progress:======>                       23%] [Cov:=============================>     83%]
[Progress:======>                       23%] [Cov:=============================>     83%]
[Progress:=======>                      24%] [Cov:=============================>     83%]
[Progress:=======>                      24%] [Cov:=============================>     83%]
[Progress:=======>                      24%] [Cov:=============================>     84%]
[Progress:=======>                      25%] [Cov:=============================>     83%]
[Progress:=======>                      25%] [Cov:=============================>     84%]
[Progress:=======>                      25%] [Cov:=============================>     84%]
[Progress:=======>                      25%] [Cov:=============================>     84%]
[Progress:=======>                      26%] [Cov:=============================>     84%]
[Progress:=======>                      26%] [Cov:=============================>     84%]
[Progress:=======>                      26%] [Cov:=============================>     85%]
[Progress:=======>                      26%] [Cov:=============================>     85%]
[Progress:========>                     27%] [Cov:=============================>     85%]
[Progress:========>                     27%] [Cov:=============================>     85%]
[Progress:========>                     27%] [Cov:=============================>     85%]
[Progress:========>                     27%] [Cov:==============================>    86%]
[Progress:========>                     28%] [Cov:=============================>     85%]
[Progress:========>                     28%] [Cov:=============================>     85%]
[Progress:========>                     28%] [Cov:==============================>    86%]
[Progress:========>                     29%] [Cov:=============================>     85%]
[Progress:========>                     29%] [Cov:==============================>    86%]
[Progress:========>                     29%] [Cov:==============================>    86%]
[Progress:=========>                    30%] [Cov:==============================>    86%]
[Progress:=========>                    30%] [Cov:==============================>    86%]
[Progress:=========>                    30%] [Cov:==============================>    86%]
[Progress:=========>                    31%] [Cov:=============================>     85%]
[Progress:=========>                    31%] [Cov:==============================>    86%]
[Progress:=========>                    31%] [Cov:==============================>    86%]
[Progress:=========>                    31%] [Cov:==============================>    86%]
[Progress:=========>                    32%] [Cov:==============================>    86%]
[Progress:=========>                    32%] [Cov:==============================>    86%]
[Progress:=========>                    33%] [Cov:==============================>    86%]
[Progress:=========>                    33%] [Cov:==============================>    86%]
[Progress:=========>                    33%] [Cov:==============================>    86%]
[Progress:==========>                   34%] [Cov:==============================>    86%]
[Progress:==========>                   34%] [Cov:==============================>    86%]
[Progress:==========>                   34%] [Cov:==============================>    86%]
[Progress:==========>                   34%] [Cov:==============================>    87%]
[Progress:==========>                   34%] [Cov:==============================>    87%]
[Progress:==========>                   35%] [Cov:==============================>    86%]
[Progress:==========>                   35%] [Cov:==============================>    87%]
[Progress:==========>                   35%] [Cov:==============================>    87%]
[Progress:==========>                   36%] [Cov:==============================>    86%]
[Progress:==========>                   36%] [Cov:==============================>    87%]
[Progress:==========>                   36%] [Cov:==============================>    87%]
[Progress:==========>                   36%] [Cov:==============================>    87%]
[Progress:===========>                  37%] [Cov:==============================>    87%]
[Progress:===========>                  37%] [Cov:==============================>    87%]
[Progress:===========>                  37%] [Cov:==============================>    87%]
[Progress:===========>                  38%] [Cov:==============================>    87%]
[Progress:===========>                  38%] [Cov:==============================>    87%]
[Progress:===========>                  38%] [Cov:==============================>    87%]
[Progress:===========>                  39%] [Cov:==============================>    87%]
[Progress:===========>                  39%] [Cov:==============================>    87%]
[Progress:===========>                  39%] [Cov:==============================>    87%]
[Progress:============>                 40%] [Cov:==============================>    87%]
[Progress:============>                 40%] [Cov:==============================>    87%]
[Progress:============>                 40%] [Cov:==============================>    87%]
[Progress:============>                 41%] [Cov:==============================>    87%]
[Progress:============>                 41%] [Cov:==============================>    87%]
[Progress:============>                 42%] [Cov:==============================>    87%]
[Progress:============>                 42%] [Cov:==============================>    87%]
[Progress:============>                 42%] [Cov:==============================>    88%]
[Progress:============>                 42%] [Cov:==============================>    88%]
[Progress:============>                 43%] [Cov:==============================>    88%]
[Progress:============>                 43%] [Cov:==============================>    88%]
[Progress:============>                 43%] [Cov:==============================>    88%]
[Progress:=============>                44%] [Cov:==============================>    88%]
[Progress:=============>                44%] [Cov:==============================>    88%]
[Progress:=============>                44%] [Cov:==============================>    88%]
[Progress:=============>                45%] [Cov:==============================>    88%]
[Progress:=============>                45%] [Cov:==============================>    88%]
[Progress:=============>                46%] [Cov:==============================>    88%]
[Progress:=============>                46%] [Cov:==============================>    88%]
[Progress:=============>                46%] [Cov:==============================>    88%]
[Progress:==============>               47%] [Cov:==============================>    88%]
[Progress:==============>               47%] [Cov:==============================>    88%]
[Progress:==============>               47%] [Cov:===============================>   89%]
[Progress:==============>               48%] [Cov:==============================>    88%]
[Progress:==============>               48%] [Cov:===============================>   89%]
[Progress:==============>               48%] [Cov:===============================>   89%]
[Progress:==============>               48%] [Cov:===============================>   89%]
[Progress:==============>               49%] [Cov:==============================>    88%]
[Progress:==============>               49%] [Cov:===============================>   89%]
[Progress:==============>               49%] [Cov:===============================>   89%]
[Progress:===============>              50%] [Cov:==============================>    88%]
[Progress:===============>              50%] [Cov:===============================>   89%]
[Progress:===============>              50%] [Cov:===============================>   89%]
[Progress:===============>              50%] [Cov:===============================>   89%]
[Progress:===============>              51%] [Cov:===============================>   89%]
[Progress:===============>              51%] [Cov:===============================>   89%]
[Progress:===============>              51%] [Cov:===============================>   89%]
[Progress:===============>              52%] [Cov:===============================>   89%]
[Progress:===============>              52%] [Cov:===============================>   89%]
[Progress:===============>              52%] [Cov:===============================>   89%]
[Progress:===============>              53%] [Cov:==============================>    88%]
[Progress:===============>              53%] [Cov:===============================>   89%]
[Progress:===============>              53%] [Cov:===============================>   89%]
[Progress:===============>              53%] [Cov:===============================>   89%]
[Progress:================>             54%] [Cov:===============================>   89%]
[Progress:================>             54%] [Cov:===============================>   89%]
[Progress:================>             55%] [Cov:===============================>   89%]
[Progress:================>             55%] [Cov:===============================>   89%]
[Progress:================>             55%] [Cov:===============================>   89%]
[Progress:================>             56%] [Cov:===============================>   89%]
[Progress:================>             56%] [Cov:===============================>   89%]
[Progress:================>             56%] [Cov:===============================>   89%]
[Progress:=================>            57%] [Cov:===============================>   89%]
[Progress:=================>            57%] [Cov:===============================>   89%]
[Progress:=================>            57%] [Cov:===============================>   89%]
[Progress:=================>            58%] [Cov:===============================>   89%]
[Progress:=================>            58%] [Cov:===============================>   89%]
[Progress:=================>            58%] [Cov:===============================>   89%]
[Progress:=================>            59%] [Cov:===============================>   89%]
[Progress:=================>            59%] [Cov:===============================>   89%]
[Progress:=================>            59%] [Cov:===============================>   89%]
[Progress:==================>           60%] [Cov:===============================>   89%]
[Progress:==================>           60%] [Cov:===============================>   89%]
[Progress:==================>           60%] [Cov:===============================>   89%]
[Progress:==================>           61%] [Cov:===============================>   89%]
[Progress:==================>           61%] [Cov:===============================>   90%]
[Progress:==================>           61%] [Cov:===============================>   90%]
[Progress:==================>           61%] [Cov:===============================>   90%]
[Progress:==================>           62%] [Cov:===============================>   90%]
[Progress:==================>           62%] [Cov:===============================>   90%]
[Progress:==================>           63%] [Cov:===============================>   90%]
[Progress:==================>           63%] [Cov:===============================>   90%]
[Progress:==================>           63%] [Cov:===============================>   90%]
[Progress:===================>          64%] [Cov:===============================>   90%]
[Progress:===================>          64%] [Cov:===============================>   90%]
[Progress:===================>          64%] [Cov:===============================>   90%]
[Progress:===================>          65%] [Cov:===============================>   90%]
[Progress:===================>          65%] [Cov:===============================>   90%]
[Progress:===================>          65%] [Cov:===============================>   90%]
[Progress:===================>          66%] [Cov:===============================>   90%]
[Progress:===================>          66%] [Cov:===============================>   90%]
[Progress:===================>          66%] [Cov:===============================>   90%]
[Progress:====================>         67%] [Cov:===============================>   90%]
[Progress:====================>         67%] [Cov:===============================>   90%]
[Progress:====================>         67%] [Cov:===============================>   90%]
[Progress:====================>         68%] [Cov:===============================>   90%]
[Progress:====================>         68%] [Cov:===============================>   90%]
[Progress:====================>         68%] [Cov:===============================>   90%]
[Progress:====================>         69%] [Cov:===============================>   90%]
[Progress:====================>         69%] [Cov:===============================>   90%]
[Progress:=====================>        70%] [Cov:===============================>   90%]
[Progress:=====================>        70%] [Cov:===============================>   90%]
[Progress:=====================>        70%] [Cov:===============================>   90%]
[Progress:=====================>        71%] [Cov:===============================>   90%]
[Progress:=====================>        71%] [Cov:===============================>   90%]
[Progress:=====================>        71%] [Cov:===============================>   90%]
[Progress:=====================>        72%] [Cov:===============================>   90%]
[Progress:=====================>        72%] [Cov:===============================>   90%]
[Progress:=====================>        72%] [Cov:===============================>   90%]
[Progress:=====================>        73%] [Cov:===============================>   90%]
[Progress:=====================>        73%] [Cov:===============================>   90%]
[Progress:=====================>        73%] [Cov:===============================>   90%]
[Progress:======================>       74%] [Cov:===============================>   90%]
[Progress:======================>       74%] [Cov:===============================>   90%]
[Progress:======================>       74%] [Cov:===============================>   90%]
[Progress:======================>       75%] [Cov:===============================>   90%]
[Progress:======================>       75%] [Cov:===============================>   90%]
[Progress:======================>       75%] [Cov:===============================>   90%]
[Progress:======================>       76%] [Cov:===============================>   90%]
[Progress:======================>       76%] [Cov:===============================>   90%]
[Progress:======================>       76%] [Cov:===============================>   90%]
[Progress:=======================>      77%] [Cov:===============================>   90%]
[Progress:=======================>      77%] [Cov:===============================>   90%]
[Progress:=======================>      77%] [Cov:===============================>   90%]
[Progress:=======================>      78%] [Cov:===============================>   90%]
[Progress:=======================>      78%] [Cov:===============================>   90%]
[Progress:=======================>      78%] [Cov:===============================>   91%]
[Progress:=======================>      78%] [Cov:===============================>   91%]
[Progress:=======================>      79%] [Cov:===============================>   91%]
[Progress:=======================>      79%] [Cov:===============================>   91%]
[Progress:=======================>      79%] [Cov:===============================>   91%]
[Progress:========================>     80%] [Cov:===============================>   91%]
[Progress:========================>     80%] [Cov:===============================>   91%]
[Progress:========================>     80%] [Cov:===============================>   91%]
[Progress:========================>     81%] [Cov:===============================>   91%]
[Progress:========================>     81%] [Cov:===============================>   91%]
[Progress:========================>     81%] [Cov:===============================>   91%]
[Progress:========================>     82%] [Cov:===============================>   91%]
[Progress:========================>     82%] [Cov:===============================>   91%]
[Progress:========================>     82%] [Cov:===============================>   91%]
[Progress:========================>     83%] [Cov:===============================>   91%]
[Progress:========================>     83%] [Cov:===============================>   91%]
[Progress:========================>     83%] [Cov:===============================>   91%]
[Progress:=========================>    84%] [Cov:===============================>   91%]
[Progress:=========================>    84%] [Cov:===============================>   91%]
[Progress:=========================>    84%] [Cov:===============================>   91%]
[Progress:=========================>    85%] [Cov:===============================>   91%]
[Progress:=========================>    85%] [Cov:===============================>   91%]
[Progress:=========================>    86%] [Cov:===============================>   91%]
[Progress:=========================>    86%] [Cov:===============================>   91%]
[Progress:=========================>    86%] [Cov:===============================>   91%]
[Progress:==========================>   87%] [Cov:===============================>   91%]
[Progress:==========================>   87%] [Cov:===============================>   91%]
[Progress:==========================>   87%] [Cov:===============================>   91%]
[Progress:==========================>   88%] [Cov:===============================>   91%]
[Progress:==========================>   88%] [Cov:===============================>   91%]
[Progress:==========================>   88%] [Cov:===============================>   91%]
[Progress:==========================>   89%] [Cov:===============================>   91%]
[Progress:==========================>   89%] [Cov:===============================>   91%]
[Progress:==========================>   89%] [Cov:===============================>   91%]
[Progress:===========================>  90%] [Cov:===============================>   91%]
[Progress:===========================>  90%] [Cov:===============================>   91%]
[Progress:===========================>  90%] [Cov:===============================>   91%]
[Progress:===========================>  91%] [Cov:===============================>   91%]
[Progress:===========================>  91%] [Cov:===============================>   91%]
[Progress:===========================>  91%] [Cov:===============================>   91%]
[Progress:===========================>  92%] [Cov:===============================>   91%]
[Progress:===========================>  92%] [Cov:===============================>   91%]
[Progress:===========================>  93%] [Cov:===============================>   91%]
[Progress:===========================>  93%] [Cov:===============================>   91%]
[Progress:===========================>  93%] [Cov:===============================>   91%]
[Progress:============================> 94%] [Cov:===============================>   91%]
[Progress:============================> 94%] [Cov:===============================>   91%]
[Progress:============================> 94%] [Cov:===============================>   91%]
[Progress:============================> 95%] [Cov:===============================>   91%]
[Progress:============================> 95%] [Cov:===============================>   91%]
[Progress:============================> 95%] [Cov:===============================>   91%]
[Progress:============================> 96%] [Cov:===============================>   91%]
[Progress:============================> 96%] [Cov:================================>  92%]
[Progress:============================> 96%] [Cov:================================>  92%]
[Progress:=============================>97%] [Cov:===============================>   91%]
[Progress:=============================>97%] [Cov:================================>  92%]
[Progress:=============================>97%] [Cov:================================>  92%]
[Progress:=============================>97%] [Cov:================================>  92%]
[Progress:=============================>98%] [Cov:================================>  92%]
[Progress:=============================>98%] [Cov:================================>  92%]
[Progress:=============================>98%] [Cov:================================>  92%]
[Progress:=============================>99%] [Cov:================================>  92%]
[Progress:=============================>99%] [Cov:================================>  92%]
[Progress:=============================>99%] [Cov:================================>  92%]
[Progress:==============================100%] [Cov:================================>  92%]
[Progress:==============================100%] [Cov:================================>  92%][MASTER] 23:21:30.752 [logback-1] WARN  TimeController - Operation 'update from archive' took too long: 22048ms

* Search finished after 707s and 185 generations, 101760 statements, best individual has fitness: 123.8108780201819
* Minimizing test suite
* Going to analyze the coverage criteria
* Coverage analysis for criterion LINE
* Coverage of criterion LINE: 99%
* Total number of goals: 375
* Number of covered goals: 371
* Coverage analysis for criterion BRANCH
* Coverage of criterion BRANCH: 97%
* Total number of goals: 182
* Number of covered goals: 177
* Coverage analysis for criterion EXCEPTION
* Coverage of criterion EXCEPTION: 99%
* Total number of goals: 77
* Number of covered goals: 76
* Coverage analysis for criterion WEAKMUTATION
* Coverage of criterion WEAKMUTATION: 98%
* Total number of goals: 886
* Number of covered goals: 864
* Coverage analysis for criterion OUTPUT
* Coverage of criterion OUTPUT: 57%
* Total number of goals: 191
* Number of covered goals: 108
* Coverage analysis for criterion METHOD
* Coverage of criterion METHOD: 99%
* Total number of goals: 67
* Number of covered goals: 66
* Coverage analysis for criterion METHODNOEXCEPTION
* Coverage of criterion METHODNOEXCEPTION: 97%
* Total number of goals: 67
* Number of covered goals: 65
* Coverage analysis for criterion CBRANCH
* Coverage of criterion CBRANCH: 91%
* Total number of goals: 182
* Number of covered goals: 166
* Generated 176 tests with total length 617
* Resulting test suite's coverage: 79% (average coverage for all fitness functions)
* Generating assertions
* Resulting test suite's mutation score: 63%
* Compiling and checking tests
[MASTER] 23:52:42.369 [logback-1] WARN  JUnitAnalyzer - EvoSuite problem: tests set up a security manager, but they do not remove it after execution
[MASTER] 23:52:42.417 [logback-1] WARN  JUnitAnalyzer - EvoSuite problem: tests set up a security manager, but they do not remove it after execution
[MASTER] 23:52:42.609 [logback-1] WARN  JUnitAnalyzer - EvoSuite problem: tests set up a security manager, but they do not remove it after execution
[MASTER] 23:52:42.656 [logback-1] WARN  JUnitAnalyzer - EvoSuite problem: tests set up a security manager, but they do not remove it after execution
[MASTER] 23:52:42.695 [logback-1] WARN  JUnitAnalyzer - EvoSuite problem: tests set up a security manager, but they do not remove it after execution
[MASTER] 23:52:42.761 [logback-1] WARN  JUnitAnalyzer - EvoSuite problem: tests set up a security manager, but they do not remove it after execution
[MASTER] 23:52:42.797 [logback-1] WARN  JUnitAnalyzer - EvoSuite problem: tests set up a security manager, but they do not remove it after execution
[MASTER] 23:52:42.834 [logback-1] WARN  JUnitAnalyzer - EvoSuite problem: tests set up a security manager, but they do not remove it after execution
[MASTER] 23:52:42.919 [logback-1] WARN  JUnitAnalyzer - EvoSuite problem: tests set up a security manager, but they do not remove it after execution
[MASTER] 23:52:42.954 [logback-1] WARN  JUnitAnalyzer - EvoSuite problem: tests set up a security manager, but they do not remove it after execution
[MASTER] 23:52:42.976 [logback-1] WARN  JUnitAnalyzer - EvoSuite problem: tests set up a security manager, but they do not remove it after execution
[MASTER] 23:52:43.000 [logback-1] WARN  JUnitAnalyzer - EvoSuite problem: tests set up a security manager, but they do not remove it after execution
[MASTER] 23:52:43.023 [logback-1] WARN  JUnitAnalyzer - EvoSuite problem: tests set up a security manager, but they do not remove it after execution
[MASTER] 23:52:43.048 [logback-1] WARN  JUnitAnalyzer - EvoSuite problem: tests set up a security manager, but they do not remove it after execution
[MASTER] 23:52:43.069 [logback-1] WARN  JUnitAnalyzer - EvoSuite problem: tests set up a security manager, but they do not remove it after execution
[MASTER] 23:52:43.099 [logback-1] WARN  JUnitAnalyzer - EvoSuite problem: tests set up a security manager, but they do not remove it after execution
[MASTER] 23:52:43.121 [logback-1] WARN  JUnitAnalyzer - EvoSuite problem: tests set up a security manager, but they do not remove it after execution
[MASTER] 23:52:43.159 [logback-1] WARN  JUnitAnalyzer - EvoSuite problem: tests set up a security manager, but they do not remove it after execution
[MASTER] 23:52:43.214 [logback-1] WARN  JUnitAnalyzer - EvoSuite problem: tests set up a security manager, but they do not remove it after execution
[MASTER] 23:52:43.243 [logback-1] WARN  JUnitAnalyzer - EvoSuite problem: tests set up a security manager, but they do not remove it after execution
[MASTER] 23:52:43.264 [logback-1] WARN  JUnitAnalyzer - EvoSuite problem: tests set up a security manager, but they do not remove it after execution
[MASTER] 23:52:43.290 [logback-1] WARN  JUnitAnalyzer - EvoSuite problem: tests set up a security manager, but they do not remove it after execution
[MASTER] 23:52:43.310 [logback-1] WARN  JUnitAnalyzer - EvoSuite problem: tests set up a security manager, but they do not remove it after execution
[MASTER] 23:52:43.341 [logback-1] WARN  JUnitAnalyzer - EvoSuite problem: tests set up a security manager, but they do not remove it after execution
[MASTER] 23:52:43.500 [logback-1] WARN  JUnitAnalyzer - EvoSuite problem: tests set up a security manager, but they do not remove it after execution
[MASTER] 23:52:43.523 [logback-1] WARN  JUnitAnalyzer - EvoSuite problem: tests set up a security manager, but they do not remove it after execution
[MASTER] 23:52:43.559 [logback-1] WARN  JUnitAnalyzer - EvoSuite problem: tests set up a security manager, but they do not remove it after execution
[MASTER] 23:52:43.587 [logback-1] WARN  JUnitAnalyzer - EvoSuite problem: tests set up a security manager, but they do not remove it after execution
[MASTER] 23:52:43.609 [logback-1] WARN  JUnitAnalyzer - EvoSuite problem: tests set up a security manager, but they do not remove it after execution
[MASTER] 23:52:43.633 [logback-1] WARN  JUnitAnalyzer - EvoSuite problem: tests set up a security manager, but they do not remove it after execution
[MASTER] 23:52:43.663 [logback-1] WARN  JUnitAnalyzer - EvoSuite problem: tests set up a security manager, but they do not remove it after execution
[MASTER] 23:52:43.697 [logback-1] WARN  JUnitAnalyzer - EvoSuite problem: tests set up a security manager, but they do not remove it after execution
[MASTER] 23:52:43.730 [logback-1] WARN  JUnitAnalyzer - EvoSuite problem: tests set up a security manager, but they do not remove it after execution
[MASTER] 23:52:43.753 [logback-1] WARN  JUnitAnalyzer - EvoSuite problem: tests set up a security manager, but they do not remove it after execution
[MASTER] 23:52:43.775 [logback-1] WARN  JUnitAnalyzer - EvoSuite problem: tests set up a security manager, but they do not remove it after execution
[MASTER] 23:52:43.797 [logback-1] WARN  JUnitAnalyzer - EvoSuite problem: tests set up a security manager, but they do not remove it after execution
[MASTER] 23:52:43.820 [logback-1] WARN  JUnitAnalyzer - EvoSuite problem: tests set up a security manager, but they do not remove it after execution
[MASTER] 23:52:43.842 [logback-1] WARN  JUnitAnalyzer - EvoSuite problem: tests set up a security manager, but they do not remove it after execution
[MASTER] 23:52:43.865 [logback-1] WARN  JUnitAnalyzer - EvoSuite problem: tests set up a security manager, but they do not remove it after execution
[MASTER] 23:52:43.890 [logback-1] WARN  JUnitAnalyzer - EvoSuite problem: tests set up a security manager, but they do not remove it after execution
[MASTER] 23:52:43.911 [logback-1] WARN  JUnitAnalyzer - EvoSuite problem: tests set up a security manager, but they do not remove it after execution
[MASTER] 23:52:43.931 [logback-1] WARN  JUnitAnalyzer - EvoSuite problem: tests set up a security manager, but they do not remove it after execution
[MASTER] 23:52:45.849 [logback-1] WARN  JUnitAnalyzer - EvoSuite problem: tests set up a security manager, but they do not remove it after execution
[MASTER] 23:52:45.875 [logback-1] WARN  JUnitAnalyzer - EvoSuite problem: tests set up a security manager, but they do not remove it after execution
[MASTER] 23:52:45.904 [logback-1] WARN  JUnitAnalyzer - EvoSuite problem: tests set up a security manager, but they do not remove it after execution
[MASTER] 23:52:45.945 [logback-1] WARN  JUnitAnalyzer - EvoSuite problem: tests set up a security manager, but they do not remove it after execution
[MASTER] 23:52:46.853 [logback-1] WARN  JUnitAnalyzer - EvoSuite problem: tests set up a security manager, but they do not remove it after execution
[MASTER] 23:52:46.881 [logback-1] WARN  JUnitAnalyzer - EvoSuite problem: tests set up a security manager, but they do not remove it after execution
[MASTER] 23:52:46.913 [logback-1] WARN  JUnitAnalyzer - EvoSuite problem: tests set up a security manager, but they do not remove it after execution
[MASTER] 23:52:46.940 [logback-1] WARN  JUnitAnalyzer - EvoSuite problem: tests set up a security manager, but they do not remove it after execution
[MASTER] 23:52:46.978 [logback-1] WARN  JUnitAnalyzer - EvoSuite problem: tests set up a security manager, but they do not remove it after execution
[MASTER] 23:52:47.000 [logback-1] WARN  JUnitAnalyzer - EvoSuite problem: tests set up a security manager, but they do not remove it after execution
[MASTER] 23:52:47.026 [logback-1] WARN  JUnitAnalyzer - EvoSuite problem: tests set up a security manager, but they do not remove it after execution
[MASTER] 23:52:47.046 [logback-1] WARN  JUnitAnalyzer - EvoSuite problem: tests set up a security manager, but they do not remove it after execution
[MASTER] 23:52:48.218 [logback-1] WARN  JUnitAnalyzer - EvoSuite problem: tests set up a security manager, but they do not remove it after execution
[MASTER] 23:52:48.239 [logback-1] WARN  JUnitAnalyzer - EvoSuite problem: tests set up a security manager, but they do not remove it after execution
[MASTER] 23:52:48.259 [logback-1] WARN  JUnitAnalyzer - EvoSuite problem: tests set up a security manager, but they do not remove it after execution
[MASTER] 23:52:48.285 [logback-1] WARN  JUnitAnalyzer - EvoSuite problem: tests set up a security manager, but they do not remove it after execution
[MASTER] 23:52:48.445 [logback-1] WARN  JUnitAnalyzer - EvoSuite problem: tests set up a security manager, but they do not remove it after execution
[MASTER] 23:52:49.354 [logback-1] WARN  JUnitAnalyzer - EvoSuite problem: tests set up a security manager, but they do not remove it after execution
[MASTER] 23:52:49.374 [logback-1] WARN  JUnitAnalyzer - EvoSuite problem: tests set up a security manager, but they do not remove it after execution
[MASTER] 23:52:49.394 [logback-1] WARN  JUnitAnalyzer - EvoSuite problem: tests set up a security manager, but they do not remove it after execution
[MASTER] 23:52:49.413 [logback-1] WARN  JUnitAnalyzer - EvoSuite problem: tests set up a security manager, but they do not remove it after execution
[MASTER] 23:52:49.439 [logback-1] WARN  JUnitAnalyzer - EvoSuite problem: tests set up a security manager, but they do not remove it after execution
[MASTER] 23:52:49.461 [logback-1] WARN  JUnitAnalyzer - EvoSuite problem: tests set up a security manager, but they do not remove it after execution
[MASTER] 23:52:49.525 [logback-1] WARN  JUnitAnalyzer - EvoSuite problem: tests set up a security manager, but they do not remove it after execution
[MASTER] 23:52:49.550 [logback-1] WARN  JUnitAnalyzer - EvoSuite problem: tests set up a security manager, but they do not remove it after execution
[MASTER] 23:52:50.980 [logback-1] WARN  JUnitAnalyzer - EvoSuite problem: tests set up a security manager, but they do not remove it after execution
[MASTER] 23:52:51.000 [logback-1] WARN  JUnitAnalyzer - EvoSuite problem: tests set up a security manager, but they do not remove it after execution
[MASTER] 23:52:51.018 [logback-1] WARN  JUnitAnalyzer - EvoSuite problem: tests set up a security manager, but they do not remove it after execution
[MASTER] 23:52:51.046 [logback-1] WARN  JUnitAnalyzer - EvoSuite problem: tests set up a security manager, but they do not remove it after execution
[MASTER] 23:52:51.074 [logback-1] WARN  JUnitAnalyzer - EvoSuite problem: tests set up a security manager, but they do not remove it after execution
[MASTER] 23:52:51.094 [logback-1] WARN  JUnitAnalyzer - EvoSuite problem: tests set up a security manager, but they do not remove it after execution
[MASTER] 23:52:51.114 [logback-1] WARN  JUnitAnalyzer - EvoSuite problem: tests set up a security manager, but they do not remove it after execution
[MASTER] 23:52:51.134 [logback-1] WARN  JUnitAnalyzer - EvoSuite problem: tests set up a security manager, but they do not remove it after execution
[MASTER] 23:52:51.153 [logback-1] WARN  JUnitAnalyzer - EvoSuite problem: tests set up a security manager, but they do not remove it after execution
[MASTER] 23:52:51.176 [logback-1] WARN  JUnitAnalyzer - EvoSuite problem: tests set up a security manager, but they do not remove it after execution
[MASTER] 23:52:51.203 [logback-1] WARN  JUnitAnalyzer - EvoSuite problem: tests set up a security manager, but they do not remove it after execution
[MASTER] 23:52:51.225 [logback-1] WARN  JUnitAnalyzer - EvoSuite problem: tests set up a security manager, but they do not remove it after execution
[MASTER] 23:52:51.248 [logback-1] WARN  JUnitAnalyzer - EvoSuite problem: tests set up a security manager, but they do not remove it after execution
[MASTER] 23:52:51.269 [logback-1] WARN  JUnitAnalyzer - EvoSuite problem: tests set up a security manager, but they do not remove it after execution
[MASTER] 23:52:52.369 [logback-1] WARN  JUnitAnalyzer - EvoSuite problem: tests set up a security manager, but they do not remove it after execution
[MASTER] 23:52:52.391 [logback-1] WARN  JUnitAnalyzer - EvoSuite problem: tests set up a security manager, but they do not remove it after execution
[MASTER] 23:52:52.410 [logback-1] WARN  JUnitAnalyzer - EvoSuite problem: tests set up a security manager, but they do not remove it after execution
[MASTER] 23:52:53.917 [logback-1] WARN  JUnitAnalyzer - EvoSuite problem: tests set up a security manager, but they do not remove it after execution
[MASTER] 23:52:53.939 [logback-1] WARN  JUnitAnalyzer - EvoSuite problem: tests set up a security manager, but they do not remove it after execution
[MASTER] 23:52:53.962 [logback-1] WARN  JUnitAnalyzer - EvoSuite problem: tests set up a security manager, but they do not remove it after execution
[MASTER] 23:52:53.986 [logback-1] WARN  JUnitAnalyzer - EvoSuite problem: tests set up a security manager, but they do not remove it after execution
[MASTER] 23:52:54.012 [logback-1] WARN  JUnitAnalyzer - EvoSuite problem: tests set up a security manager, but they do not remove it after execution
[MASTER] 23:52:54.042 [logback-1] WARN  JUnitAnalyzer - EvoSuite problem: tests set up a security manager, but they do not remove it after execution
[MASTER] 23:52:54.061 [logback-1] WARN  JUnitAnalyzer - EvoSuite problem: tests set up a security manager, but they do not remove it after execution
[MASTER] 23:52:54.081 [logback-1] WARN  JUnitAnalyzer - EvoSuite problem: tests set up a security manager, but they do not remove it after execution
[MASTER] 23:52:54.117 [logback-1] WARN  JUnitAnalyzer - EvoSuite problem: tests set up a security manager, but they do not remove it after execution
[MASTER] 23:52:54.144 [logback-1] WARN  JUnitAnalyzer - EvoSuite problem: tests set up a security manager, but they do not remove it after execution
[MASTER] 23:52:54.167 [logback-1] WARN  JUnitAnalyzer - EvoSuite problem: tests set up a security manager, but they do not remove it after execution
[MASTER] 23:52:54.188 [logback-1] WARN  JUnitAnalyzer - EvoSuite problem: tests set up a security manager, but they do not remove it after execution
[MASTER] 23:52:54.215 [logback-1] WARN  JUnitAnalyzer - EvoSuite problem: tests set up a security manager, but they do not remove it after execution
[MASTER] 23:52:55.718 [logback-1] WARN  JUnitAnalyzer - EvoSuite problem: tests set up a security manager, but they do not remove it after execution
[MASTER] 23:52:55.749 [logback-1] WARN  JUnitAnalyzer - EvoSuite problem: tests set up a security manager, but they do not remove it after execution
[MASTER] 23:52:55.775 [logback-1] WARN  JUnitAnalyzer - EvoSuite problem: tests set up a security manager, but they do not remove it after execution
[MASTER] 23:52:55.794 [logback-1] WARN  JUnitAnalyzer - EvoSuite problem: tests set up a security manager, but they do not remove it after execution
[MASTER] 23:52:55.813 [logback-1] WARN  JUnitAnalyzer - EvoSuite problem: tests set up a security manager, but they do not remove it after execution
[MASTER] 23:52:55.834 [logback-1] WARN  JUnitAnalyzer - EvoSuite problem: tests set up a security manager, but they do not remove it after execution
[MASTER] 23:52:57.047 [logback-1] WARN  JUnitAnalyzer - EvoSuite problem: tests set up a security manager, but they do not remove it after execution
[MASTER] 23:52:57.066 [logback-1] WARN  JUnitAnalyzer - EvoSuite problem: tests set up a security manager, but they do not remove it after execution
[MASTER] 23:52:57.086 [logback-1] WARN  JUnitAnalyzer - EvoSuite problem: tests set up a security manager, but they do not remove it after execution
[MASTER] 23:52:57.105 [logback-1] WARN  JUnitAnalyzer - EvoSuite problem: tests set up a security manager, but they do not remove it after execution
[MASTER] 23:52:57.127 [logback-1] WARN  JUnitAnalyzer - EvoSuite problem: tests set up a security manager, but they do not remove it after execution
[MASTER] 23:52:57.147 [logback-1] WARN  JUnitAnalyzer - EvoSuite problem: tests set up a security manager, but they do not remove it after execution
[MASTER] 23:52:57.174 [logback-1] WARN  JUnitAnalyzer - EvoSuite problem: tests set up a security manager, but they do not remove it after execution
[MASTER] 23:52:57.194 [logback-1] WARN  JUnitAnalyzer - EvoSuite problem: tests set up a security manager, but they do not remove it after execution
[MASTER] 23:52:57.215 [logback-1] WARN  JUnitAnalyzer - EvoSuite problem: tests set up a security manager, but they do not remove it after execution
[MASTER] 23:52:58.557 [logback-1] WARN  JUnitAnalyzer - EvoSuite problem: tests set up a security manager, but they do not remove it after execution
[MASTER] 23:52:59.633 [logback-1] WARN  JUnitAnalyzer - EvoSuite problem: tests set up a security manager, but they do not remove it after execution
[MASTER] 23:53:00.779 [logback-1] WARN  JUnitAnalyzer - EvoSuite problem: tests set up a security manager, but they do not remove it after execution
[MASTER] 23:53:00.798 [logback-1] WARN  JUnitAnalyzer - EvoSuite problem: tests set up a security manager, but they do not remove it after execution
[MASTER] 23:53:00.818 [logback-1] WARN  JUnitAnalyzer - EvoSuite problem: tests set up a security manager, but they do not remove it after execution
[MASTER] 23:53:00.859 [logback-1] WARN  JUnitAnalyzer - EvoSuite problem: tests set up a security manager, but they do not remove it after execution
[MASTER] 23:53:00.882 [logback-1] WARN  JUnitAnalyzer - EvoSuite problem: tests set up a security manager, but they do not remove it after execution
[MASTER] 23:53:00.913 [logback-1] WARN  JUnitAnalyzer - EvoSuite problem: tests set up a security manager, but they do not remove it after execution
[MASTER] 23:53:00.932 [logback-1] WARN  JUnitAnalyzer - EvoSuite problem: tests set up a security manager, but they do not remove it after execution
[MASTER] 23:53:02.490 [logback-1] WARN  JUnitAnalyzer - EvoSuite problem: tests set up a security manager, but they do not remove it after execution
[MASTER] 23:53:02.509 [logback-1] WARN  JUnitAnalyzer - EvoSuite problem: tests set up a security manager, but they do not remove it after execution
[MASTER] 23:53:02.540 [logback-1] WARN  JUnitAnalyzer - EvoSuite problem: tests set up a security manager, but they do not remove it after execution
[MASTER] 23:53:02.558 [logback-1] WARN  JUnitAnalyzer - EvoSuite problem: tests set up a security manager, but they do not remove it after execution
[MASTER] 23:53:02.586 [logback-1] WARN  JUnitAnalyzer - EvoSuite problem: tests set up a security manager, but they do not remove it after execution
[MASTER] 23:53:02.616 [logback-1] WARN  JUnitAnalyzer - EvoSuite problem: tests set up a security manager, but they do not remove it after execution
[MASTER] 23:53:02.635 [logback-1] WARN  JUnitAnalyzer - EvoSuite problem: tests set up a security manager, but they do not remove it after execution
[MASTER] 23:53:02.657 [logback-1] WARN  JUnitAnalyzer - EvoSuite problem: tests set up a security manager, but they do not remove it after execution
[MASTER] 23:53:02.678 [logback-1] WARN  JUnitAnalyzer - EvoSuite problem: tests set up a security manager, but they do not remove it after execution
[MASTER] 23:53:02.704 [logback-1] WARN  JUnitAnalyzer - EvoSuite problem: tests set up a security manager, but they do not remove it after execution
[MASTER] 23:53:03.860 [logback-1] WARN  JUnitAnalyzer - EvoSuite problem: tests set up a security manager, but they do not remove it after execution
[MASTER] 23:53:03.879 [logback-1] WARN  JUnitAnalyzer - EvoSuite problem: tests set up a security manager, but they do not remove it after execution
[MASTER] 23:53:03.898 [logback-1] WARN  JUnitAnalyzer - EvoSuite problem: tests set up a security manager, but they do not remove it after execution
[MASTER] 23:53:03.918 [logback-1] WARN  JUnitAnalyzer - EvoSuite problem: tests set up a security manager, but they do not remove it after execution
[MASTER] 23:53:03.950 [logback-1] WARN  JUnitAnalyzer - EvoSuite problem: tests set up a security manager, but they do not remove it after execution
[MASTER] 23:53:03.972 [logback-1] WARN  JUnitAnalyzer - EvoSuite problem: tests set up a security manager, but they do not remove it after execution
[MASTER] 23:53:03.991 [logback-1] WARN  JUnitAnalyzer - EvoSuite problem: tests set up a security manager, but they do not remove it after execution
[MASTER] 23:53:04.010 [logback-1] WARN  JUnitAnalyzer - EvoSuite problem: tests set up a security manager, but they do not remove it after execution
[MASTER] 23:53:04.034 [logback-1] WARN  JUnitAnalyzer - EvoSuite problem: tests set up a security manager, but they do not remove it after execution
[MASTER] 23:53:04.054 [logback-1] WARN  JUnitAnalyzer - EvoSuite problem: tests set up a security manager, but they do not remove it after execution
[MASTER] 23:53:04.074 [logback-1] WARN  JUnitAnalyzer - EvoSuite problem: tests set up a security manager, but they do not remove it after execution
[MASTER] 23:53:04.095 [logback-1] WARN  JUnitAnalyzer - EvoSuite problem: tests set up a security manager, but they do not remove it after execution
[MASTER] 23:53:04.117 [logback-1] WARN  JUnitAnalyzer - EvoSuite problem: tests set up a security manager, but they do not remove it after execution
[MASTER] 23:53:04.980 [logback-1] WARN  JUnitAnalyzer - EvoSuite problem: tests set up a security manager, but they do not remove it after execution
[MASTER] 23:53:05.146 [logback-1] WARN  JUnitAnalyzer - EvoSuite problem: tests set up a security manager, but they do not remove it after execution
[MASTER] 23:53:05.167 [logback-1] WARN  JUnitAnalyzer - EvoSuite problem: tests set up a security manager, but they do not remove it after execution
[MASTER] 23:53:05.246 [logback-1] WARN  JUnitAnalyzer - EvoSuite problem: tests set up a security manager, but they do not remove it after execution
[MASTER] 23:53:05.273 [logback-1] WARN  JUnitAnalyzer - EvoSuite problem: tests set up a security manager, but they do not remove it after execution
[MASTER] 23:53:05.292 [logback-1] WARN  JUnitAnalyzer - EvoSuite problem: tests set up a security manager, but they do not remove it after execution
[MASTER] 23:53:05.311 [logback-1] WARN  JUnitAnalyzer - EvoSuite problem: tests set up a security manager, but they do not remove it after execution
[MASTER] 23:53:05.331 [logback-1] WARN  JUnitAnalyzer - EvoSuite problem: tests set up a security manager, but they do not remove it after execution
[MASTER] 23:53:05.362 [logback-1] WARN  JUnitAnalyzer - EvoSuite problem: tests set up a security manager, but they do not remove it after execution
[MASTER] 23:53:05.397 [logback-1] WARN  JUnitAnalyzer - EvoSuite problem: tests set up a security manager, but they do not remove it after execution
[MASTER] 23:53:05.417 [logback-1] WARN  JUnitAnalyzer - EvoSuite problem: tests set up a security manager, but they do not remove it after execution
[MASTER] 23:53:05.438 [logback-1] WARN  JUnitAnalyzer - EvoSuite problem: tests set up a security manager, but they do not remove it after execution
[MASTER] 23:53:05.462 [logback-1] WARN  JUnitAnalyzer - EvoSuite problem: tests set up a security manager, but they do not remove it after execution
[MASTER] 23:53:05.482 [logback-1] WARN  JUnitAnalyzer - EvoSuite problem: tests set up a security manager, but they do not remove it after execution
[MASTER] 23:53:05.503 [logback-1] WARN  JUnitAnalyzer - EvoSuite problem: tests set up a security manager, but they do not remove it after execution
[MASTER] 23:53:05.525 [logback-1] WARN  JUnitAnalyzer - EvoSuite problem: tests set up a security manager, but they do not remove it after execution
[MASTER] 23:53:05.558 [logback-1] WARN  JUnitAnalyzer - EvoSuite problem: tests set up a security manager, but they do not remove it after execution
[MASTER] 23:53:05.579 [logback-1] WARN  JUnitAnalyzer - EvoSuite problem: tests set up a security manager, but they do not remove it after execution
[MASTER] 23:53:07.017 [logback-1] WARN  JUnitAnalyzer - EvoSuite problem: tests set up a security manager, but they do not remove it after execution
[MASTER] 23:53:07.041 [logback-1] WARN  JUnitAnalyzer - EvoSuite problem: tests set up a security manager, but they do not remove it after execution
[MASTER] 23:53:07.066 [logback-1] WARN  JUnitAnalyzer - EvoSuite problem: tests set up a security manager, but they do not remove it after execution
[MASTER] 23:53:07.122 [logback-1] WARN  JUnitAnalyzer - EvoSuite problem: tests set up a security manager, but they do not remove it after execution
[MASTER] 23:53:07.153 [logback-1] WARN  JUnitAnalyzer - EvoSuite problem: tests set up a security manager, but they do not remove it after execution
[MASTER] 23:53:07.176 [logback-1] WARN  JUnitAnalyzer - EvoSuite problem: tests set up a security manager, but they do not remove it after execution
[MASTER] 23:53:07.197 [logback-1] WARN  JUnitAnalyzer - EvoSuite problem: tests set up a security manager, but they do not remove it after execution
[MASTER] 23:53:07.257 [logback-1] WARN  JUnitAnalyzer - EvoSuite problem: tests set up a security manager, but they do not remove it after execution
[MASTER] 23:53:07.283 [logback-1] WARN  JUnitAnalyzer - EvoSuite problem: tests set up a security manager, but they do not remove it after execution
[MASTER] 23:53:07.308 [logback-1] WARN  JUnitAnalyzer - EvoSuite problem: tests set up a security manager, but they do not remove it after execution
[MASTER] 23:53:07.326 [logback-1] WARN  JUnitAnalyzer - EvoSuite problem: tests set up a security manager, but they do not remove it after execution
[MASTER] 23:53:07.350 [logback-1] WARN  JUnitAnalyzer - EvoSuite problem: tests set up a security manager, but they do not remove it after execution
[MASTER] 23:53:07.405 [logback-1] WARN  JUnitAnalyzer - EvoSuite problem: tests set up a security manager, but they do not remove it after execution
[MASTER] 23:53:07.428 [logback-1] WARN  JUnitAnalyzer - EvoSuite problem: tests set up a security manager, but they do not remove it after execution
[MASTER] 23:53:28.130 [logback-1] WARN  JUnitAnalyzer - EvoSuite problem: tests set up a security manager, but they do not remove it after execution
[MASTER] 23:53:48.830 [logback-1] WARN  JUnitAnalyzer - EvoSuite problem: tests set up a security manager, but they do not remove it after execution
* Writing JUnit test case 'OpenMapRealVector_ESTest' to evosuite-tests
* Done!


------------